2009/5/31 上午 08:04:38 org.apache.catalina.core.AprLifecycleListener lifecycleEvent
資訊: The Apache Tomcat Native library which allows optimal performance in production environments was not found on the java.library.path: C:\Program Files\Java\jdk1.5.0_06\bin;.;C:\WINDOWS\system32;C:\WINDOWS;C:\Program Files\Apache Software Foundation\tomcat 5.5\bin;C:\Program Files\Java\jdk1.5.0_06\bin;C:\oracle\product\10.2.0\client_1\bin;C:\WINDOWS\system32;C:\WINDOWS;C:\WINDOWS\System32\Wbem;C:\Program Files\TortoiseSVN\bin
2009/5/31 上午 08:04:39 org.apache.coyote.http11.Http11BaseProtocol init
資訊: Initializing Coyote HTTP/1.1 on http-8080
2009/5/31 上午 08:04:39 org.apache.catalina.startup.Catalina load
資訊: Initialization processed in 1985 ms
2009/5/31 上午 08:04:39 org.apache.catalina.core.StandardService start
資訊: Starting service Catalina
2009/5/31 上午 08:04:39 org.apache.catalina.core.StandardEngine start
資訊: Starting Servlet Engine: Apache Tomcat/5.5.27
2009/5/31 上午 08:04:39 org.apache.catalina.core.StandardHost start
資訊: XML validation disabled
2009/5/31 上午 08:06:35 org.apache.coyote.http11.Http11BaseProtocol start
資訊: Starting Coyote HTTP/1.1 on http-8080
2009/5/31 上午 08:06:36 org.apache.jk.common.ChannelSocket init
資訊: JK: ajp13 listening on /0.0.0.0:8009
2009/5/31 上午 08:06:36 org.apache.jk.server.JkMain start
資訊: Jk running ID=0 time=0/312  config=null
2009/5/31 上午 08:06:36 org.apache.catalina.storeconfig.StoreLoader load
資訊: Find registry server-registry.xml at classpath resource
2009/5/31 上午 08:06:36 org.apache.catalina.startup.Catalina start
資訊: Server startup in 117422 ms
2009/5/31 上午 08:16:39 org.apache.coyote.http11.Http11BaseProtocol pause
資訊: Pausing Coyote HTTP/1.1 on http-8080
2009/5/31 上午 08:16:40 org.apache.catalina.core.StandardService stop
資訊: Stopping service Catalina
2009/5/31 上午 08:16:45 org.apache.coyote.http11.Http11BaseProtocol destroy
資訊: Stopping Coyote HTTP/1.1 on http-8080
2009/5/31 上午 08:16:45 org.apache.catalina.core.AprLifecycleListener lifecycleEvent
資訊: Failed shutdown of Apache Portable Runtime
2009/5/31 上午 08:18:26 org.apache.catalina.core.AprLifecycleListener lifecycleEvent
資訊: The Apache Tomcat Native library which allows optimal performance in production environments was not found on the java.library.path: C:\Program Files\Java\jdk1.5.0_06\bin;.;C:\WINDOWS\system32;C:\WINDOWS;C:\Program Files\Apache Software Foundation\tomcat 5.5\bin;C:\Program Files\Java\jdk1.5.0_06\bin;C:\oracle\product\10.2.0\client_1\bin;C:\WINDOWS\system32;C:\WINDOWS;C:\WINDOWS\System32\Wbem;C:\Program Files\TortoiseSVN\bin
2009/5/31 上午 08:18:26 org.apache.coyote.http11.Http11BaseProtocol init
資訊: Initializing Coyote HTTP/1.1 on http-8080
2009/5/31 上午 08:18:26 org.apache.catalina.startup.Catalina load
資訊: Initialization processed in 1328 ms
2009/5/31 上午 08:18:26 org.apache.catalina.core.StandardService start
資訊: Starting service Catalina
2009/5/31 上午 08:18:26 org.apache.catalina.core.StandardEngine start
資訊: Starting Servlet Engine: Apache Tomcat/5.5.27
2009/5/31 上午 08:18:26 org.apache.catalina.core.StandardHost start
資訊: XML validation disabled
2009/5/31 上午 08:18:28 org.apache.catalina.startup.HostConfig deployWAR
資訊: Deploying web application archive eFID.war
2009/5/31 上午 08:20:08 org.apache.coyote.http11.Http11BaseProtocol start
資訊: Starting Coyote HTTP/1.1 on http-8080
2009/5/31 上午 08:20:09 org.apache.jk.common.ChannelSocket init
資訊: JK: ajp13 listening on /0.0.0.0:8009
2009/5/31 上午 08:20:09 org.apache.jk.server.JkMain start
資訊: Jk running ID=0 time=0/47  config=null
2009/5/31 上午 08:20:09 org.apache.catalina.storeconfig.StoreLoader load
資訊: Find registry server-registry.xml at classpath resource
2009/5/31 上午 08:20:09 org.apache.catalina.startup.Catalina start
資訊: Server startup in 103132 ms
2009/5/31 上午 08:25:24 org.apache.coyote.http11.Http11BaseProtocol pause
資訊: Pausing Coyote HTTP/1.1 on http-8080
2009/5/31 上午 08:25:25 org.apache.catalina.core.StandardService stop
資訊: Stopping service Catalina
2009/5/31 上午 08:25:26 org.apache.coyote.http11.Http11BaseProtocol destroy
資訊: Stopping Coyote HTTP/1.1 on http-8080
2009/5/31 上午 08:25:26 org.apache.catalina.core.AprLifecycleListener lifecycleEvent
資訊: Failed shutdown of Apache Portable Runtime
2009/5/31 上午 08:26:41 org.apache.catalina.core.AprLifecycleListener lifecycleEvent
資訊: The Apache Tomcat Native library which allows optimal performance in production environments was not found on the java.library.path: C:\Program Files\Java\jdk1.5.0_06\bin;.;C:\WINDOWS\system32;C:\WINDOWS;C:\Program Files\Apache Software Foundation\tomcat 5.5\bin;C:\Program Files\Java\jdk1.5.0_06\bin;C:\oracle\product\10.2.0\client_1\bin;C:\WINDOWS\system32;C:\WINDOWS;C:\WINDOWS\System32\Wbem;C:\Program Files\TortoiseSVN\bin
2009/5/31 上午 08:26:41 org.apache.coyote.http11.Http11BaseProtocol init
資訊: Initializing Coyote HTTP/1.1 on http-8080
2009/5/31 上午 08:26:41 org.apache.catalina.startup.Catalina load
資訊: Initialization processed in 1282 ms
2009/5/31 上午 08:26:41 org.apache.catalina.core.StandardService start
資訊: Starting service Catalina
2009/5/31 上午 08:26:41 org.apache.catalina.core.StandardEngine start
資訊: Starting Servlet Engine: Apache Tomcat/5.5.27
2009/5/31 上午 08:26:41 org.apache.catalina.core.StandardHost start
資訊: XML validation disabled
2009/5/31 上午 08:27:27 org.apache.coyote.http11.Http11BaseProtocol start
資訊: Starting Coyote HTTP/1.1 on http-8080
2009/5/31 上午 08:27:27 org.apache.jk.common.ChannelSocket init
資訊: JK: ajp13 listening on /0.0.0.0:8009
2009/5/31 上午 08:27:27 org.apache.jk.server.JkMain start
資訊: Jk running ID=0 time=0/32  config=null
2009/5/31 上午 08:27:27 org.apache.catalina.storeconfig.StoreLoader load
資訊: Find registry server-registry.xml at classpath resource
2009/5/31 上午 08:27:28 org.apache.catalina.startup.Catalina start
資訊: Server startup in 46860 ms
2009/5/31 上午 08:35:51 org.apache.catalina.core.StandardService stop
資訊: Stopping service Catalina
2009/5/31 上午 08:35:53 org.apache.coyote.http11.Http11BaseProtocol destroy
資訊: Stopping Coyote HTTP/1.1 on http-8080
2009/5/31 上午 08:35:53 org.apache.catalina.core.AprLifecycleListener lifecycleEvent
資訊: Failed shutdown of Apache Portable Runtime
2009/5/31 上午 08:36:13 org.apache.catalina.core.AprLifecycleListener lifecycleEvent
資訊: The Apache Tomcat Native library which allows optimal performance in production environments was not found on the java.library.path: C:\Program Files\Java\jdk1.5.0_06\bin;.;C:\WINDOWS\system32;C:\WINDOWS;C:\Program Files\Apache Software Foundation\tomcat 5.5\bin;C:\Program Files\Java\jdk1.5.0_06\bin;C:\oracle\product\10.2.0\client_1\bin;C:\WINDOWS\system32;C:\WINDOWS;C:\WINDOWS\System32\Wbem;C:\Program Files\TortoiseSVN\bin
2009/5/31 上午 08:36:13 org.apache.coyote.http11.Http11BaseProtocol init
資訊: Initializing Coyote HTTP/1.1 on http-8080
2009/5/31 上午 08:36:13 org.apache.catalina.startup.Catalina load
資訊: Initialization processed in 1313 ms
2009/5/31 上午 08:36:13 org.apache.catalina.core.StandardService start
資訊: Starting service Catalina
2009/5/31 上午 08:36:13 org.apache.catalina.core.StandardEngine start
資訊: Starting Servlet Engine: Apache Tomcat/5.5.27
2009/5/31 上午 08:36:13 org.apache.catalina.core.StandardHost start
資訊: XML validation disabled
2009/5/31 上午 08:36:59 org.apache.coyote.http11.Http11BaseProtocol start
資訊: Starting Coyote HTTP/1.1 on http-8080
2009/5/31 上午 08:36:59 org.apache.jk.common.ChannelSocket init
資訊: JK: ajp13 listening on /0.0.0.0:8009
2009/5/31 上午 08:36:59 org.apache.jk.server.JkMain start
資訊: Jk running ID=0 time=0/94  config=null
2009/5/31 上午 08:36:59 org.apache.catalina.storeconfig.StoreLoader load
資訊: Find registry server-registry.xml at classpath resource
2009/5/31 上午 08:37:00 org.apache.catalina.startup.Catalina start
資訊: Server startup in 46938 ms
2009/5/31 上午 09:33:48 org.apache.catalina.core.StandardService stop
資訊: Stopping service Catalina
2009/5/31 上午 09:33:56 org.apache.coyote.http11.Http11BaseProtocol destroy
資訊: Stopping Coyote HTTP/1.1 on http-8080
2009/5/31 上午 09:33:56 org.apache.catalina.core.AprLifecycleListener lifecycleEvent
資訊: Failed shutdown of Apache Portable Runtime
2009/5/31 上午 09:37:43 org.apache.catalina.core.AprLifecycleListener lifecycleEvent
資訊: The Apache Tomcat Native library which allows optimal performance in production environments was not found on the java.library.path: C:\Program Files\Java\jdk1.5.0_06\bin;.;C:\WINDOWS\system32;C:\WINDOWS;C:\Program Files\Apache Software Foundation\tomcat 5.5\bin;C:\Program Files\Java\jdk1.5.0_06\bin;C:\oracle\product\10.2.0\client_1\bin;C:\WINDOWS\system32;C:\WINDOWS;C:\WINDOWS\System32\Wbem;C:\Program Files\TortoiseSVN\bin
2009/5/31 上午 09:37:44 org.apache.coyote.http11.Http11BaseProtocol init
資訊: Initializing Coyote HTTP/1.1 on http-8080
2009/5/31 上午 09:37:44 org.apache.catalina.startup.Catalina load
資訊: Initialization processed in 1609 ms
2009/5/31 上午 09:37:44 org.apache.catalina.core.StandardService start
資訊: Starting service Catalina
2009/5/31 上午 09:37:44 org.apache.catalina.core.StandardEngine start
資訊: Starting Servlet Engine: Apache Tomcat/5.5.27
2009/5/31 上午 09:37:44 org.apache.catalina.core.StandardHost start
資訊: XML validation disabled
2009/5/31 上午 09:37:46 org.apache.catalina.startup.HostConfig deployWAR
資訊: Deploying web application archive eFID.war
2009/5/31 上午 09:39:33 org.apache.coyote.http11.Http11BaseProtocol start
資訊: Starting Coyote HTTP/1.1 on http-8080
2009/5/31 上午 09:39:33 org.apache.jk.common.ChannelSocket init
資訊: JK: ajp13 listening on /0.0.0.0:8009
2009/5/31 上午 09:39:33 org.apache.jk.server.JkMain start
資訊: Jk running ID=0 time=0/31  config=null
2009/5/31 上午 09:39:33 org.apache.catalina.storeconfig.StoreLoader load
資訊: Find registry server-registry.xml at classpath resource
2009/5/31 上午 09:39:34 org.apache.catalina.startup.Catalina start
資訊: Server startup in 110000 ms
2009/5/31 上午 09:39:40 org.apache.coyote.http11.Http11BaseProtocol pause
資訊: Pausing Coyote HTTP/1.1 on http-8080
2009/5/31 上午 09:39:41 org.apache.catalina.core.StandardService stop
資訊: Stopping service Catalina
2009/5/31 上午 09:39:43 org.apache.coyote.http11.Http11BaseProtocol destroy
資訊: Stopping Coyote HTTP/1.1 on http-8080
2009/5/31 上午 09:39:43 org.apache.catalina.core.AprLifecycleListener lifecycleEvent
資訊: Failed shutdown of Apache Portable Runtime
2009/5/31 上午 09:39:51 org.apache.catalina.core.AprLifecycleListener lifecycleEvent
資訊: The Apache Tomcat Native library which allows optimal performance in production environments was not found on the java.library.path: C:\Program Files\Java\jdk1.5.0_06\bin;.;C:\WINDOWS\system32;C:\WINDOWS;C:\Program Files\Apache Software Foundation\tomcat 5.5\bin;C:\Program Files\Java\jdk1.5.0_06\bin;C:\oracle\product\10.2.0\client_1\bin;C:\WINDOWS\system32;C:\WINDOWS;C:\WINDOWS\System32\Wbem;C:\Program Files\TortoiseSVN\bin
2009/5/31 上午 09:39:52 org.apache.coyote.http11.Http11BaseProtocol init
資訊: Initializing Coyote HTTP/1.1 on http-8080
2009/5/31 上午 09:39:52 org.apache.catalina.startup.Catalina load
資訊: Initialization processed in 1281 ms
2009/5/31 上午 09:39:52 org.apache.catalina.core.StandardService start
資訊: Starting service Catalina
2009/5/31 上午 09:39:52 org.apache.catalina.core.StandardEngine start
資訊: Starting Servlet Engine: Apache Tomcat/5.5.27
2009/5/31 上午 09:39:52 org.apache.catalina.core.StandardHost start
資訊: XML validation disabled
2009/5/31 上午 09:40:30 org.apache.coyote.http11.Http11BaseProtocol start
資訊: Starting Coyote HTTP/1.1 on http-8080
2009/5/31 上午 09:40:30 org.apache.jk.common.ChannelSocket init
資訊: JK: ajp13 listening on /0.0.0.0:8009
2009/5/31 上午 09:40:30 org.apache.jk.server.JkMain start
資訊: Jk running ID=0 time=0/78  config=null
2009/5/31 上午 09:40:30 org.apache.catalina.storeconfig.StoreLoader load
資訊: Find registry server-registry.xml at classpath resource
2009/5/31 上午 09:40:30 org.apache.catalina.startup.Catalina start
資訊: Server startup in 38437 ms
2009/5/31 上午 10:33:31 org.apache.catalina.core.StandardService stop
資訊: Stopping service Catalina
2009/5/31 上午 10:33:38 org.apache.coyote.http11.Http11BaseProtocol destroy
資訊: Stopping Coyote HTTP/1.1 on http-8080
2009/5/31 上午 10:33:38 org.apache.catalina.core.AprLifecycleListener lifecycleEvent
資訊: Failed shutdown of Apache Portable Runtime
2009/5/31 上午 10:34:00 org.apache.catalina.core.AprLifecycleListener lifecycleEvent
資訊: The Apache Tomcat Native library which allows optimal performance in production environments was not found on the java.library.path: C:\Program Files\Java\jdk1.5.0_06\bin;.;C:\WINDOWS\system32;C:\WINDOWS;C:\Program Files\Apache Software Foundation\tomcat 5.5\bin;C:\Program Files\Java\jdk1.5.0_06\bin;C:\oracle\product\10.2.0\client_1\bin;C:\WINDOWS\system32;C:\WINDOWS;C:\WINDOWS\System32\Wbem;C:\Program Files\TortoiseSVN\bin
2009/5/31 上午 10:34:01 org.apache.coyote.http11.Http11BaseProtocol init
資訊: Initializing Coyote HTTP/1.1 on http-8080
2009/5/31 上午 10:34:01 org.apache.catalina.startup.Catalina load
資訊: Initialization processed in 1860 ms
2009/5/31 上午 10:34:01 org.apache.catalina.core.StandardService start
資訊: Starting service Catalina
2009/5/31 上午 10:34:01 org.apache.catalina.core.StandardEngine start
資訊: Starting Servlet Engine: Apache Tomcat/5.5.27
2009/5/31 上午 10:34:01 org.apache.catalina.core.StandardHost start
資訊: XML validation disabled
2009/5/31 上午 10:34:56 org.apache.coyote.http11.Http11BaseProtocol start
資訊: Starting Coyote HTTP/1.1 on http-8080
2009/5/31 上午 10:34:56 org.apache.jk.common.ChannelSocket init
資訊: JK: ajp13 listening on /0.0.0.0:8009
2009/5/31 上午 10:34:56 org.apache.jk.server.JkMain start
資訊: Jk running ID=0 time=0/63  config=null
2009/5/31 上午 10:34:56 org.apache.catalina.storeconfig.StoreLoader load
資訊: Find registry server-registry.xml at classpath resource
2009/5/31 上午 10:34:57 org.apache.catalina.startup.Catalina start
資訊: Server startup in 56015 ms
2009/5/31 下午 05:36:55 org.apache.catalina.core.StandardService stop
資訊: Stopping service Catalina
2009/5/31 下午 05:37:04 org.apache.coyote.http11.Http11BaseProtocol destroy
資訊: Stopping Coyote HTTP/1.1 on http-8080
2009/5/31 下午 05:37:04 org.apache.catalina.core.AprLifecycleListener lifecycleEvent
資訊: Failed shutdown of Apache Portable Runtime
