2009/6/12 上午 09:44:14 org.apache.catalina.core.AprLifecycleListener lifecycleEvent
資訊: The Apache Tomcat Native library which allows optimal performance in production environments was not found on the java.library.path: C:\Program Files\Java\jdk1.5.0_06\bin;.;C:\WINDOWS\system32;C:\WINDOWS;C:\Program Files\apache-ant-1.7.1\bin;C:\Program Files\Apache Software Foundation\tomcat 5.5\bin;C:\Program Files\Java\jdk1.5.0_06\bin;C:\oracle\product\10.2.0\client_1\bin;C:\WINDOWS\system32;C:\WINDOWS;C:\WINDOWS\System32\Wbem;C:\Program Files\TortoiseSVN\bin
2009/6/12 上午 09:44:14 org.apache.coyote.http11.Http11BaseProtocol init
資訊: Initializing Coyote HTTP/1.1 on http-8080
2009/6/12 上午 09:44:14 org.apache.catalina.startup.Catalina load
資訊: Initialization processed in 1234 ms
2009/6/12 上午 09:44:15 org.apache.catalina.core.StandardService start
資訊: Starting service Catalina
2009/6/12 上午 09:44:15 org.apache.catalina.core.StandardEngine start
資訊: Starting Servlet Engine: Apache Tomcat/5.5.27
2009/6/12 上午 09:44:15 org.apache.catalina.core.StandardHost start
資訊: XML validation disabled
2009/6/12 上午 09:44:17 org.apache.catalina.startup.HostConfig deployWAR
資訊: Deploying web application archive FoxconnCIC.war
2009/6/12 上午 09:45:31 org.apache.catalina.core.StandardContext start
嚴重的: Error listenerStart
2009/6/12 上午 09:45:31 org.apache.catalina.core.StandardContext start
嚴重的: Context [/FoxconnCIC] startup failed due to previous errors
2009/6/12 上午 09:46:57 org.apache.coyote.http11.Http11BaseProtocol start
資訊: Starting Coyote HTTP/1.1 on http-8080
2009/6/12 上午 09:46:58 org.apache.jk.common.ChannelSocket init
資訊: JK: ajp13 listening on /0.0.0.0:8009
2009/6/12 上午 09:46:58 org.apache.jk.server.JkMain start
資訊: Jk running ID=0 time=0/63  config=null
2009/6/12 上午 09:46:58 org.apache.catalina.storeconfig.StoreLoader load
資訊: Find registry server-registry.xml at classpath resource
2009/6/12 上午 09:46:58 org.apache.catalina.startup.Catalina start
資訊: Server startup in 163626 ms
2009/6/12 上午 09:52:25 org.apache.coyote.http11.Http11BaseProtocol pause
資訊: Pausing Coyote HTTP/1.1 on http-8080
2009/6/12 上午 09:52:26 org.apache.catalina.core.StandardService stop
資訊: Stopping service Catalina
2009/6/12 上午 09:52:32 org.apache.coyote.http11.Http11BaseProtocol destroy
資訊: Stopping Coyote HTTP/1.1 on http-8080
2009/6/12 上午 09:52:32 org.apache.catalina.core.AprLifecycleListener lifecycleEvent
資訊: Failed shutdown of Apache Portable Runtime
2009/6/12 上午 09:58:10 org.apache.catalina.core.AprLifecycleListener lifecycleEvent
資訊: The Apache Tomcat Native library which allows optimal performance in production environments was not found on the java.library.path: C:\Program Files\Java\jdk1.5.0_06\bin;.;C:\WINDOWS\system32;C:\WINDOWS;C:\Program Files\apache-ant-1.7.1\bin;C:\Program Files\Apache Software Foundation\tomcat 5.5\bin;C:\Program Files\Java\jdk1.5.0_06\bin;C:\oracle\product\10.2.0\client_1\bin;C:\WINDOWS\system32;C:\WINDOWS;C:\WINDOWS\System32\Wbem;C:\Program Files\TortoiseSVN\bin
2009/6/12 上午 09:58:11 org.apache.coyote.http11.Http11BaseProtocol init
資訊: Initializing Coyote HTTP/1.1 on http-8080
2009/6/12 上午 09:58:11 org.apache.catalina.startup.Catalina load
資訊: Initialization processed in 1109 ms
2009/6/12 上午 09:58:11 org.apache.catalina.core.StandardService start
資訊: Starting service Catalina
2009/6/12 上午 09:58:11 org.apache.catalina.core.StandardEngine start
資訊: Starting Servlet Engine: Apache Tomcat/5.5.27
2009/6/12 上午 09:58:11 org.apache.catalina.core.StandardHost start
資訊: XML validation disabled
2009/6/12 上午 09:58:11 org.apache.catalina.core.StandardContext resourcesStart
嚴重的: Error starting static Resources
java.lang.IllegalArgumentException: Document base C:\Program Files\Apache Software Foundation\tomcat 5.5\webapps\FoxconnCIC does not exist or is not a readable directory
	at org.apache.naming.resources.FileDirContext.setDocBase(FileDirContext.java:141)
	at org.apache.catalina.core.StandardContext.resourcesStart(StandardContext.java:3855)
	at org.apache.catalina.core.StandardContext.start(StandardContext.java:4024)
	at org.apache.catalina.core.ContainerBase.addChildInternal(ContainerBase.java:760)
	at org.apache.catalina.core.ContainerBase.addChild(ContainerBase.java:740)
	at org.apache.catalina.core.StandardHost.addChild(StandardHost.java:544)
	at org.apache.catalina.startup.HostConfig.deployDescriptor(HostConfig.java:626)
	at org.apache.catalina.startup.HostConfig.deployDescriptors(HostConfig.java:553)
	at org.apache.catalina.startup.HostConfig.deployApps(HostConfig.java:488)
	at org.apache.catalina.startup.HostConfig.start(HostConfig.java:1150)
	at org.apache.catalina.startup.HostConfig.lifecycleEvent(HostConfig.java:311)
	at org.apache.catalina.util.LifecycleSupport.fireLifecycleEvent(LifecycleSupport.java:120)
	at org.apache.catalina.core.ContainerBase.start(ContainerBase.java:1022)
	at org.apache.catalina.core.StandardHost.start(StandardHost.java:736)
	at org.apache.catalina.core.ContainerBase.start(ContainerBase.java:1014)
	at org.apache.catalina.core.StandardEngine.start(StandardEngine.java:443)
	at org.apache.catalina.core.StandardService.start(StandardService.java:448)
	at org.apache.catalina.core.StandardServer.start(StandardServer.java:700)
	at org.apache.catalina.startup.Catalina.start(Catalina.java:552)
	at sun.reflect.NativeMethodAccessorImpl.invoke0(Native Method)
	at sun.reflect.NativeMethodAccessorImpl.invoke(NativeMethodAccessorImpl.java:39)
	at sun.reflect.DelegatingMethodAccessorImpl.invoke(DelegatingMethodAccessorImpl.java:25)
	at java.lang.reflect.Method.invoke(Method.java:585)
	at org.apache.catalina.startup.Bootstrap.start(Bootstrap.java:295)
	at org.apache.catalina.startup.Bootstrap.main(Bootstrap.java:433)
2009/6/12 上午 09:58:11 org.apache.catalina.core.StandardContext start
嚴重的: Error in resourceStart()
2009/6/12 上午 09:58:11 org.apache.catalina.core.StandardContext start
嚴重的: Error getConfigured
2009/6/12 上午 09:58:11 org.apache.catalina.core.StandardContext start
嚴重的: Context [/FoxconnCIC] startup failed due to previous errors
2009/6/12 上午 09:58:11 org.apache.catalina.core.StandardContext stop
資訊: Container org.apache.catalina.core.ContainerBase.[Catalina].[localhost].[/FoxconnCIC] has not been started
2009/6/12 上午 09:59:13 org.apache.coyote.http11.Http11BaseProtocol start
資訊: Starting Coyote HTTP/1.1 on http-8080
2009/6/12 上午 09:59:14 org.apache.jk.common.ChannelSocket init
資訊: JK: ajp13 listening on /0.0.0.0:8009
2009/6/12 上午 09:59:14 org.apache.jk.server.JkMain start
資訊: Jk running ID=0 time=0/47  config=null
2009/6/12 上午 09:59:14 org.apache.catalina.storeconfig.StoreLoader load
資訊: Find registry server-registry.xml at classpath resource
2009/6/12 上午 09:59:14 org.apache.catalina.startup.Catalina start
資訊: Server startup in 63540 ms
2009/6/12 下午 01:55:32 org.apache.coyote.http11.Http11BaseProtocol pause
資訊: Pausing Coyote HTTP/1.1 on http-8080
2009/6/12 下午 01:55:34 org.apache.catalina.core.StandardService stop
資訊: Stopping service Catalina
2009/6/12 下午 01:56:40 org.apache.coyote.http11.Http11BaseProtocol destroy
資訊: Stopping Coyote HTTP/1.1 on http-8080
2009/6/12 下午 01:56:40 org.apache.catalina.core.AprLifecycleListener lifecycleEvent
資訊: Failed shutdown of Apache Portable Runtime
2009/6/12 下午 02:07:18 org.apache.catalina.core.AprLifecycleListener lifecycleEvent
資訊: The Apache Tomcat Native library which allows optimal performance in production environments was not found on the java.library.path: C:\Program Files\Java\jdk1.5.0_06\bin;.;C:\WINDOWS\system32;C:\WINDOWS;C:\apache-ant-1.6.1\bin;C:\Program Files\Apache Software Foundation\tomcat 5.5\bin;C:\Program Files\Java\jdk1.5.0_06\bin;C:\oracle\product\10.2.0\client_1\bin;C:\WINDOWS\system32;C:\WINDOWS;C:\WINDOWS\System32\Wbem;C:\Program Files\TortoiseSVN\bin
2009/6/12 下午 02:07:18 org.apache.coyote.http11.Http11BaseProtocol init
資訊: Initializing Coyote HTTP/1.1 on http-8080
2009/6/12 下午 02:07:18 org.apache.catalina.startup.Catalina load
資訊: Initialization processed in 1452 ms
2009/6/12 下午 02:07:19 org.apache.catalina.core.StandardService start
資訊: Starting service Catalina
2009/6/12 下午 02:07:19 org.apache.catalina.core.StandardEngine start
資訊: Starting Servlet Engine: Apache Tomcat/5.5.27
2009/6/12 下午 02:07:19 org.apache.catalina.core.StandardHost start
資訊: XML validation disabled
2009/6/12 下午 02:07:19 org.apache.catalina.core.StandardContext resourcesStart
嚴重的: Error starting static Resources
java.lang.IllegalArgumentException: Document base C:\Program Files\Apache Software Foundation\tomcat 5.5\webapps\FoxconnCIC does not exist or is not a readable directory
	at org.apache.naming.resources.FileDirContext.setDocBase(FileDirContext.java:141)
	at org.apache.catalina.core.StandardContext.resourcesStart(StandardContext.java:3855)
	at org.apache.catalina.core.StandardContext.start(StandardContext.java:4024)
	at org.apache.catalina.core.ContainerBase.addChildInternal(ContainerBase.java:760)
	at org.apache.catalina.core.ContainerBase.addChild(ContainerBase.java:740)
	at org.apache.catalina.core.StandardHost.addChild(StandardHost.java:544)
	at org.apache.catalina.startup.HostConfig.deployDescriptor(HostConfig.java:626)
	at org.apache.catalina.startup.HostConfig.deployDescriptors(HostConfig.java:553)
	at org.apache.catalina.startup.HostConfig.deployApps(HostConfig.java:488)
	at org.apache.catalina.startup.HostConfig.start(HostConfig.java:1150)
	at org.apache.catalina.startup.HostConfig.lifecycleEvent(HostConfig.java:311)
	at org.apache.catalina.util.LifecycleSupport.fireLifecycleEvent(LifecycleSupport.java:120)
	at org.apache.catalina.core.ContainerBase.start(ContainerBase.java:1022)
	at org.apache.catalina.core.StandardHost.start(StandardHost.java:736)
	at org.apache.catalina.core.ContainerBase.start(ContainerBase.java:1014)
	at org.apache.catalina.core.StandardEngine.start(StandardEngine.java:443)
	at org.apache.catalina.core.StandardService.start(StandardService.java:448)
	at org.apache.catalina.core.StandardServer.start(StandardServer.java:700)
	at org.apache.catalina.startup.Catalina.start(Catalina.java:552)
	at sun.reflect.NativeMethodAccessorImpl.invoke0(Native Method)
	at sun.reflect.NativeMethodAccessorImpl.invoke(NativeMethodAccessorImpl.java:39)
	at sun.reflect.DelegatingMethodAccessorImpl.invoke(DelegatingMethodAccessorImpl.java:25)
	at java.lang.reflect.Method.invoke(Method.java:585)
	at org.apache.catalina.startup.Bootstrap.start(Bootstrap.java:295)
	at org.apache.catalina.startup.Bootstrap.main(Bootstrap.java:433)
2009/6/12 下午 02:07:19 org.apache.catalina.core.StandardContext start
嚴重的: Error in resourceStart()
2009/6/12 下午 02:07:19 org.apache.catalina.core.StandardContext start
嚴重的: Error getConfigured
2009/6/12 下午 02:07:19 org.apache.catalina.core.StandardContext start
嚴重的: Context [/FoxconnCIC] startup failed due to previous errors
2009/6/12 下午 02:07:19 org.apache.catalina.core.StandardContext stop
資訊: Container org.apache.catalina.core.ContainerBase.[Catalina].[localhost].[/FoxconnCIC] has not been started
2009/6/12 下午 02:08:49 org.apache.coyote.http11.Http11BaseProtocol start
資訊: Starting Coyote HTTP/1.1 on http-8080
2009/6/12 下午 02:08:49 org.apache.jk.common.ChannelSocket init
資訊: JK: ajp13 listening on /0.0.0.0:8009
2009/6/12 下午 02:08:49 org.apache.jk.server.JkMain start
資訊: Jk running ID=0 time=0/140  config=null
2009/6/12 下午 02:08:49 org.apache.catalina.storeconfig.StoreLoader load
資訊: Find registry server-registry.xml at classpath resource
2009/6/12 下午 02:08:49 org.apache.catalina.startup.Catalina start
資訊: Server startup in 91103 ms
2009/6/12 下午 02:15:07 org.apache.catalina.core.AprLifecycleListener lifecycleEvent
資訊: The Apache Tomcat Native library which allows optimal performance in production environments was not found on the java.library.path: C:\Program Files\Java\jdk1.5.0_06\bin;.;C:\WINDOWS\system32;C:\WINDOWS;C:\apache-ant-1.6.1\bin;C:\Program Files\Apache Software Foundation\tomcat 5.5\bin;C:\Program Files\Java\jdk1.5.0_06\bin;C:\oracle\product\10.2.0\client_1\bin;C:\WINDOWS\system32;C:\WINDOWS;C:\WINDOWS\System32\Wbem;C:\Program Files\TortoiseSVN\bin
2009/6/12 下午 02:15:07 org.apache.coyote.http11.Http11BaseProtocol init
資訊: Initializing Coyote HTTP/1.1 on http-8080
2009/6/12 下午 02:15:07 org.apache.catalina.startup.Catalina load
資訊: Initialization processed in 1032 ms
2009/6/12 下午 02:15:07 org.apache.catalina.core.StandardService start
資訊: Starting service Catalina
2009/6/12 下午 02:15:07 org.apache.catalina.core.StandardEngine start
資訊: Starting Servlet Engine: Apache Tomcat/5.5.27
2009/6/12 下午 02:15:07 org.apache.catalina.core.StandardHost start
資訊: XML validation disabled
2009/6/12 下午 02:15:07 org.apache.catalina.core.StandardContext resourcesStart
嚴重的: Error starting static Resources
java.lang.IllegalArgumentException: Document base C:\Program Files\Apache Software Foundation\tomcat 5.5\webapps\FoxconnCIC does not exist or is not a readable directory
	at org.apache.naming.resources.FileDirContext.setDocBase(FileDirContext.java:141)
	at org.apache.catalina.core.StandardContext.resourcesStart(StandardContext.java:3855)
	at org.apache.catalina.core.StandardContext.start(StandardContext.java:4024)
	at org.apache.catalina.core.ContainerBase.addChildInternal(ContainerBase.java:760)
	at org.apache.catalina.core.ContainerBase.addChild(ContainerBase.java:740)
	at org.apache.catalina.core.StandardHost.addChild(StandardHost.java:544)
	at org.apache.catalina.startup.HostConfig.deployDescriptor(HostConfig.java:626)
	at org.apache.catalina.startup.HostConfig.deployDescriptors(HostConfig.java:553)
	at org.apache.catalina.startup.HostConfig.deployApps(HostConfig.java:488)
	at org.apache.catalina.startup.HostConfig.start(HostConfig.java:1150)
	at org.apache.catalina.startup.HostConfig.lifecycleEvent(HostConfig.java:311)
	at org.apache.catalina.util.LifecycleSupport.fireLifecycleEvent(LifecycleSupport.java:120)
	at org.apache.catalina.core.ContainerBase.start(ContainerBase.java:1022)
	at org.apache.catalina.core.StandardHost.start(StandardHost.java:736)
	at org.apache.catalina.core.ContainerBase.start(ContainerBase.java:1014)
	at org.apache.catalina.core.StandardEngine.start(StandardEngine.java:443)
	at org.apache.catalina.core.StandardService.start(StandardService.java:448)
	at org.apache.catalina.core.StandardServer.start(StandardServer.java:700)
	at org.apache.catalina.startup.Catalina.start(Catalina.java:552)
	at sun.reflect.NativeMethodAccessorImpl.invoke0(Native Method)
	at sun.reflect.NativeMethodAccessorImpl.invoke(NativeMethodAccessorImpl.java:39)
	at sun.reflect.DelegatingMethodAccessorImpl.invoke(DelegatingMethodAccessorImpl.java:25)
	at java.lang.reflect.Method.invoke(Method.java:585)
	at org.apache.catalina.startup.Bootstrap.start(Bootstrap.java:295)
	at org.apache.catalina.startup.Bootstrap.main(Bootstrap.java:433)
2009/6/12 下午 02:15:07 org.apache.catalina.core.StandardContext start
嚴重的: Error in resourceStart()
2009/6/12 下午 02:15:07 org.apache.catalina.core.StandardContext start
嚴重的: Error getConfigured
2009/6/12 下午 02:15:07 org.apache.catalina.core.StandardContext start
嚴重的: Context [/FoxconnCIC] startup failed due to previous errors
2009/6/12 下午 02:15:07 org.apache.catalina.core.StandardContext stop
資訊: Container org.apache.catalina.core.ContainerBase.[Catalina].[localhost].[/FoxconnCIC] has not been started
2009/6/12 下午 02:15:49 org.apache.catalina.core.AprLifecycleListener lifecycleEvent
資訊: The Apache Tomcat Native library which allows optimal performance in production environments was not found on the java.library.path: C:\Program Files\Java\jdk1.5.0_06\bin;.;C:\WINDOWS\system32;C:\WINDOWS;C:\apache-ant-1.6.1\bin;C:\Program Files\Apache Software Foundation\tomcat 5.5\bin;C:\Program Files\Java\jdk1.5.0_06\bin;C:\oracle\product\10.2.0\client_1\bin;C:\WINDOWS\system32;C:\WINDOWS;C:\WINDOWS\System32\Wbem;C:\Program Files\TortoiseSVN\bin
2009/6/12 下午 02:15:49 org.apache.coyote.http11.Http11BaseProtocol init
資訊: Initializing Coyote HTTP/1.1 on http-8080
2009/6/12 下午 02:15:49 org.apache.catalina.startup.Catalina load
資訊: Initialization processed in 1047 ms
2009/6/12 下午 02:15:49 org.apache.catalina.core.StandardService start
資訊: Starting service Catalina
2009/6/12 下午 02:15:49 org.apache.catalina.core.StandardEngine start
資訊: Starting Servlet Engine: Apache Tomcat/5.5.27
2009/6/12 下午 02:15:49 org.apache.catalina.core.StandardHost start
資訊: XML validation disabled
2009/6/12 下午 02:15:49 org.apache.catalina.core.StandardContext resourcesStart
嚴重的: Error starting static Resources
java.lang.IllegalArgumentException: Document base C:\Program Files\Apache Software Foundation\tomcat 5.5\webapps\FoxconnCIC does not exist or is not a readable directory
	at org.apache.naming.resources.FileDirContext.setDocBase(FileDirContext.java:141)
	at org.apache.catalina.core.StandardContext.resourcesStart(StandardContext.java:3855)
	at org.apache.catalina.core.StandardContext.start(StandardContext.java:4024)
	at org.apache.catalina.core.ContainerBase.addChildInternal(ContainerBase.java:760)
	at org.apache.catalina.core.ContainerBase.addChild(ContainerBase.java:740)
	at org.apache.catalina.core.StandardHost.addChild(StandardHost.java:544)
	at org.apache.catalina.startup.HostConfig.deployDescriptor(HostConfig.java:626)
	at org.apache.catalina.startup.HostConfig.deployDescriptors(HostConfig.java:553)
	at org.apache.catalina.startup.HostConfig.deployApps(HostConfig.java:488)
	at org.apache.catalina.startup.HostConfig.start(HostConfig.java:1150)
	at org.apache.catalina.startup.HostConfig.lifecycleEvent(HostConfig.java:311)
	at org.apache.catalina.util.LifecycleSupport.fireLifecycleEvent(LifecycleSupport.java:120)
	at org.apache.catalina.core.ContainerBase.start(ContainerBase.java:1022)
	at org.apache.catalina.core.StandardHost.start(StandardHost.java:736)
	at org.apache.catalina.core.ContainerBase.start(ContainerBase.java:1014)
	at org.apache.catalina.core.StandardEngine.start(StandardEngine.java:443)
	at org.apache.catalina.core.StandardService.start(StandardService.java:448)
	at org.apache.catalina.core.StandardServer.start(StandardServer.java:700)
	at org.apache.catalina.startup.Catalina.start(Catalina.java:552)
	at sun.reflect.NativeMethodAccessorImpl.invoke0(Native Method)
	at sun.reflect.NativeMethodAccessorImpl.invoke(NativeMethodAccessorImpl.java:39)
	at sun.reflect.DelegatingMethodAccessorImpl.invoke(DelegatingMethodAccessorImpl.java:25)
	at java.lang.reflect.Method.invoke(Method.java:585)
	at org.apache.catalina.startup.Bootstrap.start(Bootstrap.java:295)
	at org.apache.catalina.startup.Bootstrap.main(Bootstrap.java:433)
2009/6/12 下午 02:15:49 org.apache.catalina.core.StandardContext start
嚴重的: Error in resourceStart()
2009/6/12 下午 02:15:49 org.apache.catalina.core.StandardContext start
嚴重的: Error getConfigured
2009/6/12 下午 02:15:49 org.apache.catalina.core.StandardContext start
嚴重的: Context [/FoxconnCIC] startup failed due to previous errors
2009/6/12 下午 02:15:49 org.apache.catalina.core.StandardContext stop
資訊: Container org.apache.catalina.core.ContainerBase.[Catalina].[localhost].[/FoxconnCIC] has not been started
2009/6/12 下午 02:17:56 org.apache.catalina.startup.Catalina stopServer
嚴重的: Catalina.stop: 
java.net.ConnectException: Connection refused: connect
	at java.net.PlainSocketImpl.socketConnect(Native Method)
	at java.net.PlainSocketImpl.doConnect(PlainSocketImpl.java:333)
	at java.net.PlainSocketImpl.connectToAddress(PlainSocketImpl.java:195)
	at java.net.PlainSocketImpl.connect(PlainSocketImpl.java:182)
	at java.net.SocksSocketImpl.connect(SocksSocketImpl.java:366)
	at java.net.Socket.connect(Socket.java:507)
	at java.net.Socket.connect(Socket.java:457)
	at java.net.Socket.<init>(Socket.java:365)
	at java.net.Socket.<init>(Socket.java:178)
	at org.apache.catalina.startup.Catalina.stopServer(Catalina.java:395)
	at sun.reflect.NativeMethodAccessorImpl.invoke0(Native Method)
	at sun.reflect.NativeMethodAccessorImpl.invoke(NativeMethodAccessorImpl.java:39)
	at sun.reflect.DelegatingMethodAccessorImpl.invoke(DelegatingMethodAccessorImpl.java:25)
	at java.lang.reflect.Method.invoke(Method.java:585)
	at org.apache.catalina.startup.Bootstrap.stopServer(Bootstrap.java:344)
	at org.apache.catalina.startup.Bootstrap.main(Bootstrap.java:435)
2009/6/12 下午 02:17:59 org.apache.catalina.startup.Catalina stopServer
嚴重的: Catalina.stop: 
java.net.ConnectException: Connection refused: connect
	at java.net.PlainSocketImpl.socketConnect(Native Method)
	at java.net.PlainSocketImpl.doConnect(PlainSocketImpl.java:333)
	at java.net.PlainSocketImpl.connectToAddress(PlainSocketImpl.java:195)
	at java.net.PlainSocketImpl.connect(PlainSocketImpl.java:182)
	at java.net.SocksSocketImpl.connect(SocksSocketImpl.java:366)
	at java.net.Socket.connect(Socket.java:507)
	at java.net.Socket.connect(Socket.java:457)
	at java.net.Socket.<init>(Socket.java:365)
	at java.net.Socket.<init>(Socket.java:178)
	at org.apache.catalina.startup.Catalina.stopServer(Catalina.java:395)
	at sun.reflect.NativeMethodAccessorImpl.invoke0(Native Method)
	at sun.reflect.NativeMethodAccessorImpl.invoke(NativeMethodAccessorImpl.java:39)
	at sun.reflect.DelegatingMethodAccessorImpl.invoke(DelegatingMethodAccessorImpl.java:25)
	at java.lang.reflect.Method.invoke(Method.java:585)
	at org.apache.catalina.startup.Bootstrap.stopServer(Bootstrap.java:344)
	at org.apache.catalina.startup.Bootstrap.main(Bootstrap.java:435)
2009/6/12 下午 02:18:01 org.apache.catalina.startup.Catalina stopServer
嚴重的: Catalina.stop: 
java.net.ConnectException: Connection refused: connect
	at java.net.PlainSocketImpl.socketConnect(Native Method)
	at java.net.PlainSocketImpl.doConnect(PlainSocketImpl.java:333)
	at java.net.PlainSocketImpl.connectToAddress(PlainSocketImpl.java:195)
	at java.net.PlainSocketImpl.connect(PlainSocketImpl.java:182)
	at java.net.SocksSocketImpl.connect(SocksSocketImpl.java:366)
	at java.net.Socket.connect(Socket.java:507)
	at java.net.Socket.connect(Socket.java:457)
	at java.net.Socket.<init>(Socket.java:365)
	at java.net.Socket.<init>(Socket.java:178)
	at org.apache.catalina.startup.Catalina.stopServer(Catalina.java:395)
	at sun.reflect.NativeMethodAccessorImpl.invoke0(Native Method)
	at sun.reflect.NativeMethodAccessorImpl.invoke(NativeMethodAccessorImpl.java:39)
	at sun.reflect.DelegatingMethodAccessorImpl.invoke(DelegatingMethodAccessorImpl.java:25)
	at java.lang.reflect.Method.invoke(Method.java:585)
	at org.apache.catalina.startup.Bootstrap.stopServer(Bootstrap.java:344)
	at org.apache.catalina.startup.Bootstrap.main(Bootstrap.java:435)
2009/6/12 下午 02:18:05 org.apache.catalina.core.AprLifecycleListener lifecycleEvent
資訊: The Apache Tomcat Native library which allows optimal performance in production environments was not found on the java.library.path: C:\Program Files\Java\jdk1.5.0_06\bin;.;C:\WINDOWS\system32;C:\WINDOWS;C:\apache-ant-1.6.1\bin;C:\Program Files\Apache Software Foundation\tomcat 5.5\bin;C:\Program Files\Java\jdk1.5.0_06\bin;C:\oracle\product\10.2.0\client_1\bin;C:\WINDOWS\system32;C:\WINDOWS;C:\WINDOWS\System32\Wbem;C:\Program Files\TortoiseSVN\bin
2009/6/12 下午 02:18:05 org.apache.coyote.http11.Http11BaseProtocol init
資訊: Initializing Coyote HTTP/1.1 on http-8080
2009/6/12 下午 02:18:05 org.apache.catalina.startup.Catalina load
資訊: Initialization processed in 1203 ms
2009/6/12 下午 02:18:05 org.apache.catalina.core.StandardService start
資訊: Starting service Catalina
2009/6/12 下午 02:18:05 org.apache.catalina.core.StandardEngine start
資訊: Starting Servlet Engine: Apache Tomcat/5.5.27
2009/6/12 下午 02:18:05 org.apache.catalina.core.StandardHost start
資訊: XML validation disabled
2009/6/12 下午 02:18:05 org.apache.catalina.core.StandardContext resourcesStart
嚴重的: Error starting static Resources
java.lang.IllegalArgumentException: Document base C:\Program Files\Apache Software Foundation\tomcat 5.5\webapps\FoxconnCIC does not exist or is not a readable directory
	at org.apache.naming.resources.FileDirContext.setDocBase(FileDirContext.java:141)
	at org.apache.catalina.core.StandardContext.resourcesStart(StandardContext.java:3855)
	at org.apache.catalina.core.StandardContext.start(StandardContext.java:4024)
	at org.apache.catalina.core.ContainerBase.addChildInternal(ContainerBase.java:760)
	at org.apache.catalina.core.ContainerBase.addChild(ContainerBase.java:740)
	at org.apache.catalina.core.StandardHost.addChild(StandardHost.java:544)
	at org.apache.catalina.startup.HostConfig.deployDescriptor(HostConfig.java:626)
	at org.apache.catalina.startup.HostConfig.deployDescriptors(HostConfig.java:553)
	at org.apache.catalina.startup.HostConfig.deployApps(HostConfig.java:488)
	at org.apache.catalina.startup.HostConfig.start(HostConfig.java:1150)
	at org.apache.catalina.startup.HostConfig.lifecycleEvent(HostConfig.java:311)
	at org.apache.catalina.util.LifecycleSupport.fireLifecycleEvent(LifecycleSupport.java:120)
	at org.apache.catalina.core.ContainerBase.start(ContainerBase.java:1022)
	at org.apache.catalina.core.StandardHost.start(StandardHost.java:736)
	at org.apache.catalina.core.ContainerBase.start(ContainerBase.java:1014)
	at org.apache.catalina.core.StandardEngine.start(StandardEngine.java:443)
	at org.apache.catalina.core.StandardService.start(StandardService.java:448)
	at org.apache.catalina.core.StandardServer.start(StandardServer.java:700)
	at org.apache.catalina.startup.Catalina.start(Catalina.java:552)
	at sun.reflect.NativeMethodAccessorImpl.invoke0(Native Method)
	at sun.reflect.NativeMethodAccessorImpl.invoke(NativeMethodAccessorImpl.java:39)
	at sun.reflect.DelegatingMethodAccessorImpl.invoke(DelegatingMethodAccessorImpl.java:25)
	at java.lang.reflect.Method.invoke(Method.java:585)
	at org.apache.catalina.startup.Bootstrap.start(Bootstrap.java:295)
	at org.apache.catalina.startup.Bootstrap.main(Bootstrap.java:433)
2009/6/12 下午 02:18:05 org.apache.catalina.core.StandardContext start
嚴重的: Error in resourceStart()
2009/6/12 下午 02:18:05 org.apache.catalina.core.StandardContext start
嚴重的: Error getConfigured
2009/6/12 下午 02:18:05 org.apache.catalina.core.StandardContext start
嚴重的: Context [/FoxconnCIC] startup failed due to previous errors
2009/6/12 下午 02:18:05 org.apache.catalina.core.StandardContext stop
資訊: Container org.apache.catalina.core.ContainerBase.[Catalina].[localhost].[/FoxconnCIC] has not been started
2009/6/12 下午 02:18:49 org.apache.coyote.http11.Http11BaseProtocol start
資訊: Starting Coyote HTTP/1.1 on http-8080
2009/6/12 下午 02:18:49 org.apache.jk.common.ChannelSocket init
資訊: JK: ajp13 listening on /0.0.0.0:8009
2009/6/12 下午 02:18:49 org.apache.jk.server.JkMain start
資訊: Jk running ID=0 time=0/47  config=null
2009/6/12 下午 02:18:49 org.apache.catalina.storeconfig.StoreLoader load
資訊: Find registry server-registry.xml at classpath resource
2009/6/12 下午 02:18:50 org.apache.catalina.startup.Catalina start
資訊: Server startup in 44595 ms
2009/6/12 下午 02:19:07 org.apache.coyote.http11.Http11BaseProtocol pause
資訊: Pausing Coyote HTTP/1.1 on http-8080
2009/6/12 下午 02:19:08 org.apache.catalina.core.StandardService stop
資訊: Stopping service Catalina
2009/6/12 下午 02:19:10 org.apache.coyote.http11.Http11BaseProtocol destroy
資訊: Stopping Coyote HTTP/1.1 on http-8080
2009/6/12 下午 02:19:10 org.apache.catalina.core.AprLifecycleListener lifecycleEvent
資訊: Failed shutdown of Apache Portable Runtime
2009/6/12 下午 02:21:20 org.apache.catalina.core.AprLifecycleListener lifecycleEvent
資訊: The Apache Tomcat Native library which allows optimal performance in production environments was not found on the java.library.path: C:\Program Files\Java\jdk1.5.0_06\bin;.;C:\WINDOWS\system32;C:\WINDOWS;C:\apache-ant-1.6.1\bin;C:\Program Files\Apache Software Foundation\tomcat 5.5\bin;C:\Program Files\Java\jdk1.5.0_06\bin;C:\oracle\product\10.2.0\client_1\bin;C:\WINDOWS\system32;C:\WINDOWS;C:\WINDOWS\System32\Wbem;C:\Program Files\TortoiseSVN\bin
2009/6/12 下午 02:21:21 org.apache.coyote.http11.Http11BaseProtocol init
資訊: Initializing Coyote HTTP/1.1 on http-8080
2009/6/12 下午 02:21:21 org.apache.catalina.startup.Catalina load
資訊: Initialization processed in 1062 ms
2009/6/12 下午 02:21:21 org.apache.catalina.core.StandardService start
資訊: Starting service Catalina
2009/6/12 下午 02:21:21 org.apache.catalina.core.StandardEngine start
資訊: Starting Servlet Engine: Apache Tomcat/5.5.27
2009/6/12 下午 02:21:21 org.apache.catalina.core.StandardHost start
資訊: XML validation disabled
2009/6/12 下午 02:22:00 org.apache.coyote.http11.Http11BaseProtocol start
資訊: Starting Coyote HTTP/1.1 on http-8080
2009/6/12 下午 02:22:00 org.apache.jk.common.ChannelSocket init
資訊: JK: ajp13 listening on /0.0.0.0:8009
2009/6/12 下午 02:22:00 org.apache.jk.server.JkMain start
資訊: Jk running ID=0 time=0/31  config=null
2009/6/12 下午 02:22:00 org.apache.catalina.storeconfig.StoreLoader load
資訊: Find registry server-registry.xml at classpath resource
2009/6/12 下午 02:22:00 org.apache.catalina.startup.Catalina start
資訊: Server startup in 39345 ms
2009/6/12 下午 02:27:43 org.apache.catalina.core.AprLifecycleListener lifecycleEvent
資訊: The Apache Tomcat Native library which allows optimal performance in production environments was not found on the java.library.path: C:\Program Files\Java\jdk1.5.0_06\bin;.;C:\WINDOWS\system32;C:\WINDOWS;C:\apache-ant-1.6.1\bin;C:\Program Files\Apache Software Foundation\tomcat 5.5\bin;C:\Program Files\Java\jdk1.5.0_06\bin;C:\oracle\product\10.2.0\client_1\bin;C:\WINDOWS\system32;C:\WINDOWS;C:\WINDOWS\System32\Wbem;C:\Program Files\TortoiseSVN\bin
2009/6/12 下午 02:27:43 org.apache.coyote.http11.Http11BaseProtocol init
資訊: Initializing Coyote HTTP/1.1 on http-8080
2009/6/12 下午 02:27:43 org.apache.catalina.startup.Catalina load
資訊: Initialization processed in 1156 ms
2009/6/12 下午 02:27:43 org.apache.catalina.core.StandardService start
資訊: Starting service Catalina
2009/6/12 下午 02:27:43 org.apache.catalina.core.StandardEngine start
資訊: Starting Servlet Engine: Apache Tomcat/5.5.27
2009/6/12 下午 02:27:43 org.apache.catalina.core.StandardHost start
資訊: XML validation disabled
2009/6/12 下午 02:28:22 org.apache.coyote.http11.Http11BaseProtocol start
資訊: Starting Coyote HTTP/1.1 on http-8080
2009/6/12 下午 02:28:22 org.apache.jk.common.ChannelSocket init
資訊: JK: ajp13 listening on /0.0.0.0:8009
2009/6/12 下午 02:28:22 org.apache.jk.server.JkMain start
資訊: Jk running ID=0 time=0/172  config=null
2009/6/12 下午 02:28:22 org.apache.catalina.storeconfig.StoreLoader load
資訊: Find registry server-registry.xml at classpath resource
2009/6/12 下午 02:28:22 org.apache.catalina.startup.Catalina start
資訊: Server startup in 39190 ms
2009/6/12 下午 02:28:55 org.apache.coyote.http11.Http11BaseProtocol pause
資訊: Pausing Coyote HTTP/1.1 on http-8080
2009/6/12 下午 02:28:56 org.apache.catalina.core.StandardService stop
資訊: Stopping service Catalina
2009/6/12 下午 02:28:58 org.apache.coyote.http11.Http11BaseProtocol destroy
資訊: Stopping Coyote HTTP/1.1 on http-8080
2009/6/12 下午 02:28:58 org.apache.catalina.core.AprLifecycleListener lifecycleEvent
資訊: Failed shutdown of Apache Portable Runtime
2009/6/12 下午 02:29:01 org.apache.catalina.core.AprLifecycleListener lifecycleEvent
資訊: The Apache Tomcat Native library which allows optimal performance in production environments was not found on the java.library.path: C:\Program Files\Java\jdk1.5.0_06\bin;.;C:\WINDOWS\system32;C:\WINDOWS;C:\apache-ant-1.6.1\bin;C:\Program Files\Apache Software Foundation\tomcat 5.5\bin;C:\Program Files\Java\jdk1.5.0_06\bin;C:\oracle\product\10.2.0\client_1\bin;C:\WINDOWS\system32;C:\WINDOWS;C:\WINDOWS\System32\Wbem;C:\Program Files\TortoiseSVN\bin
2009/6/12 下午 02:29:02 org.apache.coyote.http11.Http11BaseProtocol init
資訊: Initializing Coyote HTTP/1.1 on http-8080
2009/6/12 下午 02:29:02 org.apache.catalina.startup.Catalina load
資訊: Initialization processed in 1157 ms
2009/6/12 下午 02:29:02 org.apache.catalina.core.StandardService start
資訊: Starting service Catalina
2009/6/12 下午 02:29:02 org.apache.catalina.core.StandardEngine start
資訊: Starting Servlet Engine: Apache Tomcat/5.5.27
2009/6/12 下午 02:29:02 org.apache.catalina.core.StandardHost start
資訊: XML validation disabled
2009/6/12 下午 02:29:48 org.apache.coyote.http11.Http11BaseProtocol start
資訊: Starting Coyote HTTP/1.1 on http-8080
2009/6/12 下午 02:29:48 org.apache.jk.common.ChannelSocket init
資訊: JK: ajp13 listening on /0.0.0.0:8009
2009/6/12 下午 02:29:48 org.apache.jk.server.JkMain start
資訊: Jk running ID=0 time=0/32  config=null
2009/6/12 下午 02:29:48 org.apache.catalina.storeconfig.StoreLoader load
資訊: Find registry server-registry.xml at classpath resource
2009/6/12 下午 02:29:48 org.apache.catalina.startup.Catalina start
資訊: Server startup in 46549 ms
2009/6/12 下午 02:41:32 org.apache.catalina.core.AprLifecycleListener lifecycleEvent
資訊: The Apache Tomcat Native library which allows optimal performance in production environments was not found on the java.library.path: C:\Program Files\Java\jdk1.5.0_06\bin;.;C:\WINDOWS\system32;C:\WINDOWS;C:\apache-ant-1.6.1\bin;C:\Program Files\Apache Software Foundation\tomcat 5.5\bin;C:\Program Files\Java\jdk1.5.0_06\bin;C:\oracle\product\10.2.0\client_1\bin;C:\WINDOWS\system32;C:\WINDOWS;C:\WINDOWS\System32\Wbem;C:\Program Files\TortoiseSVN\bin
2009/6/12 下午 02:41:32 org.apache.coyote.http11.Http11BaseProtocol init
資訊: Initializing Coyote HTTP/1.1 on http-8080
2009/6/12 下午 02:41:32 org.apache.catalina.startup.Catalina load
資訊: Initialization processed in 1203 ms
2009/6/12 下午 02:41:33 org.apache.catalina.core.StandardService start
資訊: Starting service Catalina
2009/6/12 下午 02:41:33 org.apache.catalina.core.StandardEngine start
資訊: Starting Servlet Engine: Apache Tomcat/5.5.27
2009/6/12 下午 02:41:33 org.apache.catalina.core.StandardHost start
資訊: XML validation disabled
2009/6/12 下午 02:42:21 org.apache.coyote.http11.Http11BaseProtocol start
資訊: Starting Coyote HTTP/1.1 on http-8080
2009/6/12 下午 02:42:21 org.apache.jk.common.ChannelSocket init
資訊: JK: ajp13 listening on /0.0.0.0:8009
2009/6/12 下午 02:42:21 org.apache.jk.server.JkMain start
資訊: Jk running ID=0 time=0/31  config=null
2009/6/12 下午 02:42:21 org.apache.catalina.storeconfig.StoreLoader load
資訊: Find registry server-registry.xml at classpath resource
2009/6/12 下午 02:42:21 org.apache.catalina.startup.Catalina start
資訊: Server startup in 48972 ms
2009/6/12 下午 02:44:58 org.apache.catalina.core.AprLifecycleListener lifecycleEvent
資訊: The Apache Tomcat Native library which allows optimal performance in production environments was not found on the java.library.path: C:\Program Files\Java\jdk1.5.0_06\bin;.;C:\WINDOWS\system32;C:\WINDOWS;C:\apache-ant-1.6.1\bin;C:\Program Files\Apache Software Foundation\tomcat 5.5\bin;C:\Program Files\Java\jdk1.5.0_06\bin;C:\oracle\product\10.2.0\client_1\bin;C:\WINDOWS\system32;C:\WINDOWS;C:\WINDOWS\System32\Wbem;C:\Program Files\TortoiseSVN\bin
2009/6/12 下午 02:44:58 org.apache.coyote.http11.Http11BaseProtocol init
資訊: Initializing Coyote HTTP/1.1 on http-8080
2009/6/12 下午 02:44:58 org.apache.catalina.startup.Catalina load
資訊: Initialization processed in 1125 ms
2009/6/12 下午 02:44:58 org.apache.catalina.core.StandardService start
資訊: Starting service Catalina
2009/6/12 下午 02:44:58 org.apache.catalina.core.StandardEngine start
資訊: Starting Servlet Engine: Apache Tomcat/5.5.27
2009/6/12 下午 02:44:58 org.apache.catalina.core.StandardHost start
資訊: XML validation disabled
2009/6/12 下午 02:45:32 org.apache.coyote.http11.Http11BaseProtocol start
資訊: Starting Coyote HTTP/1.1 on http-8080
2009/6/12 下午 02:45:33 org.apache.jk.common.ChannelSocket init
資訊: JK: ajp13 listening on /0.0.0.0:8009
2009/6/12 下午 02:45:33 org.apache.jk.server.JkMain start
資訊: Jk running ID=0 time=0/16  config=null
2009/6/12 下午 02:45:33 org.apache.catalina.storeconfig.StoreLoader load
資訊: Find registry server-registry.xml at classpath resource
2009/6/12 下午 02:45:33 org.apache.catalina.startup.Catalina start
資訊: Server startup in 35049 ms
