2009/5/7 下午 04:33:58 org.apache.coyote.http11.Http11BaseProtocol pause
資訊: Pausing Coyote HTTP/1.1 on http-8080
2009/5/7 下午 04:34:06 org.apache.catalina.core.AprLifecycleListener lifecycleEvent
資訊: The Apache Tomcat Native library which allows optimal performance in production environments was not found on the java.library.path: d:\Java\jdk1.5.0_16\bin;.;C:\WINDOWS\system32;C:\WINDOWS;D:\java\apache-ant-1.7.1\bin;D:\Adobe\AIR_SDK\bin;d:\oracle\product\10.2.0\db_1\bin;d:\Java\jdk1.5.0_16\bin;C:\Perl\site\bin;C:\Perl\bin;E:\oracle\product\10.2.0\db_1\bin;d:\Java\jdk1.5.0_16\bin;D:\java\apache-ant-1.7.1\bin;D:\java\maven-2.0.6\bin;C:\WINDOWS\system32;C:\WINDOWS;C:\WINDOWS\System32\Wbem;C:\Program Files\ATI Technologies\ATI Control Panel;C:\Program Files\Microsoft SQL Server\90\Tools\binn\;C:\Program Files\VoiceAge\Common;C:\Program Files\QuickTime\QTSystem\
2009/5/7 下午 04:34:06 org.apache.coyote.http11.Http11BaseProtocol init
資訊: Initializing Coyote HTTP/1.1 on http-8080
2009/5/7 下午 04:34:06 org.apache.catalina.startup.Catalina load
資訊: Initialization processed in 2065 ms
2009/5/7 下午 04:34:06 org.apache.catalina.core.StandardService start
資訊: Starting service Catalina
2009/5/7 下午 04:34:06 org.apache.catalina.core.StandardEngine start
資訊: Starting Servlet Engine: Apache Tomcat/5.5.27
2009/5/7 下午 04:34:06 org.apache.catalina.core.StandardHost start
資訊: XML validation disabled
2009/5/7 下午 04:35:20 org.apache.catalina.core.AprLifecycleListener lifecycleEvent
資訊: The Apache Tomcat Native library which allows optimal performance in production environments was not found on the java.library.path: d:\Java\jdk1.5.0_16\bin;.;C:\WINDOWS\system32;C:\WINDOWS;D:\java\apache-ant-1.7.1\bin;D:\Adobe\AIR_SDK\bin;d:\oracle\product\10.2.0\db_1\bin;d:\Java\jdk1.5.0_16\bin;C:\Perl\site\bin;C:\Perl\bin;E:\oracle\product\10.2.0\db_1\bin;d:\Java\jdk1.5.0_16\bin;D:\java\apache-ant-1.7.1\bin;D:\java\maven-2.0.6\bin;C:\WINDOWS\system32;C:\WINDOWS;C:\WINDOWS\System32\Wbem;C:\Program Files\ATI Technologies\ATI Control Panel;C:\Program Files\Microsoft SQL Server\90\Tools\binn\;C:\Program Files\VoiceAge\Common;C:\Program Files\QuickTime\QTSystem\
2009/5/7 下午 04:35:20 org.apache.coyote.http11.Http11BaseProtocol init
資訊: Initializing Coyote HTTP/1.1 on http-8080
2009/5/7 下午 04:35:20 org.apache.catalina.startup.Catalina load
資訊: Initialization processed in 1594 ms
2009/5/7 下午 04:35:20 org.apache.catalina.core.StandardService start
資訊: Starting service Catalina
2009/5/7 下午 04:35:20 org.apache.catalina.core.StandardEngine start
資訊: Starting Servlet Engine: Apache Tomcat/5.5.27
2009/5/7 下午 04:35:20 org.apache.catalina.core.StandardHost start
資訊: XML validation disabled
2009/5/7 下午 04:36:18 org.apache.coyote.http11.Http11BaseProtocol start
資訊: Starting Coyote HTTP/1.1 on http-8080
2009/5/7 下午 04:36:19 org.apache.jk.common.ChannelSocket init
資訊: JK: ajp13 listening on /0.0.0.0:8009
2009/5/7 下午 04:36:19 org.apache.jk.server.JkMain start
資訊: Jk running ID=0 time=0/47  config=null
2009/5/7 下午 04:36:19 org.apache.catalina.storeconfig.StoreLoader load
資訊: Find registry server-registry.xml at classpath resource
2009/5/7 下午 04:36:19 org.apache.catalina.startup.Catalina start
資訊: Server startup in 59232 ms
2009/5/7 下午 04:37:46 org.apache.coyote.http11.Http11BaseProtocol pause
資訊: Pausing Coyote HTTP/1.1 on http-8080
2009/5/7 下午 04:37:47 org.apache.catalina.core.StandardService stop
資訊: Stopping service Catalina
2009/5/7 下午 04:37:47 org.apache.catalina.core.StandardWrapper unload
資訊: Waiting for 1 instance(s) to be deallocated
2009/5/7 下午 04:37:48 org.apache.catalina.core.StandardWrapper unload
資訊: Waiting for 1 instance(s) to be deallocated
2009/5/7 下午 04:37:52 org.apache.catalina.core.AprLifecycleListener lifecycleEvent
資訊: The Apache Tomcat Native library which allows optimal performance in production environments was not found on the java.library.path: d:\Java\jdk1.5.0_16\bin;.;C:\WINDOWS\system32;C:\WINDOWS;D:\java\apache-ant-1.7.1\bin;D:\Adobe\AIR_SDK\bin;d:\oracle\product\10.2.0\db_1\bin;d:\Java\jdk1.5.0_16\bin;C:\Perl\site\bin;C:\Perl\bin;E:\oracle\product\10.2.0\db_1\bin;d:\Java\jdk1.5.0_16\bin;D:\java\apache-ant-1.7.1\bin;D:\java\maven-2.0.6\bin;C:\WINDOWS\system32;C:\WINDOWS;C:\WINDOWS\System32\Wbem;C:\Program Files\ATI Technologies\ATI Control Panel;C:\Program Files\Microsoft SQL Server\90\Tools\binn\;C:\Program Files\VoiceAge\Common;C:\Program Files\QuickTime\QTSystem\
2009/5/7 下午 04:37:52 org.apache.coyote.http11.Http11BaseProtocol init
資訊: Initializing Coyote HTTP/1.1 on http-8080
2009/5/7 下午 04:37:52 org.apache.catalina.startup.Catalina load
資訊: Initialization processed in 1625 ms
2009/5/7 下午 04:37:52 org.apache.catalina.core.StandardService start
資訊: Starting service Catalina
2009/5/7 下午 04:37:52 org.apache.catalina.core.StandardEngine start
資訊: Starting Servlet Engine: Apache Tomcat/5.5.27
2009/5/7 下午 04:37:52 org.apache.catalina.core.StandardHost start
資訊: XML validation disabled
2009/5/7 下午 04:38:44 org.apache.catalina.core.StandardContext start
嚴重的: Error listenerStart
2009/5/7 下午 04:38:44 org.apache.catalina.core.StandardContext start
嚴重的: Context [/eFID] startup failed due to previous errors
2009/5/7 下午 04:38:48 org.apache.coyote.http11.Http11BaseProtocol start
資訊: Starting Coyote HTTP/1.1 on http-8080
2009/5/7 下午 04:39:17 org.apache.catalina.core.AprLifecycleListener lifecycleEvent
資訊: The Apache Tomcat Native library which allows optimal performance in production environments was not found on the java.library.path: d:\Java\jdk1.5.0_16\bin;.;C:\WINDOWS\system32;C:\WINDOWS;D:\java\apache-ant-1.7.1\bin;D:\Adobe\AIR_SDK\bin;d:\oracle\product\10.2.0\db_1\bin;d:\Java\jdk1.5.0_16\bin;C:\Perl\site\bin;C:\Perl\bin;E:\oracle\product\10.2.0\db_1\bin;d:\Java\jdk1.5.0_16\bin;D:\java\apache-ant-1.7.1\bin;D:\java\maven-2.0.6\bin;C:\WINDOWS\system32;C:\WINDOWS;C:\WINDOWS\System32\Wbem;C:\Program Files\ATI Technologies\ATI Control Panel;C:\Program Files\Microsoft SQL Server\90\Tools\binn\;C:\Program Files\VoiceAge\Common;C:\Program Files\QuickTime\QTSystem\
2009/5/7 下午 04:39:17 org.apache.coyote.http11.Http11BaseProtocol init
資訊: Initializing Coyote HTTP/1.1 on http-8080
2009/5/7 下午 04:39:17 org.apache.catalina.startup.Catalina load
資訊: Initialization processed in 1610 ms
2009/5/7 下午 04:39:17 org.apache.catalina.core.StandardService start
資訊: Starting service Catalina
2009/5/7 下午 04:39:17 org.apache.catalina.core.StandardEngine start
資訊: Starting Servlet Engine: Apache Tomcat/5.5.27
2009/5/7 下午 04:39:17 org.apache.catalina.core.StandardHost start
資訊: XML validation disabled
2009/5/7 下午 04:40:03 org.apache.coyote.http11.Http11BaseProtocol start
資訊: Starting Coyote HTTP/1.1 on http-8080
2009/5/7 下午 04:40:03 org.apache.jk.common.ChannelSocket init
資訊: JK: ajp13 listening on /0.0.0.0:8009
2009/5/7 下午 04:40:03 org.apache.jk.server.JkMain start
資訊: Jk running ID=0 time=0/31  config=null
2009/5/7 下午 04:40:03 org.apache.catalina.storeconfig.StoreLoader load
資訊: Find registry server-registry.xml at classpath resource
2009/5/7 下午 04:40:04 org.apache.catalina.startup.Catalina start
資訊: Server startup in 47124 ms
2009/5/7 下午 04:43:13 org.apache.coyote.http11.Http11BaseProtocol pause
資訊: Pausing Coyote HTTP/1.1 on http-8080
2009/5/7 下午 04:43:14 org.apache.catalina.core.StandardService stop
資訊: Stopping service Catalina
2009/5/7 下午 04:53:58 org.apache.catalina.core.AprLifecycleListener lifecycleEvent
資訊: The Apache Tomcat Native library which allows optimal performance in production environments was not found on the java.library.path: d:\Java\jdk1.5.0_16\bin;.;C:\WINDOWS\system32;C:\WINDOWS;D:\java\apache-ant-1.7.1\bin;D:\Adobe\AIR_SDK\bin;d:\oracle\product\10.2.0\db_1\bin;d:\Java\jdk1.5.0_16\bin;C:\Perl\site\bin;C:\Perl\bin;E:\oracle\product\10.2.0\db_1\bin;d:\Java\jdk1.5.0_16\bin;D:\java\apache-ant-1.7.1\bin;D:\java\maven-2.0.6\bin;C:\WINDOWS\system32;C:\WINDOWS;C:\WINDOWS\System32\Wbem;C:\Program Files\ATI Technologies\ATI Control Panel;C:\Program Files\Microsoft SQL Server\90\Tools\binn\;C:\Program Files\VoiceAge\Common;C:\Program Files\QuickTime\QTSystem\
2009/5/7 下午 04:53:58 org.apache.coyote.http11.Http11BaseProtocol init
資訊: Initializing Coyote HTTP/1.1 on http-8080
2009/5/7 下午 04:53:58 org.apache.catalina.startup.Catalina load
資訊: Initialization processed in 1485 ms
2009/5/7 下午 04:53:58 org.apache.catalina.core.StandardService start
資訊: Starting service Catalina
2009/5/7 下午 04:53:58 org.apache.catalina.core.StandardEngine start
資訊: Starting Servlet Engine: Apache Tomcat/5.5.27
2009/5/7 下午 04:53:58 org.apache.catalina.core.StandardHost start
資訊: XML validation disabled
2009/5/7 下午 04:54:54 org.apache.coyote.http11.Http11BaseProtocol start
資訊: Starting Coyote HTTP/1.1 on http-8080
2009/5/7 下午 04:54:54 org.apache.jk.common.ChannelSocket init
資訊: JK: ajp13 listening on /0.0.0.0:8009
2009/5/7 下午 04:54:54 org.apache.jk.server.JkMain start
資訊: Jk running ID=0 time=0/46  config=null
2009/5/7 下午 04:54:54 org.apache.catalina.storeconfig.StoreLoader load
資訊: Find registry server-registry.xml at classpath resource
2009/5/7 下午 04:54:54 org.apache.catalina.startup.Catalina start
資訊: Server startup in 56232 ms
