2009/4/27 上午 08:10:04 org.apache.catalina.core.AprLifecycleListener lifecycleEvent
資訊: The Apache Tomcat Native library which allows optimal performance in production environments was not found on the java.library.path: d:\Java\jdk1.5.0_16\bin;.;C:\WINDOWS\system32;C:\WINDOWS;D:\java\apache-ant-1.7.1\bin;D:\Adobe\AIR_SDK\bin;d:\oracle\product\10.2.0\db_1\bin;d:\Java\jdk1.5.0_16\bin;C:\Perl\site\bin;C:\Perl\bin;E:\oracle\product\10.2.0\db_1\bin;d:\Java\jdk1.5.0_16\bin;D:\java\apache-ant-1.7.1\bin;D:\java\maven-2.0.6\bin;C:\WINDOWS\system32;C:\WINDOWS;C:\WINDOWS\System32\Wbem;C:\Program Files\ATI Technologies\ATI Control Panel;C:\Program Files\Microsoft SQL Server\90\Tools\binn\;C:\Program Files\VoiceAge\Common;C:\Program Files\QuickTime\QTSystem\
2009/4/27 上午 08:10:05 org.apache.coyote.http11.Http11BaseProtocol init
資訊: Initializing Coyote HTTP/1.1 on http-8080
2009/4/27 上午 08:10:05 org.apache.catalina.startup.Catalina load
資訊: Initialization processed in 4018 ms
2009/4/27 上午 08:10:06 org.apache.catalina.core.StandardService start
資訊: Starting service Catalina
2009/4/27 上午 08:10:06 org.apache.catalina.core.StandardEngine start
資訊: Starting Servlet Engine: Apache Tomcat/5.5.27
2009/4/27 上午 08:10:06 org.apache.catalina.core.StandardHost start
資訊: XML validation disabled
2009/4/27 上午 08:11:06 org.apache.coyote.http11.Http11BaseProtocol start
資訊: Starting Coyote HTTP/1.1 on http-8080
2009/4/27 上午 08:11:08 org.apache.jk.common.ChannelSocket init
資訊: JK: ajp13 listening on /0.0.0.0:8009
2009/4/27 上午 08:11:08 org.apache.jk.server.JkMain start
資訊: Jk running ID=0 time=0/78  config=null
2009/4/27 上午 08:11:08 org.apache.catalina.storeconfig.StoreLoader load
資訊: Find registry server-registry.xml at classpath resource
2009/4/27 上午 08:11:08 org.apache.catalina.startup.Catalina start
資訊: Server startup in 62767 ms
2009/4/27 上午 08:26:07 org.apache.coyote.http11.Http11BaseProtocol pause
資訊: Pausing Coyote HTTP/1.1 on http-8080
2009/4/27 上午 08:26:08 org.apache.catalina.core.StandardService stop
資訊: Stopping service Catalina
2009/4/27 上午 08:26:08 org.apache.catalina.core.StandardWrapper unload
資訊: Waiting for 2 instance(s) to be deallocated
2009/4/27 上午 08:27:02 org.apache.catalina.core.AprLifecycleListener lifecycleEvent
資訊: The Apache Tomcat Native library which allows optimal performance in production environments was not found on the java.library.path: d:\Java\jdk1.5.0_16\bin;.;C:\WINDOWS\system32;C:\WINDOWS;D:\java\apache-ant-1.7.1\bin;D:\Adobe\AIR_SDK\bin;d:\oracle\product\10.2.0\db_1\bin;d:\Java\jdk1.5.0_16\bin;C:\Perl\site\bin;C:\Perl\bin;E:\oracle\product\10.2.0\db_1\bin;d:\Java\jdk1.5.0_16\bin;D:\java\apache-ant-1.7.1\bin;D:\java\maven-2.0.6\bin;C:\WINDOWS\system32;C:\WINDOWS;C:\WINDOWS\System32\Wbem;C:\Program Files\ATI Technologies\ATI Control Panel;C:\Program Files\Microsoft SQL Server\90\Tools\binn\;C:\Program Files\VoiceAge\Common;C:\Program Files\QuickTime\QTSystem\
2009/4/27 上午 08:27:02 org.apache.coyote.http11.Http11BaseProtocol init
資訊: Initializing Coyote HTTP/1.1 on http-8080
2009/4/27 上午 08:27:02 org.apache.catalina.startup.Catalina load
資訊: Initialization processed in 1702 ms
2009/4/27 上午 08:27:02 org.apache.catalina.core.StandardService start
資訊: Starting service Catalina
2009/4/27 上午 08:27:02 org.apache.catalina.core.StandardEngine start
資訊: Starting Servlet Engine: Apache Tomcat/5.5.27
2009/4/27 上午 08:27:02 org.apache.catalina.core.StandardHost start
資訊: XML validation disabled
2009/4/27 上午 08:28:03 org.apache.coyote.http11.Http11BaseProtocol start
資訊: Starting Coyote HTTP/1.1 on http-8080
2009/4/27 上午 08:28:04 org.apache.jk.common.ChannelSocket init
資訊: JK: ajp13 listening on /0.0.0.0:8009
2009/4/27 上午 08:28:04 org.apache.jk.server.JkMain start
資訊: Jk running ID=0 time=0/46  config=null
2009/4/27 上午 08:28:04 org.apache.catalina.storeconfig.StoreLoader load
資訊: Find registry server-registry.xml at classpath resource
2009/4/27 上午 08:28:04 org.apache.catalina.startup.Catalina start
資訊: Server startup in 62312 ms
2009/4/27 上午 08:31:02 org.apache.coyote.http11.Http11BaseProtocol pause
資訊: Pausing Coyote HTTP/1.1 on http-8080
2009/4/27 上午 08:31:03 org.apache.catalina.core.StandardService stop
資訊: Stopping service Catalina
2009/4/27 上午 08:31:03 org.apache.catalina.core.StandardWrapper unload
資訊: Waiting for 1 instance(s) to be deallocated
2009/4/27 上午 08:31:32 org.apache.catalina.core.AprLifecycleListener lifecycleEvent
資訊: The Apache Tomcat Native library which allows optimal performance in production environments was not found on the java.library.path: d:\Java\jdk1.5.0_16\bin;.;C:\WINDOWS\system32;C:\WINDOWS;D:\java\apache-ant-1.7.1\bin;D:\Adobe\AIR_SDK\bin;d:\oracle\product\10.2.0\db_1\bin;d:\Java\jdk1.5.0_16\bin;C:\Perl\site\bin;C:\Perl\bin;E:\oracle\product\10.2.0\db_1\bin;d:\Java\jdk1.5.0_16\bin;D:\java\apache-ant-1.7.1\bin;D:\java\maven-2.0.6\bin;C:\WINDOWS\system32;C:\WINDOWS;C:\WINDOWS\System32\Wbem;C:\Program Files\ATI Technologies\ATI Control Panel;C:\Program Files\Microsoft SQL Server\90\Tools\binn\;C:\Program Files\VoiceAge\Common;C:\Program Files\QuickTime\QTSystem\
2009/4/27 上午 08:31:32 org.apache.coyote.http11.Http11BaseProtocol init
資訊: Initializing Coyote HTTP/1.1 on http-8080
2009/4/27 上午 08:31:32 org.apache.catalina.startup.Catalina load
資訊: Initialization processed in 1577 ms
2009/4/27 上午 08:31:32 org.apache.catalina.core.StandardService start
資訊: Starting service Catalina
2009/4/27 上午 08:31:32 org.apache.catalina.core.StandardEngine start
資訊: Starting Servlet Engine: Apache Tomcat/5.5.27
2009/4/27 上午 08:31:32 org.apache.catalina.core.StandardHost start
資訊: XML validation disabled
2009/4/27 上午 08:32:27 org.apache.coyote.http11.Http11BaseProtocol start
資訊: Starting Coyote HTTP/1.1 on http-8080
2009/4/27 上午 08:32:28 org.apache.jk.common.ChannelSocket init
資訊: JK: ajp13 listening on /0.0.0.0:8009
2009/4/27 上午 08:32:28 org.apache.jk.server.JkMain start
資訊: Jk running ID=0 time=0/219  config=null
2009/4/27 上午 08:32:28 org.apache.catalina.storeconfig.StoreLoader load
資訊: Find registry server-registry.xml at classpath resource
2009/4/27 上午 08:32:28 org.apache.catalina.startup.Catalina start
資訊: Server startup in 56717 ms
2009/4/27 上午 08:37:03 org.apache.coyote.http11.Http11BaseProtocol pause
資訊: Pausing Coyote HTTP/1.1 on http-8080
2009/4/27 上午 08:37:04 org.apache.catalina.core.StandardService stop
資訊: Stopping service Catalina
2009/4/27 上午 08:37:11 org.apache.catalina.core.AprLifecycleListener lifecycleEvent
資訊: The Apache Tomcat Native library which allows optimal performance in production environments was not found on the java.library.path: d:\Java\jdk1.5.0_16\bin;.;C:\WINDOWS\system32;C:\WINDOWS;D:\java\apache-ant-1.7.1\bin;D:\Adobe\AIR_SDK\bin;d:\oracle\product\10.2.0\db_1\bin;d:\Java\jdk1.5.0_16\bin;C:\Perl\site\bin;C:\Perl\bin;E:\oracle\product\10.2.0\db_1\bin;d:\Java\jdk1.5.0_16\bin;D:\java\apache-ant-1.7.1\bin;D:\java\maven-2.0.6\bin;C:\WINDOWS\system32;C:\WINDOWS;C:\WINDOWS\System32\Wbem;C:\Program Files\ATI Technologies\ATI Control Panel;C:\Program Files\Microsoft SQL Server\90\Tools\binn\;C:\Program Files\VoiceAge\Common;C:\Program Files\QuickTime\QTSystem\
2009/4/27 上午 08:37:12 org.apache.coyote.http11.Http11BaseProtocol init
資訊: Initializing Coyote HTTP/1.1 on http-8080
2009/4/27 上午 08:37:12 org.apache.catalina.startup.Catalina load
資訊: Initialization processed in 1548 ms
2009/4/27 上午 08:37:12 org.apache.catalina.core.StandardService start
資訊: Starting service Catalina
2009/4/27 上午 08:37:12 org.apache.catalina.core.StandardEngine start
資訊: Starting Servlet Engine: Apache Tomcat/5.5.27
2009/4/27 上午 08:37:12 org.apache.catalina.core.StandardHost start
資訊: XML validation disabled
2009/4/27 上午 08:38:57 org.apache.catalina.core.AprLifecycleListener lifecycleEvent
資訊: The Apache Tomcat Native library which allows optimal performance in production environments was not found on the java.library.path: d:\Java\jdk1.5.0_16\bin;.;C:\WINDOWS\system32;C:\WINDOWS;D:\java\apache-ant-1.7.1\bin;D:\Adobe\AIR_SDK\bin;d:\oracle\product\10.2.0\db_1\bin;d:\Java\jdk1.5.0_16\bin;C:\Perl\site\bin;C:\Perl\bin;E:\oracle\product\10.2.0\db_1\bin;d:\Java\jdk1.5.0_16\bin;D:\java\apache-ant-1.7.1\bin;D:\java\maven-2.0.6\bin;C:\WINDOWS\system32;C:\WINDOWS;C:\WINDOWS\System32\Wbem;C:\Program Files\ATI Technologies\ATI Control Panel;C:\Program Files\Microsoft SQL Server\90\Tools\binn\;C:\Program Files\VoiceAge\Common;C:\Program Files\QuickTime\QTSystem\
2009/4/27 上午 08:38:57 org.apache.coyote.http11.Http11BaseProtocol init
資訊: Initializing Coyote HTTP/1.1 on http-8080
2009/4/27 上午 08:38:57 org.apache.catalina.startup.Catalina load
資訊: Initialization processed in 1656 ms
2009/4/27 上午 08:38:58 org.apache.catalina.core.StandardService start
資訊: Starting service Catalina
2009/4/27 上午 08:38:58 org.apache.catalina.core.StandardEngine start
資訊: Starting Servlet Engine: Apache Tomcat/5.5.27
2009/4/27 上午 08:38:58 org.apache.catalina.core.StandardHost start
資訊: XML validation disabled
2009/4/27 上午 08:39:53 org.apache.coyote.http11.Http11BaseProtocol start
資訊: Starting Coyote HTTP/1.1 on http-8080
2009/4/27 上午 08:39:53 org.apache.jk.common.ChannelSocket init
資訊: JK: ajp13 listening on /0.0.0.0:8009
2009/4/27 上午 08:39:53 org.apache.jk.server.JkMain start
資訊: Jk running ID=0 time=15/62  config=null
2009/4/27 上午 08:39:54 org.apache.catalina.storeconfig.StoreLoader load
資訊: Find registry server-registry.xml at classpath resource
2009/4/27 上午 08:39:54 org.apache.catalina.startup.Catalina start
資訊: Server startup in 56344 ms
2009/4/27 上午 09:01:52 org.apache.coyote.http11.Http11BaseProtocol pause
資訊: Pausing Coyote HTTP/1.1 on http-8080
2009/4/27 上午 09:01:53 org.apache.catalina.core.StandardService stop
資訊: Stopping service Catalina
2009/4/27 上午 09:02:29 org.apache.catalina.core.AprLifecycleListener lifecycleEvent
資訊: The Apache Tomcat Native library which allows optimal performance in production environments was not found on the java.library.path: d:\Java\jdk1.5.0_16\bin;.;C:\WINDOWS\system32;C:\WINDOWS;D:\java\apache-ant-1.7.1\bin;D:\Adobe\AIR_SDK\bin;d:\oracle\product\10.2.0\db_1\bin;d:\Java\jdk1.5.0_16\bin;C:\Perl\site\bin;C:\Perl\bin;E:\oracle\product\10.2.0\db_1\bin;d:\Java\jdk1.5.0_16\bin;D:\java\apache-ant-1.7.1\bin;D:\java\maven-2.0.6\bin;C:\WINDOWS\system32;C:\WINDOWS;C:\WINDOWS\System32\Wbem;C:\Program Files\ATI Technologies\ATI Control Panel;C:\Program Files\Microsoft SQL Server\90\Tools\binn\;C:\Program Files\VoiceAge\Common;C:\Program Files\QuickTime\QTSystem\
2009/4/27 上午 09:02:29 org.apache.coyote.http11.Http11BaseProtocol init
資訊: Initializing Coyote HTTP/1.1 on http-8080
2009/4/27 上午 09:02:29 org.apache.catalina.startup.Catalina load
資訊: Initialization processed in 1640 ms
2009/4/27 上午 09:02:29 org.apache.catalina.core.StandardService start
資訊: Starting service Catalina
2009/4/27 上午 09:02:29 org.apache.catalina.core.StandardEngine start
資訊: Starting Servlet Engine: Apache Tomcat/5.5.27
2009/4/27 上午 09:02:29 org.apache.catalina.core.StandardHost start
資訊: XML validation disabled
2009/4/27 上午 09:03:32 org.apache.coyote.http11.Http11BaseProtocol start
資訊: Starting Coyote HTTP/1.1 on http-8080
2009/4/27 上午 09:03:33 org.apache.jk.common.ChannelSocket init
資訊: JK: ajp13 listening on /0.0.0.0:8009
2009/4/27 上午 09:03:33 org.apache.jk.server.JkMain start
資訊: Jk running ID=0 time=0/15  config=null
2009/4/27 上午 09:03:33 org.apache.catalina.storeconfig.StoreLoader load
資訊: Find registry server-registry.xml at classpath resource
2009/4/27 上午 09:03:33 org.apache.catalina.startup.Catalina start
資訊: Server startup in 64282 ms
2009/4/27 上午 09:23:06 org.apache.coyote.http11.Http11BaseProtocol pause
資訊: Pausing Coyote HTTP/1.1 on http-8080
2009/4/27 上午 09:23:07 org.apache.catalina.core.StandardService stop
資訊: Stopping service Catalina
2009/4/27 上午 09:23:12 org.apache.catalina.core.AprLifecycleListener lifecycleEvent
資訊: The Apache Tomcat Native library which allows optimal performance in production environments was not found on the java.library.path: d:\Java\jdk1.5.0_16\bin;.;C:\WINDOWS\system32;C:\WINDOWS;D:\java\apache-ant-1.7.1\bin;D:\Adobe\AIR_SDK\bin;d:\oracle\product\10.2.0\db_1\bin;d:\Java\jdk1.5.0_16\bin;C:\Perl\site\bin;C:\Perl\bin;E:\oracle\product\10.2.0\db_1\bin;d:\Java\jdk1.5.0_16\bin;D:\java\apache-ant-1.7.1\bin;D:\java\maven-2.0.6\bin;C:\WINDOWS\system32;C:\WINDOWS;C:\WINDOWS\System32\Wbem;C:\Program Files\ATI Technologies\ATI Control Panel;C:\Program Files\Microsoft SQL Server\90\Tools\binn\;C:\Program Files\VoiceAge\Common;C:\Program Files\QuickTime\QTSystem\
2009/4/27 上午 09:23:13 org.apache.coyote.http11.Http11BaseProtocol init
資訊: Initializing Coyote HTTP/1.1 on http-8080
2009/4/27 上午 09:23:13 org.apache.catalina.startup.Catalina load
資訊: Initialization processed in 2000 ms
2009/4/27 上午 09:23:13 org.apache.catalina.core.StandardService start
資訊: Starting service Catalina
2009/4/27 上午 09:23:13 org.apache.catalina.core.StandardEngine start
資訊: Starting Servlet Engine: Apache Tomcat/5.5.27
2009/4/27 上午 09:23:13 org.apache.catalina.core.StandardHost start
資訊: XML validation disabled
2009/4/27 上午 09:24:13 org.apache.coyote.http11.Http11BaseProtocol start
資訊: Starting Coyote HTTP/1.1 on http-8080
2009/4/27 上午 09:24:14 org.apache.jk.common.ChannelSocket init
資訊: JK: ajp13 listening on /0.0.0.0:8009
2009/4/27 上午 09:24:14 org.apache.jk.server.JkMain start
資訊: Jk running ID=0 time=0/32  config=null
2009/4/27 上午 09:24:14 org.apache.catalina.storeconfig.StoreLoader load
資訊: Find registry server-registry.xml at classpath resource
2009/4/27 上午 09:24:14 org.apache.catalina.startup.Catalina start
資訊: Server startup in 61567 ms
2009/4/27 上午 10:04:40 org.apache.coyote.http11.Http11BaseProtocol pause
資訊: Pausing Coyote HTTP/1.1 on http-8080
2009/4/27 上午 10:04:41 org.apache.catalina.core.StandardService stop
資訊: Stopping service Catalina
2009/4/27 上午 10:04:41 org.apache.catalina.core.StandardWrapper unload
資訊: Waiting for 1 instance(s) to be deallocated
2009/4/27 上午 10:04:48 org.apache.catalina.core.AprLifecycleListener lifecycleEvent
資訊: The Apache Tomcat Native library which allows optimal performance in production environments was not found on the java.library.path: d:\Java\jdk1.5.0_16\bin;.;C:\WINDOWS\system32;C:\WINDOWS;D:\java\apache-ant-1.7.1\bin;D:\Adobe\AIR_SDK\bin;d:\oracle\product\10.2.0\db_1\bin;d:\Java\jdk1.5.0_16\bin;C:\Perl\site\bin;C:\Perl\bin;E:\oracle\product\10.2.0\db_1\bin;d:\Java\jdk1.5.0_16\bin;D:\java\apache-ant-1.7.1\bin;D:\java\maven-2.0.6\bin;C:\WINDOWS\system32;C:\WINDOWS;C:\WINDOWS\System32\Wbem;C:\Program Files\ATI Technologies\ATI Control Panel;C:\Program Files\Microsoft SQL Server\90\Tools\binn\;C:\Program Files\VoiceAge\Common;C:\Program Files\QuickTime\QTSystem\
2009/4/27 上午 10:04:48 org.apache.coyote.http11.Http11BaseProtocol init
資訊: Initializing Coyote HTTP/1.1 on http-8080
2009/4/27 上午 10:04:48 org.apache.catalina.startup.Catalina load
資訊: Initialization processed in 1844 ms
2009/4/27 上午 10:04:48 org.apache.catalina.core.StandardService start
資訊: Starting service Catalina
2009/4/27 上午 10:04:48 org.apache.catalina.core.StandardEngine start
資訊: Starting Servlet Engine: Apache Tomcat/5.5.27
2009/4/27 上午 10:04:48 org.apache.catalina.core.StandardHost start
資訊: XML validation disabled
2009/4/27 上午 10:05:55 org.apache.coyote.http11.Http11BaseProtocol start
資訊: Starting Coyote HTTP/1.1 on http-8080
2009/4/27 上午 10:05:55 org.apache.jk.common.ChannelSocket init
資訊: JK: ajp13 listening on /0.0.0.0:8009
2009/4/27 上午 10:05:55 org.apache.jk.server.JkMain start
資訊: Jk running ID=0 time=0/203  config=null
2009/4/27 上午 10:05:55 org.apache.catalina.storeconfig.StoreLoader load
資訊: Find registry server-registry.xml at classpath resource
2009/4/27 上午 10:05:56 org.apache.catalina.startup.Catalina start
資訊: Server startup in 67609 ms
2009/4/27 上午 10:13:41 org.apache.coyote.http11.Http11BaseProtocol pause
資訊: Pausing Coyote HTTP/1.1 on http-8080
2009/4/27 上午 10:13:42 org.apache.catalina.core.StandardService stop
資訊: Stopping service Catalina
2009/4/27 上午 10:13:43 org.apache.catalina.core.StandardWrapper unload
資訊: Waiting for 2 instance(s) to be deallocated
2009/4/27 上午 10:13:53 org.apache.catalina.core.AprLifecycleListener lifecycleEvent
資訊: The Apache Tomcat Native library which allows optimal performance in production environments was not found on the java.library.path: d:\Java\jdk1.5.0_16\bin;.;C:\WINDOWS\system32;C:\WINDOWS;D:\java\apache-ant-1.7.1\bin;D:\Adobe\AIR_SDK\bin;d:\oracle\product\10.2.0\db_1\bin;d:\Java\jdk1.5.0_16\bin;C:\Perl\site\bin;C:\Perl\bin;E:\oracle\product\10.2.0\db_1\bin;d:\Java\jdk1.5.0_16\bin;D:\java\apache-ant-1.7.1\bin;D:\java\maven-2.0.6\bin;C:\WINDOWS\system32;C:\WINDOWS;C:\WINDOWS\System32\Wbem;C:\Program Files\ATI Technologies\ATI Control Panel;C:\Program Files\Microsoft SQL Server\90\Tools\binn\;C:\Program Files\VoiceAge\Common;C:\Program Files\QuickTime\QTSystem\
2009/4/27 上午 10:13:53 org.apache.coyote.http11.Http11BaseProtocol init
資訊: Initializing Coyote HTTP/1.1 on http-8080
2009/4/27 上午 10:13:53 org.apache.catalina.startup.Catalina load
資訊: Initialization processed in 1641 ms
2009/4/27 上午 10:13:54 org.apache.catalina.core.StandardService start
資訊: Starting service Catalina
2009/4/27 上午 10:13:54 org.apache.catalina.core.StandardEngine start
資訊: Starting Servlet Engine: Apache Tomcat/5.5.27
2009/4/27 上午 10:13:54 org.apache.catalina.core.StandardHost start
資訊: XML validation disabled
2009/4/27 上午 10:14:40 org.apache.coyote.http11.Http11BaseProtocol start
資訊: Starting Coyote HTTP/1.1 on http-8080
2009/4/27 上午 10:14:41 org.apache.jk.common.ChannelSocket init
資訊: JK: ajp13 listening on /0.0.0.0:8009
2009/4/27 上午 10:14:41 org.apache.jk.server.JkMain start
資訊: Jk running ID=0 time=0/62  config=null
2009/4/27 上午 10:14:41 org.apache.catalina.storeconfig.StoreLoader load
資訊: Find registry server-registry.xml at classpath resource
2009/4/27 上午 10:14:41 org.apache.catalina.startup.Catalina start
資訊: Server startup in 47782 ms
2009/4/27 上午 10:31:49 org.apache.coyote.http11.Http11BaseProtocol pause
資訊: Pausing Coyote HTTP/1.1 on http-8080
2009/4/27 上午 10:31:50 org.apache.catalina.core.StandardService stop
資訊: Stopping service Catalina
2009/4/27 上午 10:31:50 org.apache.catalina.core.StandardWrapper unload
資訊: Waiting for 2 instance(s) to be deallocated
2009/4/27 上午 10:32:04 org.apache.catalina.core.AprLifecycleListener lifecycleEvent
資訊: The Apache Tomcat Native library which allows optimal performance in production environments was not found on the java.library.path: d:\Java\jdk1.5.0_16\bin;.;C:\WINDOWS\system32;C:\WINDOWS;D:\java\apache-ant-1.7.1\bin;D:\Adobe\AIR_SDK\bin;d:\oracle\product\10.2.0\db_1\bin;d:\Java\jdk1.5.0_16\bin;C:\Perl\site\bin;C:\Perl\bin;E:\oracle\product\10.2.0\db_1\bin;d:\Java\jdk1.5.0_16\bin;D:\java\apache-ant-1.7.1\bin;D:\java\maven-2.0.6\bin;C:\WINDOWS\system32;C:\WINDOWS;C:\WINDOWS\System32\Wbem;C:\Program Files\ATI Technologies\ATI Control Panel;C:\Program Files\Microsoft SQL Server\90\Tools\binn\;C:\Program Files\VoiceAge\Common;C:\Program Files\QuickTime\QTSystem\
2009/4/27 上午 10:32:04 org.apache.coyote.http11.Http11BaseProtocol init
資訊: Initializing Coyote HTTP/1.1 on http-8080
2009/4/27 上午 10:32:04 org.apache.catalina.startup.Catalina load
資訊: Initialization processed in 1469 ms
2009/4/27 上午 10:32:05 org.apache.catalina.core.StandardService start
資訊: Starting service Catalina
2009/4/27 上午 10:32:05 org.apache.catalina.core.StandardEngine start
資訊: Starting Servlet Engine: Apache Tomcat/5.5.27
2009/4/27 上午 10:32:05 org.apache.catalina.core.StandardHost start
資訊: XML validation disabled
2009/4/27 上午 10:32:54 org.apache.coyote.http11.Http11BaseProtocol start
資訊: Starting Coyote HTTP/1.1 on http-8080
2009/4/27 上午 10:32:55 org.apache.jk.common.ChannelSocket init
資訊: JK: ajp13 listening on /0.0.0.0:8009
2009/4/27 上午 10:32:55 org.apache.jk.server.JkMain start
資訊: Jk running ID=0 time=0/31  config=null
2009/4/27 上午 10:32:55 org.apache.catalina.storeconfig.StoreLoader load
資訊: Find registry server-registry.xml at classpath resource
2009/4/27 上午 10:32:55 org.apache.catalina.startup.Catalina start
資訊: Server startup in 50796 ms
2009/4/27 下午 01:41:54 org.apache.coyote.http11.Http11BaseProtocol pause
資訊: Pausing Coyote HTTP/1.1 on http-8080
2009/4/27 下午 01:42:02 org.apache.catalina.core.AprLifecycleListener lifecycleEvent
資訊: The Apache Tomcat Native library which allows optimal performance in production environments was not found on the java.library.path: d:\Java\jdk1.5.0_16\bin;.;C:\WINDOWS\system32;C:\WINDOWS;D:\java\apache-ant-1.7.1\bin;D:\Adobe\AIR_SDK\bin;d:\oracle\product\10.2.0\db_1\bin;d:\Java\jdk1.5.0_16\bin;C:\Perl\site\bin;C:\Perl\bin;E:\oracle\product\10.2.0\db_1\bin;d:\Java\jdk1.5.0_16\bin;D:\java\apache-ant-1.7.1\bin;D:\java\maven-2.0.6\bin;C:\WINDOWS\system32;C:\WINDOWS;C:\WINDOWS\System32\Wbem;C:\Program Files\ATI Technologies\ATI Control Panel;C:\Program Files\Microsoft SQL Server\90\Tools\binn\;C:\Program Files\VoiceAge\Common;C:\Program Files\QuickTime\QTSystem\
2009/4/27 下午 01:42:02 org.apache.coyote.http11.Http11BaseProtocol init
資訊: Initializing Coyote HTTP/1.1 on http-8080
2009/4/27 下午 01:42:02 org.apache.catalina.startup.Catalina load
資訊: Initialization processed in 2485 ms
2009/4/27 下午 01:42:03 org.apache.catalina.core.StandardService start
資訊: Starting service Catalina
2009/4/27 下午 01:42:03 org.apache.catalina.core.StandardEngine start
資訊: Starting Servlet Engine: Apache Tomcat/5.5.27
2009/4/27 下午 01:42:03 org.apache.catalina.core.StandardHost start
資訊: XML validation disabled
2009/4/27 下午 01:43:26 org.apache.coyote.http11.Http11BaseProtocol start
資訊: Starting Coyote HTTP/1.1 on http-8080
2009/4/27 下午 01:43:26 org.apache.jk.common.ChannelSocket init
資訊: JK: ajp13 listening on /0.0.0.0:8009
2009/4/27 下午 01:43:26 org.apache.jk.server.JkMain start
資訊: Jk running ID=0 time=0/78  config=null
2009/4/27 下午 01:43:26 org.apache.catalina.storeconfig.StoreLoader load
資訊: Find registry server-registry.xml at classpath resource
2009/4/27 下午 01:43:27 org.apache.catalina.startup.Catalina start
資訊: Server startup in 84703 ms
