2009/5/20 上午 08:12:57 org.apache.catalina.core.AprLifecycleListener lifecycleEvent
資訊: The Apache Tomcat Native library which allows optimal performance in production environments was not found on the java.library.path: C:\Program Files\Apache Software Foundation\tomcat 5.5\bin;.;C:\WINDOWS\system32;C:\WINDOWS;C:\Program Files\Apache Software Foundation\tomcat 5.5\bin;C:\Program Files\Java\jdk1.5.0_06\bin;C:\oracle\product\10.2.0\client_1\bin;C:\WINDOWS\system32;C:\WINDOWS;C:\WINDOWS\System32\Wbem
2009/5/20 上午 08:12:58 org.apache.coyote.http11.Http11BaseProtocol init
資訊: Initializing Coyote HTTP/1.1 on http-8080
2009/5/20 上午 08:12:58 org.apache.catalina.startup.Catalina load
資訊: Initialization processed in 1766 ms
2009/5/20 上午 08:12:58 org.apache.catalina.core.StandardService start
資訊: Starting service Catalina
2009/5/20 上午 08:12:58 org.apache.catalina.core.StandardEngine start
資訊: Starting Servlet Engine: Apache Tomcat/5.5.27
2009/5/20 上午 08:12:58 org.apache.catalina.core.StandardHost start
資訊: XML validation disabled
2009/5/20 上午 08:14:36 org.apache.coyote.http11.Http11BaseProtocol start
資訊: Starting Coyote HTTP/1.1 on http-8080
2009/5/20 上午 08:14:36 org.apache.jk.common.ChannelSocket init
資訊: JK: ajp13 listening on /0.0.0.0:8009
2009/5/20 上午 08:14:36 org.apache.jk.server.JkMain start
資訊: Jk running ID=0 time=0/93  config=null
2009/5/20 上午 08:14:36 org.apache.catalina.storeconfig.StoreLoader load
資訊: Find registry server-registry.xml at classpath resource
2009/5/20 上午 08:14:36 org.apache.catalina.startup.Catalina start
資訊: Server startup in 98531 ms
2009/5/20 下午 12:39:48 org.apache.coyote.http11.Http11BaseProtocol pause
資訊: Pausing Coyote HTTP/1.1 on http-8080
2009/5/20 下午 12:39:50 org.apache.catalina.core.StandardService stop
資訊: Stopping service Catalina
2009/5/20 下午 12:40:02 org.apache.coyote.http11.Http11BaseProtocol destroy
資訊: Stopping Coyote HTTP/1.1 on http-8080
2009/5/20 下午 12:40:02 org.apache.catalina.core.AprLifecycleListener lifecycleEvent
資訊: Failed shutdown of Apache Portable Runtime
2009/5/20 下午 01:40:00 org.apache.catalina.core.AprLifecycleListener lifecycleEvent
資訊: The Apache Tomcat Native library which allows optimal performance in production environments was not found on the java.library.path: C:\Program Files\Java\jdk1.5.0_06\bin;.;C:\WINDOWS\system32;C:\WINDOWS;C:\Program Files\Apache Software Foundation\tomcat 5.5\bin;C:\Program Files\Java\jdk1.5.0_06\bin;C:\oracle\product\10.2.0\client_1\bin;C:\WINDOWS\system32;C:\WINDOWS;C:\WINDOWS\System32\Wbem
2009/5/20 下午 01:40:01 org.apache.coyote.http11.Http11BaseProtocol init
資訊: Initializing Coyote HTTP/1.1 on http-8080
2009/5/20 下午 01:40:01 org.apache.catalina.startup.Catalina load
資訊: Initialization processed in 1906 ms
2009/5/20 下午 01:40:01 org.apache.catalina.core.StandardService start
資訊: Starting service Catalina
2009/5/20 下午 01:40:01 org.apache.catalina.core.StandardEngine start
資訊: Starting Servlet Engine: Apache Tomcat/5.5.27
2009/5/20 下午 01:40:01 org.apache.catalina.core.StandardHost start
資訊: XML validation disabled
2009/5/20 下午 01:41:17 org.apache.coyote.http11.Http11BaseProtocol start
資訊: Starting Coyote HTTP/1.1 on http-8080
2009/5/20 下午 01:41:17 org.apache.jk.common.ChannelSocket init
資訊: JK: ajp13 listening on /0.0.0.0:8009
2009/5/20 下午 01:41:17 org.apache.jk.server.JkMain start
資訊: Jk running ID=0 time=0/47  config=null
2009/5/20 下午 01:41:17 org.apache.catalina.storeconfig.StoreLoader load
資訊: Find registry server-registry.xml at classpath resource
2009/5/20 下午 01:41:17 org.apache.catalina.startup.Catalina start
資訊: Server startup in 76547 ms
2009/5/20 下午 05:06:28 org.apache.coyote.http11.Http11BaseProtocol pause
資訊: Pausing Coyote HTTP/1.1 on http-8080
2009/5/20 下午 05:06:30 org.apache.catalina.core.StandardService stop
資訊: Stopping service Catalina
