2009/5/22 上午 08:16:36 org.apache.catalina.core.AprLifecycleListener lifecycleEvent
資訊: The Apache Tomcat Native library which allows optimal performance in production environments was not found on the java.library.path: C:\Program Files\Java\jdk1.5.0_06\bin;.;C:\WINDOWS\system32;C:\WINDOWS;C:\Program Files\Apache Software Foundation\tomcat 5.5\bin;C:\Program Files\Java\jdk1.5.0_06\bin;C:\oracle\product\10.2.0\client_1\bin;C:\WINDOWS\system32;C:\WINDOWS;C:\WINDOWS\System32\Wbem
2009/5/22 上午 08:16:36 org.apache.coyote.http11.Http11BaseProtocol init
資訊: Initializing Coyote HTTP/1.1 on http-8080
2009/5/22 上午 08:16:36 org.apache.catalina.startup.Catalina load
資訊: Initialization processed in 2078 ms
2009/5/22 上午 08:16:37 org.apache.catalina.core.StandardService start
資訊: Starting service Catalina
2009/5/22 上午 08:16:37 org.apache.catalina.core.StandardEngine start
資訊: Starting Servlet Engine: Apache Tomcat/5.5.27
2009/5/22 上午 08:16:37 org.apache.catalina.core.StandardHost start
資訊: XML validation disabled
2009/5/22 上午 08:18:06 org.apache.coyote.http11.Http11BaseProtocol start
資訊: Starting Coyote HTTP/1.1 on http-8080
2009/5/22 上午 08:18:07 org.apache.jk.common.ChannelSocket init
資訊: JK: ajp13 listening on /0.0.0.0:8009
2009/5/22 上午 08:18:07 org.apache.jk.server.JkMain start
資訊: Jk running ID=0 time=0/62  config=null
2009/5/22 上午 08:18:07 org.apache.catalina.storeconfig.StoreLoader load
資訊: Find registry server-registry.xml at classpath resource
2009/5/22 上午 08:18:07 org.apache.catalina.startup.Catalina start
資訊: Server startup in 90625 ms
2009/5/22 上午 09:27:55 org.apache.catalina.core.StandardService stop
資訊: Stopping service Catalina
2009/5/22 上午 09:43:19 org.apache.catalina.core.AprLifecycleListener lifecycleEvent
資訊: The Apache Tomcat Native library which allows optimal performance in production environments was not found on the java.library.path: C:\Program Files\Java\jdk1.5.0_06\bin;.;C:\WINDOWS\system32;C:\WINDOWS;C:\Program Files\Apache Software Foundation\tomcat 5.5\bin;C:\Program Files\Java\jdk1.5.0_06\bin;C:\oracle\product\10.2.0\client_1\bin;C:\WINDOWS\system32;C:\WINDOWS;C:\WINDOWS\System32\Wbem
2009/5/22 上午 09:43:20 org.apache.coyote.http11.Http11BaseProtocol init
資訊: Initializing Coyote HTTP/1.1 on http-8080
2009/5/22 上午 09:43:20 org.apache.catalina.startup.Catalina load
資訊: Initialization processed in 2797 ms
2009/5/22 上午 09:43:20 org.apache.catalina.core.StandardService start
資訊: Starting service Catalina
2009/5/22 上午 09:43:20 org.apache.catalina.core.StandardEngine start
資訊: Starting Servlet Engine: Apache Tomcat/5.5.27
2009/5/22 上午 09:43:20 org.apache.catalina.core.StandardHost start
資訊: XML validation disabled
2009/5/22 上午 09:44:49 org.apache.coyote.http11.Http11BaseProtocol start
資訊: Starting Coyote HTTP/1.1 on http-8080
2009/5/22 上午 09:44:49 org.apache.jk.common.ChannelSocket init
資訊: JK: ajp13 listening on /0.0.0.0:8009
2009/5/22 上午 09:44:49 org.apache.jk.server.JkMain start
資訊: Jk running ID=0 time=0/31  config=null
2009/5/22 上午 09:44:49 org.apache.catalina.storeconfig.StoreLoader load
資訊: Find registry server-registry.xml at classpath resource
2009/5/22 上午 09:44:50 org.apache.catalina.startup.Catalina start
資訊: Server startup in 89356 ms
2009/5/22 下午 03:16:53 org.apache.coyote.http11.Http11BaseProtocol pause
資訊: Pausing Coyote HTTP/1.1 on http-8080
2009/5/22 下午 03:16:54 org.apache.catalina.core.StandardService stop
資訊: Stopping service Catalina
2009/5/22 下午 03:27:07 org.apache.catalina.core.AprLifecycleListener lifecycleEvent
資訊: The Apache Tomcat Native library which allows optimal performance in production environments was not found on the java.library.path: C:\Program Files\Java\jdk1.5.0_06\bin;.;C:\WINDOWS\system32;C:\WINDOWS;C:\Program Files\Apache Software Foundation\tomcat 5.5\bin;C:\Program Files\Java\jdk1.5.0_06\bin;C:\oracle\product\10.2.0\client_1\bin;C:\WINDOWS\system32;C:\WINDOWS;C:\WINDOWS\System32\Wbem
2009/5/22 下午 03:27:07 org.apache.coyote.http11.Http11BaseProtocol init
資訊: Initializing Coyote HTTP/1.1 on http-8080
2009/5/22 下午 03:27:07 org.apache.catalina.startup.Catalina load
資訊: Initialization processed in 2094 ms
2009/5/22 下午 03:27:07 org.apache.catalina.core.StandardService start
資訊: Starting service Catalina
2009/5/22 下午 03:27:07 org.apache.catalina.core.StandardEngine start
資訊: Starting Servlet Engine: Apache Tomcat/5.5.27
2009/5/22 下午 03:27:07 org.apache.catalina.core.StandardHost start
資訊: XML validation disabled
2009/5/22 下午 03:28:20 org.apache.coyote.http11.Http11BaseProtocol start
資訊: Starting Coyote HTTP/1.1 on http-8080
2009/5/22 下午 03:28:21 org.apache.jk.common.ChannelSocket init
資訊: JK: ajp13 listening on /0.0.0.0:8009
2009/5/22 下午 03:28:21 org.apache.jk.server.JkMain start
資訊: Jk running ID=0 time=0/16  config=null
2009/5/22 下午 03:28:21 org.apache.catalina.storeconfig.StoreLoader load
資訊: Find registry server-registry.xml at classpath resource
2009/5/22 下午 03:28:21 org.apache.catalina.startup.Catalina start
資訊: Server startup in 73641 ms
2009/5/22 下午 04:51:36 org.apache.catalina.core.AprLifecycleListener lifecycleEvent
資訊: The Apache Tomcat Native library which allows optimal performance in production environments was not found on the java.library.path: C:\Program Files\Java\jdk1.5.0_06\bin;.;C:\WINDOWS\system32;C:\WINDOWS;C:\Program Files\Apache Software Foundation\tomcat 5.5\bin;C:\Program Files\Java\jdk1.5.0_06\bin;C:\oracle\product\10.2.0\client_1\bin;C:\WINDOWS\system32;C:\WINDOWS;C:\WINDOWS\System32\Wbem;C:\Program Files\TortoiseSVN\bin
2009/5/22 下午 04:51:36 org.apache.coyote.http11.Http11BaseProtocol init
資訊: Initializing Coyote HTTP/1.1 on http-8080
2009/5/22 下午 04:51:36 org.apache.catalina.startup.Catalina load
資訊: Initialization processed in 2156 ms
2009/5/22 下午 04:51:37 org.apache.catalina.core.StandardService start
資訊: Starting service Catalina
2009/5/22 下午 04:51:37 org.apache.catalina.core.StandardEngine start
資訊: Starting Servlet Engine: Apache Tomcat/5.5.27
2009/5/22 下午 04:51:37 org.apache.catalina.core.StandardHost start
資訊: XML validation disabled
2009/5/22 下午 04:52:58 org.apache.coyote.http11.Http11BaseProtocol start
資訊: Starting Coyote HTTP/1.1 on http-8080
2009/5/22 下午 04:52:58 org.apache.jk.common.ChannelSocket init
資訊: JK: ajp13 listening on /0.0.0.0:8009
2009/5/22 下午 04:52:58 org.apache.jk.server.JkMain start
資訊: Jk running ID=0 time=0/63  config=null
2009/5/22 下午 04:52:58 org.apache.catalina.storeconfig.StoreLoader load
資訊: Find registry server-registry.xml at classpath resource
2009/5/22 下午 04:52:58 org.apache.catalina.startup.Catalina start
資訊: Server startup in 81922 ms
2009/5/22 下午 05:31:59 org.apache.coyote.http11.Http11BaseProtocol pause
資訊: Pausing Coyote HTTP/1.1 on http-8080
2009/5/22 下午 05:32:01 org.apache.catalina.core.StandardService stop
資訊: Stopping service Catalina
