2009/4/13 上午 08:17:59 org.apache.catalina.core.AprLifecycleListener lifecycleEvent
資訊: The Apache Tomcat Native library which allows optimal performance in production environments was not found on the java.library.path: d:\Java\jdk1.5.0_16\bin;.;C:\WINDOWS\system32;C:\WINDOWS;D:\java\apache-ant-1.7.1\bin;D:\Adobe\AIR_SDK\bin;d:\oracle\product\10.2.0\db_1\bin;d:\Java\jdk1.5.0_16\bin;C:\Perl\site\bin;C:\Perl\bin;E:\oracle\product\10.2.0\db_1\bin;d:\Java\jdk1.5.0_16\bin;D:\java\apache-ant-1.7.1\bin;D:\java\maven-2.0.6\bin;C:\WINDOWS\system32;C:\WINDOWS;C:\WINDOWS\System32\Wbem;C:\Program Files\ATI Technologies\ATI Control Panel;C:\Program Files\Microsoft SQL Server\90\Tools\binn\;C:\Program Files\VoiceAge\Common;C:\Program Files\QuickTime\QTSystem\
2009/4/13 上午 08:17:59 org.apache.coyote.http11.Http11BaseProtocol init
資訊: Initializing Coyote HTTP/1.1 on http-8080
2009/4/13 上午 08:17:59 org.apache.catalina.startup.Catalina load
資訊: Initialization processed in 2076 ms
2009/4/13 上午 08:17:59 org.apache.catalina.core.StandardService start
資訊: Starting service Catalina
2009/4/13 上午 08:17:59 org.apache.catalina.core.StandardEngine start
資訊: Starting Servlet Engine: Apache Tomcat/5.5.27
2009/4/13 上午 08:17:59 org.apache.catalina.core.StandardHost start
資訊: XML validation disabled
2009/4/13 上午 08:19:01 org.apache.coyote.http11.Http11BaseProtocol start
資訊: Starting Coyote HTTP/1.1 on http-8080
2009/4/13 上午 08:19:01 org.apache.jk.common.ChannelSocket init
資訊: JK: ajp13 listening on /0.0.0.0:8009
2009/4/13 上午 08:19:01 org.apache.jk.server.JkMain start
資訊: Jk running ID=0 time=0/47  config=null
2009/4/13 上午 08:19:02 org.apache.catalina.storeconfig.StoreLoader load
資訊: Find registry server-registry.xml at classpath resource
2009/4/13 上午 08:19:02 org.apache.catalina.startup.Catalina start
資訊: Server startup in 62793 ms
2009/4/13 上午 09:32:05 org.apache.coyote.http11.Http11BaseProtocol pause
資訊: Pausing Coyote HTTP/1.1 on http-8080
2009/4/13 上午 09:32:06 org.apache.catalina.core.StandardService stop
資訊: Stopping service Catalina
2009/4/13 上午 09:32:06 org.apache.catalina.core.StandardWrapper unload
資訊: Waiting for 1 instance(s) to be deallocated
2009/4/13 上午 09:32:07 org.apache.catalina.core.StandardWrapper unload
資訊: Waiting for 1 instance(s) to be deallocated
2009/4/13 上午 09:32:12 org.apache.catalina.core.AprLifecycleListener lifecycleEvent
資訊: The Apache Tomcat Native library which allows optimal performance in production environments was not found on the java.library.path: d:\Java\jdk1.5.0_16\bin;.;C:\WINDOWS\system32;C:\WINDOWS;D:\java\apache-ant-1.7.1\bin;D:\Adobe\AIR_SDK\bin;d:\oracle\product\10.2.0\db_1\bin;d:\Java\jdk1.5.0_16\bin;C:\Perl\site\bin;C:\Perl\bin;E:\oracle\product\10.2.0\db_1\bin;d:\Java\jdk1.5.0_16\bin;D:\java\apache-ant-1.7.1\bin;D:\java\maven-2.0.6\bin;C:\WINDOWS\system32;C:\WINDOWS;C:\WINDOWS\System32\Wbem;C:\Program Files\ATI Technologies\ATI Control Panel;C:\Program Files\Microsoft SQL Server\90\Tools\binn\;C:\Program Files\VoiceAge\Common;C:\Program Files\QuickTime\QTSystem\
2009/4/13 上午 09:32:13 org.apache.coyote.http11.Http11BaseProtocol init
資訊: Initializing Coyote HTTP/1.1 on http-8080
2009/4/13 上午 09:32:13 org.apache.catalina.startup.Catalina load
資訊: Initialization processed in 1843 ms
2009/4/13 上午 09:32:13 org.apache.catalina.core.StandardService start
資訊: Starting service Catalina
2009/4/13 上午 09:32:13 org.apache.catalina.core.StandardEngine start
資訊: Starting Servlet Engine: Apache Tomcat/5.5.27
2009/4/13 上午 09:32:13 org.apache.catalina.core.StandardHost start
資訊: XML validation disabled
2009/4/13 上午 09:33:15 org.apache.coyote.http11.Http11BaseProtocol start
資訊: Starting Coyote HTTP/1.1 on http-8080
2009/4/13 上午 09:33:16 org.apache.jk.common.ChannelSocket init
資訊: JK: ajp13 listening on /0.0.0.0:8009
2009/4/13 上午 09:33:16 org.apache.jk.server.JkMain start
資訊: Jk running ID=0 time=0/62  config=null
2009/4/13 上午 09:33:16 org.apache.catalina.storeconfig.StoreLoader load
資訊: Find registry server-registry.xml at classpath resource
2009/4/13 上午 09:33:16 org.apache.catalina.startup.Catalina start
資訊: Server startup in 63551 ms
2009/4/13 上午 09:50:11 org.apache.coyote.http11.Http11BaseProtocol pause
資訊: Pausing Coyote HTTP/1.1 on http-8080
2009/4/13 上午 09:50:12 org.apache.catalina.core.StandardService stop
資訊: Stopping service Catalina
2009/4/13 上午 09:50:12 org.apache.catalina.core.StandardWrapper unload
資訊: Waiting for 1 instance(s) to be deallocated
2009/4/13 上午 09:50:13 org.apache.catalina.core.StandardWrapper unload
資訊: Waiting for 1 instance(s) to be deallocated
2009/4/13 上午 09:50:17 org.apache.catalina.core.AprLifecycleListener lifecycleEvent
資訊: The Apache Tomcat Native library which allows optimal performance in production environments was not found on the java.library.path: d:\Java\jdk1.5.0_16\bin;.;C:\WINDOWS\system32;C:\WINDOWS;D:\java\apache-ant-1.7.1\bin;D:\Adobe\AIR_SDK\bin;d:\oracle\product\10.2.0\db_1\bin;d:\Java\jdk1.5.0_16\bin;C:\Perl\site\bin;C:\Perl\bin;E:\oracle\product\10.2.0\db_1\bin;d:\Java\jdk1.5.0_16\bin;D:\java\apache-ant-1.7.1\bin;D:\java\maven-2.0.6\bin;C:\WINDOWS\system32;C:\WINDOWS;C:\WINDOWS\System32\Wbem;C:\Program Files\ATI Technologies\ATI Control Panel;C:\Program Files\Microsoft SQL Server\90\Tools\binn\;C:\Program Files\VoiceAge\Common;C:\Program Files\QuickTime\QTSystem\
2009/4/13 上午 09:50:17 org.apache.coyote.http11.Http11BaseProtocol init
資訊: Initializing Coyote HTTP/1.1 on http-8080
2009/4/13 上午 09:50:17 org.apache.catalina.startup.Catalina load
資訊: Initialization processed in 1672 ms
2009/4/13 上午 09:50:18 org.apache.catalina.core.StandardService start
資訊: Starting service Catalina
2009/4/13 上午 09:50:18 org.apache.catalina.core.StandardEngine start
資訊: Starting Servlet Engine: Apache Tomcat/5.5.27
2009/4/13 上午 09:50:18 org.apache.catalina.core.StandardHost start
資訊: XML validation disabled
2009/4/13 上午 09:51:15 org.apache.coyote.http11.Http11BaseProtocol start
資訊: Starting Coyote HTTP/1.1 on http-8080
2009/4/13 上午 09:51:15 org.apache.jk.common.ChannelSocket init
資訊: JK: ajp13 listening on /0.0.0.0:8009
2009/4/13 上午 09:51:15 org.apache.jk.server.JkMain start
資訊: Jk running ID=0 time=0/125  config=null
2009/4/13 上午 09:51:15 org.apache.catalina.storeconfig.StoreLoader load
資訊: Find registry server-registry.xml at classpath resource
2009/4/13 上午 09:51:15 org.apache.catalina.startup.Catalina start
資訊: Server startup in 58062 ms
2009/4/13 下午 03:18:14 org.apache.coyote.http11.Http11BaseProtocol pause
資訊: Pausing Coyote HTTP/1.1 on http-8080
2009/4/13 下午 03:18:15 org.apache.catalina.core.StandardService stop
資訊: Stopping service Catalina
2009/4/13 下午 03:18:57 org.apache.catalina.core.AprLifecycleListener lifecycleEvent
資訊: The Apache Tomcat Native library which allows optimal performance in production environments was not found on the java.library.path: d:\Java\jdk1.5.0_16\bin;.;C:\WINDOWS\system32;C:\WINDOWS;D:\java\apache-ant-1.7.1\bin;D:\Adobe\AIR_SDK\bin;d:\oracle\product\10.2.0\db_1\bin;d:\Java\jdk1.5.0_16\bin;C:\Perl\site\bin;C:\Perl\bin;E:\oracle\product\10.2.0\db_1\bin;d:\Java\jdk1.5.0_16\bin;D:\java\apache-ant-1.7.1\bin;D:\java\maven-2.0.6\bin;C:\WINDOWS\system32;C:\WINDOWS;C:\WINDOWS\System32\Wbem;C:\Program Files\ATI Technologies\ATI Control Panel;C:\Program Files\Microsoft SQL Server\90\Tools\binn\;C:\Program Files\VoiceAge\Common;C:\Program Files\QuickTime\QTSystem\
2009/4/13 下午 03:18:57 org.apache.coyote.http11.Http11BaseProtocol init
資訊: Initializing Coyote HTTP/1.1 on http-8080
2009/4/13 下午 03:18:57 org.apache.catalina.startup.Catalina load
資訊: Initialization processed in 2187 ms
2009/4/13 下午 03:18:57 org.apache.catalina.core.StandardService start
資訊: Starting service Catalina
2009/4/13 下午 03:18:57 org.apache.catalina.core.StandardEngine start
資訊: Starting Servlet Engine: Apache Tomcat/5.5.27
2009/4/13 下午 03:18:57 org.apache.catalina.core.StandardHost start
資訊: XML validation disabled
2009/4/13 下午 03:19:53 org.apache.coyote.http11.Http11BaseProtocol start
資訊: Starting Coyote HTTP/1.1 on http-8080
2009/4/13 下午 03:19:54 org.apache.jk.common.ChannelSocket init
資訊: JK: ajp13 listening on /0.0.0.0:8009
2009/4/13 下午 03:19:54 org.apache.jk.server.JkMain start
資訊: Jk running ID=0 time=0/47  config=null
2009/4/13 下午 03:19:54 org.apache.catalina.storeconfig.StoreLoader load
資訊: Find registry server-registry.xml at classpath resource
2009/4/13 下午 03:19:54 org.apache.catalina.startup.Catalina start
資訊: Server startup in 56744 ms
2009/4/13 下午 04:06:54 org.apache.coyote.http11.Http11BaseProtocol pause
資訊: Pausing Coyote HTTP/1.1 on http-8080
2009/4/13 下午 04:06:55 org.apache.catalina.core.StandardService stop
資訊: Stopping service Catalina
2009/4/13 下午 04:06:56 org.apache.catalina.core.StandardWrapper unload
資訊: Waiting for 3 instance(s) to be deallocated
2009/4/13 下午 04:06:57 org.apache.catalina.core.StandardWrapper unload
資訊: Waiting for 3 instance(s) to be deallocated
2009/4/13 下午 04:17:13 org.apache.catalina.core.AprLifecycleListener lifecycleEvent
資訊: The Apache Tomcat Native library which allows optimal performance in production environments was not found on the java.library.path: d:\Java\jdk1.5.0_16\bin;.;C:\WINDOWS\system32;C:\WINDOWS;D:\java\apache-ant-1.7.1\bin;D:\Adobe\AIR_SDK\bin;d:\oracle\product\10.2.0\db_1\bin;d:\Java\jdk1.5.0_16\bin;C:\Perl\site\bin;C:\Perl\bin;E:\oracle\product\10.2.0\db_1\bin;d:\Java\jdk1.5.0_16\bin;D:\java\apache-ant-1.7.1\bin;D:\java\maven-2.0.6\bin;C:\WINDOWS\system32;C:\WINDOWS;C:\WINDOWS\System32\Wbem;C:\Program Files\ATI Technologies\ATI Control Panel;C:\Program Files\Microsoft SQL Server\90\Tools\binn\;C:\Program Files\VoiceAge\Common;C:\Program Files\QuickTime\QTSystem\
2009/4/13 下午 04:17:13 org.apache.coyote.http11.Http11BaseProtocol init
資訊: Initializing Coyote HTTP/1.1 on http-8080
2009/4/13 下午 04:17:13 org.apache.catalina.startup.Catalina load
資訊: Initialization processed in 1453 ms
2009/4/13 下午 04:17:14 org.apache.catalina.core.StandardService start
資訊: Starting service Catalina
2009/4/13 下午 04:17:14 org.apache.catalina.core.StandardEngine start
資訊: Starting Servlet Engine: Apache Tomcat/5.5.27
2009/4/13 下午 04:17:14 org.apache.catalina.core.StandardHost start
資訊: XML validation disabled
2009/4/13 下午 04:18:12 org.apache.coyote.http11.Http11BaseProtocol start
資訊: Starting Coyote HTTP/1.1 on http-8080
2009/4/13 下午 04:18:13 org.apache.jk.common.ChannelSocket init
資訊: JK: ajp13 listening on /0.0.0.0:8009
2009/4/13 下午 04:18:13 org.apache.jk.server.JkMain start
資訊: Jk running ID=0 time=0/641  config=null
2009/4/13 下午 04:18:13 org.apache.catalina.storeconfig.StoreLoader load
資訊: Find registry server-registry.xml at classpath resource
2009/4/13 下午 04:18:14 org.apache.catalina.startup.Catalina start
資訊: Server startup in 60022 ms
2009/4/13 下午 04:33:54 org.apache.coyote.http11.Http11BaseProtocol pause
資訊: Pausing Coyote HTTP/1.1 on http-8080
2009/4/13 下午 04:33:55 org.apache.catalina.core.StandardService stop
資訊: Stopping service Catalina
2009/4/13 下午 04:35:01 org.apache.catalina.core.AprLifecycleListener lifecycleEvent
資訊: The Apache Tomcat Native library which allows optimal performance in production environments was not found on the java.library.path: d:\Java\jdk1.5.0_16\bin;.;C:\WINDOWS\system32;C:\WINDOWS;D:\java\apache-ant-1.7.1\bin;D:\Adobe\AIR_SDK\bin;d:\oracle\product\10.2.0\db_1\bin;d:\Java\jdk1.5.0_16\bin;C:\Perl\site\bin;C:\Perl\bin;E:\oracle\product\10.2.0\db_1\bin;d:\Java\jdk1.5.0_16\bin;D:\java\apache-ant-1.7.1\bin;D:\java\maven-2.0.6\bin;C:\WINDOWS\system32;C:\WINDOWS;C:\WINDOWS\System32\Wbem;C:\Program Files\ATI Technologies\ATI Control Panel;C:\Program Files\Microsoft SQL Server\90\Tools\binn\;C:\Program Files\VoiceAge\Common;C:\Program Files\QuickTime\QTSystem\
2009/4/13 下午 04:35:01 org.apache.coyote.http11.Http11BaseProtocol init
資訊: Initializing Coyote HTTP/1.1 on http-8080
2009/4/13 下午 04:35:01 org.apache.catalina.startup.Catalina load
資訊: Initialization processed in 1579 ms
2009/4/13 下午 04:35:01 org.apache.catalina.core.StandardService start
資訊: Starting service Catalina
2009/4/13 下午 04:35:01 org.apache.catalina.core.StandardEngine start
資訊: Starting Servlet Engine: Apache Tomcat/5.5.27
2009/4/13 下午 04:35:01 org.apache.catalina.core.StandardHost start
資訊: XML validation disabled
2009/4/13 下午 04:35:50 org.apache.coyote.http11.Http11BaseProtocol start
資訊: Starting Coyote HTTP/1.1 on http-8080
2009/4/13 下午 04:35:51 org.apache.jk.common.ChannelSocket init
資訊: JK: ajp13 listening on /0.0.0.0:8009
2009/4/13 下午 04:35:51 org.apache.jk.server.JkMain start
資訊: Jk running ID=0 time=0/156  config=null
2009/4/13 下午 04:35:51 org.apache.catalina.storeconfig.StoreLoader load
資訊: Find registry server-registry.xml at classpath resource
2009/4/13 下午 04:35:51 org.apache.catalina.startup.Catalina start
資訊: Server startup in 50411 ms
2009/4/13 下午 04:51:41 org.apache.catalina.core.AprLifecycleListener lifecycleEvent
資訊: The Apache Tomcat Native library which allows optimal performance in production environments was not found on the java.library.path: d:\Java\jdk1.5.0_16\bin;.;C:\WINDOWS\system32;C:\WINDOWS;D:\java\apache-ant-1.7.1\bin;D:\Adobe\AIR_SDK\bin;d:\oracle\product\10.2.0\db_1\bin;d:\Java\jdk1.5.0_16\bin;C:\Perl\site\bin;C:\Perl\bin;E:\oracle\product\10.2.0\db_1\bin;d:\Java\jdk1.5.0_16\bin;D:\java\apache-ant-1.7.1\bin;D:\java\maven-2.0.6\bin;C:\WINDOWS\system32;C:\WINDOWS;C:\WINDOWS\System32\Wbem;C:\Program Files\ATI Technologies\ATI Control Panel;C:\Program Files\Microsoft SQL Server\90\Tools\binn\;C:\Program Files\VoiceAge\Common;C:\Program Files\QuickTime\QTSystem\
2009/4/13 下午 04:51:41 org.apache.coyote.http11.Http11BaseProtocol init
資訊: Initializing Coyote HTTP/1.1 on http-8080
2009/4/13 下午 04:51:41 org.apache.catalina.startup.Catalina load
資訊: Initialization processed in 1688 ms
2009/4/13 下午 04:51:41 org.apache.catalina.core.StandardService start
資訊: Starting service Catalina
2009/4/13 下午 04:51:41 org.apache.catalina.core.StandardEngine start
資訊: Starting Servlet Engine: Apache Tomcat/5.5.27
2009/4/13 下午 04:51:41 org.apache.catalina.core.StandardHost start
資訊: XML validation disabled
2009/4/13 下午 04:52:38 org.apache.coyote.http11.Http11BaseProtocol start
資訊: Starting Coyote HTTP/1.1 on http-8080
2009/4/13 下午 04:52:39 org.apache.jk.common.ChannelSocket init
資訊: JK: ajp13 listening on /0.0.0.0:8009
2009/4/13 下午 04:52:39 org.apache.jk.server.JkMain start
資訊: Jk running ID=0 time=0/62  config=null
2009/4/13 下午 04:52:39 org.apache.catalina.storeconfig.StoreLoader load
資訊: Find registry server-registry.xml at classpath resource
2009/4/13 下午 04:52:39 org.apache.catalina.startup.Catalina start
資訊: Server startup in 58006 ms
2009/4/13 下午 04:57:02 org.apache.catalina.core.AprLifecycleListener lifecycleEvent
資訊: The Apache Tomcat Native library which allows optimal performance in production environments was not found on the java.library.path: d:\Java\jdk1.5.0_16\bin;.;C:\WINDOWS\system32;C:\WINDOWS;D:\java\apache-ant-1.7.1\bin;D:\Adobe\AIR_SDK\bin;d:\oracle\product\10.2.0\db_1\bin;d:\Java\jdk1.5.0_16\bin;C:\Perl\site\bin;C:\Perl\bin;E:\oracle\product\10.2.0\db_1\bin;d:\Java\jdk1.5.0_16\bin;D:\java\apache-ant-1.7.1\bin;D:\java\maven-2.0.6\bin;C:\WINDOWS\system32;C:\WINDOWS;C:\WINDOWS\System32\Wbem;C:\Program Files\ATI Technologies\ATI Control Panel;C:\Program Files\Microsoft SQL Server\90\Tools\binn\;C:\Program Files\VoiceAge\Common;C:\Program Files\QuickTime\QTSystem\
2009/4/13 下午 04:57:02 org.apache.coyote.http11.Http11BaseProtocol init
資訊: Initializing Coyote HTTP/1.1 on http-8080
2009/4/13 下午 04:57:02 org.apache.catalina.startup.Catalina load
資訊: Initialization processed in 1623 ms
2009/4/13 下午 04:57:02 org.apache.catalina.core.StandardService start
資訊: Starting service Catalina
2009/4/13 下午 04:57:02 org.apache.catalina.core.StandardEngine start
資訊: Starting Servlet Engine: Apache Tomcat/5.5.27
2009/4/13 下午 04:57:02 org.apache.catalina.core.StandardHost start
資訊: XML validation disabled
2009/4/13 下午 04:57:56 org.apache.coyote.http11.Http11BaseProtocol start
資訊: Starting Coyote HTTP/1.1 on http-8080
2009/4/13 下午 04:57:56 org.apache.jk.common.ChannelSocket init
資訊: JK: ajp13 listening on /0.0.0.0:8009
2009/4/13 下午 04:57:56 org.apache.jk.server.JkMain start
資訊: Jk running ID=0 time=0/62  config=null
2009/4/13 下午 04:57:56 org.apache.catalina.storeconfig.StoreLoader load
資訊: Find registry server-registry.xml at classpath resource
2009/4/13 下午 04:57:57 org.apache.catalina.startup.Catalina start
資訊: Server startup in 54708 ms
