2009/4/30 上午 10:11:45 org.apache.catalina.core.ApplicationContext log
資訊: org.apache.webapp.balancer.BalancerFilter: init(): ruleChain: [org.apache.webapp.balancer.RuleChain: [org.apache.webapp.balancer.rules.URLStringMatchRule: Target string: News / Redirect URL: http://www.cnn.com], [org.apache.webapp.balancer.rules.RequestParameterRule: Target param name: paramName / Target param value: paramValue / Redirect URL: http://www.yahoo.com], [org.apache.webapp.balancer.rules.AcceptEverythingRule: Redirect URL: http://jakarta.apache.org]]
2009/4/30 上午 10:12:37 org.apache.catalina.core.ApplicationContext log
資訊: ContextListener: contextInitialized()
2009/4/30 上午 10:12:37 org.apache.catalina.core.ApplicationContext log
資訊: SessionListener: contextInitialized()
2009/4/30 上午 10:12:38 org.apache.catalina.core.ApplicationContext log
資訊: ContextListener: contextInitialized()
2009/4/30 上午 10:12:38 org.apache.catalina.core.ApplicationContext log
資訊: SessionListener: contextInitialized()
2009/4/30 下午 03:20:46 org.apache.catalina.core.ApplicationContext log
資訊: org.apache.webapp.balancer.BalancerFilter: init(): ruleChain: [org.apache.webapp.balancer.RuleChain: [org.apache.webapp.balancer.rules.URLStringMatchRule: Target string: News / Redirect URL: http://www.cnn.com], [org.apache.webapp.balancer.rules.RequestParameterRule: Target param name: paramName / Target param value: paramValue / Redirect URL: http://www.yahoo.com], [org.apache.webapp.balancer.rules.AcceptEverythingRule: Redirect URL: http://jakarta.apache.org]]
2009/4/30 下午 03:21:57 org.apache.catalina.core.ApplicationContext log
資訊: ContextListener: contextInitialized()
2009/4/30 下午 03:21:57 org.apache.catalina.core.ApplicationContext log
資訊: SessionListener: contextInitialized()
2009/4/30 下午 03:21:58 org.apache.catalina.core.ApplicationContext log
資訊: ContextListener: contextInitialized()
2009/4/30 下午 03:21:58 org.apache.catalina.core.ApplicationContext log
資訊: SessionListener: contextInitialized()
2009/4/30 下午 05:21:31 org.apache.catalina.core.ApplicationContext log
資訊: org.apache.webapp.balancer.BalancerFilter: init(): ruleChain: [org.apache.webapp.balancer.RuleChain: [org.apache.webapp.balancer.rules.URLStringMatchRule: Target string: News / Redirect URL: http://www.cnn.com], [org.apache.webapp.balancer.rules.RequestParameterRule: Target param name: paramName / Target param value: paramValue / Redirect URL: http://www.yahoo.com], [org.apache.webapp.balancer.rules.AcceptEverythingRule: Redirect URL: http://jakarta.apache.org]]
2009/4/30 下午 05:23:10 org.apache.catalina.core.ApplicationContext log
資訊: ContextListener: contextInitialized()
2009/4/30 下午 05:23:10 org.apache.catalina.core.ApplicationContext log
資訊: SessionListener: contextInitialized()
2009/4/30 下午 05:23:12 org.apache.catalina.core.ApplicationContext log
資訊: ContextListener: contextInitialized()
2009/4/30 下午 05:23:12 org.apache.catalina.core.ApplicationContext log
資訊: SessionListener: contextInitialized()
2009/4/30 下午 05:30:51 org.apache.catalina.core.ApplicationContext log
資訊: SessionListener: contextDestroyed()
2009/4/30 下午 05:30:51 org.apache.catalina.core.ApplicationContext log
資訊: ContextListener: contextDestroyed()
2009/4/30 下午 05:30:51 org.apache.catalina.core.ApplicationContext log
資訊: SessionListener: contextDestroyed()
2009/4/30 下午 05:30:51 org.apache.catalina.core.ApplicationContext log
資訊: ContextListener: contextDestroyed()
