2009/5/5 上午 08:39:50 org.apache.catalina.core.ApplicationContext log
資訊: org.apache.webapp.balancer.BalancerFilter: init(): ruleChain: [org.apache.webapp.balancer.RuleChain: [org.apache.webapp.balancer.rules.URLStringMatchRule: Target string: News / Redirect URL: http://www.cnn.com], [org.apache.webapp.balancer.rules.RequestParameterRule: Target param name: paramName / Target param value: paramValue / Redirect URL: http://www.yahoo.com], [org.apache.webapp.balancer.rules.AcceptEverythingRule: Redirect URL: http://jakarta.apache.org]]
2009/5/5 上午 08:41:28 org.apache.catalina.core.ApplicationContext log
資訊: ContextListener: contextInitialized()
2009/5/5 上午 08:41:28 org.apache.catalina.core.ApplicationContext log
資訊: SessionListener: contextInitialized()
2009/5/5 上午 08:41:29 org.apache.catalina.core.ApplicationContext log
資訊: ContextListener: contextInitialized()
2009/5/5 上午 08:41:29 org.apache.catalina.core.ApplicationContext log
資訊: SessionListener: contextInitialized()
2009/5/5 上午 09:25:38 org.apache.catalina.core.ApplicationContext log
資訊: org.apache.webapp.balancer.BalancerFilter: init(): ruleChain: [org.apache.webapp.balancer.RuleChain: [org.apache.webapp.balancer.rules.URLStringMatchRule: Target string: News / Redirect URL: http://www.cnn.com], [org.apache.webapp.balancer.rules.RequestParameterRule: Target param name: paramName / Target param value: paramValue / Redirect URL: http://www.yahoo.com], [org.apache.webapp.balancer.rules.AcceptEverythingRule: Redirect URL: http://jakarta.apache.org]]
2009/5/5 上午 09:34:49 org.apache.catalina.core.ApplicationContext log
資訊: org.apache.webapp.balancer.BalancerFilter: init(): ruleChain: [org.apache.webapp.balancer.RuleChain: [org.apache.webapp.balancer.rules.URLStringMatchRule: Target string: News / Redirect URL: http://www.cnn.com], [org.apache.webapp.balancer.rules.RequestParameterRule: Target param name: paramName / Target param value: paramValue / Redirect URL: http://www.yahoo.com], [org.apache.webapp.balancer.rules.AcceptEverythingRule: Redirect URL: http://jakarta.apache.org]]
2009/5/5 上午 09:35:40 org.apache.catalina.core.ApplicationContext log
資訊: ContextListener: contextInitialized()
2009/5/5 上午 09:35:40 org.apache.catalina.core.ApplicationContext log
資訊: SessionListener: contextInitialized()
2009/5/5 上午 09:35:41 org.apache.catalina.core.ApplicationContext log
資訊: ContextListener: contextInitialized()
2009/5/5 上午 09:35:41 org.apache.catalina.core.ApplicationContext log
資訊: SessionListener: contextInitialized()
2009/5/5 上午 09:43:00 org.apache.catalina.core.ApplicationContext log
資訊: SessionListener: contextDestroyed()
2009/5/5 上午 09:43:00 org.apache.catalina.core.ApplicationContext log
資訊: ContextListener: contextDestroyed()
2009/5/5 上午 09:43:00 org.apache.catalina.core.ApplicationContext log
資訊: SessionListener: contextDestroyed()
2009/5/5 上午 09:43:00 org.apache.catalina.core.ApplicationContext log
資訊: ContextListener: contextDestroyed()
2009/5/5 上午 09:47:23 org.apache.catalina.core.ApplicationContext log
資訊: org.apache.webapp.balancer.BalancerFilter: init(): ruleChain: [org.apache.webapp.balancer.RuleChain: [org.apache.webapp.balancer.rules.URLStringMatchRule: Target string: News / Redirect URL: http://www.cnn.com], [org.apache.webapp.balancer.rules.RequestParameterRule: Target param name: paramName / Target param value: paramValue / Redirect URL: http://www.yahoo.com], [org.apache.webapp.balancer.rules.AcceptEverythingRule: Redirect URL: http://jakarta.apache.org]]
2009/5/5 上午 09:48:13 org.apache.catalina.core.ApplicationContext log
資訊: ContextListener: contextInitialized()
2009/5/5 上午 09:48:13 org.apache.catalina.core.ApplicationContext log
資訊: SessionListener: contextInitialized()
2009/5/5 上午 09:48:13 org.apache.catalina.core.ApplicationContext log
資訊: ContextListener: contextInitialized()
2009/5/5 上午 09:48:13 org.apache.catalina.core.ApplicationContext log
資訊: SessionListener: contextInitialized()
