2009/4/11 上午 08:34:22 org.apache.catalina.core.ApplicationContext log
資訊: org.apache.webapp.balancer.BalancerFilter: init(): ruleChain: [org.apache.webapp.balancer.RuleChain: [org.apache.webapp.balancer.rules.URLStringMatchRule: Target string: News / Redirect URL: http://www.cnn.com], [org.apache.webapp.balancer.rules.RequestParameterRule: Target param name: paramName / Target param value: paramValue / Redirect URL: http://www.yahoo.com], [org.apache.webapp.balancer.rules.AcceptEverythingRule: Redirect URL: http://jakarta.apache.org]]
2009/4/11 上午 08:35:20 org.apache.catalina.core.ApplicationContext log
資訊: ContextListener: contextInitialized()
2009/4/11 上午 08:35:20 org.apache.catalina.core.ApplicationContext log
資訊: SessionListener: contextInitialized()
2009/4/11 上午 08:35:21 org.apache.catalina.core.ApplicationContext log
資訊: ContextListener: contextInitialized()
2009/4/11 上午 08:35:21 org.apache.catalina.core.ApplicationContext log
資訊: SessionListener: contextInitialized()
2009/4/11 上午 08:38:43 org.apache.catalina.core.ApplicationContext log
資訊: SessionListener: contextDestroyed()
2009/4/11 上午 08:38:43 org.apache.catalina.core.ApplicationContext log
資訊: ContextListener: contextDestroyed()
2009/4/11 上午 08:38:43 org.apache.catalina.core.ApplicationContext log
資訊: SessionListener: contextDestroyed()
2009/4/11 上午 08:38:43 org.apache.catalina.core.ApplicationContext log
資訊: ContextListener: contextDestroyed()
2009/4/11 上午 08:40:17 org.apache.catalina.core.ApplicationContext log
資訊: org.apache.webapp.balancer.BalancerFilter: init(): ruleChain: [org.apache.webapp.balancer.RuleChain: [org.apache.webapp.balancer.rules.URLStringMatchRule: Target string: News / Redirect URL: http://www.cnn.com], [org.apache.webapp.balancer.rules.RequestParameterRule: Target param name: paramName / Target param value: paramValue / Redirect URL: http://www.yahoo.com], [org.apache.webapp.balancer.rules.AcceptEverythingRule: Redirect URL: http://jakarta.apache.org]]
2009/4/11 上午 08:40:54 org.apache.catalina.core.ApplicationContext log
資訊: ContextListener: contextInitialized()
2009/4/11 上午 08:40:54 org.apache.catalina.core.ApplicationContext log
資訊: SessionListener: contextInitialized()
2009/4/11 上午 08:40:55 org.apache.catalina.core.ApplicationContext log
資訊: ContextListener: contextInitialized()
2009/4/11 上午 08:40:55 org.apache.catalina.core.ApplicationContext log
資訊: SessionListener: contextInitialized()
2009/4/11 上午 08:53:00 org.apache.catalina.core.ApplicationContext log
資訊: org.apache.webapp.balancer.BalancerFilter: init(): ruleChain: [org.apache.webapp.balancer.RuleChain: [org.apache.webapp.balancer.rules.URLStringMatchRule: Target string: News / Redirect URL: http://www.cnn.com], [org.apache.webapp.balancer.rules.RequestParameterRule: Target param name: paramName / Target param value: paramValue / Redirect URL: http://www.yahoo.com], [org.apache.webapp.balancer.rules.AcceptEverythingRule: Redirect URL: http://jakarta.apache.org]]
2009/4/11 上午 08:53:52 org.apache.catalina.core.ApplicationContext log
資訊: ContextListener: contextInitialized()
2009/4/11 上午 08:53:52 org.apache.catalina.core.ApplicationContext log
資訊: SessionListener: contextInitialized()
2009/4/11 上午 08:53:52 org.apache.catalina.core.ApplicationContext log
資訊: ContextListener: contextInitialized()
2009/4/11 上午 08:53:52 org.apache.catalina.core.ApplicationContext log
資訊: SessionListener: contextInitialized()
2009/4/11 上午 08:55:26 org.apache.catalina.core.ApplicationContext log
資訊: org.apache.webapp.balancer.BalancerFilter: init(): ruleChain: [org.apache.webapp.balancer.RuleChain: [org.apache.webapp.balancer.rules.URLStringMatchRule: Target string: News / Redirect URL: http://www.cnn.com], [org.apache.webapp.balancer.rules.RequestParameterRule: Target param name: paramName / Target param value: paramValue / Redirect URL: http://www.yahoo.com], [org.apache.webapp.balancer.rules.AcceptEverythingRule: Redirect URL: http://jakarta.apache.org]]
2009/4/11 上午 08:56:15 org.apache.catalina.core.ApplicationContext log
資訊: ContextListener: contextInitialized()
2009/4/11 上午 08:56:15 org.apache.catalina.core.ApplicationContext log
資訊: SessionListener: contextInitialized()
2009/4/11 上午 08:56:16 org.apache.catalina.core.ApplicationContext log
資訊: ContextListener: contextInitialized()
2009/4/11 上午 08:56:16 org.apache.catalina.core.ApplicationContext log
資訊: SessionListener: contextInitialized()
2009/4/11 上午 09:00:21 org.apache.catalina.core.ApplicationContext log
資訊: org.apache.webapp.balancer.BalancerFilter: init(): ruleChain: [org.apache.webapp.balancer.RuleChain: [org.apache.webapp.balancer.rules.URLStringMatchRule: Target string: News / Redirect URL: http://www.cnn.com], [org.apache.webapp.balancer.rules.RequestParameterRule: Target param name: paramName / Target param value: paramValue / Redirect URL: http://www.yahoo.com], [org.apache.webapp.balancer.rules.AcceptEverythingRule: Redirect URL: http://jakarta.apache.org]]
2009/4/11 上午 09:01:07 org.apache.catalina.core.ApplicationContext log
資訊: ContextListener: contextInitialized()
2009/4/11 上午 09:01:07 org.apache.catalina.core.ApplicationContext log
資訊: SessionListener: contextInitialized()
2009/4/11 上午 09:01:08 org.apache.catalina.core.ApplicationContext log
資訊: ContextListener: contextInitialized()
2009/4/11 上午 09:01:08 org.apache.catalina.core.ApplicationContext log
資訊: SessionListener: contextInitialized()
2009/4/11 上午 09:08:45 org.apache.catalina.core.ApplicationContext log
資訊: SessionListener: contextDestroyed()
2009/4/11 上午 09:08:45 org.apache.catalina.core.ApplicationContext log
資訊: ContextListener: contextDestroyed()
2009/4/11 上午 09:08:45 org.apache.catalina.core.ApplicationContext log
資訊: SessionListener: contextDestroyed()
2009/4/11 上午 09:08:45 org.apache.catalina.core.ApplicationContext log
資訊: ContextListener: contextDestroyed()
2009/4/11 上午 09:23:50 org.apache.catalina.core.ApplicationContext log
資訊: org.apache.webapp.balancer.BalancerFilter: init(): ruleChain: [org.apache.webapp.balancer.RuleChain: [org.apache.webapp.balancer.rules.URLStringMatchRule: Target string: News / Redirect URL: http://www.cnn.com], [org.apache.webapp.balancer.rules.RequestParameterRule: Target param name: paramName / Target param value: paramValue / Redirect URL: http://www.yahoo.com], [org.apache.webapp.balancer.rules.AcceptEverythingRule: Redirect URL: http://jakarta.apache.org]]
2009/4/11 上午 09:24:38 org.apache.catalina.core.ApplicationContext log
資訊: ContextListener: contextInitialized()
2009/4/11 上午 09:24:38 org.apache.catalina.core.ApplicationContext log
資訊: SessionListener: contextInitialized()
2009/4/11 上午 09:24:38 org.apache.catalina.core.ApplicationContext log
資訊: ContextListener: contextInitialized()
2009/4/11 上午 09:24:38 org.apache.catalina.core.ApplicationContext log
資訊: SessionListener: contextInitialized()
2009/4/11 上午 09:31:39 org.apache.catalina.core.ApplicationContext log
資訊: org.apache.webapp.balancer.BalancerFilter: init(): ruleChain: [org.apache.webapp.balancer.RuleChain: [org.apache.webapp.balancer.rules.URLStringMatchRule: Target string: News / Redirect URL: http://www.cnn.com], [org.apache.webapp.balancer.rules.RequestParameterRule: Target param name: paramName / Target param value: paramValue / Redirect URL: http://www.yahoo.com], [org.apache.webapp.balancer.rules.AcceptEverythingRule: Redirect URL: http://jakarta.apache.org]]
2009/4/11 上午 09:32:23 org.apache.catalina.core.ApplicationContext log
資訊: ContextListener: contextInitialized()
2009/4/11 上午 09:32:23 org.apache.catalina.core.ApplicationContext log
資訊: SessionListener: contextInitialized()
2009/4/11 上午 09:32:23 org.apache.catalina.core.ApplicationContext log
資訊: ContextListener: contextInitialized()
2009/4/11 上午 09:32:23 org.apache.catalina.core.ApplicationContext log
資訊: SessionListener: contextInitialized()
2009/4/11 上午 09:45:31 org.apache.catalina.core.ApplicationContext log
資訊: org.apache.webapp.balancer.BalancerFilter: init(): ruleChain: [org.apache.webapp.balancer.RuleChain: [org.apache.webapp.balancer.rules.URLStringMatchRule: Target string: News / Redirect URL: http://www.cnn.com], [org.apache.webapp.balancer.rules.RequestParameterRule: Target param name: paramName / Target param value: paramValue / Redirect URL: http://www.yahoo.com], [org.apache.webapp.balancer.rules.AcceptEverythingRule: Redirect URL: http://jakarta.apache.org]]
2009/4/11 上午 09:46:20 org.apache.catalina.core.ApplicationContext log
資訊: ContextListener: contextInitialized()
2009/4/11 上午 09:46:20 org.apache.catalina.core.ApplicationContext log
資訊: SessionListener: contextInitialized()
2009/4/11 上午 09:46:21 org.apache.catalina.core.ApplicationContext log
資訊: ContextListener: contextInitialized()
2009/4/11 上午 09:46:21 org.apache.catalina.core.ApplicationContext log
資訊: SessionListener: contextInitialized()
2009/4/11 上午 09:55:30 org.apache.catalina.core.ApplicationContext log
資訊: org.apache.webapp.balancer.BalancerFilter: init(): ruleChain: [org.apache.webapp.balancer.RuleChain: [org.apache.webapp.balancer.rules.URLStringMatchRule: Target string: News / Redirect URL: http://www.cnn.com], [org.apache.webapp.balancer.rules.RequestParameterRule: Target param name: paramName / Target param value: paramValue / Redirect URL: http://www.yahoo.com], [org.apache.webapp.balancer.rules.AcceptEverythingRule: Redirect URL: http://jakarta.apache.org]]
2009/4/11 上午 09:56:23 org.apache.catalina.core.ApplicationContext log
資訊: ContextListener: contextInitialized()
2009/4/11 上午 09:56:23 org.apache.catalina.core.ApplicationContext log
資訊: SessionListener: contextInitialized()
2009/4/11 上午 09:56:24 org.apache.catalina.core.ApplicationContext log
資訊: ContextListener: contextInitialized()
2009/4/11 上午 09:56:24 org.apache.catalina.core.ApplicationContext log
資訊: SessionListener: contextInitialized()
2009/4/11 上午 10:40:49 org.apache.catalina.core.ApplicationContext log
資訊: org.apache.webapp.balancer.BalancerFilter: init(): ruleChain: [org.apache.webapp.balancer.RuleChain: [org.apache.webapp.balancer.rules.URLStringMatchRule: Target string: News / Redirect URL: http://www.cnn.com], [org.apache.webapp.balancer.rules.RequestParameterRule: Target param name: paramName / Target param value: paramValue / Redirect URL: http://www.yahoo.com], [org.apache.webapp.balancer.rules.AcceptEverythingRule: Redirect URL: http://jakarta.apache.org]]
2009/4/11 上午 10:41:45 org.apache.catalina.core.ApplicationContext log
資訊: ContextListener: contextInitialized()
2009/4/11 上午 10:41:45 org.apache.catalina.core.ApplicationContext log
資訊: SessionListener: contextInitialized()
2009/4/11 上午 10:41:46 org.apache.catalina.core.ApplicationContext log
資訊: ContextListener: contextInitialized()
2009/4/11 上午 10:41:46 org.apache.catalina.core.ApplicationContext log
資訊: SessionListener: contextInitialized()
2009/4/11 上午 10:50:20 org.apache.catalina.core.ApplicationContext log
資訊: org.apache.webapp.balancer.BalancerFilter: init(): ruleChain: [org.apache.webapp.balancer.RuleChain: [org.apache.webapp.balancer.rules.URLStringMatchRule: Target string: News / Redirect URL: http://www.cnn.com], [org.apache.webapp.balancer.rules.RequestParameterRule: Target param name: paramName / Target param value: paramValue / Redirect URL: http://www.yahoo.com], [org.apache.webapp.balancer.rules.AcceptEverythingRule: Redirect URL: http://jakarta.apache.org]]
2009/4/11 上午 10:51:14 org.apache.catalina.core.ApplicationContext log
資訊: ContextListener: contextInitialized()
2009/4/11 上午 10:51:14 org.apache.catalina.core.ApplicationContext log
資訊: SessionListener: contextInitialized()
2009/4/11 上午 10:51:15 org.apache.catalina.core.ApplicationContext log
資訊: ContextListener: contextInitialized()
2009/4/11 上午 10:51:15 org.apache.catalina.core.ApplicationContext log
資訊: SessionListener: contextInitialized()
2009/4/11 上午 11:31:49 org.apache.catalina.core.ApplicationContext log
資訊: SessionListener: contextDestroyed()
2009/4/11 上午 11:31:49 org.apache.catalina.core.ApplicationContext log
資訊: ContextListener: contextDestroyed()
2009/4/11 上午 11:31:49 org.apache.catalina.core.ApplicationContext log
資訊: SessionListener: contextDestroyed()
2009/4/11 上午 11:31:49 org.apache.catalina.core.ApplicationContext log
資訊: ContextListener: contextDestroyed()
2009/4/11 上午 11:32:02 org.apache.catalina.core.ApplicationContext log
資訊: org.apache.webapp.balancer.BalancerFilter: init(): ruleChain: [org.apache.webapp.balancer.RuleChain: [org.apache.webapp.balancer.rules.URLStringMatchRule: Target string: News / Redirect URL: http://www.cnn.com], [org.apache.webapp.balancer.rules.RequestParameterRule: Target param name: paramName / Target param value: paramValue / Redirect URL: http://www.yahoo.com], [org.apache.webapp.balancer.rules.AcceptEverythingRule: Redirect URL: http://jakarta.apache.org]]
2009/4/11 上午 11:32:52 org.apache.catalina.core.ApplicationContext log
資訊: ContextListener: contextInitialized()
2009/4/11 上午 11:32:52 org.apache.catalina.core.ApplicationContext log
資訊: SessionListener: contextInitialized()
2009/4/11 上午 11:32:52 org.apache.catalina.core.ApplicationContext log
資訊: ContextListener: contextInitialized()
2009/4/11 上午 11:32:52 org.apache.catalina.core.ApplicationContext log
資訊: SessionListener: contextInitialized()
2009/4/11 上午 11:35:15 org.apache.catalina.core.ApplicationContext log
資訊: org.apache.webapp.balancer.BalancerFilter: init(): ruleChain: [org.apache.webapp.balancer.RuleChain: [org.apache.webapp.balancer.rules.URLStringMatchRule: Target string: News / Redirect URL: http://www.cnn.com], [org.apache.webapp.balancer.rules.RequestParameterRule: Target param name: paramName / Target param value: paramValue / Redirect URL: http://www.yahoo.com], [org.apache.webapp.balancer.rules.AcceptEverythingRule: Redirect URL: http://jakarta.apache.org]]
2009/4/11 上午 11:36:07 org.apache.catalina.core.ApplicationContext log
資訊: ContextListener: contextInitialized()
2009/4/11 上午 11:36:07 org.apache.catalina.core.ApplicationContext log
資訊: SessionListener: contextInitialized()
2009/4/11 上午 11:36:07 org.apache.catalina.core.ApplicationContext log
資訊: ContextListener: contextInitialized()
2009/4/11 上午 11:36:07 org.apache.catalina.core.ApplicationContext log
資訊: SessionListener: contextInitialized()
2009/4/11 下午 12:41:20 org.apache.catalina.core.ApplicationContext log
資訊: SessionListener: contextDestroyed()
2009/4/11 下午 12:41:20 org.apache.catalina.core.ApplicationContext log
資訊: ContextListener: contextDestroyed()
2009/4/11 下午 12:41:20 org.apache.catalina.core.ApplicationContext log
資訊: SessionListener: contextDestroyed()
2009/4/11 下午 12:41:20 org.apache.catalina.core.ApplicationContext log
資訊: ContextListener: contextDestroyed()
2009/4/11 下午 12:41:32 org.apache.catalina.core.ApplicationContext log
資訊: org.apache.webapp.balancer.BalancerFilter: init(): ruleChain: [org.apache.webapp.balancer.RuleChain: [org.apache.webapp.balancer.rules.URLStringMatchRule: Target string: News / Redirect URL: http://www.cnn.com], [org.apache.webapp.balancer.rules.RequestParameterRule: Target param name: paramName / Target param value: paramValue / Redirect URL: http://www.yahoo.com], [org.apache.webapp.balancer.rules.AcceptEverythingRule: Redirect URL: http://jakarta.apache.org]]
2009/4/11 下午 12:42:34 org.apache.catalina.core.ApplicationContext log
資訊: ContextListener: contextInitialized()
2009/4/11 下午 12:42:34 org.apache.catalina.core.ApplicationContext log
資訊: SessionListener: contextInitialized()
2009/4/11 下午 12:42:34 org.apache.catalina.core.ApplicationContext log
資訊: ContextListener: contextInitialized()
2009/4/11 下午 12:42:34 org.apache.catalina.core.ApplicationContext log
資訊: SessionListener: contextInitialized()
2009/4/11 下午 01:04:02 org.apache.catalina.core.ApplicationContext log
資訊: SessionListener: contextDestroyed()
2009/4/11 下午 01:04:02 org.apache.catalina.core.ApplicationContext log
資訊: ContextListener: contextDestroyed()
2009/4/11 下午 01:04:02 org.apache.catalina.core.ApplicationContext log
資訊: SessionListener: contextDestroyed()
2009/4/11 下午 01:04:02 org.apache.catalina.core.ApplicationContext log
資訊: ContextListener: contextDestroyed()
2009/4/11 下午 01:04:24 org.apache.catalina.core.ApplicationContext log
資訊: org.apache.webapp.balancer.BalancerFilter: init(): ruleChain: [org.apache.webapp.balancer.RuleChain: [org.apache.webapp.balancer.rules.URLStringMatchRule: Target string: News / Redirect URL: http://www.cnn.com], [org.apache.webapp.balancer.rules.RequestParameterRule: Target param name: paramName / Target param value: paramValue / Redirect URL: http://www.yahoo.com], [org.apache.webapp.balancer.rules.AcceptEverythingRule: Redirect URL: http://jakarta.apache.org]]
2009/4/11 下午 01:05:14 org.apache.catalina.core.ApplicationContext log
資訊: ContextListener: contextInitialized()
2009/4/11 下午 01:05:14 org.apache.catalina.core.ApplicationContext log
資訊: SessionListener: contextInitialized()
2009/4/11 下午 01:05:15 org.apache.catalina.core.ApplicationContext log
資訊: ContextListener: contextInitialized()
2009/4/11 下午 01:05:15 org.apache.catalina.core.ApplicationContext log
資訊: SessionListener: contextInitialized()
2009/4/11 下午 01:45:12 org.apache.catalina.core.ApplicationContext log
資訊: SessionListener: contextDestroyed()
2009/4/11 下午 01:45:12 org.apache.catalina.core.ApplicationContext log
資訊: ContextListener: contextDestroyed()
2009/4/11 下午 01:45:12 org.apache.catalina.core.ApplicationContext log
資訊: SessionListener: contextDestroyed()
2009/4/11 下午 01:45:12 org.apache.catalina.core.ApplicationContext log
資訊: ContextListener: contextDestroyed()
2009/4/11 下午 01:45:30 org.apache.catalina.core.ApplicationContext log
資訊: org.apache.webapp.balancer.BalancerFilter: init(): ruleChain: [org.apache.webapp.balancer.RuleChain: [org.apache.webapp.balancer.rules.URLStringMatchRule: Target string: News / Redirect URL: http://www.cnn.com], [org.apache.webapp.balancer.rules.RequestParameterRule: Target param name: paramName / Target param value: paramValue / Redirect URL: http://www.yahoo.com], [org.apache.webapp.balancer.rules.AcceptEverythingRule: Redirect URL: http://jakarta.apache.org]]
2009/4/11 下午 01:46:21 org.apache.catalina.core.ApplicationContext log
資訊: ContextListener: contextInitialized()
2009/4/11 下午 01:46:21 org.apache.catalina.core.ApplicationContext log
資訊: SessionListener: contextInitialized()
2009/4/11 下午 01:46:21 org.apache.catalina.core.ApplicationContext log
資訊: ContextListener: contextInitialized()
2009/4/11 下午 01:46:21 org.apache.catalina.core.ApplicationContext log
資訊: SessionListener: contextInitialized()
2009/4/11 下午 01:58:46 org.apache.catalina.core.ApplicationContext log
資訊: org.apache.webapp.balancer.BalancerFilter: init(): ruleChain: [org.apache.webapp.balancer.RuleChain: [org.apache.webapp.balancer.rules.URLStringMatchRule: Target string: News / Redirect URL: http://www.cnn.com], [org.apache.webapp.balancer.rules.RequestParameterRule: Target param name: paramName / Target param value: paramValue / Redirect URL: http://www.yahoo.com], [org.apache.webapp.balancer.rules.AcceptEverythingRule: Redirect URL: http://jakarta.apache.org]]
2009/4/11 下午 01:58:46 org.apache.catalina.core.ApplicationContext log
資訊: ContextListener: contextInitialized()
2009/4/11 下午 01:58:46 org.apache.catalina.core.ApplicationContext log
資訊: SessionListener: contextInitialized()
2009/4/11 下午 01:58:47 org.apache.catalina.core.ApplicationContext log
資訊: ContextListener: contextInitialized()
2009/4/11 下午 01:58:47 org.apache.catalina.core.ApplicationContext log
資訊: SessionListener: contextInitialized()
2009/4/11 下午 02:21:46 org.apache.catalina.core.ApplicationContext log
資訊: org.apache.webapp.balancer.BalancerFilter: init(): ruleChain: [org.apache.webapp.balancer.RuleChain: [org.apache.webapp.balancer.rules.URLStringMatchRule: Target string: News / Redirect URL: http://www.cnn.com], [org.apache.webapp.balancer.rules.RequestParameterRule: Target param name: paramName / Target param value: paramValue / Redirect URL: http://www.yahoo.com], [org.apache.webapp.balancer.rules.AcceptEverythingRule: Redirect URL: http://jakarta.apache.org]]
2009/4/11 下午 02:22:44 org.apache.catalina.core.ApplicationContext log
資訊: ContextListener: contextInitialized()
2009/4/11 下午 02:22:44 org.apache.catalina.core.ApplicationContext log
資訊: SessionListener: contextInitialized()
2009/4/11 下午 02:22:45 org.apache.catalina.core.ApplicationContext log
資訊: ContextListener: contextInitialized()
2009/4/11 下午 02:22:45 org.apache.catalina.core.ApplicationContext log
資訊: SessionListener: contextInitialized()
2009/4/11 下午 02:27:51 org.apache.catalina.core.ApplicationContext log
資訊: org.apache.webapp.balancer.BalancerFilter: init(): ruleChain: [org.apache.webapp.balancer.RuleChain: [org.apache.webapp.balancer.rules.URLStringMatchRule: Target string: News / Redirect URL: http://www.cnn.com], [org.apache.webapp.balancer.rules.RequestParameterRule: Target param name: paramName / Target param value: paramValue / Redirect URL: http://www.yahoo.com], [org.apache.webapp.balancer.rules.AcceptEverythingRule: Redirect URL: http://jakarta.apache.org]]
2009/4/11 下午 02:28:49 org.apache.catalina.core.ApplicationContext log
資訊: ContextListener: contextInitialized()
2009/4/11 下午 02:28:49 org.apache.catalina.core.ApplicationContext log
資訊: SessionListener: contextInitialized()
2009/4/11 下午 02:28:49 org.apache.catalina.core.ApplicationContext log
資訊: ContextListener: contextInitialized()
2009/4/11 下午 02:28:49 org.apache.catalina.core.ApplicationContext log
資訊: SessionListener: contextInitialized()
2009/4/11 下午 02:35:00 org.apache.catalina.core.ApplicationContext log
資訊: SessionListener: contextDestroyed()
2009/4/11 下午 02:35:00 org.apache.catalina.core.ApplicationContext log
資訊: ContextListener: contextDestroyed()
2009/4/11 下午 02:35:00 org.apache.catalina.core.ApplicationContext log
資訊: SessionListener: contextDestroyed()
2009/4/11 下午 02:35:00 org.apache.catalina.core.ApplicationContext log
資訊: ContextListener: contextDestroyed()
2009/4/11 下午 02:35:10 org.apache.catalina.core.ApplicationContext log
資訊: org.apache.webapp.balancer.BalancerFilter: init(): ruleChain: [org.apache.webapp.balancer.RuleChain: [org.apache.webapp.balancer.rules.URLStringMatchRule: Target string: News / Redirect URL: http://www.cnn.com], [org.apache.webapp.balancer.rules.RequestParameterRule: Target param name: paramName / Target param value: paramValue / Redirect URL: http://www.yahoo.com], [org.apache.webapp.balancer.rules.AcceptEverythingRule: Redirect URL: http://jakarta.apache.org]]
2009/4/11 下午 02:36:01 org.apache.catalina.core.ApplicationContext log
資訊: ContextListener: contextInitialized()
2009/4/11 下午 02:36:01 org.apache.catalina.core.ApplicationContext log
資訊: SessionListener: contextInitialized()
2009/4/11 下午 02:36:01 org.apache.catalina.core.ApplicationContext log
資訊: ContextListener: contextInitialized()
2009/4/11 下午 02:36:01 org.apache.catalina.core.ApplicationContext log
資訊: SessionListener: contextInitialized()
2009/4/11 下午 03:14:23 org.apache.catalina.core.ApplicationContext log
資訊: SessionListener: contextDestroyed()
2009/4/11 下午 03:14:23 org.apache.catalina.core.ApplicationContext log
資訊: ContextListener: contextDestroyed()
2009/4/11 下午 03:14:23 org.apache.catalina.core.ApplicationContext log
資訊: SessionListener: contextDestroyed()
2009/4/11 下午 03:14:23 org.apache.catalina.core.ApplicationContext log
資訊: ContextListener: contextDestroyed()
2009/4/11 下午 03:14:37 org.apache.catalina.core.ApplicationContext log
資訊: org.apache.webapp.balancer.BalancerFilter: init(): ruleChain: [org.apache.webapp.balancer.RuleChain: [org.apache.webapp.balancer.rules.URLStringMatchRule: Target string: News / Redirect URL: http://www.cnn.com], [org.apache.webapp.balancer.rules.RequestParameterRule: Target param name: paramName / Target param value: paramValue / Redirect URL: http://www.yahoo.com], [org.apache.webapp.balancer.rules.AcceptEverythingRule: Redirect URL: http://jakarta.apache.org]]
2009/4/11 下午 03:15:33 org.apache.catalina.core.ApplicationContext log
資訊: ContextListener: contextInitialized()
2009/4/11 下午 03:15:33 org.apache.catalina.core.ApplicationContext log
資訊: SessionListener: contextInitialized()
2009/4/11 下午 03:15:34 org.apache.catalina.core.ApplicationContext log
資訊: ContextListener: contextInitialized()
2009/4/11 下午 03:15:34 org.apache.catalina.core.ApplicationContext log
資訊: SessionListener: contextInitialized()
2009/4/11 下午 03:33:04 org.apache.catalina.core.ApplicationContext log
資訊: SessionListener: contextDestroyed()
2009/4/11 下午 03:33:04 org.apache.catalina.core.ApplicationContext log
資訊: ContextListener: contextDestroyed()
2009/4/11 下午 03:33:04 org.apache.catalina.core.ApplicationContext log
資訊: SessionListener: contextDestroyed()
2009/4/11 下午 03:33:04 org.apache.catalina.core.ApplicationContext log
資訊: ContextListener: contextDestroyed()
2009/4/11 下午 03:33:32 org.apache.catalina.core.ApplicationContext log
資訊: org.apache.webapp.balancer.BalancerFilter: init(): ruleChain: [org.apache.webapp.balancer.RuleChain: [org.apache.webapp.balancer.rules.URLStringMatchRule: Target string: News / Redirect URL: http://www.cnn.com], [org.apache.webapp.balancer.rules.RequestParameterRule: Target param name: paramName / Target param value: paramValue / Redirect URL: http://www.yahoo.com], [org.apache.webapp.balancer.rules.AcceptEverythingRule: Redirect URL: http://jakarta.apache.org]]
2009/4/11 下午 03:34:23 org.apache.catalina.core.ApplicationContext log
資訊: ContextListener: contextInitialized()
2009/4/11 下午 03:34:23 org.apache.catalina.core.ApplicationContext log
資訊: SessionListener: contextInitialized()
2009/4/11 下午 03:34:23 org.apache.catalina.core.ApplicationContext log
資訊: ContextListener: contextInitialized()
2009/4/11 下午 03:34:23 org.apache.catalina.core.ApplicationContext log
資訊: SessionListener: contextInitialized()
2009/4/11 下午 03:38:06 org.apache.catalina.core.ApplicationContext log
資訊: SessionListener: contextDestroyed()
2009/4/11 下午 03:38:06 org.apache.catalina.core.ApplicationContext log
資訊: ContextListener: contextDestroyed()
2009/4/11 下午 03:38:06 org.apache.catalina.core.ApplicationContext log
資訊: SessionListener: contextDestroyed()
2009/4/11 下午 03:38:06 org.apache.catalina.core.ApplicationContext log
資訊: ContextListener: contextDestroyed()
2009/4/11 下午 03:38:18 org.apache.catalina.core.ApplicationContext log
資訊: org.apache.webapp.balancer.BalancerFilter: init(): ruleChain: [org.apache.webapp.balancer.RuleChain: [org.apache.webapp.balancer.rules.URLStringMatchRule: Target string: News / Redirect URL: http://www.cnn.com], [org.apache.webapp.balancer.rules.RequestParameterRule: Target param name: paramName / Target param value: paramValue / Redirect URL: http://www.yahoo.com], [org.apache.webapp.balancer.rules.AcceptEverythingRule: Redirect URL: http://jakarta.apache.org]]
2009/4/11 下午 03:39:11 org.apache.catalina.core.ApplicationContext log
資訊: ContextListener: contextInitialized()
2009/4/11 下午 03:39:11 org.apache.catalina.core.ApplicationContext log
資訊: SessionListener: contextInitialized()
2009/4/11 下午 03:39:12 org.apache.catalina.core.ApplicationContext log
資訊: ContextListener: contextInitialized()
2009/4/11 下午 03:39:12 org.apache.catalina.core.ApplicationContext log
資訊: SessionListener: contextInitialized()
2009/4/11 下午 06:37:18 org.apache.catalina.core.ApplicationContext log
資訊: org.apache.webapp.balancer.BalancerFilter: init(): ruleChain: [org.apache.webapp.balancer.RuleChain: [org.apache.webapp.balancer.rules.URLStringMatchRule: Target string: News / Redirect URL: http://www.cnn.com], [org.apache.webapp.balancer.rules.RequestParameterRule: Target param name: paramName / Target param value: paramValue / Redirect URL: http://www.yahoo.com], [org.apache.webapp.balancer.rules.AcceptEverythingRule: Redirect URL: http://jakarta.apache.org]]
2009/4/11 下午 06:38:11 org.apache.catalina.core.ApplicationContext log
資訊: ContextListener: contextInitialized()
2009/4/11 下午 06:38:11 org.apache.catalina.core.ApplicationContext log
資訊: SessionListener: contextInitialized()
2009/4/11 下午 06:38:12 org.apache.catalina.core.ApplicationContext log
資訊: ContextListener: contextInitialized()
2009/4/11 下午 06:38:12 org.apache.catalina.core.ApplicationContext log
資訊: SessionListener: contextInitialized()
2009/4/11 下午 06:57:14 org.apache.catalina.core.ApplicationContext log
資訊: org.apache.webapp.balancer.BalancerFilter: init(): ruleChain: [org.apache.webapp.balancer.RuleChain: [org.apache.webapp.balancer.rules.URLStringMatchRule: Target string: News / Redirect URL: http://www.cnn.com], [org.apache.webapp.balancer.rules.RequestParameterRule: Target param name: paramName / Target param value: paramValue / Redirect URL: http://www.yahoo.com], [org.apache.webapp.balancer.rules.AcceptEverythingRule: Redirect URL: http://jakarta.apache.org]]
2009/4/11 下午 06:58:07 org.apache.catalina.core.ApplicationContext log
資訊: ContextListener: contextInitialized()
2009/4/11 下午 06:58:07 org.apache.catalina.core.ApplicationContext log
資訊: SessionListener: contextInitialized()
2009/4/11 下午 06:58:08 org.apache.catalina.core.ApplicationContext log
資訊: ContextListener: contextInitialized()
2009/4/11 下午 06:58:08 org.apache.catalina.core.ApplicationContext log
資訊: SessionListener: contextInitialized()
2009/4/11 下午 06:59:38 org.apache.catalina.core.StandardHostValve status
警告: Exception Processing ErrorPage[errorCode=401, location=/index.do?error=true&showLogin=true]
ClientAbortException:  java.net.SocketException: Software caused connection abort: socket write error
	at org.apache.catalina.connector.OutputBuffer.doFlush(OutputBuffer.java:327)
	at org.apache.catalina.connector.OutputBuffer.flush(OutputBuffer.java:293)
	at org.apache.catalina.connector.Response.flushBuffer(Response.java:545)
	at org.apache.catalina.core.StandardHostValve.status(StandardHostValve.java:287)
	at org.apache.catalina.core.StandardHostValve.invoke(StandardHostValve.java:137)
	at org.apache.catalina.valves.ErrorReportValve.invoke(ErrorReportValve.java:117)
	at org.apache.catalina.core.StandardEngineValve.invoke(StandardEngineValve.java:108)
	at org.apache.catalina.connector.CoyoteAdapter.service(CoyoteAdapter.java:174)
	at org.apache.coyote.http11.Http11Processor.process(Http11Processor.java:875)
	at org.apache.coyote.http11.Http11BaseProtocol$Http11ConnectionHandler.processConnection(Http11BaseProtocol.java:665)
	at org.apache.tomcat.util.net.PoolTcpEndpoint.processSocket(PoolTcpEndpoint.java:528)
	at org.apache.tomcat.util.net.LeaderFollowerWorkerThread.runIt(LeaderFollowerWorkerThread.java:81)
	at org.apache.tomcat.util.threads.ThreadPool$ControlRunnable.run(ThreadPool.java:689)
	at java.lang.Thread.run(Thread.java:595)
Caused by: java.net.SocketException: Software caused connection abort: socket write error
	at java.net.SocketOutputStream.socketWrite0(Native Method)
	at java.net.SocketOutputStream.socketWrite(SocketOutputStream.java:92)
	at java.net.SocketOutputStream.write(SocketOutputStream.java:136)
	at org.apache.coyote.http11.InternalOutputBuffer.realWriteBytes(InternalOutputBuffer.java:750)
	at org.apache.tomcat.util.buf.ByteChunk.flushBuffer(ByteChunk.java:432)
	at org.apache.coyote.http11.InternalOutputBuffer.flush(InternalOutputBuffer.java:305)
	at org.apache.coyote.http11.Http11Processor.action(Http11Processor.java:997)
	at org.apache.coyote.Response.action(Response.java:183)
	at org.apache.catalina.connector.OutputBuffer.doFlush(OutputBuffer.java:322)
	... 13 more
2009/4/11 下午 06:59:38 org.apache.catalina.core.StandardHostValve status
警告: Exception Processing ErrorPage[errorCode=401, location=/index.do?error=true&showLogin=true]
ClientAbortException:  java.net.SocketException: Software caused connection abort: socket write error
	at org.apache.catalina.connector.OutputBuffer.doFlush(OutputBuffer.java:327)
	at org.apache.catalina.connector.OutputBuffer.flush(OutputBuffer.java:293)
	at org.apache.catalina.connector.Response.flushBuffer(Response.java:545)
	at org.apache.catalina.core.StandardHostValve.status(StandardHostValve.java:287)
	at org.apache.catalina.core.StandardHostValve.invoke(StandardHostValve.java:137)
	at org.apache.catalina.valves.ErrorReportValve.invoke(ErrorReportValve.java:117)
	at org.apache.catalina.core.StandardEngineValve.invoke(StandardEngineValve.java:108)
	at org.apache.catalina.connector.CoyoteAdapter.service(CoyoteAdapter.java:174)
	at org.apache.coyote.http11.Http11Processor.process(Http11Processor.java:875)
	at org.apache.coyote.http11.Http11BaseProtocol$Http11ConnectionHandler.processConnection(Http11BaseProtocol.java:665)
	at org.apache.tomcat.util.net.PoolTcpEndpoint.processSocket(PoolTcpEndpoint.java:528)
	at org.apache.tomcat.util.net.LeaderFollowerWorkerThread.runIt(LeaderFollowerWorkerThread.java:81)
	at org.apache.tomcat.util.threads.ThreadPool$ControlRunnable.run(ThreadPool.java:689)
	at java.lang.Thread.run(Thread.java:595)
Caused by: java.net.SocketException: Software caused connection abort: socket write error
	at java.net.SocketOutputStream.socketWrite0(Native Method)
	at java.net.SocketOutputStream.socketWrite(SocketOutputStream.java:92)
	at java.net.SocketOutputStream.write(SocketOutputStream.java:136)
	at org.apache.coyote.http11.InternalOutputBuffer.realWriteBytes(InternalOutputBuffer.java:750)
	at org.apache.tomcat.util.buf.ByteChunk.flushBuffer(ByteChunk.java:432)
	at org.apache.coyote.http11.InternalOutputBuffer.flush(InternalOutputBuffer.java:305)
	at org.apache.coyote.http11.Http11Processor.action(Http11Processor.java:997)
	at org.apache.coyote.Response.action(Response.java:183)
	at org.apache.catalina.connector.OutputBuffer.doFlush(OutputBuffer.java:322)
	... 13 more
2009/4/11 下午 06:59:38 org.apache.catalina.core.StandardHostValve status
警告: Exception Processing ErrorPage[errorCode=401, location=/index.do?error=true&showLogin=true]
ClientAbortException:  java.net.SocketException: Software caused connection abort: socket write error
	at org.apache.catalina.connector.OutputBuffer.doFlush(OutputBuffer.java:327)
	at org.apache.catalina.connector.OutputBuffer.flush(OutputBuffer.java:293)
	at org.apache.catalina.connector.Response.flushBuffer(Response.java:545)
	at org.apache.catalina.core.StandardHostValve.status(StandardHostValve.java:287)
	at org.apache.catalina.core.StandardHostValve.invoke(StandardHostValve.java:137)
	at org.apache.catalina.valves.ErrorReportValve.invoke(ErrorReportValve.java:117)
	at org.apache.catalina.core.StandardEngineValve.invoke(StandardEngineValve.java:108)
	at org.apache.catalina.connector.CoyoteAdapter.service(CoyoteAdapter.java:174)
	at org.apache.coyote.http11.Http11Processor.process(Http11Processor.java:875)
	at org.apache.coyote.http11.Http11BaseProtocol$Http11ConnectionHandler.processConnection(Http11BaseProtocol.java:665)
	at org.apache.tomcat.util.net.PoolTcpEndpoint.processSocket(PoolTcpEndpoint.java:528)
	at org.apache.tomcat.util.net.LeaderFollowerWorkerThread.runIt(LeaderFollowerWorkerThread.java:81)
	at org.apache.tomcat.util.threads.ThreadPool$ControlRunnable.run(ThreadPool.java:689)
	at java.lang.Thread.run(Thread.java:595)
Caused by: java.net.SocketException: Software caused connection abort: socket write error
	at java.net.SocketOutputStream.socketWrite0(Native Method)
	at java.net.SocketOutputStream.socketWrite(SocketOutputStream.java:92)
	at java.net.SocketOutputStream.write(SocketOutputStream.java:136)
	at org.apache.coyote.http11.InternalOutputBuffer.realWriteBytes(InternalOutputBuffer.java:750)
	at org.apache.tomcat.util.buf.ByteChunk.flushBuffer(ByteChunk.java:432)
	at org.apache.coyote.http11.InternalOutputBuffer.flush(InternalOutputBuffer.java:305)
	at org.apache.coyote.http11.Http11Processor.action(Http11Processor.java:997)
	at org.apache.coyote.Response.action(Response.java:183)
	at org.apache.catalina.connector.OutputBuffer.doFlush(OutputBuffer.java:322)
	... 13 more
2009/4/11 下午 06:59:38 org.apache.catalina.core.StandardHostValve status
警告: Exception Processing ErrorPage[errorCode=401, location=/index.do?error=true&showLogin=true]
ClientAbortException:  java.net.SocketException: Software caused connection abort: socket write error
	at org.apache.catalina.connector.OutputBuffer.doFlush(OutputBuffer.java:327)
	at org.apache.catalina.connector.OutputBuffer.flush(OutputBuffer.java:293)
	at org.apache.catalina.connector.Response.flushBuffer(Response.java:545)
	at org.apache.catalina.core.StandardHostValve.status(StandardHostValve.java:287)
	at org.apache.catalina.core.StandardHostValve.invoke(StandardHostValve.java:137)
	at org.apache.catalina.valves.ErrorReportValve.invoke(ErrorReportValve.java:117)
	at org.apache.catalina.core.StandardEngineValve.invoke(StandardEngineValve.java:108)
	at org.apache.catalina.connector.CoyoteAdapter.service(CoyoteAdapter.java:174)
	at org.apache.coyote.http11.Http11Processor.process(Http11Processor.java:875)
	at org.apache.coyote.http11.Http11BaseProtocol$Http11ConnectionHandler.processConnection(Http11BaseProtocol.java:665)
	at org.apache.tomcat.util.net.PoolTcpEndpoint.processSocket(PoolTcpEndpoint.java:528)
	at org.apache.tomcat.util.net.LeaderFollowerWorkerThread.runIt(LeaderFollowerWorkerThread.java:81)
	at org.apache.tomcat.util.threads.ThreadPool$ControlRunnable.run(ThreadPool.java:689)
	at java.lang.Thread.run(Thread.java:595)
Caused by: java.net.SocketException: Software caused connection abort: socket write error
	at java.net.SocketOutputStream.socketWrite0(Native Method)
	at java.net.SocketOutputStream.socketWrite(SocketOutputStream.java:92)
	at java.net.SocketOutputStream.write(SocketOutputStream.java:136)
	at org.apache.coyote.http11.InternalOutputBuffer.realWriteBytes(InternalOutputBuffer.java:750)
	at org.apache.tomcat.util.buf.ByteChunk.flushBuffer(ByteChunk.java:432)
	at org.apache.coyote.http11.InternalOutputBuffer.flush(InternalOutputBuffer.java:305)
	at org.apache.coyote.http11.Http11Processor.action(Http11Processor.java:997)
	at org.apache.coyote.Response.action(Response.java:183)
	at org.apache.catalina.connector.OutputBuffer.doFlush(OutputBuffer.java:322)
	... 13 more
2009/4/11 下午 07:17:17 org.apache.catalina.core.ApplicationContext log
資訊: SessionListener: contextDestroyed()
2009/4/11 下午 07:17:17 org.apache.catalina.core.ApplicationContext log
資訊: ContextListener: contextDestroyed()
2009/4/11 下午 07:17:17 org.apache.catalina.core.ApplicationContext log
資訊: SessionListener: contextDestroyed()
2009/4/11 下午 07:17:17 org.apache.catalina.core.ApplicationContext log
資訊: ContextListener: contextDestroyed()
