2009/6/12 上午 09:45:33 org.apache.catalina.core.ApplicationContext log
資訊: org.apache.webapp.balancer.BalancerFilter: init(): ruleChain: [org.apache.webapp.balancer.RuleChain: [org.apache.webapp.balancer.rules.URLStringMatchRule: Target string: News / Redirect URL: http://www.cnn.com], [org.apache.webapp.balancer.rules.RequestParameterRule: Target param name: paramName / Target param value: paramValue / Redirect URL: http://www.yahoo.com], [org.apache.webapp.balancer.rules.AcceptEverythingRule: Redirect URL: http://jakarta.apache.org]]
2009/6/12 上午 09:46:56 org.apache.catalina.core.ApplicationContext log
資訊: ContextListener: contextInitialized()
2009/6/12 上午 09:46:56 org.apache.catalina.core.ApplicationContext log
資訊: SessionListener: contextInitialized()
2009/6/12 上午 09:46:57 org.apache.catalina.core.ApplicationContext log
資訊: ContextListener: contextInitialized()
2009/6/12 上午 09:46:57 org.apache.catalina.core.ApplicationContext log
資訊: SessionListener: contextInitialized()
2009/6/12 上午 09:52:26 org.apache.catalina.core.ApplicationContext log
資訊: SessionListener: contextDestroyed()
2009/6/12 上午 09:52:26 org.apache.catalina.core.ApplicationContext log
資訊: ContextListener: contextDestroyed()
2009/6/12 上午 09:52:26 org.apache.catalina.core.ApplicationContext log
資訊: SessionListener: contextDestroyed()
2009/6/12 上午 09:52:26 org.apache.catalina.core.ApplicationContext log
資訊: ContextListener: contextDestroyed()
2009/6/12 上午 09:58:13 org.apache.catalina.core.ApplicationContext log
資訊: org.apache.webapp.balancer.BalancerFilter: init(): ruleChain: [org.apache.webapp.balancer.RuleChain: [org.apache.webapp.balancer.rules.URLStringMatchRule: Target string: News / Redirect URL: http://www.cnn.com], [org.apache.webapp.balancer.rules.RequestParameterRule: Target param name: paramName / Target param value: paramValue / Redirect URL: http://www.yahoo.com], [org.apache.webapp.balancer.rules.AcceptEverythingRule: Redirect URL: http://jakarta.apache.org]]
2009/6/12 上午 09:59:12 org.apache.catalina.core.ApplicationContext log
資訊: ContextListener: contextInitialized()
2009/6/12 上午 09:59:12 org.apache.catalina.core.ApplicationContext log
資訊: SessionListener: contextInitialized()
2009/6/12 上午 09:59:12 org.apache.catalina.core.ApplicationContext log
資訊: ContextListener: contextInitialized()
2009/6/12 上午 09:59:12 org.apache.catalina.core.ApplicationContext log
資訊: SessionListener: contextInitialized()
2009/6/12 下午 01:55:34 org.apache.catalina.core.ApplicationContext log
資訊: SessionListener: contextDestroyed()
2009/6/12 下午 01:55:34 org.apache.catalina.core.ApplicationContext log
資訊: ContextListener: contextDestroyed()
2009/6/12 下午 01:55:35 org.apache.catalina.core.ApplicationContext log
資訊: SessionListener: contextDestroyed()
2009/6/12 下午 01:55:35 org.apache.catalina.core.ApplicationContext log
資訊: ContextListener: contextDestroyed()
2009/6/12 下午 02:07:22 org.apache.catalina.core.ApplicationContext log
資訊: org.apache.webapp.balancer.BalancerFilter: init(): ruleChain: [org.apache.webapp.balancer.RuleChain: [org.apache.webapp.balancer.rules.URLStringMatchRule: Target string: News / Redirect URL: http://www.cnn.com], [org.apache.webapp.balancer.rules.RequestParameterRule: Target param name: paramName / Target param value: paramValue / Redirect URL: http://www.yahoo.com], [org.apache.webapp.balancer.rules.AcceptEverythingRule: Redirect URL: http://jakarta.apache.org]]
2009/6/12 下午 02:08:47 org.apache.catalina.core.ApplicationContext log
資訊: ContextListener: contextInitialized()
2009/6/12 下午 02:08:47 org.apache.catalina.core.ApplicationContext log
資訊: SessionListener: contextInitialized()
2009/6/12 下午 02:08:48 org.apache.catalina.core.ApplicationContext log
資訊: ContextListener: contextInitialized()
2009/6/12 下午 02:08:48 org.apache.catalina.core.ApplicationContext log
資訊: SessionListener: contextInitialized()
2009/6/12 下午 02:15:08 org.apache.catalina.core.ApplicationContext log
資訊: org.apache.webapp.balancer.BalancerFilter: init(): ruleChain: [org.apache.webapp.balancer.RuleChain: [org.apache.webapp.balancer.rules.URLStringMatchRule: Target string: News / Redirect URL: http://www.cnn.com], [org.apache.webapp.balancer.rules.RequestParameterRule: Target param name: paramName / Target param value: paramValue / Redirect URL: http://www.yahoo.com], [org.apache.webapp.balancer.rules.AcceptEverythingRule: Redirect URL: http://jakarta.apache.org]]
2009/6/12 下午 02:15:51 org.apache.catalina.core.ApplicationContext log
資訊: org.apache.webapp.balancer.BalancerFilter: init(): ruleChain: [org.apache.webapp.balancer.RuleChain: [org.apache.webapp.balancer.rules.URLStringMatchRule: Target string: News / Redirect URL: http://www.cnn.com], [org.apache.webapp.balancer.rules.RequestParameterRule: Target param name: paramName / Target param value: paramValue / Redirect URL: http://www.yahoo.com], [org.apache.webapp.balancer.rules.AcceptEverythingRule: Redirect URL: http://jakarta.apache.org]]
2009/6/12 下午 02:18:07 org.apache.catalina.core.ApplicationContext log
資訊: org.apache.webapp.balancer.BalancerFilter: init(): ruleChain: [org.apache.webapp.balancer.RuleChain: [org.apache.webapp.balancer.rules.URLStringMatchRule: Target string: News / Redirect URL: http://www.cnn.com], [org.apache.webapp.balancer.rules.RequestParameterRule: Target param name: paramName / Target param value: paramValue / Redirect URL: http://www.yahoo.com], [org.apache.webapp.balancer.rules.AcceptEverythingRule: Redirect URL: http://jakarta.apache.org]]
2009/6/12 下午 02:18:48 org.apache.catalina.core.ApplicationContext log
資訊: ContextListener: contextInitialized()
2009/6/12 下午 02:18:48 org.apache.catalina.core.ApplicationContext log
資訊: SessionListener: contextInitialized()
2009/6/12 下午 02:18:49 org.apache.catalina.core.ApplicationContext log
資訊: ContextListener: contextInitialized()
2009/6/12 下午 02:18:49 org.apache.catalina.core.ApplicationContext log
資訊: SessionListener: contextInitialized()
2009/6/12 下午 02:19:08 org.apache.catalina.core.ApplicationContext log
資訊: SessionListener: contextDestroyed()
2009/6/12 下午 02:19:08 org.apache.catalina.core.ApplicationContext log
資訊: ContextListener: contextDestroyed()
2009/6/12 下午 02:19:08 org.apache.catalina.core.ApplicationContext log
資訊: SessionListener: contextDestroyed()
2009/6/12 下午 02:19:08 org.apache.catalina.core.ApplicationContext log
資訊: ContextListener: contextDestroyed()
2009/6/12 下午 02:21:22 org.apache.catalina.core.ApplicationContext log
資訊: org.apache.webapp.balancer.BalancerFilter: init(): ruleChain: [org.apache.webapp.balancer.RuleChain: [org.apache.webapp.balancer.rules.URLStringMatchRule: Target string: News / Redirect URL: http://www.cnn.com], [org.apache.webapp.balancer.rules.RequestParameterRule: Target param name: paramName / Target param value: paramValue / Redirect URL: http://www.yahoo.com], [org.apache.webapp.balancer.rules.AcceptEverythingRule: Redirect URL: http://jakarta.apache.org]]
2009/6/12 下午 02:21:59 org.apache.catalina.core.ApplicationContext log
資訊: ContextListener: contextInitialized()
2009/6/12 下午 02:21:59 org.apache.catalina.core.ApplicationContext log
資訊: SessionListener: contextInitialized()
2009/6/12 下午 02:21:59 org.apache.catalina.core.ApplicationContext log
資訊: ContextListener: contextInitialized()
2009/6/12 下午 02:21:59 org.apache.catalina.core.ApplicationContext log
資訊: SessionListener: contextInitialized()
2009/6/12 下午 02:27:44 org.apache.catalina.core.ApplicationContext log
資訊: org.apache.webapp.balancer.BalancerFilter: init(): ruleChain: [org.apache.webapp.balancer.RuleChain: [org.apache.webapp.balancer.rules.URLStringMatchRule: Target string: News / Redirect URL: http://www.cnn.com], [org.apache.webapp.balancer.rules.RequestParameterRule: Target param name: paramName / Target param value: paramValue / Redirect URL: http://www.yahoo.com], [org.apache.webapp.balancer.rules.AcceptEverythingRule: Redirect URL: http://jakarta.apache.org]]
2009/6/12 下午 02:28:21 org.apache.catalina.core.ApplicationContext log
資訊: ContextListener: contextInitialized()
2009/6/12 下午 02:28:21 org.apache.catalina.core.ApplicationContext log
資訊: SessionListener: contextInitialized()
2009/6/12 下午 02:28:21 org.apache.catalina.core.ApplicationContext log
資訊: ContextListener: contextInitialized()
2009/6/12 下午 02:28:21 org.apache.catalina.core.ApplicationContext log
資訊: SessionListener: contextInitialized()
2009/6/12 下午 02:28:56 org.apache.catalina.core.ApplicationContext log
資訊: SessionListener: contextDestroyed()
2009/6/12 下午 02:28:56 org.apache.catalina.core.ApplicationContext log
資訊: ContextListener: contextDestroyed()
2009/6/12 下午 02:28:56 org.apache.catalina.core.ApplicationContext log
資訊: SessionListener: contextDestroyed()
2009/6/12 下午 02:28:56 org.apache.catalina.core.ApplicationContext log
資訊: ContextListener: contextDestroyed()
2009/6/12 下午 02:29:04 org.apache.catalina.core.ApplicationContext log
資訊: org.apache.webapp.balancer.BalancerFilter: init(): ruleChain: [org.apache.webapp.balancer.RuleChain: [org.apache.webapp.balancer.rules.URLStringMatchRule: Target string: News / Redirect URL: http://www.cnn.com], [org.apache.webapp.balancer.rules.RequestParameterRule: Target param name: paramName / Target param value: paramValue / Redirect URL: http://www.yahoo.com], [org.apache.webapp.balancer.rules.AcceptEverythingRule: Redirect URL: http://jakarta.apache.org]]
2009/6/12 下午 02:29:47 org.apache.catalina.core.ApplicationContext log
資訊: ContextListener: contextInitialized()
2009/6/12 下午 02:29:47 org.apache.catalina.core.ApplicationContext log
資訊: SessionListener: contextInitialized()
2009/6/12 下午 02:29:47 org.apache.catalina.core.ApplicationContext log
資訊: ContextListener: contextInitialized()
2009/6/12 下午 02:29:47 org.apache.catalina.core.ApplicationContext log
資訊: SessionListener: contextInitialized()
2009/6/12 下午 02:41:34 org.apache.catalina.core.ApplicationContext log
資訊: org.apache.webapp.balancer.BalancerFilter: init(): ruleChain: [org.apache.webapp.balancer.RuleChain: [org.apache.webapp.balancer.rules.URLStringMatchRule: Target string: News / Redirect URL: http://www.cnn.com], [org.apache.webapp.balancer.rules.RequestParameterRule: Target param name: paramName / Target param value: paramValue / Redirect URL: http://www.yahoo.com], [org.apache.webapp.balancer.rules.AcceptEverythingRule: Redirect URL: http://jakarta.apache.org]]
2009/6/12 下午 02:42:20 org.apache.catalina.core.ApplicationContext log
資訊: ContextListener: contextInitialized()
2009/6/12 下午 02:42:20 org.apache.catalina.core.ApplicationContext log
資訊: SessionListener: contextInitialized()
2009/6/12 下午 02:42:20 org.apache.catalina.core.ApplicationContext log
資訊: ContextListener: contextInitialized()
2009/6/12 下午 02:42:20 org.apache.catalina.core.ApplicationContext log
資訊: SessionListener: contextInitialized()
2009/6/12 下午 02:44:59 org.apache.catalina.core.ApplicationContext log
資訊: org.apache.webapp.balancer.BalancerFilter: init(): ruleChain: [org.apache.webapp.balancer.RuleChain: [org.apache.webapp.balancer.rules.URLStringMatchRule: Target string: News / Redirect URL: http://www.cnn.com], [org.apache.webapp.balancer.rules.RequestParameterRule: Target param name: paramName / Target param value: paramValue / Redirect URL: http://www.yahoo.com], [org.apache.webapp.balancer.rules.AcceptEverythingRule: Redirect URL: http://jakarta.apache.org]]
2009/6/12 下午 02:45:31 org.apache.catalina.core.ApplicationContext log
資訊: ContextListener: contextInitialized()
2009/6/12 下午 02:45:31 org.apache.catalina.core.ApplicationContext log
資訊: SessionListener: contextInitialized()
2009/6/12 下午 02:45:32 org.apache.catalina.core.ApplicationContext log
資訊: ContextListener: contextInitialized()
2009/6/12 下午 02:45:32 org.apache.catalina.core.ApplicationContext log
資訊: SessionListener: contextInitialized()
