2009/5/13 上午 08:34:59 org.apache.catalina.core.ApplicationContext log
資訊: org.apache.webapp.balancer.BalancerFilter: init(): ruleChain: [org.apache.webapp.balancer.RuleChain: [org.apache.webapp.balancer.rules.URLStringMatchRule: Target string: News / Redirect URL: http://www.cnn.com], [org.apache.webapp.balancer.rules.RequestParameterRule: Target param name: paramName / Target param value: paramValue / Redirect URL: http://www.yahoo.com], [org.apache.webapp.balancer.rules.AcceptEverythingRule: Redirect URL: http://jakarta.apache.org]]
2009/5/13 上午 08:35:55 org.apache.catalina.core.ApplicationContext log
資訊: ContextListener: contextInitialized()
2009/5/13 上午 08:35:55 org.apache.catalina.core.ApplicationContext log
資訊: SessionListener: contextInitialized()
2009/5/13 上午 08:35:56 org.apache.catalina.core.ApplicationContext log
資訊: ContextListener: contextInitialized()
2009/5/13 上午 08:35:56 org.apache.catalina.core.ApplicationContext log
資訊: SessionListener: contextInitialized()
2009/5/13 上午 08:39:45 org.apache.catalina.core.ApplicationContext log
資訊: SessionListener: contextDestroyed()
2009/5/13 上午 08:39:45 org.apache.catalina.core.ApplicationContext log
資訊: ContextListener: contextDestroyed()
2009/5/13 上午 08:39:45 org.apache.catalina.core.ApplicationContext log
資訊: SessionListener: contextDestroyed()
2009/5/13 上午 08:39:45 org.apache.catalina.core.ApplicationContext log
資訊: ContextListener: contextDestroyed()
2009/5/13 上午 08:40:11 org.apache.catalina.core.ApplicationContext log
資訊: org.apache.webapp.balancer.BalancerFilter: init(): ruleChain: [org.apache.webapp.balancer.RuleChain: [org.apache.webapp.balancer.rules.URLStringMatchRule: Target string: News / Redirect URL: http://www.cnn.com], [org.apache.webapp.balancer.rules.RequestParameterRule: Target param name: paramName / Target param value: paramValue / Redirect URL: http://www.yahoo.com], [org.apache.webapp.balancer.rules.AcceptEverythingRule: Redirect URL: http://jakarta.apache.org]]
2009/5/13 上午 08:41:07 org.apache.catalina.core.ApplicationContext log
資訊: ContextListener: contextInitialized()
2009/5/13 上午 08:41:07 org.apache.catalina.core.ApplicationContext log
資訊: SessionListener: contextInitialized()
2009/5/13 上午 08:41:07 org.apache.catalina.core.ApplicationContext log
資訊: ContextListener: contextInitialized()
2009/5/13 上午 08:41:07 org.apache.catalina.core.ApplicationContext log
資訊: SessionListener: contextInitialized()
2009/5/13 下午 01:39:31 org.apache.catalina.core.ApplicationContext log
資訊: SessionListener: contextDestroyed()
2009/5/13 下午 01:39:31 org.apache.catalina.core.ApplicationContext log
資訊: ContextListener: contextDestroyed()
2009/5/13 下午 01:39:31 org.apache.catalina.core.ApplicationContext log
資訊: SessionListener: contextDestroyed()
2009/5/13 下午 01:39:31 org.apache.catalina.core.ApplicationContext log
資訊: ContextListener: contextDestroyed()
