2009/4/7 上午 09:55:38 org.apache.catalina.core.ApplicationContext log
資訊: org.apache.webapp.balancer.BalancerFilter: init(): ruleChain: [org.apache.webapp.balancer.RuleChain: [org.apache.webapp.balancer.rules.URLStringMatchRule: Target string: News / Redirect URL: http://www.cnn.com], [org.apache.webapp.balancer.rules.RequestParameterRule: Target param name: paramName / Target param value: paramValue / Redirect URL: http://www.yahoo.com], [org.apache.webapp.balancer.rules.AcceptEverythingRule: Redirect URL: http://jakarta.apache.org]]
2009/4/7 上午 10:06:40 org.apache.catalina.core.ApplicationContext log
資訊: ContextListener: contextInitialized()
2009/4/7 上午 10:06:40 org.apache.catalina.core.ApplicationContext log
資訊: SessionListener: contextInitialized()
2009/4/7 上午 10:06:41 org.apache.catalina.core.ApplicationContext log
資訊: ContextListener: contextInitialized()
2009/4/7 上午 10:06:41 org.apache.catalina.core.ApplicationContext log
資訊: SessionListener: contextInitialized()
2009/4/7 上午 11:12:42 org.apache.catalina.core.ApplicationContext log
資訊: org.apache.webapp.balancer.BalancerFilter: init(): ruleChain: [org.apache.webapp.balancer.RuleChain: [org.apache.webapp.balancer.rules.URLStringMatchRule: Target string: News / Redirect URL: http://www.cnn.com], [org.apache.webapp.balancer.rules.RequestParameterRule: Target param name: paramName / Target param value: paramValue / Redirect URL: http://www.yahoo.com], [org.apache.webapp.balancer.rules.AcceptEverythingRule: Redirect URL: http://jakarta.apache.org]]
2009/4/7 上午 11:12:42 org.apache.catalina.core.ApplicationContext log
資訊: ContextListener: contextInitialized()
2009/4/7 上午 11:12:42 org.apache.catalina.core.ApplicationContext log
資訊: SessionListener: contextInitialized()
2009/4/7 上午 11:12:43 org.apache.catalina.core.ApplicationContext log
資訊: ContextListener: contextInitialized()
2009/4/7 上午 11:12:43 org.apache.catalina.core.ApplicationContext log
資訊: SessionListener: contextInitialized()
2009/4/7 上午 11:19:38 org.apache.catalina.core.ApplicationContext log
資訊: SessionListener: contextDestroyed()
2009/4/7 上午 11:19:38 org.apache.catalina.core.ApplicationContext log
資訊: ContextListener: contextDestroyed()
2009/4/7 上午 11:19:38 org.apache.catalina.core.ApplicationContext log
資訊: SessionListener: contextDestroyed()
2009/4/7 上午 11:19:38 org.apache.catalina.core.ApplicationContext log
資訊: ContextListener: contextDestroyed()
2009/4/7 上午 11:19:46 org.apache.catalina.core.ApplicationContext log
資訊: org.apache.webapp.balancer.BalancerFilter: init(): ruleChain: [org.apache.webapp.balancer.RuleChain: [org.apache.webapp.balancer.rules.URLStringMatchRule: Target string: News / Redirect URL: http://www.cnn.com], [org.apache.webapp.balancer.rules.RequestParameterRule: Target param name: paramName / Target param value: paramValue / Redirect URL: http://www.yahoo.com], [org.apache.webapp.balancer.rules.AcceptEverythingRule: Redirect URL: http://jakarta.apache.org]]
2009/4/7 上午 11:19:47 org.apache.catalina.core.ApplicationContext log
資訊: ContextListener: contextInitialized()
2009/4/7 上午 11:19:47 org.apache.catalina.core.ApplicationContext log
資訊: SessionListener: contextInitialized()
2009/4/7 上午 11:19:48 org.apache.catalina.core.ApplicationContext log
資訊: ContextListener: contextInitialized()
2009/4/7 上午 11:19:48 org.apache.catalina.core.ApplicationContext log
資訊: SessionListener: contextInitialized()
2009/4/7 上午 11:19:58 org.apache.catalina.core.ApplicationContext log
資訊: SessionListener: contextDestroyed()
2009/4/7 上午 11:19:58 org.apache.catalina.core.ApplicationContext log
資訊: ContextListener: contextDestroyed()
2009/4/7 上午 11:19:58 org.apache.catalina.core.ApplicationContext log
資訊: SessionListener: contextDestroyed()
2009/4/7 上午 11:19:58 org.apache.catalina.core.ApplicationContext log
資訊: ContextListener: contextDestroyed()
2009/4/7 上午 11:24:05 org.apache.catalina.core.ApplicationContext log
資訊: org.apache.webapp.balancer.BalancerFilter: init(): ruleChain: [org.apache.webapp.balancer.RuleChain: [org.apache.webapp.balancer.rules.URLStringMatchRule: Target string: News / Redirect URL: http://www.cnn.com], [org.apache.webapp.balancer.rules.RequestParameterRule: Target param name: paramName / Target param value: paramValue / Redirect URL: http://www.yahoo.com], [org.apache.webapp.balancer.rules.AcceptEverythingRule: Redirect URL: http://jakarta.apache.org]]
2009/4/7 上午 11:24:06 org.apache.catalina.core.ApplicationContext log
資訊: ContextListener: contextInitialized()
2009/4/7 上午 11:24:06 org.apache.catalina.core.ApplicationContext log
資訊: SessionListener: contextInitialized()
2009/4/7 上午 11:24:06 org.apache.catalina.core.ApplicationContext log
資訊: ContextListener: contextInitialized()
2009/4/7 上午 11:24:06 org.apache.catalina.core.ApplicationContext log
資訊: SessionListener: contextInitialized()
2009/4/7 上午 11:26:54 org.apache.catalina.core.ApplicationContext log
資訊: org.apache.webapp.balancer.BalancerFilter: init(): ruleChain: [org.apache.webapp.balancer.RuleChain: [org.apache.webapp.balancer.rules.URLStringMatchRule: Target string: News / Redirect URL: http://www.cnn.com], [org.apache.webapp.balancer.rules.RequestParameterRule: Target param name: paramName / Target param value: paramValue / Redirect URL: http://www.yahoo.com], [org.apache.webapp.balancer.rules.AcceptEverythingRule: Redirect URL: http://jakarta.apache.org]]
2009/4/7 上午 11:26:55 org.apache.catalina.core.ApplicationContext log
資訊: ContextListener: contextInitialized()
2009/4/7 上午 11:26:55 org.apache.catalina.core.ApplicationContext log
資訊: SessionListener: contextInitialized()
2009/4/7 上午 11:26:55 org.apache.catalina.core.ApplicationContext log
資訊: ContextListener: contextInitialized()
2009/4/7 上午 11:26:55 org.apache.catalina.core.ApplicationContext log
資訊: SessionListener: contextInitialized()
