2009/4/17 上午 08:29:49 org.apache.catalina.core.ApplicationContext log
資訊: org.apache.webapp.balancer.BalancerFilter: init(): ruleChain: [org.apache.webapp.balancer.RuleChain: [org.apache.webapp.balancer.rules.URLStringMatchRule: Target string: News / Redirect URL: http://www.cnn.com], [org.apache.webapp.balancer.rules.RequestParameterRule: Target param name: paramName / Target param value: paramValue / Redirect URL: http://www.yahoo.com], [org.apache.webapp.balancer.rules.AcceptEverythingRule: Redirect URL: http://jakarta.apache.org]]
2009/4/17 上午 08:30:51 org.apache.catalina.core.ApplicationContext log
資訊: ContextListener: contextInitialized()
2009/4/17 上午 08:30:51 org.apache.catalina.core.ApplicationContext log
資訊: SessionListener: contextInitialized()
2009/4/17 上午 08:30:51 org.apache.catalina.core.ApplicationContext log
資訊: ContextListener: contextInitialized()
2009/4/17 上午 08:30:51 org.apache.catalina.core.ApplicationContext log
資訊: SessionListener: contextInitialized()
2009/4/17 上午 08:52:51 org.apache.catalina.core.ApplicationContext log
資訊: org.apache.webapp.balancer.BalancerFilter: init(): ruleChain: [org.apache.webapp.balancer.RuleChain: [org.apache.webapp.balancer.rules.URLStringMatchRule: Target string: News / Redirect URL: http://www.cnn.com], [org.apache.webapp.balancer.rules.RequestParameterRule: Target param name: paramName / Target param value: paramValue / Redirect URL: http://www.yahoo.com], [org.apache.webapp.balancer.rules.AcceptEverythingRule: Redirect URL: http://jakarta.apache.org]]
2009/4/17 上午 08:53:43 org.apache.catalina.core.ApplicationContext log
資訊: ContextListener: contextInitialized()
2009/4/17 上午 08:53:43 org.apache.catalina.core.ApplicationContext log
資訊: SessionListener: contextInitialized()
2009/4/17 上午 08:53:43 org.apache.catalina.core.ApplicationContext log
資訊: ContextListener: contextInitialized()
2009/4/17 上午 08:53:43 org.apache.catalina.core.ApplicationContext log
資訊: SessionListener: contextInitialized()
2009/4/17 上午 09:04:40 org.apache.catalina.core.ApplicationContext log
資訊: SessionListener: contextDestroyed()
2009/4/17 上午 09:04:40 org.apache.catalina.core.ApplicationContext log
資訊: ContextListener: contextDestroyed()
2009/4/17 上午 09:04:40 org.apache.catalina.core.ApplicationContext log
資訊: SessionListener: contextDestroyed()
2009/4/17 上午 09:04:40 org.apache.catalina.core.ApplicationContext log
資訊: ContextListener: contextDestroyed()
2009/4/17 上午 09:05:06 org.apache.catalina.core.ApplicationContext log
資訊: org.apache.webapp.balancer.BalancerFilter: init(): ruleChain: [org.apache.webapp.balancer.RuleChain: [org.apache.webapp.balancer.rules.URLStringMatchRule: Target string: News / Redirect URL: http://www.cnn.com], [org.apache.webapp.balancer.rules.RequestParameterRule: Target param name: paramName / Target param value: paramValue / Redirect URL: http://www.yahoo.com], [org.apache.webapp.balancer.rules.AcceptEverythingRule: Redirect URL: http://jakarta.apache.org]]
2009/4/17 上午 09:06:06 org.apache.catalina.core.ApplicationContext log
資訊: ContextListener: contextInitialized()
2009/4/17 上午 09:06:06 org.apache.catalina.core.ApplicationContext log
資訊: SessionListener: contextInitialized()
2009/4/17 上午 09:06:06 org.apache.catalina.core.ApplicationContext log
資訊: ContextListener: contextInitialized()
2009/4/17 上午 09:06:06 org.apache.catalina.core.ApplicationContext log
資訊: SessionListener: contextInitialized()
2009/4/17 上午 09:08:38 org.apache.catalina.core.ApplicationContext log
資訊: SessionListener: contextDestroyed()
2009/4/17 上午 09:08:38 org.apache.catalina.core.ApplicationContext log
資訊: ContextListener: contextDestroyed()
2009/4/17 上午 09:08:38 org.apache.catalina.core.ApplicationContext log
資訊: SessionListener: contextDestroyed()
2009/4/17 上午 09:08:38 org.apache.catalina.core.ApplicationContext log
資訊: ContextListener: contextDestroyed()
2009/4/17 上午 09:37:01 org.apache.catalina.core.ApplicationContext log
資訊: org.apache.webapp.balancer.BalancerFilter: init(): ruleChain: [org.apache.webapp.balancer.RuleChain: [org.apache.webapp.balancer.rules.URLStringMatchRule: Target string: News / Redirect URL: http://www.cnn.com], [org.apache.webapp.balancer.rules.RequestParameterRule: Target param name: paramName / Target param value: paramValue / Redirect URL: http://www.yahoo.com], [org.apache.webapp.balancer.rules.AcceptEverythingRule: Redirect URL: http://jakarta.apache.org]]
2009/4/17 上午 09:37:53 org.apache.catalina.core.ApplicationContext log
資訊: ContextListener: contextInitialized()
2009/4/17 上午 09:37:53 org.apache.catalina.core.ApplicationContext log
資訊: SessionListener: contextInitialized()
2009/4/17 上午 09:37:53 org.apache.catalina.core.ApplicationContext log
資訊: ContextListener: contextInitialized()
2009/4/17 上午 09:37:53 org.apache.catalina.core.ApplicationContext log
資訊: SessionListener: contextInitialized()
2009/4/17 上午 10:07:42 org.apache.catalina.core.ApplicationContext log
資訊: SessionListener: contextDestroyed()
2009/4/17 上午 10:07:42 org.apache.catalina.core.ApplicationContext log
資訊: ContextListener: contextDestroyed()
2009/4/17 上午 10:07:42 org.apache.catalina.core.ApplicationContext log
資訊: SessionListener: contextDestroyed()
2009/4/17 上午 10:07:42 org.apache.catalina.core.ApplicationContext log
資訊: ContextListener: contextDestroyed()
2009/4/17 上午 10:07:50 org.apache.catalina.core.ApplicationContext log
資訊: org.apache.webapp.balancer.BalancerFilter: init(): ruleChain: [org.apache.webapp.balancer.RuleChain: [org.apache.webapp.balancer.rules.URLStringMatchRule: Target string: News / Redirect URL: http://www.cnn.com], [org.apache.webapp.balancer.rules.RequestParameterRule: Target param name: paramName / Target param value: paramValue / Redirect URL: http://www.yahoo.com], [org.apache.webapp.balancer.rules.AcceptEverythingRule: Redirect URL: http://jakarta.apache.org]]
2009/4/17 上午 10:08:59 org.apache.catalina.core.ApplicationContext log
資訊: ContextListener: contextInitialized()
2009/4/17 上午 10:08:59 org.apache.catalina.core.ApplicationContext log
資訊: SessionListener: contextInitialized()
2009/4/17 上午 10:08:59 org.apache.catalina.core.ApplicationContext log
資訊: ContextListener: contextInitialized()
2009/4/17 上午 10:08:59 org.apache.catalina.core.ApplicationContext log
資訊: SessionListener: contextInitialized()
2009/4/17 下午 02:55:34 org.apache.catalina.core.ApplicationContext log
資訊: SessionListener: contextDestroyed()
2009/4/17 下午 02:55:34 org.apache.catalina.core.ApplicationContext log
資訊: ContextListener: contextDestroyed()
2009/4/17 下午 02:55:34 org.apache.catalina.core.ApplicationContext log
資訊: SessionListener: contextDestroyed()
2009/4/17 下午 02:55:34 org.apache.catalina.core.ApplicationContext log
資訊: ContextListener: contextDestroyed()
2009/4/17 下午 02:56:24 org.apache.catalina.core.ApplicationContext log
資訊: org.apache.webapp.balancer.BalancerFilter: init(): ruleChain: [org.apache.webapp.balancer.RuleChain: [org.apache.webapp.balancer.rules.URLStringMatchRule: Target string: News / Redirect URL: http://www.cnn.com], [org.apache.webapp.balancer.rules.RequestParameterRule: Target param name: paramName / Target param value: paramValue / Redirect URL: http://www.yahoo.com], [org.apache.webapp.balancer.rules.AcceptEverythingRule: Redirect URL: http://jakarta.apache.org]]
2009/4/17 下午 02:57:31 org.apache.catalina.core.ApplicationContext log
資訊: ContextListener: contextInitialized()
2009/4/17 下午 02:57:31 org.apache.catalina.core.ApplicationContext log
資訊: SessionListener: contextInitialized()
2009/4/17 下午 02:57:32 org.apache.catalina.core.ApplicationContext log
資訊: ContextListener: contextInitialized()
2009/4/17 下午 02:57:32 org.apache.catalina.core.ApplicationContext log
資訊: SessionListener: contextInitialized()
2009/4/17 下午 03:00:59 org.apache.catalina.core.ApplicationContext log
資訊: SessionListener: contextDestroyed()
2009/4/17 下午 03:00:59 org.apache.catalina.core.ApplicationContext log
資訊: ContextListener: contextDestroyed()
2009/4/17 下午 03:00:59 org.apache.catalina.core.ApplicationContext log
資訊: SessionListener: contextDestroyed()
2009/4/17 下午 03:00:59 org.apache.catalina.core.ApplicationContext log
資訊: ContextListener: contextDestroyed()
2009/4/17 下午 03:01:08 org.apache.catalina.core.ApplicationContext log
資訊: org.apache.webapp.balancer.BalancerFilter: init(): ruleChain: [org.apache.webapp.balancer.RuleChain: [org.apache.webapp.balancer.rules.URLStringMatchRule: Target string: News / Redirect URL: http://www.cnn.com], [org.apache.webapp.balancer.rules.RequestParameterRule: Target param name: paramName / Target param value: paramValue / Redirect URL: http://www.yahoo.com], [org.apache.webapp.balancer.rules.AcceptEverythingRule: Redirect URL: http://jakarta.apache.org]]
2009/4/17 下午 03:01:58 org.apache.catalina.core.ApplicationContext log
資訊: ContextListener: contextInitialized()
2009/4/17 下午 03:01:58 org.apache.catalina.core.ApplicationContext log
資訊: SessionListener: contextInitialized()
2009/4/17 下午 03:01:59 org.apache.catalina.core.ApplicationContext log
資訊: ContextListener: contextInitialized()
2009/4/17 下午 03:01:59 org.apache.catalina.core.ApplicationContext log
資訊: SessionListener: contextInitialized()
2009/4/17 下午 03:11:15 org.apache.catalina.core.ApplicationContext log
資訊: SessionListener: contextDestroyed()
2009/4/17 下午 03:11:15 org.apache.catalina.core.ApplicationContext log
資訊: ContextListener: contextDestroyed()
2009/4/17 下午 03:11:15 org.apache.catalina.core.ApplicationContext log
資訊: SessionListener: contextDestroyed()
2009/4/17 下午 03:11:15 org.apache.catalina.core.ApplicationContext log
資訊: ContextListener: contextDestroyed()
2009/4/17 下午 03:13:54 org.apache.catalina.core.ApplicationContext log
資訊: org.apache.webapp.balancer.BalancerFilter: init(): ruleChain: [org.apache.webapp.balancer.RuleChain: [org.apache.webapp.balancer.rules.URLStringMatchRule: Target string: News / Redirect URL: http://www.cnn.com], [org.apache.webapp.balancer.rules.RequestParameterRule: Target param name: paramName / Target param value: paramValue / Redirect URL: http://www.yahoo.com], [org.apache.webapp.balancer.rules.AcceptEverythingRule: Redirect URL: http://jakarta.apache.org]]
2009/4/17 下午 03:14:42 org.apache.catalina.core.ApplicationContext log
資訊: ContextListener: contextInitialized()
2009/4/17 下午 03:14:42 org.apache.catalina.core.ApplicationContext log
資訊: SessionListener: contextInitialized()
2009/4/17 下午 03:14:42 org.apache.catalina.core.ApplicationContext log
資訊: ContextListener: contextInitialized()
2009/4/17 下午 03:14:42 org.apache.catalina.core.ApplicationContext log
資訊: SessionListener: contextInitialized()
2009/4/17 下午 03:18:56 org.apache.catalina.core.ApplicationContext log
資訊: SessionListener: contextDestroyed()
2009/4/17 下午 03:18:56 org.apache.catalina.core.ApplicationContext log
資訊: ContextListener: contextDestroyed()
2009/4/17 下午 03:18:56 org.apache.catalina.core.ApplicationContext log
資訊: SessionListener: contextDestroyed()
2009/4/17 下午 03:18:56 org.apache.catalina.core.ApplicationContext log
資訊: ContextListener: contextDestroyed()
2009/4/17 下午 03:19:04 org.apache.catalina.core.ApplicationContext log
資訊: org.apache.webapp.balancer.BalancerFilter: init(): ruleChain: [org.apache.webapp.balancer.RuleChain: [org.apache.webapp.balancer.rules.URLStringMatchRule: Target string: News / Redirect URL: http://www.cnn.com], [org.apache.webapp.balancer.rules.RequestParameterRule: Target param name: paramName / Target param value: paramValue / Redirect URL: http://www.yahoo.com], [org.apache.webapp.balancer.rules.AcceptEverythingRule: Redirect URL: http://jakarta.apache.org]]
2009/4/17 下午 03:19:56 org.apache.catalina.core.ApplicationContext log
資訊: ContextListener: contextInitialized()
2009/4/17 下午 03:19:56 org.apache.catalina.core.ApplicationContext log
資訊: SessionListener: contextInitialized()
2009/4/17 下午 03:19:57 org.apache.catalina.core.ApplicationContext log
資訊: ContextListener: contextInitialized()
2009/4/17 下午 03:19:57 org.apache.catalina.core.ApplicationContext log
資訊: SessionListener: contextInitialized()
2009/4/17 下午 03:47:11 org.apache.catalina.core.ApplicationContext log
資訊: SessionListener: contextDestroyed()
2009/4/17 下午 03:47:11 org.apache.catalina.core.ApplicationContext log
資訊: ContextListener: contextDestroyed()
2009/4/17 下午 03:47:11 org.apache.catalina.core.ApplicationContext log
資訊: SessionListener: contextDestroyed()
2009/4/17 下午 03:47:11 org.apache.catalina.core.ApplicationContext log
資訊: ContextListener: contextDestroyed()
2009/4/17 下午 03:47:20 org.apache.catalina.core.ApplicationContext log
資訊: org.apache.webapp.balancer.BalancerFilter: init(): ruleChain: [org.apache.webapp.balancer.RuleChain: [org.apache.webapp.balancer.rules.URLStringMatchRule: Target string: News / Redirect URL: http://www.cnn.com], [org.apache.webapp.balancer.rules.RequestParameterRule: Target param name: paramName / Target param value: paramValue / Redirect URL: http://www.yahoo.com], [org.apache.webapp.balancer.rules.AcceptEverythingRule: Redirect URL: http://jakarta.apache.org]]
2009/4/17 下午 03:48:14 org.apache.catalina.core.ApplicationContext log
資訊: ContextListener: contextInitialized()
2009/4/17 下午 03:48:14 org.apache.catalina.core.ApplicationContext log
資訊: SessionListener: contextInitialized()
2009/4/17 下午 03:48:15 org.apache.catalina.core.ApplicationContext log
資訊: ContextListener: contextInitialized()
2009/4/17 下午 03:48:15 org.apache.catalina.core.ApplicationContext log
資訊: SessionListener: contextInitialized()
2009/4/17 下午 05:02:44 org.apache.catalina.core.ApplicationContext log
資訊: org.apache.webapp.balancer.BalancerFilter: init(): ruleChain: [org.apache.webapp.balancer.RuleChain: [org.apache.webapp.balancer.rules.URLStringMatchRule: Target string: News / Redirect URL: http://www.cnn.com], [org.apache.webapp.balancer.rules.RequestParameterRule: Target param name: paramName / Target param value: paramValue / Redirect URL: http://www.yahoo.com], [org.apache.webapp.balancer.rules.AcceptEverythingRule: Redirect URL: http://jakarta.apache.org]]
2009/4/17 下午 05:03:41 org.apache.catalina.core.ApplicationContext log
資訊: ContextListener: contextInitialized()
2009/4/17 下午 05:03:41 org.apache.catalina.core.ApplicationContext log
資訊: SessionListener: contextInitialized()
2009/4/17 下午 05:03:42 org.apache.catalina.core.ApplicationContext log
資訊: ContextListener: contextInitialized()
2009/4/17 下午 05:03:42 org.apache.catalina.core.ApplicationContext log
資訊: SessionListener: contextInitialized()
2009/4/17 下午 05:39:14 org.apache.catalina.core.ApplicationContext log
資訊: SessionListener: contextDestroyed()
2009/4/17 下午 05:39:14 org.apache.catalina.core.ApplicationContext log
資訊: ContextListener: contextDestroyed()
2009/4/17 下午 05:39:14 org.apache.catalina.core.ApplicationContext log
資訊: SessionListener: contextDestroyed()
2009/4/17 下午 05:39:14 org.apache.catalina.core.ApplicationContext log
資訊: ContextListener: contextDestroyed()
2009/4/17 下午 05:39:26 org.apache.catalina.core.ApplicationContext log
資訊: org.apache.webapp.balancer.BalancerFilter: init(): ruleChain: [org.apache.webapp.balancer.RuleChain: [org.apache.webapp.balancer.rules.URLStringMatchRule: Target string: News / Redirect URL: http://www.cnn.com], [org.apache.webapp.balancer.rules.RequestParameterRule: Target param name: paramName / Target param value: paramValue / Redirect URL: http://www.yahoo.com], [org.apache.webapp.balancer.rules.AcceptEverythingRule: Redirect URL: http://jakarta.apache.org]]
2009/4/17 下午 05:40:23 org.apache.catalina.core.ApplicationContext log
資訊: ContextListener: contextInitialized()
2009/4/17 下午 05:40:23 org.apache.catalina.core.ApplicationContext log
資訊: SessionListener: contextInitialized()
2009/4/17 下午 05:40:24 org.apache.catalina.core.ApplicationContext log
資訊: ContextListener: contextInitialized()
2009/4/17 下午 05:40:24 org.apache.catalina.core.ApplicationContext log
資訊: SessionListener: contextInitialized()
2009/4/17 下午 05:45:03 org.apache.catalina.core.ApplicationContext log
資訊: SessionListener: contextDestroyed()
2009/4/17 下午 05:45:03 org.apache.catalina.core.ApplicationContext log
資訊: ContextListener: contextDestroyed()
2009/4/17 下午 05:45:03 org.apache.catalina.core.ApplicationContext log
資訊: SessionListener: contextDestroyed()
2009/4/17 下午 05:45:03 org.apache.catalina.core.ApplicationContext log
資訊: ContextListener: contextDestroyed()
