2009/4/15 上午 09:54:33 org.apache.catalina.core.AprLifecycleListener lifecycleEvent
資訊: The Apache Tomcat Native library which allows optimal performance in production environments was not found on the java.library.path: d:\Java\jdk1.5.0_16\bin;.;C:\WINDOWS\system32;C:\WINDOWS;D:\java\apache-ant-1.7.1\bin;D:\Adobe\AIR_SDK\bin;d:\oracle\product\10.2.0\db_1\bin;d:\Java\jdk1.5.0_16\bin;C:\Perl\site\bin;C:\Perl\bin;E:\oracle\product\10.2.0\db_1\bin;d:\Java\jdk1.5.0_16\bin;D:\java\apache-ant-1.7.1\bin;D:\java\maven-2.0.6\bin;C:\WINDOWS\system32;C:\WINDOWS;C:\WINDOWS\System32\Wbem;C:\Program Files\ATI Technologies\ATI Control Panel;C:\Program Files\Microsoft SQL Server\90\Tools\binn\;C:\Program Files\VoiceAge\Common;C:\Program Files\QuickTime\QTSystem\
2009/4/15 上午 09:54:33 org.apache.coyote.http11.Http11BaseProtocol init
資訊: Initializing Coyote HTTP/1.1 on http-8080
2009/4/15 上午 09:54:33 org.apache.catalina.startup.Catalina load
資訊: Initialization processed in 2000 ms
2009/4/15 上午 09:54:33 org.apache.catalina.core.StandardService start
資訊: Starting service Catalina
2009/4/15 上午 09:54:33 org.apache.catalina.core.StandardEngine start
資訊: Starting Servlet Engine: Apache Tomcat/5.5.27
2009/4/15 上午 09:54:33 org.apache.catalina.core.StandardHost start
資訊: XML validation disabled
2009/4/15 上午 09:55:33 org.apache.coyote.http11.Http11BaseProtocol start
資訊: Starting Coyote HTTP/1.1 on http-8080
2009/4/15 上午 09:55:33 org.apache.jk.common.ChannelSocket init
資訊: JK: ajp13 listening on /0.0.0.0:8009
2009/4/15 上午 09:55:33 org.apache.jk.server.JkMain start
資訊: Jk running ID=0 time=0/47  config=null
2009/4/15 上午 09:55:33 org.apache.catalina.storeconfig.StoreLoader load
資訊: Find registry server-registry.xml at classpath resource
2009/4/15 上午 09:55:34 org.apache.catalina.startup.Catalina start
資訊: Server startup in 60625 ms
2009/4/15 上午 10:03:45 org.apache.catalina.core.AprLifecycleListener lifecycleEvent
資訊: The Apache Tomcat Native library which allows optimal performance in production environments was not found on the java.library.path: d:\Java\jdk1.5.0_16\bin;.;C:\WINDOWS\system32;C:\WINDOWS;D:\java\apache-ant-1.7.1\bin;D:\Adobe\AIR_SDK\bin;d:\oracle\product\10.2.0\db_1\bin;d:\Java\jdk1.5.0_16\bin;C:\Perl\site\bin;C:\Perl\bin;E:\oracle\product\10.2.0\db_1\bin;d:\Java\jdk1.5.0_16\bin;D:\java\apache-ant-1.7.1\bin;D:\java\maven-2.0.6\bin;C:\WINDOWS\system32;C:\WINDOWS;C:\WINDOWS\System32\Wbem;C:\Program Files\ATI Technologies\ATI Control Panel;C:\Program Files\Microsoft SQL Server\90\Tools\binn\;C:\Program Files\VoiceAge\Common;C:\Program Files\QuickTime\QTSystem\
2009/4/15 上午 10:03:45 org.apache.coyote.http11.Http11BaseProtocol init
資訊: Initializing Coyote HTTP/1.1 on http-8080
2009/4/15 上午 10:03:45 org.apache.catalina.startup.Catalina load
資訊: Initialization processed in 1750 ms
2009/4/15 上午 10:03:46 org.apache.catalina.core.StandardService start
資訊: Starting service Catalina
2009/4/15 上午 10:03:46 org.apache.catalina.core.StandardEngine start
資訊: Starting Servlet Engine: Apache Tomcat/5.5.27
2009/4/15 上午 10:03:46 org.apache.catalina.core.StandardHost start
資訊: XML validation disabled
2009/4/15 上午 10:04:48 org.apache.coyote.http11.Http11BaseProtocol start
資訊: Starting Coyote HTTP/1.1 on http-8080
2009/4/15 上午 10:04:49 org.apache.jk.common.ChannelSocket init
資訊: JK: ajp13 listening on /0.0.0.0:8009
2009/4/15 上午 10:04:49 org.apache.jk.server.JkMain start
資訊: Jk running ID=0 time=0/62  config=null
2009/4/15 上午 10:04:49 org.apache.catalina.storeconfig.StoreLoader load
資訊: Find registry server-registry.xml at classpath resource
2009/4/15 上午 10:04:49 org.apache.catalina.startup.Catalina start
資訊: Server startup in 64172 ms
2009/4/15 上午 11:14:41 org.apache.coyote.http11.Http11BaseProtocol pause
資訊: Pausing Coyote HTTP/1.1 on http-8080
2009/4/15 上午 11:14:42 org.apache.catalina.core.StandardService stop
資訊: Stopping service Catalina
2009/4/15 上午 11:14:43 org.apache.catalina.core.StandardWrapper unload
資訊: Waiting for 1 instance(s) to be deallocated
2009/4/15 上午 11:15:10 org.apache.catalina.core.AprLifecycleListener lifecycleEvent
資訊: The Apache Tomcat Native library which allows optimal performance in production environments was not found on the java.library.path: d:\Java\jdk1.5.0_16\bin;.;C:\WINDOWS\system32;C:\WINDOWS;D:\java\apache-ant-1.7.1\bin;D:\Adobe\AIR_SDK\bin;d:\oracle\product\10.2.0\db_1\bin;d:\Java\jdk1.5.0_16\bin;C:\Perl\site\bin;C:\Perl\bin;E:\oracle\product\10.2.0\db_1\bin;d:\Java\jdk1.5.0_16\bin;D:\java\apache-ant-1.7.1\bin;D:\java\maven-2.0.6\bin;C:\WINDOWS\system32;C:\WINDOWS;C:\WINDOWS\System32\Wbem;C:\Program Files\ATI Technologies\ATI Control Panel;C:\Program Files\Microsoft SQL Server\90\Tools\binn\;C:\Program Files\VoiceAge\Common;C:\Program Files\QuickTime\QTSystem\
2009/4/15 上午 11:15:10 org.apache.coyote.http11.Http11BaseProtocol init
資訊: Initializing Coyote HTTP/1.1 on http-8080
2009/4/15 上午 11:15:10 org.apache.catalina.startup.Catalina load
資訊: Initialization processed in 1921 ms
2009/4/15 上午 11:15:10 org.apache.catalina.core.StandardService start
資訊: Starting service Catalina
2009/4/15 上午 11:15:10 org.apache.catalina.core.StandardEngine start
資訊: Starting Servlet Engine: Apache Tomcat/5.5.27
2009/4/15 上午 11:15:10 org.apache.catalina.core.StandardHost start
資訊: XML validation disabled
2009/4/15 上午 11:16:17 org.apache.coyote.http11.Http11BaseProtocol start
資訊: Starting Coyote HTTP/1.1 on http-8080
2009/4/15 上午 11:16:18 org.apache.jk.common.ChannelSocket init
資訊: JK: ajp13 listening on /0.0.0.0:8009
2009/4/15 上午 11:16:18 org.apache.jk.server.JkMain start
資訊: Jk running ID=0 time=0/31  config=null
2009/4/15 上午 11:16:18 org.apache.catalina.storeconfig.StoreLoader load
資訊: Find registry server-registry.xml at classpath resource
2009/4/15 上午 11:16:18 org.apache.catalina.startup.Catalina start
資訊: Server startup in 67704 ms
2009/4/15 下午 01:33:21 org.apache.coyote.http11.Http11BaseProtocol pause
資訊: Pausing Coyote HTTP/1.1 on http-8080
2009/4/15 下午 01:33:22 org.apache.catalina.core.StandardService stop
資訊: Stopping service Catalina
2009/4/15 下午 01:33:22 org.apache.catalina.core.StandardWrapper unload
資訊: Waiting for 1 instance(s) to be deallocated
2009/4/15 下午 01:33:53 org.apache.catalina.core.AprLifecycleListener lifecycleEvent
資訊: The Apache Tomcat Native library which allows optimal performance in production environments was not found on the java.library.path: d:\Java\jdk1.5.0_16\bin;.;C:\WINDOWS\system32;C:\WINDOWS;D:\java\apache-ant-1.7.1\bin;D:\Adobe\AIR_SDK\bin;d:\oracle\product\10.2.0\db_1\bin;d:\Java\jdk1.5.0_16\bin;C:\Perl\site\bin;C:\Perl\bin;E:\oracle\product\10.2.0\db_1\bin;d:\Java\jdk1.5.0_16\bin;D:\java\apache-ant-1.7.1\bin;D:\java\maven-2.0.6\bin;C:\WINDOWS\system32;C:\WINDOWS;C:\WINDOWS\System32\Wbem;C:\Program Files\ATI Technologies\ATI Control Panel;C:\Program Files\Microsoft SQL Server\90\Tools\binn\;C:\Program Files\VoiceAge\Common;C:\Program Files\QuickTime\QTSystem\
2009/4/15 下午 01:33:53 org.apache.coyote.http11.Http11BaseProtocol init
資訊: Initializing Coyote HTTP/1.1 on http-8080
2009/4/15 下午 01:33:53 org.apache.catalina.startup.Catalina load
資訊: Initialization processed in 1484 ms
2009/4/15 下午 01:33:53 org.apache.catalina.core.StandardService start
資訊: Starting service Catalina
2009/4/15 下午 01:33:54 org.apache.catalina.core.StandardEngine start
資訊: Starting Servlet Engine: Apache Tomcat/5.5.27
2009/4/15 下午 01:33:54 org.apache.catalina.core.StandardHost start
資訊: XML validation disabled
2009/4/15 下午 01:34:53 org.apache.coyote.http11.Http11BaseProtocol start
資訊: Starting Coyote HTTP/1.1 on http-8080
2009/4/15 下午 01:34:54 org.apache.jk.common.ChannelSocket init
資訊: JK: ajp13 listening on /0.0.0.0:8009
2009/4/15 下午 01:34:54 org.apache.jk.server.JkMain start
資訊: Jk running ID=0 time=0/31  config=null
2009/4/15 下午 01:34:54 org.apache.catalina.storeconfig.StoreLoader load
資訊: Find registry server-registry.xml at classpath resource
2009/4/15 下午 01:34:54 org.apache.catalina.startup.Catalina start
資訊: Server startup in 60841 ms
2009/4/15 下午 01:48:01 org.apache.coyote.http11.Http11BaseProtocol pause
資訊: Pausing Coyote HTTP/1.1 on http-8080
2009/4/15 下午 01:48:02 org.apache.catalina.core.StandardService stop
資訊: Stopping service Catalina
2009/4/15 下午 01:48:06 org.apache.catalina.core.AprLifecycleListener lifecycleEvent
資訊: The Apache Tomcat Native library which allows optimal performance in production environments was not found on the java.library.path: d:\Java\jdk1.5.0_16\bin;.;C:\WINDOWS\system32;C:\WINDOWS;D:\java\apache-ant-1.7.1\bin;D:\Adobe\AIR_SDK\bin;d:\oracle\product\10.2.0\db_1\bin;d:\Java\jdk1.5.0_16\bin;C:\Perl\site\bin;C:\Perl\bin;E:\oracle\product\10.2.0\db_1\bin;d:\Java\jdk1.5.0_16\bin;D:\java\apache-ant-1.7.1\bin;D:\java\maven-2.0.6\bin;C:\WINDOWS\system32;C:\WINDOWS;C:\WINDOWS\System32\Wbem;C:\Program Files\ATI Technologies\ATI Control Panel;C:\Program Files\Microsoft SQL Server\90\Tools\binn\;C:\Program Files\VoiceAge\Common;C:\Program Files\QuickTime\QTSystem\
2009/4/15 下午 01:48:06 org.apache.coyote.http11.Http11BaseProtocol init
資訊: Initializing Coyote HTTP/1.1 on http-8080
2009/4/15 下午 01:48:06 org.apache.catalina.startup.Catalina load
資訊: Initialization processed in 1515 ms
2009/4/15 下午 01:48:06 org.apache.catalina.core.StandardService start
資訊: Starting service Catalina
2009/4/15 下午 01:48:07 org.apache.catalina.core.StandardEngine start
資訊: Starting Servlet Engine: Apache Tomcat/5.5.27
2009/4/15 下午 01:48:07 org.apache.catalina.core.StandardHost start
資訊: XML validation disabled
2009/4/15 下午 01:49:00 org.apache.coyote.http11.Http11BaseProtocol start
資訊: Starting Coyote HTTP/1.1 on http-8080
2009/4/15 下午 01:49:01 org.apache.jk.common.ChannelSocket init
資訊: JK: ajp13 listening on /0.0.0.0:8009
2009/4/15 下午 01:49:01 org.apache.jk.server.JkMain start
資訊: Jk running ID=0 time=0/62  config=null
2009/4/15 下午 01:49:01 org.apache.catalina.storeconfig.StoreLoader load
資訊: Find registry server-registry.xml at classpath resource
2009/4/15 下午 01:49:01 org.apache.catalina.startup.Catalina start
資訊: Server startup in 54969 ms
2009/4/15 下午 01:50:29 org.apache.coyote.http11.Http11BaseProtocol pause
資訊: Pausing Coyote HTTP/1.1 on http-8080
2009/4/15 下午 01:50:30 org.apache.catalina.core.StandardService stop
資訊: Stopping service Catalina
2009/4/15 下午 01:51:03 org.apache.catalina.core.AprLifecycleListener lifecycleEvent
資訊: The Apache Tomcat Native library which allows optimal performance in production environments was not found on the java.library.path: d:\Java\jdk1.5.0_16\bin;.;C:\WINDOWS\system32;C:\WINDOWS;D:\java\apache-ant-1.7.1\bin;D:\Adobe\AIR_SDK\bin;d:\oracle\product\10.2.0\db_1\bin;d:\Java\jdk1.5.0_16\bin;C:\Perl\site\bin;C:\Perl\bin;E:\oracle\product\10.2.0\db_1\bin;d:\Java\jdk1.5.0_16\bin;D:\java\apache-ant-1.7.1\bin;D:\java\maven-2.0.6\bin;C:\WINDOWS\system32;C:\WINDOWS;C:\WINDOWS\System32\Wbem;C:\Program Files\ATI Technologies\ATI Control Panel;C:\Program Files\Microsoft SQL Server\90\Tools\binn\;C:\Program Files\VoiceAge\Common;C:\Program Files\QuickTime\QTSystem\
2009/4/15 下午 01:51:03 org.apache.coyote.http11.Http11BaseProtocol init
資訊: Initializing Coyote HTTP/1.1 on http-8080
2009/4/15 下午 01:51:03 org.apache.catalina.startup.Catalina load
資訊: Initialization processed in 1594 ms
2009/4/15 下午 01:51:03 org.apache.catalina.core.StandardService start
資訊: Starting service Catalina
2009/4/15 下午 01:51:03 org.apache.catalina.core.StandardEngine start
資訊: Starting Servlet Engine: Apache Tomcat/5.5.27
2009/4/15 下午 01:51:04 org.apache.catalina.core.StandardHost start
資訊: XML validation disabled
2009/4/15 下午 01:52:01 org.apache.coyote.http11.Http11BaseProtocol start
資訊: Starting Coyote HTTP/1.1 on http-8080
2009/4/15 下午 01:52:02 org.apache.jk.common.ChannelSocket init
資訊: JK: ajp13 listening on /0.0.0.0:8009
2009/4/15 下午 01:52:02 org.apache.jk.server.JkMain start
資訊: Jk running ID=0 time=0/110  config=null
2009/4/15 下午 01:52:02 org.apache.catalina.storeconfig.StoreLoader load
資訊: Find registry server-registry.xml at classpath resource
2009/4/15 下午 01:52:02 org.apache.catalina.startup.Catalina start
資訊: Server startup in 59187 ms
2009/4/15 下午 02:09:38 org.apache.coyote.http11.Http11BaseProtocol pause
資訊: Pausing Coyote HTTP/1.1 on http-8080
2009/4/15 下午 02:09:39 org.apache.catalina.core.StandardService stop
資訊: Stopping service Catalina
2009/4/15 下午 02:09:39 org.apache.catalina.core.StandardWrapper unload
資訊: Waiting for 2 instance(s) to be deallocated
2009/4/15 下午 02:09:43 org.apache.catalina.core.AprLifecycleListener lifecycleEvent
資訊: The Apache Tomcat Native library which allows optimal performance in production environments was not found on the java.library.path: d:\Java\jdk1.5.0_16\bin;.;C:\WINDOWS\system32;C:\WINDOWS;D:\java\apache-ant-1.7.1\bin;D:\Adobe\AIR_SDK\bin;d:\oracle\product\10.2.0\db_1\bin;d:\Java\jdk1.5.0_16\bin;C:\Perl\site\bin;C:\Perl\bin;E:\oracle\product\10.2.0\db_1\bin;d:\Java\jdk1.5.0_16\bin;D:\java\apache-ant-1.7.1\bin;D:\java\maven-2.0.6\bin;C:\WINDOWS\system32;C:\WINDOWS;C:\WINDOWS\System32\Wbem;C:\Program Files\ATI Technologies\ATI Control Panel;C:\Program Files\Microsoft SQL Server\90\Tools\binn\;C:\Program Files\VoiceAge\Common;C:\Program Files\QuickTime\QTSystem\
2009/4/15 下午 02:09:44 org.apache.coyote.http11.Http11BaseProtocol init
資訊: Initializing Coyote HTTP/1.1 on http-8080
2009/4/15 下午 02:09:44 org.apache.catalina.startup.Catalina load
資訊: Initialization processed in 1766 ms
2009/4/15 下午 02:09:44 org.apache.catalina.core.StandardService start
資訊: Starting service Catalina
2009/4/15 下午 02:09:44 org.apache.catalina.core.StandardEngine start
資訊: Starting Servlet Engine: Apache Tomcat/5.5.27
2009/4/15 下午 02:09:44 org.apache.catalina.core.StandardHost start
資訊: XML validation disabled
2009/4/15 下午 02:10:46 org.apache.coyote.http11.Http11BaseProtocol start
資訊: Starting Coyote HTTP/1.1 on http-8080
2009/4/15 下午 02:10:47 org.apache.jk.common.ChannelSocket init
資訊: JK: ajp13 listening on /0.0.0.0:8009
2009/4/15 下午 02:10:47 org.apache.jk.server.JkMain start
資訊: Jk running ID=0 time=0/62  config=null
2009/4/15 下午 02:10:47 org.apache.catalina.storeconfig.StoreLoader load
資訊: Find registry server-registry.xml at classpath resource
2009/4/15 下午 02:10:47 org.apache.catalina.startup.Catalina start
資訊: Server startup in 63249 ms
2009/4/15 下午 02:13:34 org.apache.coyote.http11.Http11BaseProtocol pause
資訊: Pausing Coyote HTTP/1.1 on http-8080
2009/4/15 下午 02:13:35 org.apache.catalina.core.StandardService stop
資訊: Stopping service Catalina
2009/4/15 下午 02:13:35 org.apache.catalina.core.StandardWrapper unload
資訊: Waiting for 2 instance(s) to be deallocated
2009/4/15 下午 02:13:36 org.apache.catalina.core.StandardWrapper unload
資訊: Waiting for 2 instance(s) to be deallocated
2009/4/15 下午 02:13:39 org.apache.catalina.core.AprLifecycleListener lifecycleEvent
資訊: The Apache Tomcat Native library which allows optimal performance in production environments was not found on the java.library.path: d:\Java\jdk1.5.0_16\bin;.;C:\WINDOWS\system32;C:\WINDOWS;D:\java\apache-ant-1.7.1\bin;D:\Adobe\AIR_SDK\bin;d:\oracle\product\10.2.0\db_1\bin;d:\Java\jdk1.5.0_16\bin;C:\Perl\site\bin;C:\Perl\bin;E:\oracle\product\10.2.0\db_1\bin;d:\Java\jdk1.5.0_16\bin;D:\java\apache-ant-1.7.1\bin;D:\java\maven-2.0.6\bin;C:\WINDOWS\system32;C:\WINDOWS;C:\WINDOWS\System32\Wbem;C:\Program Files\ATI Technologies\ATI Control Panel;C:\Program Files\Microsoft SQL Server\90\Tools\binn\;C:\Program Files\VoiceAge\Common;C:\Program Files\QuickTime\QTSystem\
2009/4/15 下午 02:13:40 org.apache.coyote.http11.Http11BaseProtocol init
資訊: Initializing Coyote HTTP/1.1 on http-8080
2009/4/15 下午 02:13:40 org.apache.catalina.startup.Catalina load
資訊: Initialization processed in 1610 ms
2009/4/15 下午 02:13:40 org.apache.catalina.core.StandardService start
資訊: Starting service Catalina
2009/4/15 下午 02:13:40 org.apache.catalina.core.StandardEngine start
資訊: Starting Servlet Engine: Apache Tomcat/5.5.27
2009/4/15 下午 02:13:40 org.apache.catalina.core.StandardHost start
資訊: XML validation disabled
2009/4/15 下午 02:14:37 org.apache.coyote.http11.Http11BaseProtocol start
資訊: Starting Coyote HTTP/1.1 on http-8080
2009/4/15 下午 02:14:37 org.apache.jk.common.ChannelSocket init
資訊: JK: ajp13 listening on /0.0.0.0:8009
2009/4/15 下午 02:14:37 org.apache.jk.server.JkMain start
資訊: Jk running ID=0 time=0/156  config=null
2009/4/15 下午 02:14:37 org.apache.catalina.storeconfig.StoreLoader load
資訊: Find registry server-registry.xml at classpath resource
2009/4/15 下午 02:14:37 org.apache.catalina.startup.Catalina start
資訊: Server startup in 57796 ms
2009/4/15 下午 02:16:38 org.apache.coyote.http11.Http11BaseProtocol pause
資訊: Pausing Coyote HTTP/1.1 on http-8080
2009/4/15 下午 02:16:39 org.apache.catalina.core.StandardService stop
資訊: Stopping service Catalina
2009/4/15 下午 02:16:43 org.apache.catalina.core.AprLifecycleListener lifecycleEvent
資訊: The Apache Tomcat Native library which allows optimal performance in production environments was not found on the java.library.path: d:\Java\jdk1.5.0_16\bin;.;C:\WINDOWS\system32;C:\WINDOWS;D:\java\apache-ant-1.7.1\bin;D:\Adobe\AIR_SDK\bin;d:\oracle\product\10.2.0\db_1\bin;d:\Java\jdk1.5.0_16\bin;C:\Perl\site\bin;C:\Perl\bin;E:\oracle\product\10.2.0\db_1\bin;d:\Java\jdk1.5.0_16\bin;D:\java\apache-ant-1.7.1\bin;D:\java\maven-2.0.6\bin;C:\WINDOWS\system32;C:\WINDOWS;C:\WINDOWS\System32\Wbem;C:\Program Files\ATI Technologies\ATI Control Panel;C:\Program Files\Microsoft SQL Server\90\Tools\binn\;C:\Program Files\VoiceAge\Common;C:\Program Files\QuickTime\QTSystem\
2009/4/15 下午 02:16:44 org.apache.coyote.http11.Http11BaseProtocol init
資訊: Initializing Coyote HTTP/1.1 on http-8080
2009/4/15 下午 02:16:44 org.apache.catalina.startup.Catalina load
資訊: Initialization processed in 1454 ms
2009/4/15 下午 02:16:44 org.apache.catalina.core.StandardService start
資訊: Starting service Catalina
2009/4/15 下午 02:16:44 org.apache.catalina.core.StandardEngine start
資訊: Starting Servlet Engine: Apache Tomcat/5.5.27
2009/4/15 下午 02:16:44 org.apache.catalina.core.StandardHost start
資訊: XML validation disabled
2009/4/15 下午 02:17:41 org.apache.coyote.http11.Http11BaseProtocol start
資訊: Starting Coyote HTTP/1.1 on http-8080
2009/4/15 下午 02:17:42 org.apache.jk.common.ChannelSocket init
資訊: JK: ajp13 listening on /0.0.0.0:8009
2009/4/15 下午 02:17:42 org.apache.jk.server.JkMain start
資訊: Jk running ID=0 time=0/188  config=null
2009/4/15 下午 02:17:42 org.apache.catalina.storeconfig.StoreLoader load
資訊: Find registry server-registry.xml at classpath resource
2009/4/15 下午 02:17:42 org.apache.catalina.startup.Catalina start
資訊: Server startup in 58780 ms
2009/4/15 下午 02:21:01 org.apache.coyote.http11.Http11BaseProtocol pause
資訊: Pausing Coyote HTTP/1.1 on http-8080
2009/4/15 下午 02:21:02 org.apache.catalina.core.StandardService stop
資訊: Stopping service Catalina
2009/4/15 下午 02:21:20 org.apache.catalina.core.AprLifecycleListener lifecycleEvent
資訊: The Apache Tomcat Native library which allows optimal performance in production environments was not found on the java.library.path: d:\Java\jdk1.5.0_16\bin;.;C:\WINDOWS\system32;C:\WINDOWS;D:\java\apache-ant-1.7.1\bin;D:\Adobe\AIR_SDK\bin;d:\oracle\product\10.2.0\db_1\bin;d:\Java\jdk1.5.0_16\bin;C:\Perl\site\bin;C:\Perl\bin;E:\oracle\product\10.2.0\db_1\bin;d:\Java\jdk1.5.0_16\bin;D:\java\apache-ant-1.7.1\bin;D:\java\maven-2.0.6\bin;C:\WINDOWS\system32;C:\WINDOWS;C:\WINDOWS\System32\Wbem;C:\Program Files\ATI Technologies\ATI Control Panel;C:\Program Files\Microsoft SQL Server\90\Tools\binn\;C:\Program Files\VoiceAge\Common;C:\Program Files\QuickTime\QTSystem\
2009/4/15 下午 02:21:21 org.apache.coyote.http11.Http11BaseProtocol init
資訊: Initializing Coyote HTTP/1.1 on http-8080
2009/4/15 下午 02:21:21 org.apache.catalina.startup.Catalina load
資訊: Initialization processed in 1500 ms
2009/4/15 下午 02:21:21 org.apache.catalina.core.StandardService start
資訊: Starting service Catalina
2009/4/15 下午 02:21:21 org.apache.catalina.core.StandardEngine start
資訊: Starting Servlet Engine: Apache Tomcat/5.5.27
2009/4/15 下午 02:21:21 org.apache.catalina.core.StandardHost start
資訊: XML validation disabled
2009/4/15 下午 02:22:13 org.apache.coyote.http11.Http11BaseProtocol start
資訊: Starting Coyote HTTP/1.1 on http-8080
2009/4/15 下午 02:22:14 org.apache.jk.common.ChannelSocket init
資訊: JK: ajp13 listening on /0.0.0.0:8009
2009/4/15 下午 02:22:14 org.apache.jk.server.JkMain start
資訊: Jk running ID=0 time=0/156  config=null
2009/4/15 下午 02:22:14 org.apache.catalina.storeconfig.StoreLoader load
資訊: Find registry server-registry.xml at classpath resource
2009/4/15 下午 02:22:14 org.apache.catalina.startup.Catalina start
資訊: Server startup in 53609 ms
2009/4/15 下午 02:30:45 org.apache.coyote.http11.Http11BaseProtocol pause
資訊: Pausing Coyote HTTP/1.1 on http-8080
2009/4/15 下午 02:30:46 org.apache.catalina.core.StandardService stop
資訊: Stopping service Catalina
2009/4/15 下午 02:30:47 org.apache.catalina.core.StandardWrapper unload
資訊: Waiting for 2 instance(s) to be deallocated
2009/4/15 下午 02:30:48 org.apache.catalina.core.StandardWrapper unload
資訊: Waiting for 2 instance(s) to be deallocated
2009/4/15 下午 02:30:55 org.apache.catalina.core.AprLifecycleListener lifecycleEvent
資訊: The Apache Tomcat Native library which allows optimal performance in production environments was not found on the java.library.path: d:\Java\jdk1.5.0_16\bin;.;C:\WINDOWS\system32;C:\WINDOWS;D:\java\apache-ant-1.7.1\bin;D:\Adobe\AIR_SDK\bin;d:\oracle\product\10.2.0\db_1\bin;d:\Java\jdk1.5.0_16\bin;C:\Perl\site\bin;C:\Perl\bin;E:\oracle\product\10.2.0\db_1\bin;d:\Java\jdk1.5.0_16\bin;D:\java\apache-ant-1.7.1\bin;D:\java\maven-2.0.6\bin;C:\WINDOWS\system32;C:\WINDOWS;C:\WINDOWS\System32\Wbem;C:\Program Files\ATI Technologies\ATI Control Panel;C:\Program Files\Microsoft SQL Server\90\Tools\binn\;C:\Program Files\VoiceAge\Common;C:\Program Files\QuickTime\QTSystem\
2009/4/15 下午 02:30:55 org.apache.coyote.http11.Http11BaseProtocol init
資訊: Initializing Coyote HTTP/1.1 on http-8080
2009/4/15 下午 02:30:55 org.apache.catalina.startup.Catalina load
資訊: Initialization processed in 2125 ms
2009/4/15 下午 02:30:56 org.apache.catalina.core.StandardService start
資訊: Starting service Catalina
2009/4/15 下午 02:30:56 org.apache.catalina.core.StandardEngine start
資訊: Starting Servlet Engine: Apache Tomcat/5.5.27
2009/4/15 下午 02:30:56 org.apache.catalina.core.StandardHost start
資訊: XML validation disabled
2009/4/15 下午 02:31:49 org.apache.coyote.http11.Http11BaseProtocol start
資訊: Starting Coyote HTTP/1.1 on http-8080
2009/4/15 下午 02:31:50 org.apache.jk.common.ChannelSocket init
資訊: JK: ajp13 listening on /0.0.0.0:8009
2009/4/15 下午 02:31:50 org.apache.jk.server.JkMain start
資訊: Jk running ID=0 time=0/47  config=null
2009/4/15 下午 02:31:50 org.apache.catalina.storeconfig.StoreLoader load
資訊: Find registry server-registry.xml at classpath resource
2009/4/15 下午 02:31:51 org.apache.catalina.startup.Catalina start
資訊: Server startup in 55062 ms
2009/4/15 下午 02:32:46 org.apache.coyote.http11.Http11BaseProtocol pause
資訊: Pausing Coyote HTTP/1.1 on http-8080
2009/4/15 下午 02:32:47 org.apache.catalina.core.StandardService stop
資訊: Stopping service Catalina
2009/4/15 下午 02:32:59 org.apache.catalina.core.AprLifecycleListener lifecycleEvent
資訊: The Apache Tomcat Native library which allows optimal performance in production environments was not found on the java.library.path: d:\Java\jdk1.5.0_16\bin;.;C:\WINDOWS\system32;C:\WINDOWS;D:\java\apache-ant-1.7.1\bin;D:\Adobe\AIR_SDK\bin;d:\oracle\product\10.2.0\db_1\bin;d:\Java\jdk1.5.0_16\bin;C:\Perl\site\bin;C:\Perl\bin;E:\oracle\product\10.2.0\db_1\bin;d:\Java\jdk1.5.0_16\bin;D:\java\apache-ant-1.7.1\bin;D:\java\maven-2.0.6\bin;C:\WINDOWS\system32;C:\WINDOWS;C:\WINDOWS\System32\Wbem;C:\Program Files\ATI Technologies\ATI Control Panel;C:\Program Files\Microsoft SQL Server\90\Tools\binn\;C:\Program Files\VoiceAge\Common;C:\Program Files\QuickTime\QTSystem\
2009/4/15 下午 02:32:59 org.apache.coyote.http11.Http11BaseProtocol init
資訊: Initializing Coyote HTTP/1.1 on http-8080
2009/4/15 下午 02:32:59 org.apache.catalina.startup.Catalina load
資訊: Initialization processed in 1579 ms
2009/4/15 下午 02:32:59 org.apache.catalina.core.StandardService start
資訊: Starting service Catalina
2009/4/15 下午 02:32:59 org.apache.catalina.core.StandardEngine start
資訊: Starting Servlet Engine: Apache Tomcat/5.5.27
2009/4/15 下午 02:32:59 org.apache.catalina.core.StandardHost start
資訊: XML validation disabled
2009/4/15 下午 02:33:43 org.apache.coyote.http11.Http11BaseProtocol start
資訊: Starting Coyote HTTP/1.1 on http-8080
2009/4/15 下午 02:33:43 org.apache.jk.common.ChannelSocket init
資訊: JK: ajp13 listening on /0.0.0.0:8009
2009/4/15 下午 02:33:43 org.apache.jk.server.JkMain start
資訊: Jk running ID=0 time=0/47  config=null
2009/4/15 下午 02:33:44 org.apache.catalina.storeconfig.StoreLoader load
資訊: Find registry server-registry.xml at classpath resource
2009/4/15 下午 02:33:44 org.apache.catalina.startup.Catalina start
資訊: Server startup in 45296 ms
2009/4/15 下午 04:30:52 org.apache.coyote.http11.Http11BaseProtocol pause
資訊: Pausing Coyote HTTP/1.1 on http-8080
2009/4/15 下午 04:30:53 org.apache.catalina.core.StandardService stop
資訊: Stopping service Catalina
2009/4/15 下午 04:31:00 org.apache.coyote.http11.Http11BaseProtocol destroy
資訊: Stopping Coyote HTTP/1.1 on http-8080
2009/4/15 下午 04:31:00 org.apache.catalina.core.AprLifecycleListener lifecycleEvent
資訊: Failed shutdown of Apache Portable Runtime
2009/4/15 下午 04:31:05 org.apache.catalina.core.AprLifecycleListener lifecycleEvent
資訊: The Apache Tomcat Native library which allows optimal performance in production environments was not found on the java.library.path: d:\Java\jdk1.5.0_16\bin;.;C:\WINDOWS\system32;C:\WINDOWS;D:\java\apache-ant-1.7.1\bin;D:\Adobe\AIR_SDK\bin;d:\oracle\product\10.2.0\db_1\bin;d:\Java\jdk1.5.0_16\bin;C:\Perl\site\bin;C:\Perl\bin;E:\oracle\product\10.2.0\db_1\bin;d:\Java\jdk1.5.0_16\bin;D:\java\apache-ant-1.7.1\bin;D:\java\maven-2.0.6\bin;C:\WINDOWS\system32;C:\WINDOWS;C:\WINDOWS\System32\Wbem;C:\Program Files\ATI Technologies\ATI Control Panel;C:\Program Files\Microsoft SQL Server\90\Tools\binn\;C:\Program Files\VoiceAge\Common;C:\Program Files\QuickTime\QTSystem\
2009/4/15 下午 04:31:05 org.apache.coyote.http11.Http11BaseProtocol init
資訊: Initializing Coyote HTTP/1.1 on http-8080
2009/4/15 下午 04:31:05 org.apache.catalina.startup.Catalina load
資訊: Initialization processed in 1656 ms
2009/4/15 下午 04:31:05 org.apache.catalina.core.StandardService start
資訊: Starting service Catalina
2009/4/15 下午 04:31:05 org.apache.catalina.core.StandardEngine start
資訊: Starting Servlet Engine: Apache Tomcat/5.5.27
2009/4/15 下午 04:31:05 org.apache.catalina.core.StandardHost start
資訊: XML validation disabled
2009/4/15 下午 04:32:14 org.apache.coyote.http11.Http11BaseProtocol start
資訊: Starting Coyote HTTP/1.1 on http-8080
2009/4/15 下午 04:32:15 org.apache.jk.common.ChannelSocket init
資訊: JK: ajp13 listening on /0.0.0.0:8009
2009/4/15 下午 04:32:15 org.apache.jk.server.JkMain start
資訊: Jk running ID=0 time=0/78  config=null
2009/4/15 下午 04:32:15 org.apache.catalina.storeconfig.StoreLoader load
資訊: Find registry server-registry.xml at classpath resource
2009/4/15 下午 04:32:15 org.apache.catalina.startup.Catalina start
資訊: Server startup in 69812 ms
2009/4/15 下午 04:41:11 org.apache.coyote.http11.Http11BaseProtocol pause
資訊: Pausing Coyote HTTP/1.1 on http-8080
2009/4/15 下午 04:41:12 org.apache.catalina.core.StandardService stop
資訊: Stopping service Catalina
2009/4/15 下午 04:41:12 org.apache.catalina.core.StandardWrapper unload
資訊: Waiting for 2 instance(s) to be deallocated
2009/4/15 下午 04:42:02 org.apache.catalina.core.AprLifecycleListener lifecycleEvent
資訊: The Apache Tomcat Native library which allows optimal performance in production environments was not found on the java.library.path: d:\Java\jdk1.5.0_16\bin;.;C:\WINDOWS\system32;C:\WINDOWS;D:\java\apache-ant-1.7.1\bin;D:\Adobe\AIR_SDK\bin;d:\oracle\product\10.2.0\db_1\bin;d:\Java\jdk1.5.0_16\bin;C:\Perl\site\bin;C:\Perl\bin;E:\oracle\product\10.2.0\db_1\bin;d:\Java\jdk1.5.0_16\bin;D:\java\apache-ant-1.7.1\bin;D:\java\maven-2.0.6\bin;C:\WINDOWS\system32;C:\WINDOWS;C:\WINDOWS\System32\Wbem;C:\Program Files\ATI Technologies\ATI Control Panel;C:\Program Files\Microsoft SQL Server\90\Tools\binn\;C:\Program Files\VoiceAge\Common;C:\Program Files\QuickTime\QTSystem\
2009/4/15 下午 04:42:02 org.apache.coyote.http11.Http11BaseProtocol init
資訊: Initializing Coyote HTTP/1.1 on http-8080
2009/4/15 下午 04:42:02 org.apache.catalina.startup.Catalina load
資訊: Initialization processed in 2000 ms
2009/4/15 下午 04:42:02 org.apache.catalina.core.StandardService start
資訊: Starting service Catalina
2009/4/15 下午 04:42:02 org.apache.catalina.core.StandardEngine start
資訊: Starting Servlet Engine: Apache Tomcat/5.5.27
2009/4/15 下午 04:42:03 org.apache.catalina.core.StandardHost start
資訊: XML validation disabled
2009/4/15 下午 04:43:09 org.apache.coyote.http11.Http11BaseProtocol start
資訊: Starting Coyote HTTP/1.1 on http-8080
2009/4/15 下午 04:43:09 org.apache.jk.common.ChannelSocket init
資訊: JK: ajp13 listening on /0.0.0.0:8009
2009/4/15 下午 04:43:09 org.apache.jk.server.JkMain start
資訊: Jk running ID=0 time=0/47  config=null
2009/4/15 下午 04:43:10 org.apache.catalina.storeconfig.StoreLoader load
資訊: Find registry server-registry.xml at classpath resource
2009/4/15 下午 04:43:10 org.apache.catalina.startup.Catalina start
資訊: Server startup in 68094 ms
2009/4/15 下午 05:07:43 org.apache.catalina.core.AprLifecycleListener lifecycleEvent
資訊: The Apache Tomcat Native library which allows optimal performance in production environments was not found on the java.library.path: d:\Java\jdk1.5.0_16\bin;.;C:\WINDOWS\system32;C:\WINDOWS;D:\java\apache-ant-1.7.1\bin;D:\Adobe\AIR_SDK\bin;d:\oracle\product\10.2.0\db_1\bin;d:\Java\jdk1.5.0_16\bin;C:\Perl\site\bin;C:\Perl\bin;E:\oracle\product\10.2.0\db_1\bin;d:\Java\jdk1.5.0_16\bin;D:\java\apache-ant-1.7.1\bin;D:\java\maven-2.0.6\bin;C:\WINDOWS\system32;C:\WINDOWS;C:\WINDOWS\System32\Wbem;C:\Program Files\ATI Technologies\ATI Control Panel;C:\Program Files\Microsoft SQL Server\90\Tools\binn\;C:\Program Files\VoiceAge\Common;C:\Program Files\QuickTime\QTSystem\
2009/4/15 下午 05:07:43 org.apache.coyote.http11.Http11BaseProtocol init
資訊: Initializing Coyote HTTP/1.1 on http-8080
2009/4/15 下午 05:07:43 org.apache.catalina.startup.Catalina load
資訊: Initialization processed in 1515 ms
2009/4/15 下午 05:07:43 org.apache.catalina.core.StandardService start
資訊: Starting service Catalina
2009/4/15 下午 05:07:43 org.apache.catalina.core.StandardEngine start
資訊: Starting Servlet Engine: Apache Tomcat/5.5.27
2009/4/15 下午 05:07:43 org.apache.catalina.core.StandardHost start
資訊: XML validation disabled
2009/4/15 下午 05:08:38 org.apache.coyote.http11.Http11BaseProtocol start
資訊: Starting Coyote HTTP/1.1 on http-8080
2009/4/15 下午 05:08:39 org.apache.jk.common.ChannelSocket init
資訊: JK: ajp13 listening on /0.0.0.0:8009
2009/4/15 下午 05:08:39 org.apache.jk.server.JkMain start
資訊: Jk running ID=0 time=0/47  config=null
2009/4/15 下午 05:08:39 org.apache.catalina.storeconfig.StoreLoader load
資訊: Find registry server-registry.xml at classpath resource
2009/4/15 下午 05:08:40 org.apache.catalina.startup.Catalina start
資訊: Server startup in 56453 ms
2009/4/15 下午 05:19:08 org.apache.coyote.http11.Http11BaseProtocol pause
資訊: Pausing Coyote HTTP/1.1 on http-8080
2009/4/15 下午 05:19:09 org.apache.catalina.core.StandardService stop
資訊: Stopping service Catalina
2009/4/15 下午 05:19:28 org.apache.catalina.core.AprLifecycleListener lifecycleEvent
資訊: The Apache Tomcat Native library which allows optimal performance in production environments was not found on the java.library.path: d:\Java\jdk1.5.0_16\bin;.;C:\WINDOWS\system32;C:\WINDOWS;D:\java\apache-ant-1.7.1\bin;D:\Adobe\AIR_SDK\bin;d:\oracle\product\10.2.0\db_1\bin;d:\Java\jdk1.5.0_16\bin;C:\Perl\site\bin;C:\Perl\bin;E:\oracle\product\10.2.0\db_1\bin;d:\Java\jdk1.5.0_16\bin;D:\java\apache-ant-1.7.1\bin;D:\java\maven-2.0.6\bin;C:\WINDOWS\system32;C:\WINDOWS;C:\WINDOWS\System32\Wbem;C:\Program Files\ATI Technologies\ATI Control Panel;C:\Program Files\Microsoft SQL Server\90\Tools\binn\;C:\Program Files\VoiceAge\Common;C:\Program Files\QuickTime\QTSystem\
2009/4/15 下午 05:19:29 org.apache.coyote.http11.Http11BaseProtocol init
資訊: Initializing Coyote HTTP/1.1 on http-8080
2009/4/15 下午 05:19:29 org.apache.catalina.startup.Catalina load
資訊: Initialization processed in 1719 ms
2009/4/15 下午 05:19:29 org.apache.catalina.core.StandardService start
資訊: Starting service Catalina
2009/4/15 下午 05:19:29 org.apache.catalina.core.StandardEngine start
資訊: Starting Servlet Engine: Apache Tomcat/5.5.27
2009/4/15 下午 05:19:29 org.apache.catalina.core.StandardHost start
資訊: XML validation disabled
2009/4/15 下午 05:20:19 org.apache.coyote.http11.Http11BaseProtocol start
資訊: Starting Coyote HTTP/1.1 on http-8080
2009/4/15 下午 05:20:20 org.apache.jk.common.ChannelSocket init
資訊: JK: ajp13 listening on /0.0.0.0:8009
2009/4/15 下午 05:20:20 org.apache.jk.server.JkMain start
資訊: Jk running ID=0 time=0/47  config=null
2009/4/15 下午 05:20:20 org.apache.catalina.storeconfig.StoreLoader load
資訊: Find registry server-registry.xml at classpath resource
2009/4/15 下午 05:20:20 org.apache.catalina.startup.Catalina start
資訊: Server startup in 51265 ms
2009/4/15 下午 05:26:53 org.apache.catalina.core.AprLifecycleListener lifecycleEvent
資訊: The Apache Tomcat Native library which allows optimal performance in production environments was not found on the java.library.path: d:\Java\jdk1.5.0_16\bin;.;C:\WINDOWS\system32;C:\WINDOWS;D:\java\apache-ant-1.7.1\bin;D:\Adobe\AIR_SDK\bin;d:\oracle\product\10.2.0\db_1\bin;d:\Java\jdk1.5.0_16\bin;C:\Perl\site\bin;C:\Perl\bin;E:\oracle\product\10.2.0\db_1\bin;d:\Java\jdk1.5.0_16\bin;D:\java\apache-ant-1.7.1\bin;D:\java\maven-2.0.6\bin;C:\WINDOWS\system32;C:\WINDOWS;C:\WINDOWS\System32\Wbem;C:\Program Files\ATI Technologies\ATI Control Panel;C:\Program Files\Microsoft SQL Server\90\Tools\binn\;C:\Program Files\VoiceAge\Common;C:\Program Files\QuickTime\QTSystem\
2009/4/15 下午 05:26:53 org.apache.coyote.http11.Http11BaseProtocol init
資訊: Initializing Coyote HTTP/1.1 on http-8080
2009/4/15 下午 05:26:53 org.apache.catalina.startup.Catalina load
資訊: Initialization processed in 1515 ms
2009/4/15 下午 05:26:53 org.apache.catalina.core.StandardService start
資訊: Starting service Catalina
2009/4/15 下午 05:26:53 org.apache.catalina.core.StandardEngine start
資訊: Starting Servlet Engine: Apache Tomcat/5.5.27
2009/4/15 下午 05:26:53 org.apache.catalina.core.StandardHost start
資訊: XML validation disabled
2009/4/15 下午 05:27:49 org.apache.coyote.http11.Http11BaseProtocol start
資訊: Starting Coyote HTTP/1.1 on http-8080
2009/4/15 下午 05:27:50 org.apache.jk.common.ChannelSocket init
資訊: JK: ajp13 listening on /0.0.0.0:8009
2009/4/15 下午 05:27:50 org.apache.jk.server.JkMain start
資訊: Jk running ID=0 time=0/47  config=null
2009/4/15 下午 05:27:50 org.apache.catalina.storeconfig.StoreLoader load
資訊: Find registry server-registry.xml at classpath resource
2009/4/15 下午 05:27:51 org.apache.catalina.startup.Catalina start
資訊: Server startup in 57969 ms
2009/4/15 下午 05:30:59 org.apache.catalina.core.AprLifecycleListener lifecycleEvent
資訊: The Apache Tomcat Native library which allows optimal performance in production environments was not found on the java.library.path: d:\Java\jdk1.5.0_16\bin;.;C:\WINDOWS\system32;C:\WINDOWS;D:\java\apache-ant-1.7.1\bin;D:\Adobe\AIR_SDK\bin;d:\oracle\product\10.2.0\db_1\bin;d:\Java\jdk1.5.0_16\bin;C:\Perl\site\bin;C:\Perl\bin;E:\oracle\product\10.2.0\db_1\bin;d:\Java\jdk1.5.0_16\bin;D:\java\apache-ant-1.7.1\bin;D:\java\maven-2.0.6\bin;C:\WINDOWS\system32;C:\WINDOWS;C:\WINDOWS\System32\Wbem;C:\Program Files\ATI Technologies\ATI Control Panel;C:\Program Files\Microsoft SQL Server\90\Tools\binn\;C:\Program Files\VoiceAge\Common;C:\Program Files\QuickTime\QTSystem\
2009/4/15 下午 05:30:59 org.apache.coyote.http11.Http11BaseProtocol init
資訊: Initializing Coyote HTTP/1.1 on http-8080
2009/4/15 下午 05:30:59 org.apache.catalina.startup.Catalina load
資訊: Initialization processed in 1563 ms
2009/4/15 下午 05:31:00 org.apache.catalina.core.StandardService start
資訊: Starting service Catalina
2009/4/15 下午 05:31:00 org.apache.catalina.core.StandardEngine start
資訊: Starting Servlet Engine: Apache Tomcat/5.5.27
2009/4/15 下午 05:31:00 org.apache.catalina.core.StandardHost start
資訊: XML validation disabled
2009/4/15 下午 05:31:51 org.apache.coyote.http11.Http11BaseProtocol start
資訊: Starting Coyote HTTP/1.1 on http-8080
2009/4/15 下午 05:31:51 org.apache.jk.common.ChannelSocket init
資訊: JK: ajp13 listening on /0.0.0.0:8009
2009/4/15 下午 05:31:51 org.apache.jk.server.JkMain start
資訊: Jk running ID=0 time=0/47  config=null
2009/4/15 下午 05:31:51 org.apache.catalina.storeconfig.StoreLoader load
資訊: Find registry server-registry.xml at classpath resource
2009/4/15 下午 05:31:52 org.apache.catalina.startup.Catalina start
資訊: Server startup in 52093 ms
2009/4/15 下午 05:59:29 org.apache.catalina.core.AprLifecycleListener lifecycleEvent
資訊: The Apache Tomcat Native library which allows optimal performance in production environments was not found on the java.library.path: d:\Java\jdk1.5.0_16\bin;.;C:\WINDOWS\system32;C:\WINDOWS;D:\java\apache-ant-1.7.1\bin;D:\Adobe\AIR_SDK\bin;d:\oracle\product\10.2.0\db_1\bin;d:\Java\jdk1.5.0_16\bin;C:\Perl\site\bin;C:\Perl\bin;E:\oracle\product\10.2.0\db_1\bin;d:\Java\jdk1.5.0_16\bin;D:\java\apache-ant-1.7.1\bin;D:\java\maven-2.0.6\bin;C:\WINDOWS\system32;C:\WINDOWS;C:\WINDOWS\System32\Wbem;C:\Program Files\ATI Technologies\ATI Control Panel;C:\Program Files\Microsoft SQL Server\90\Tools\binn\;C:\Program Files\VoiceAge\Common;C:\Program Files\QuickTime\QTSystem\
2009/4/15 下午 05:59:29 org.apache.coyote.http11.Http11BaseProtocol init
資訊: Initializing Coyote HTTP/1.1 on http-8080
2009/4/15 下午 05:59:29 org.apache.catalina.startup.Catalina load
資訊: Initialization processed in 1515 ms
2009/4/15 下午 05:59:29 org.apache.catalina.core.StandardService start
資訊: Starting service Catalina
2009/4/15 下午 05:59:29 org.apache.catalina.core.StandardEngine start
資訊: Starting Servlet Engine: Apache Tomcat/5.5.27
2009/4/15 下午 05:59:29 org.apache.catalina.core.StandardHost start
資訊: XML validation disabled
2009/4/15 下午 06:00:31 org.apache.coyote.http11.Http11BaseProtocol start
資訊: Starting Coyote HTTP/1.1 on http-8080
2009/4/15 下午 06:00:32 org.apache.jk.common.ChannelSocket init
資訊: JK: ajp13 listening on /0.0.0.0:8009
2009/4/15 下午 06:00:32 org.apache.jk.server.JkMain start
資訊: Jk running ID=0 time=0/62  config=null
2009/4/15 下午 06:00:32 org.apache.catalina.storeconfig.StoreLoader load
資訊: Find registry server-registry.xml at classpath resource
2009/4/15 下午 06:00:32 org.apache.catalina.startup.Catalina start
資訊: Server startup in 63233 ms
2009/4/15 下午 06:07:24 org.apache.coyote.http11.Http11BaseProtocol pause
資訊: Pausing Coyote HTTP/1.1 on http-8080
2009/4/15 下午 06:07:44 org.apache.catalina.core.AprLifecycleListener lifecycleEvent
資訊: The Apache Tomcat Native library which allows optimal performance in production environments was not found on the java.library.path: d:\Java\jdk1.5.0_16\bin;.;C:\WINDOWS\system32;C:\WINDOWS;D:\java\apache-ant-1.7.1\bin;D:\Adobe\AIR_SDK\bin;d:\oracle\product\10.2.0\db_1\bin;d:\Java\jdk1.5.0_16\bin;C:\Perl\site\bin;C:\Perl\bin;E:\oracle\product\10.2.0\db_1\bin;d:\Java\jdk1.5.0_16\bin;D:\java\apache-ant-1.7.1\bin;D:\java\maven-2.0.6\bin;C:\WINDOWS\system32;C:\WINDOWS;C:\WINDOWS\System32\Wbem;C:\Program Files\ATI Technologies\ATI Control Panel;C:\Program Files\Microsoft SQL Server\90\Tools\binn\;C:\Program Files\VoiceAge\Common;C:\Program Files\QuickTime\QTSystem\
2009/4/15 下午 06:07:44 org.apache.coyote.http11.Http11BaseProtocol init
資訊: Initializing Coyote HTTP/1.1 on http-8080
2009/4/15 下午 06:07:44 org.apache.catalina.startup.Catalina load
資訊: Initialization processed in 1953 ms
2009/4/15 下午 06:07:44 org.apache.catalina.core.StandardService start
資訊: Starting service Catalina
2009/4/15 下午 06:07:44 org.apache.catalina.core.StandardEngine start
資訊: Starting Servlet Engine: Apache Tomcat/5.5.27
2009/4/15 下午 06:07:44 org.apache.catalina.core.StandardHost start
資訊: XML validation disabled
2009/4/15 下午 06:09:01 org.apache.coyote.http11.Http11BaseProtocol start
資訊: Starting Coyote HTTP/1.1 on http-8080
2009/4/15 下午 06:09:02 org.apache.jk.common.ChannelSocket init
資訊: JK: ajp13 listening on /0.0.0.0:8009
2009/4/15 下午 06:09:02 org.apache.jk.server.JkMain start
資訊: Jk running ID=0 time=0/62  config=null
2009/4/15 下午 06:09:02 org.apache.catalina.storeconfig.StoreLoader load
資訊: Find registry server-registry.xml at classpath resource
2009/4/15 下午 06:09:02 org.apache.catalina.startup.Catalina start
資訊: Server startup in 78078 ms
2009/4/15 下午 06:17:07 org.apache.coyote.http11.Http11BaseProtocol pause
資訊: Pausing Coyote HTTP/1.1 on http-8080
2009/4/15 下午 06:17:08 org.apache.catalina.core.StandardService stop
資訊: Stopping service Catalina
2009/4/15 下午 06:17:28 org.apache.catalina.core.AprLifecycleListener lifecycleEvent
資訊: The Apache Tomcat Native library which allows optimal performance in production environments was not found on the java.library.path: d:\Java\jdk1.5.0_16\bin;.;C:\WINDOWS\system32;C:\WINDOWS;D:\java\apache-ant-1.7.1\bin;D:\Adobe\AIR_SDK\bin;d:\oracle\product\10.2.0\db_1\bin;d:\Java\jdk1.5.0_16\bin;C:\Perl\site\bin;C:\Perl\bin;E:\oracle\product\10.2.0\db_1\bin;d:\Java\jdk1.5.0_16\bin;D:\java\apache-ant-1.7.1\bin;D:\java\maven-2.0.6\bin;C:\WINDOWS\system32;C:\WINDOWS;C:\WINDOWS\System32\Wbem;C:\Program Files\ATI Technologies\ATI Control Panel;C:\Program Files\Microsoft SQL Server\90\Tools\binn\;C:\Program Files\VoiceAge\Common;C:\Program Files\QuickTime\QTSystem\
2009/4/15 下午 06:17:28 org.apache.coyote.http11.Http11BaseProtocol init
資訊: Initializing Coyote HTTP/1.1 on http-8080
2009/4/15 下午 06:17:28 org.apache.catalina.startup.Catalina load
資訊: Initialization processed in 2031 ms
2009/4/15 下午 06:17:29 org.apache.catalina.core.StandardService start
資訊: Starting service Catalina
2009/4/15 下午 06:17:29 org.apache.catalina.core.StandardEngine start
資訊: Starting Servlet Engine: Apache Tomcat/5.5.27
2009/4/15 下午 06:17:29 org.apache.catalina.core.StandardHost start
資訊: XML validation disabled
2009/4/15 下午 06:18:38 org.apache.coyote.http11.Http11BaseProtocol start
資訊: Starting Coyote HTTP/1.1 on http-8080
2009/4/15 下午 06:18:38 org.apache.jk.common.ChannelSocket init
資訊: JK: ajp13 listening on /0.0.0.0:8009
2009/4/15 下午 06:18:38 org.apache.jk.server.JkMain start
資訊: Jk running ID=0 time=0/62  config=null
2009/4/15 下午 06:18:39 org.apache.catalina.storeconfig.StoreLoader load
資訊: Find registry server-registry.xml at classpath resource
2009/4/15 下午 06:18:39 org.apache.catalina.startup.Catalina start
資訊: Server startup in 70531 ms
2009/4/15 下午 06:23:30 org.apache.coyote.http11.Http11BaseProtocol pause
資訊: Pausing Coyote HTTP/1.1 on http-8080
2009/4/15 下午 06:23:36 org.apache.catalina.core.AprLifecycleListener lifecycleEvent
資訊: The Apache Tomcat Native library which allows optimal performance in production environments was not found on the java.library.path: d:\Java\jdk1.5.0_16\bin;.;C:\WINDOWS\system32;C:\WINDOWS;D:\java\apache-ant-1.7.1\bin;D:\Adobe\AIR_SDK\bin;d:\oracle\product\10.2.0\db_1\bin;d:\Java\jdk1.5.0_16\bin;C:\Perl\site\bin;C:\Perl\bin;E:\oracle\product\10.2.0\db_1\bin;d:\Java\jdk1.5.0_16\bin;D:\java\apache-ant-1.7.1\bin;D:\java\maven-2.0.6\bin;C:\WINDOWS\system32;C:\WINDOWS;C:\WINDOWS\System32\Wbem;C:\Program Files\ATI Technologies\ATI Control Panel;C:\Program Files\Microsoft SQL Server\90\Tools\binn\;C:\Program Files\VoiceAge\Common;C:\Program Files\QuickTime\QTSystem\
2009/4/15 下午 06:23:36 org.apache.coyote.http11.Http11BaseProtocol init
資訊: Initializing Coyote HTTP/1.1 on http-8080
2009/4/15 下午 06:23:36 org.apache.catalina.startup.Catalina load
資訊: Initialization processed in 1843 ms
2009/4/15 下午 06:23:37 org.apache.catalina.core.StandardService start
資訊: Starting service Catalina
2009/4/15 下午 06:23:37 org.apache.catalina.core.StandardEngine start
資訊: Starting Servlet Engine: Apache Tomcat/5.5.27
2009/4/15 下午 06:23:37 org.apache.catalina.core.StandardHost start
資訊: XML validation disabled
2009/4/15 下午 06:24:45 org.apache.coyote.http11.Http11BaseProtocol start
資訊: Starting Coyote HTTP/1.1 on http-8080
2009/4/15 下午 06:24:45 org.apache.jk.common.ChannelSocket init
資訊: JK: ajp13 listening on /0.0.0.0:8009
2009/4/15 下午 06:24:45 org.apache.jk.server.JkMain start
資訊: Jk running ID=0 time=0/172  config=null
2009/4/15 下午 06:24:46 org.apache.catalina.storeconfig.StoreLoader load
資訊: Find registry server-registry.xml at classpath resource
2009/4/15 下午 06:24:46 org.apache.catalina.startup.Catalina start
資訊: Server startup in 69953 ms
2009/4/15 下午 06:37:43 org.apache.catalina.core.AprLifecycleListener lifecycleEvent
資訊: The Apache Tomcat Native library which allows optimal performance in production environments was not found on the java.library.path: d:\Java\jdk1.5.0_16\bin;.;C:\WINDOWS\system32;C:\WINDOWS;D:\java\apache-ant-1.7.1\bin;D:\Adobe\AIR_SDK\bin;d:\oracle\product\10.2.0\db_1\bin;d:\Java\jdk1.5.0_16\bin;C:\Perl\site\bin;C:\Perl\bin;E:\oracle\product\10.2.0\db_1\bin;d:\Java\jdk1.5.0_16\bin;D:\java\apache-ant-1.7.1\bin;D:\java\maven-2.0.6\bin;C:\WINDOWS\system32;C:\WINDOWS;C:\WINDOWS\System32\Wbem;C:\Program Files\ATI Technologies\ATI Control Panel;C:\Program Files\Microsoft SQL Server\90\Tools\binn\;C:\Program Files\VoiceAge\Common;C:\Program Files\QuickTime\QTSystem\
2009/4/15 下午 06:37:43 org.apache.coyote.http11.Http11BaseProtocol init
資訊: Initializing Coyote HTTP/1.1 on http-8080
2009/4/15 下午 06:37:43 org.apache.catalina.startup.Catalina load
資訊: Initialization processed in 1687 ms
2009/4/15 下午 06:37:44 org.apache.catalina.core.StandardService start
資訊: Starting service Catalina
2009/4/15 下午 06:37:44 org.apache.catalina.core.StandardEngine start
資訊: Starting Servlet Engine: Apache Tomcat/5.5.27
2009/4/15 下午 06:37:44 org.apache.catalina.core.StandardHost start
資訊: XML validation disabled
2009/4/15 下午 06:38:50 org.apache.coyote.http11.Http11BaseProtocol start
資訊: Starting Coyote HTTP/1.1 on http-8080
2009/4/15 下午 06:38:51 org.apache.jk.common.ChannelSocket init
資訊: JK: ajp13 listening on /0.0.0.0:8009
2009/4/15 下午 06:38:51 org.apache.jk.server.JkMain start
資訊: Jk running ID=0 time=0/203  config=null
2009/4/15 下午 06:38:51 org.apache.catalina.storeconfig.StoreLoader load
資訊: Find registry server-registry.xml at classpath resource
2009/4/15 下午 06:38:51 org.apache.catalina.startup.Catalina start
資訊: Server startup in 67500 ms
2009/4/15 下午 06:40:36 org.apache.coyote.http11.Http11BaseProtocol pause
資訊: Pausing Coyote HTTP/1.1 on http-8080
2009/4/15 下午 06:44:09 org.apache.catalina.core.AprLifecycleListener lifecycleEvent
資訊: The Apache Tomcat Native library which allows optimal performance in production environments was not found on the java.library.path: d:\Java\jdk1.5.0_16\bin;.;C:\WINDOWS\system32;C:\WINDOWS;D:\java\apache-ant-1.7.1\bin;D:\Adobe\AIR_SDK\bin;d:\oracle\product\10.2.0\db_1\bin;d:\Java\jdk1.5.0_16\bin;C:\Perl\site\bin;C:\Perl\bin;E:\oracle\product\10.2.0\db_1\bin;d:\Java\jdk1.5.0_16\bin;D:\java\apache-ant-1.7.1\bin;D:\java\maven-2.0.6\bin;C:\WINDOWS\system32;C:\WINDOWS;C:\WINDOWS\System32\Wbem;C:\Program Files\ATI Technologies\ATI Control Panel;C:\Program Files\Microsoft SQL Server\90\Tools\binn\;C:\Program Files\VoiceAge\Common;C:\Program Files\QuickTime\QTSystem\
2009/4/15 下午 06:44:09 org.apache.coyote.http11.Http11BaseProtocol init
資訊: Initializing Coyote HTTP/1.1 on http-8080
2009/4/15 下午 06:44:09 org.apache.catalina.startup.Catalina load
資訊: Initialization processed in 2171 ms
2009/4/15 下午 06:44:09 org.apache.catalina.core.StandardService start
資訊: Starting service Catalina
2009/4/15 下午 06:44:09 org.apache.catalina.core.StandardEngine start
資訊: Starting Servlet Engine: Apache Tomcat/5.5.27
2009/4/15 下午 06:44:09 org.apache.catalina.core.StandardHost start
資訊: XML validation disabled
2009/4/15 下午 06:45:12 org.apache.coyote.http11.Http11BaseProtocol start
資訊: Starting Coyote HTTP/1.1 on http-8080
2009/4/15 下午 06:45:13 org.apache.jk.common.ChannelSocket init
資訊: JK: ajp13 listening on /0.0.0.0:8009
2009/4/15 下午 06:45:13 org.apache.jk.server.JkMain start
資訊: Jk running ID=0 time=0/63  config=null
2009/4/15 下午 06:45:13 org.apache.catalina.storeconfig.StoreLoader load
資訊: Find registry server-registry.xml at classpath resource
2009/4/15 下午 06:45:13 org.apache.catalina.startup.Catalina start
資訊: Server startup in 63922 ms
2009/4/15 下午 07:03:09 org.apache.catalina.core.AprLifecycleListener lifecycleEvent
資訊: The Apache Tomcat Native library which allows optimal performance in production environments was not found on the java.library.path: d:\Java\jdk1.5.0_16\bin;.;C:\WINDOWS\system32;C:\WINDOWS;D:\java\apache-ant-1.7.1\bin;D:\Adobe\AIR_SDK\bin;d:\oracle\product\10.2.0\db_1\bin;d:\Java\jdk1.5.0_16\bin;C:\Perl\site\bin;C:\Perl\bin;E:\oracle\product\10.2.0\db_1\bin;d:\Java\jdk1.5.0_16\bin;D:\java\apache-ant-1.7.1\bin;D:\java\maven-2.0.6\bin;C:\WINDOWS\system32;C:\WINDOWS;C:\WINDOWS\System32\Wbem;C:\Program Files\ATI Technologies\ATI Control Panel;C:\Program Files\Microsoft SQL Server\90\Tools\binn\;C:\Program Files\VoiceAge\Common;C:\Program Files\QuickTime\QTSystem\
2009/4/15 下午 07:03:09 org.apache.coyote.http11.Http11BaseProtocol init
資訊: Initializing Coyote HTTP/1.1 on http-8080
2009/4/15 下午 07:03:09 org.apache.catalina.startup.Catalina load
資訊: Initialization processed in 1703 ms
2009/4/15 下午 07:03:10 org.apache.catalina.core.StandardService start
資訊: Starting service Catalina
2009/4/15 下午 07:03:10 org.apache.catalina.core.StandardEngine start
資訊: Starting Servlet Engine: Apache Tomcat/5.5.27
2009/4/15 下午 07:03:10 org.apache.catalina.core.StandardHost start
資訊: XML validation disabled
2009/4/15 下午 07:04:13 org.apache.coyote.http11.Http11BaseProtocol start
資訊: Starting Coyote HTTP/1.1 on http-8080
2009/4/15 下午 07:04:13 org.apache.jk.common.ChannelSocket init
資訊: JK: ajp13 listening on /0.0.0.0:8009
2009/4/15 下午 07:04:13 org.apache.jk.server.JkMain start
資訊: Jk running ID=0 time=0/125  config=null
2009/4/15 下午 07:04:13 org.apache.catalina.storeconfig.StoreLoader load
資訊: Find registry server-registry.xml at classpath resource
2009/4/15 下午 07:04:14 org.apache.catalina.startup.Catalina start
資訊: Server startup in 64781 ms
2009/4/15 下午 07:06:00 org.apache.coyote.http11.Http11BaseProtocol pause
資訊: Pausing Coyote HTTP/1.1 on http-8080
2009/4/15 下午 07:06:22 org.apache.catalina.core.AprLifecycleListener lifecycleEvent
資訊: The Apache Tomcat Native library which allows optimal performance in production environments was not found on the java.library.path: d:\Java\jdk1.5.0_16\bin;.;C:\WINDOWS\system32;C:\WINDOWS;D:\java\apache-ant-1.7.1\bin;D:\Adobe\AIR_SDK\bin;d:\oracle\product\10.2.0\db_1\bin;d:\Java\jdk1.5.0_16\bin;C:\Perl\site\bin;C:\Perl\bin;E:\oracle\product\10.2.0\db_1\bin;d:\Java\jdk1.5.0_16\bin;D:\java\apache-ant-1.7.1\bin;D:\java\maven-2.0.6\bin;C:\WINDOWS\system32;C:\WINDOWS;C:\WINDOWS\System32\Wbem;C:\Program Files\ATI Technologies\ATI Control Panel;C:\Program Files\Microsoft SQL Server\90\Tools\binn\;C:\Program Files\VoiceAge\Common;C:\Program Files\QuickTime\QTSystem\
2009/4/15 下午 07:06:22 org.apache.coyote.http11.Http11BaseProtocol init
資訊: Initializing Coyote HTTP/1.1 on http-8080
2009/4/15 下午 07:06:22 org.apache.catalina.startup.Catalina load
資訊: Initialization processed in 1766 ms
2009/4/15 下午 07:06:22 org.apache.catalina.core.StandardService start
資訊: Starting service Catalina
2009/4/15 下午 07:06:22 org.apache.catalina.core.StandardEngine start
資訊: Starting Servlet Engine: Apache Tomcat/5.5.27
2009/4/15 下午 07:06:22 org.apache.catalina.core.StandardHost start
資訊: XML validation disabled
2009/4/15 下午 07:07:22 org.apache.coyote.http11.Http11BaseProtocol start
資訊: Starting Coyote HTTP/1.1 on http-8080
2009/4/15 下午 07:07:22 org.apache.jk.common.ChannelSocket init
資訊: JK: ajp13 listening on /0.0.0.0:8009
2009/4/15 下午 07:07:22 org.apache.jk.server.JkMain start
資訊: Jk running ID=0 time=0/79  config=null
2009/4/15 下午 07:07:22 org.apache.catalina.storeconfig.StoreLoader load
資訊: Find registry server-registry.xml at classpath resource
2009/4/15 下午 07:07:23 org.apache.catalina.startup.Catalina start
資訊: Server startup in 60812 ms
2009/4/15 下午 07:13:53 org.apache.coyote.http11.Http11BaseProtocol pause
資訊: Pausing Coyote HTTP/1.1 on http-8080
2009/4/15 下午 07:14:27 org.apache.catalina.core.AprLifecycleListener lifecycleEvent
資訊: The Apache Tomcat Native library which allows optimal performance in production environments was not found on the java.library.path: d:\Java\jdk1.5.0_16\bin;.;C:\WINDOWS\system32;C:\WINDOWS;D:\java\apache-ant-1.7.1\bin;D:\Adobe\AIR_SDK\bin;d:\oracle\product\10.2.0\db_1\bin;d:\Java\jdk1.5.0_16\bin;C:\Perl\site\bin;C:\Perl\bin;E:\oracle\product\10.2.0\db_1\bin;d:\Java\jdk1.5.0_16\bin;D:\java\apache-ant-1.7.1\bin;D:\java\maven-2.0.6\bin;C:\WINDOWS\system32;C:\WINDOWS;C:\WINDOWS\System32\Wbem;C:\Program Files\ATI Technologies\ATI Control Panel;C:\Program Files\Microsoft SQL Server\90\Tools\binn\;C:\Program Files\VoiceAge\Common;C:\Program Files\QuickTime\QTSystem\
2009/4/15 下午 07:14:28 org.apache.coyote.http11.Http11BaseProtocol init
資訊: Initializing Coyote HTTP/1.1 on http-8080
2009/4/15 下午 07:14:28 org.apache.catalina.startup.Catalina load
資訊: Initialization processed in 2641 ms
2009/4/15 下午 07:14:28 org.apache.catalina.core.StandardService start
資訊: Starting service Catalina
2009/4/15 下午 07:14:28 org.apache.catalina.core.StandardEngine start
資訊: Starting Servlet Engine: Apache Tomcat/5.5.27
2009/4/15 下午 07:14:28 org.apache.catalina.core.StandardHost start
資訊: XML validation disabled
2009/4/15 下午 07:15:27 org.apache.coyote.http11.Http11BaseProtocol start
資訊: Starting Coyote HTTP/1.1 on http-8080
2009/4/15 下午 07:15:27 org.apache.jk.common.ChannelSocket init
資訊: JK: ajp13 listening on /0.0.0.0:8009
2009/4/15 下午 07:15:27 org.apache.jk.server.JkMain start
資訊: Jk running ID=0 time=0/109  config=null
2009/4/15 下午 07:15:27 org.apache.catalina.storeconfig.StoreLoader load
資訊: Find registry server-registry.xml at classpath resource
2009/4/15 下午 07:15:28 org.apache.catalina.startup.Catalina start
資訊: Server startup in 59812 ms
2009/4/15 下午 07:19:50 org.apache.coyote.http11.Http11BaseProtocol pause
資訊: Pausing Coyote HTTP/1.1 on http-8080
2009/4/15 下午 07:19:56 org.apache.catalina.core.AprLifecycleListener lifecycleEvent
資訊: The Apache Tomcat Native library which allows optimal performance in production environments was not found on the java.library.path: d:\Java\jdk1.5.0_16\bin;.;C:\WINDOWS\system32;C:\WINDOWS;D:\java\apache-ant-1.7.1\bin;D:\Adobe\AIR_SDK\bin;d:\oracle\product\10.2.0\db_1\bin;d:\Java\jdk1.5.0_16\bin;C:\Perl\site\bin;C:\Perl\bin;E:\oracle\product\10.2.0\db_1\bin;d:\Java\jdk1.5.0_16\bin;D:\java\apache-ant-1.7.1\bin;D:\java\maven-2.0.6\bin;C:\WINDOWS\system32;C:\WINDOWS;C:\WINDOWS\System32\Wbem;C:\Program Files\ATI Technologies\ATI Control Panel;C:\Program Files\Microsoft SQL Server\90\Tools\binn\;C:\Program Files\VoiceAge\Common;C:\Program Files\QuickTime\QTSystem\
2009/4/15 下午 07:19:56 org.apache.coyote.http11.Http11BaseProtocol init
資訊: Initializing Coyote HTTP/1.1 on http-8080
2009/4/15 下午 07:19:56 org.apache.catalina.startup.Catalina load
資訊: Initialization processed in 1797 ms
2009/4/15 下午 07:19:56 org.apache.catalina.core.StandardService start
資訊: Starting service Catalina
2009/4/15 下午 07:19:56 org.apache.catalina.core.StandardEngine start
資訊: Starting Servlet Engine: Apache Tomcat/5.5.27
2009/4/15 下午 07:19:56 org.apache.catalina.core.StandardHost start
資訊: XML validation disabled
2009/4/15 下午 07:21:02 org.apache.coyote.http11.Http11BaseProtocol start
資訊: Starting Coyote HTTP/1.1 on http-8080
2009/4/15 下午 07:21:04 org.apache.jk.common.ChannelSocket init
資訊: JK: ajp13 listening on /0.0.0.0:8009
2009/4/15 下午 07:21:04 org.apache.jk.server.JkMain start
資訊: Jk running ID=0 time=0/922  config=null
2009/4/15 下午 07:21:04 org.apache.catalina.storeconfig.StoreLoader load
資訊: Find registry server-registry.xml at classpath resource
2009/4/15 下午 07:21:04 org.apache.catalina.startup.Catalina start
資訊: Server startup in 68483 ms
2009/4/15 下午 07:26:11 org.apache.coyote.http11.Http11BaseProtocol pause
資訊: Pausing Coyote HTTP/1.1 on http-8080
2009/4/15 下午 07:26:18 org.apache.catalina.core.AprLifecycleListener lifecycleEvent
資訊: The Apache Tomcat Native library which allows optimal performance in production environments was not found on the java.library.path: d:\Java\jdk1.5.0_16\bin;.;C:\WINDOWS\system32;C:\WINDOWS;D:\java\apache-ant-1.7.1\bin;D:\Adobe\AIR_SDK\bin;d:\oracle\product\10.2.0\db_1\bin;d:\Java\jdk1.5.0_16\bin;C:\Perl\site\bin;C:\Perl\bin;E:\oracle\product\10.2.0\db_1\bin;d:\Java\jdk1.5.0_16\bin;D:\java\apache-ant-1.7.1\bin;D:\java\maven-2.0.6\bin;C:\WINDOWS\system32;C:\WINDOWS;C:\WINDOWS\System32\Wbem;C:\Program Files\ATI Technologies\ATI Control Panel;C:\Program Files\Microsoft SQL Server\90\Tools\binn\;C:\Program Files\VoiceAge\Common;C:\Program Files\QuickTime\QTSystem\
2009/4/15 下午 07:26:19 org.apache.coyote.http11.Http11BaseProtocol init
資訊: Initializing Coyote HTTP/1.1 on http-8080
2009/4/15 下午 07:26:19 org.apache.catalina.startup.Catalina load
資訊: Initialization processed in 2031 ms
2009/4/15 下午 07:26:19 org.apache.catalina.core.StandardService start
資訊: Starting service Catalina
2009/4/15 下午 07:26:19 org.apache.catalina.core.StandardEngine start
資訊: Starting Servlet Engine: Apache Tomcat/5.5.27
2009/4/15 下午 07:26:19 org.apache.catalina.core.StandardHost start
資訊: XML validation disabled
2009/4/15 下午 07:27:27 org.apache.coyote.http11.Http11BaseProtocol start
資訊: Starting Coyote HTTP/1.1 on http-8080
2009/4/15 下午 07:27:28 org.apache.jk.common.ChannelSocket init
資訊: JK: ajp13 listening on /0.0.0.0:8009
2009/4/15 下午 07:27:28 org.apache.jk.server.JkMain start
資訊: Jk running ID=0 time=0/454  config=null
2009/4/15 下午 07:27:28 org.apache.catalina.storeconfig.StoreLoader load
資訊: Find registry server-registry.xml at classpath resource
2009/4/15 下午 07:27:28 org.apache.catalina.startup.Catalina start
資訊: Server startup in 69656 ms
2009/4/15 下午 07:34:20 org.apache.coyote.http11.Http11BaseProtocol pause
資訊: Pausing Coyote HTTP/1.1 on http-8080
2009/4/15 下午 07:34:27 org.apache.catalina.core.AprLifecycleListener lifecycleEvent
資訊: The Apache Tomcat Native library which allows optimal performance in production environments was not found on the java.library.path: d:\Java\jdk1.5.0_16\bin;.;C:\WINDOWS\system32;C:\WINDOWS;D:\java\apache-ant-1.7.1\bin;D:\Adobe\AIR_SDK\bin;d:\oracle\product\10.2.0\db_1\bin;d:\Java\jdk1.5.0_16\bin;C:\Perl\site\bin;C:\Perl\bin;E:\oracle\product\10.2.0\db_1\bin;d:\Java\jdk1.5.0_16\bin;D:\java\apache-ant-1.7.1\bin;D:\java\maven-2.0.6\bin;C:\WINDOWS\system32;C:\WINDOWS;C:\WINDOWS\System32\Wbem;C:\Program Files\ATI Technologies\ATI Control Panel;C:\Program Files\Microsoft SQL Server\90\Tools\binn\;C:\Program Files\VoiceAge\Common;C:\Program Files\QuickTime\QTSystem\
2009/4/15 下午 07:34:28 org.apache.coyote.http11.Http11BaseProtocol init
資訊: Initializing Coyote HTTP/1.1 on http-8080
2009/4/15 下午 07:34:28 org.apache.catalina.startup.Catalina load
資訊: Initialization processed in 2187 ms
2009/4/15 下午 07:34:28 org.apache.catalina.core.StandardService start
資訊: Starting service Catalina
2009/4/15 下午 07:34:28 org.apache.catalina.core.StandardEngine start
資訊: Starting Servlet Engine: Apache Tomcat/5.5.27
2009/4/15 下午 07:34:28 org.apache.catalina.core.StandardHost start
資訊: XML validation disabled
2009/4/15 下午 07:35:28 org.apache.coyote.http11.Http11BaseProtocol start
資訊: Starting Coyote HTTP/1.1 on http-8080
2009/4/15 下午 07:35:28 org.apache.jk.common.ChannelSocket init
資訊: JK: ajp13 listening on /0.0.0.0:8009
2009/4/15 下午 07:35:28 org.apache.jk.server.JkMain start
資訊: Jk running ID=0 time=0/63  config=null
2009/4/15 下午 07:35:28 org.apache.catalina.storeconfig.StoreLoader load
資訊: Find registry server-registry.xml at classpath resource
2009/4/15 下午 07:35:28 org.apache.catalina.startup.Catalina start
資訊: Server startup in 60719 ms
2009/4/15 下午 07:37:08 org.apache.coyote.http11.Http11BaseProtocol pause
資訊: Pausing Coyote HTTP/1.1 on http-8080
2009/4/15 下午 07:37:09 org.apache.catalina.core.StandardService stop
資訊: Stopping service Catalina
