2009/4/7 上午 09:55:33 org.apache.catalina.core.AprLifecycleListener lifecycleEvent
資訊: The Apache Tomcat Native library which allows optimal performance in production environments was not found on the java.library.path: d:\Java\jdk1.5.0_16\bin;.;C:\WINDOWS\system32;C:\WINDOWS;D:\java\apache-ant-1.7.1\bin;D:\Adobe\AIR_SDK\bin;d:\oracle\product\10.2.0\db_1\bin;d:\Java\jdk1.5.0_16\bin;C:\Perl\site\bin;C:\Perl\bin;E:\oracle\product\10.2.0\db_1\bin;d:\Java\jdk1.5.0_16\bin;D:\java\apache-ant-1.7.1\bin;D:\java\maven-2.0.6\bin;C:\WINDOWS\system32;C:\WINDOWS;C:\WINDOWS\System32\Wbem;C:\Program Files\ATI Technologies\ATI Control Panel;C:\Program Files\Microsoft SQL Server\90\Tools\binn\;C:\Program Files\VoiceAge\Common;C:\Program Files\QuickTime\QTSystem\
2009/4/7 上午 09:55:34 org.apache.coyote.http11.Http11BaseProtocol init
資訊: Initializing Coyote HTTP/1.1 on http-8080
2009/4/7 上午 09:55:34 org.apache.catalina.startup.Catalina load
資訊: Initialization processed in 2500 ms
2009/4/7 上午 09:55:34 org.apache.catalina.core.StandardService start
資訊: Starting service Catalina
2009/4/7 上午 09:55:34 org.apache.catalina.core.StandardEngine start
資訊: Starting Servlet Engine: Apache Tomcat/5.5.27
2009/4/7 上午 09:55:34 org.apache.catalina.core.StandardHost start
資訊: XML validation disabled
2009/4/7 上午 10:06:42 org.apache.coyote.http11.Http11BaseProtocol start
資訊: Starting Coyote HTTP/1.1 on http-8080
2009/4/7 上午 10:06:43 org.apache.jk.common.ChannelSocket init
資訊: JK: ajp13 listening on /0.0.0.0:8009
2009/4/7 上午 10:06:43 org.apache.jk.server.JkMain start
資訊: Jk running ID=0 time=0/203  config=null
2009/4/7 上午 10:06:43 org.apache.catalina.storeconfig.StoreLoader load
資訊: Find registry server-registry.xml at classpath resource
2009/4/7 上午 10:06:43 org.apache.catalina.startup.Catalina start
資訊: Server startup in 669557 ms
2009/4/7 上午 11:11:28 org.apache.catalina.core.AprLifecycleListener lifecycleEvent
資訊: The Apache Tomcat Native library which allows optimal performance in production environments was not found on the java.library.path: d:\Java\jdk1.5.0_16\bin;.;C:\WINDOWS\system32;C:\WINDOWS;D:\java\apache-ant-1.7.1\bin;D:\Adobe\AIR_SDK\bin;d:\oracle\product\10.2.0\db_1\bin;d:\Java\jdk1.5.0_16\bin;C:\Perl\site\bin;C:\Perl\bin;E:\oracle\product\10.2.0\db_1\bin;d:\Java\jdk1.5.0_16\bin;D:\java\apache-ant-1.7.1\bin;D:\java\maven-2.0.6\bin;C:\WINDOWS\system32;C:\WINDOWS;C:\WINDOWS\System32\Wbem;C:\Program Files\ATI Technologies\ATI Control Panel;C:\Program Files\Microsoft SQL Server\90\Tools\binn\;C:\Program Files\VoiceAge\Common;C:\Program Files\QuickTime\QTSystem\
2009/4/7 上午 11:11:29 org.apache.coyote.http11.Http11BaseProtocol init
資訊: Initializing Coyote HTTP/1.1 on http-8080
2009/4/7 上午 11:11:29 org.apache.catalina.startup.Catalina load
資訊: Initialization processed in 2719 ms
2009/4/7 上午 11:11:29 org.apache.catalina.core.StandardService start
資訊: Starting service Catalina
2009/4/7 上午 11:11:29 org.apache.catalina.core.StandardEngine start
資訊: Starting Servlet Engine: Apache Tomcat/5.5.27
2009/4/7 上午 11:11:29 org.apache.catalina.core.StandardHost start
資訊: XML validation disabled
2009/4/7 上午 11:11:32 org.apache.catalina.startup.HostConfig deployWAR
資訊: Deploying web application archive eFID.war
2009/4/7 上午 11:12:43 org.apache.coyote.http11.Http11BaseProtocol start
資訊: Starting Coyote HTTP/1.1 on http-8080
2009/4/7 上午 11:12:44 org.apache.jk.common.ChannelSocket init
資訊: JK: ajp13 listening on /0.0.0.0:8009
2009/4/7 上午 11:12:44 org.apache.jk.server.JkMain start
資訊: Jk running ID=0 time=0/282  config=null
2009/4/7 上午 11:12:44 org.apache.catalina.storeconfig.StoreLoader load
資訊: Find registry server-registry.xml at classpath resource
2009/4/7 上午 11:12:44 org.apache.catalina.startup.Catalina start
資訊: Server startup in 75437 ms
2009/4/7 上午 11:14:23 org.apache.catalina.startup.HostConfig checkResources
資訊: Undeploying context [/eFID]
2009/4/7 上午 11:14:23 org.apache.catalina.core.StandardWrapper unload
資訊: Waiting for 2 instance(s) to be deallocated
2009/4/7 上午 11:14:24 org.apache.catalina.core.StandardWrapper unload
資訊: Waiting for 2 instance(s) to be deallocated
2009/4/7 上午 11:14:25 org.apache.catalina.core.StandardWrapper unload
資訊: Waiting for 2 instance(s) to be deallocated
2009/4/7 上午 11:19:37 org.apache.coyote.http11.Http11BaseProtocol pause
資訊: Pausing Coyote HTTP/1.1 on http-8080
2009/4/7 上午 11:19:38 org.apache.catalina.core.StandardService stop
資訊: Stopping service Catalina
2009/4/7 上午 11:19:38 org.apache.coyote.http11.Http11BaseProtocol destroy
資訊: Stopping Coyote HTTP/1.1 on http-8080
2009/4/7 上午 11:19:38 org.apache.catalina.core.AprLifecycleListener lifecycleEvent
資訊: Failed shutdown of Apache Portable Runtime
2009/4/7 上午 11:19:42 org.apache.catalina.core.AprLifecycleListener lifecycleEvent
資訊: The Apache Tomcat Native library which allows optimal performance in production environments was not found on the java.library.path: d:\Java\jdk1.5.0_16\bin;.;C:\WINDOWS\system32;C:\WINDOWS;D:\java\apache-ant-1.7.1\bin;D:\Adobe\AIR_SDK\bin;d:\oracle\product\10.2.0\db_1\bin;d:\Java\jdk1.5.0_16\bin;C:\Perl\site\bin;C:\Perl\bin;E:\oracle\product\10.2.0\db_1\bin;d:\Java\jdk1.5.0_16\bin;D:\java\apache-ant-1.7.1\bin;D:\java\maven-2.0.6\bin;C:\WINDOWS\system32;C:\WINDOWS;C:\WINDOWS\System32\Wbem;C:\Program Files\ATI Technologies\ATI Control Panel;C:\Program Files\Microsoft SQL Server\90\Tools\binn\;C:\Program Files\VoiceAge\Common;C:\Program Files\QuickTime\QTSystem\
2009/4/7 上午 11:19:43 org.apache.coyote.http11.Http11BaseProtocol init
資訊: Initializing Coyote HTTP/1.1 on http-8080
2009/4/7 上午 11:19:43 org.apache.catalina.startup.Catalina load
資訊: Initialization processed in 2000 ms
2009/4/7 上午 11:19:43 org.apache.catalina.core.StandardService start
資訊: Starting service Catalina
2009/4/7 上午 11:19:43 org.apache.catalina.core.StandardEngine start
資訊: Starting Servlet Engine: Apache Tomcat/5.5.27
2009/4/7 上午 11:19:43 org.apache.catalina.core.StandardHost start
資訊: XML validation disabled
2009/4/7 上午 11:19:49 org.apache.coyote.http11.Http11BaseProtocol start
資訊: Starting Coyote HTTP/1.1 on http-8080
2009/4/7 上午 11:19:49 org.apache.jk.common.ChannelSocket init
資訊: JK: ajp13 listening on /0.0.0.0:8009
2009/4/7 上午 11:19:49 org.apache.jk.server.JkMain start
資訊: Jk running ID=0 time=0/47  config=null
2009/4/7 上午 11:19:50 org.apache.catalina.storeconfig.StoreLoader load
資訊: Find registry server-registry.xml at classpath resource
2009/4/7 上午 11:19:50 org.apache.catalina.startup.Catalina start
資訊: Server startup in 7125 ms
2009/4/7 上午 11:19:57 org.apache.coyote.http11.Http11BaseProtocol pause
資訊: Pausing Coyote HTTP/1.1 on http-8080
2009/4/7 上午 11:19:58 org.apache.catalina.core.StandardService stop
資訊: Stopping service Catalina
2009/4/7 上午 11:19:58 org.apache.coyote.http11.Http11BaseProtocol destroy
資訊: Stopping Coyote HTTP/1.1 on http-8080
2009/4/7 上午 11:19:58 org.apache.catalina.core.AprLifecycleListener lifecycleEvent
資訊: Failed shutdown of Apache Portable Runtime
2009/4/7 上午 11:21:48 org.apache.catalina.core.AprLifecycleListener lifecycleEvent
資訊: The Apache Tomcat Native library which allows optimal performance in production environments was not found on the java.library.path: d:\Java\jdk1.5.0_16\bin;.;C:\WINDOWS\system32;C:\WINDOWS;D:\java\apache-ant-1.7.1\bin;D:\Adobe\AIR_SDK\bin;d:\oracle\product\10.2.0\db_1\bin;d:\Java\jdk1.5.0_16\bin;C:\Perl\site\bin;C:\Perl\bin;E:\oracle\product\10.2.0\db_1\bin;d:\Java\jdk1.5.0_16\bin;D:\java\apache-ant-1.7.1\bin;D:\java\maven-2.0.6\bin;C:\WINDOWS\system32;C:\WINDOWS;C:\WINDOWS\System32\Wbem;C:\Program Files\ATI Technologies\ATI Control Panel;C:\Program Files\Microsoft SQL Server\90\Tools\binn\;C:\Program Files\VoiceAge\Common;C:\Program Files\QuickTime\QTSystem\
2009/4/7 上午 11:21:49 org.apache.coyote.http11.Http11BaseProtocol init
資訊: Initializing Coyote HTTP/1.1 on http-8080
2009/4/7 上午 11:21:49 org.apache.catalina.startup.Catalina load
資訊: Initialization processed in 1578 ms
2009/4/7 上午 11:21:49 org.apache.catalina.core.StandardService start
資訊: Starting service Catalina
2009/4/7 上午 11:21:49 org.apache.catalina.core.StandardEngine start
資訊: Starting Servlet Engine: Apache Tomcat/5.5.27
2009/4/7 上午 11:21:49 org.apache.catalina.core.StandardHost start
資訊: XML validation disabled
2009/4/7 上午 11:21:51 org.apache.catalina.startup.HostConfig deployWAR
資訊: Deploying web application archive eFID.war
2009/4/7 上午 11:23:39 org.apache.catalina.core.AprLifecycleListener lifecycleEvent
資訊: The Apache Tomcat Native library which allows optimal performance in production environments was not found on the java.library.path: d:\Java\jdk1.5.0_16\bin;.;C:\WINDOWS\system32;C:\WINDOWS;D:\java\apache-ant-1.7.1\bin;D:\Adobe\AIR_SDK\bin;d:\oracle\product\10.2.0\db_1\bin;d:\Java\jdk1.5.0_16\bin;C:\Perl\site\bin;C:\Perl\bin;E:\oracle\product\10.2.0\db_1\bin;d:\Java\jdk1.5.0_16\bin;D:\java\apache-ant-1.7.1\bin;D:\java\maven-2.0.6\bin;C:\WINDOWS\system32;C:\WINDOWS;C:\WINDOWS\System32\Wbem;C:\Program Files\ATI Technologies\ATI Control Panel;C:\Program Files\Microsoft SQL Server\90\Tools\binn\;C:\Program Files\VoiceAge\Common;C:\Program Files\QuickTime\QTSystem\
2009/4/7 上午 11:23:39 org.apache.coyote.http11.Http11BaseProtocol init
資訊: Initializing Coyote HTTP/1.1 on http-8080
2009/4/7 上午 11:23:39 org.apache.catalina.startup.Catalina load
資訊: Initialization processed in 1703 ms
2009/4/7 上午 11:23:39 org.apache.catalina.core.StandardService start
資訊: Starting service Catalina
2009/4/7 上午 11:23:39 org.apache.catalina.core.StandardEngine start
資訊: Starting Servlet Engine: Apache Tomcat/5.5.27
2009/4/7 上午 11:23:39 org.apache.catalina.core.StandardHost start
資訊: XML validation disabled
2009/4/7 上午 11:23:42 org.apache.catalina.startup.HostConfig deployWAR
資訊: Deploying web application archive eFID.war
2009/4/7 上午 11:24:04 org.apache.catalina.core.StandardContext start
嚴重的: Error listenerStart
2009/4/7 上午 11:24:04 org.apache.catalina.core.StandardContext start
嚴重的: Context [/eFID] startup failed due to previous errors
2009/4/7 上午 11:24:07 org.apache.coyote.http11.Http11BaseProtocol start
資訊: Starting Coyote HTTP/1.1 on http-8080
2009/4/7 上午 11:25:55 org.apache.catalina.core.AprLifecycleListener lifecycleEvent
資訊: The Apache Tomcat Native library which allows optimal performance in production environments was not found on the java.library.path: d:\Java\jdk1.5.0_16\bin;.;C:\WINDOWS\system32;C:\WINDOWS;D:\java\apache-ant-1.7.1\bin;D:\Adobe\AIR_SDK\bin;d:\oracle\product\10.2.0\db_1\bin;d:\Java\jdk1.5.0_16\bin;C:\Perl\site\bin;C:\Perl\bin;E:\oracle\product\10.2.0\db_1\bin;d:\Java\jdk1.5.0_16\bin;D:\java\apache-ant-1.7.1\bin;D:\java\maven-2.0.6\bin;C:\WINDOWS\system32;C:\WINDOWS;C:\WINDOWS\System32\Wbem;C:\Program Files\ATI Technologies\ATI Control Panel;C:\Program Files\Microsoft SQL Server\90\Tools\binn\;C:\Program Files\VoiceAge\Common;C:\Program Files\QuickTime\QTSystem\
2009/4/7 上午 11:25:55 org.apache.coyote.http11.Http11BaseProtocol init
資訊: Initializing Coyote HTTP/1.1 on http-8080
2009/4/7 上午 11:25:55 org.apache.catalina.startup.Catalina load
資訊: Initialization processed in 1625 ms
2009/4/7 上午 11:25:56 org.apache.catalina.core.StandardService start
資訊: Starting service Catalina
2009/4/7 上午 11:25:56 org.apache.catalina.core.StandardEngine start
資訊: Starting Servlet Engine: Apache Tomcat/5.5.27
2009/4/7 上午 11:25:56 org.apache.catalina.core.StandardHost start
資訊: XML validation disabled
2009/4/7 上午 11:25:58 org.apache.catalina.startup.HostConfig deployWAR
資訊: Deploying web application archive eFID.war
2009/4/7 上午 11:26:56 org.apache.coyote.http11.Http11BaseProtocol start
資訊: Starting Coyote HTTP/1.1 on http-8080
2009/4/7 上午 11:26:57 org.apache.jk.common.ChannelSocket init
資訊: JK: ajp13 listening on /0.0.0.0:8009
2009/4/7 上午 11:26:57 org.apache.jk.server.JkMain start
資訊: Jk running ID=0 time=0/109  config=null
2009/4/7 上午 11:26:57 org.apache.catalina.storeconfig.StoreLoader load
資訊: Find registry server-registry.xml at classpath resource
2009/4/7 上午 11:26:57 org.apache.catalina.startup.Catalina start
資訊: Server startup in 61484 ms
