2009/6/9 上午 09:19:44 org.apache.catalina.core.AprLifecycleListener lifecycleEvent
資訊: The Apache Tomcat Native library which allows optimal performance in production environments was not found on the java.library.path: C:\Program Files\Java\jdk1.5.0_06\bin;.;C:\WINDOWS\system32;C:\WINDOWS;C:\Program Files\Apache Software Foundation\tomcat 5.5\bin;C:\Program Files\Java\jdk1.5.0_06\bin;C:\oracle\product\10.2.0\client_1\bin;C:\WINDOWS\system32;C:\WINDOWS;C:\WINDOWS\System32\Wbem;C:\Program Files\TortoiseSVN\bin
2009/6/9 上午 09:19:44 org.apache.coyote.http11.Http11BaseProtocol init
資訊: Initializing Coyote HTTP/1.1 on http-8080
2009/6/9 上午 09:19:44 org.apache.catalina.startup.Catalina load
資訊: Initialization processed in 2094 ms
2009/6/9 上午 09:19:45 org.apache.catalina.core.StandardService start
資訊: Starting service Catalina
2009/6/9 上午 09:19:45 org.apache.catalina.core.StandardEngine start
資訊: Starting Servlet Engine: Apache Tomcat/5.5.27
2009/6/9 上午 09:19:45 org.apache.catalina.core.StandardHost start
資訊: XML validation disabled
2009/6/9 上午 09:21:14 org.apache.coyote.http11.Http11BaseProtocol start
資訊: Starting Coyote HTTP/1.1 on http-8080
2009/6/9 上午 09:21:14 org.apache.jk.common.ChannelSocket init
資訊: JK: ajp13 listening on /0.0.0.0:8009
2009/6/9 上午 09:21:15 org.apache.jk.server.JkMain start
資訊: Jk running ID=0 time=0/31  config=null
2009/6/9 上午 09:21:15 org.apache.catalina.storeconfig.StoreLoader load
資訊: Find registry server-registry.xml at classpath resource
2009/6/9 上午 09:21:15 org.apache.catalina.startup.Catalina start
資訊: Server startup in 90391 ms
