2009/5/4 上午 08:35:29 org.apache.catalina.core.AprLifecycleListener lifecycleEvent
資訊: The Apache Tomcat Native library which allows optimal performance in production environments was not found on the java.library.path: d:\Java\jdk1.5.0_16\bin;.;C:\WINDOWS\system32;C:\WINDOWS;D:\java\apache-ant-1.7.1\bin;D:\Adobe\AIR_SDK\bin;d:\oracle\product\10.2.0\db_1\bin;d:\Java\jdk1.5.0_16\bin;C:\Perl\site\bin;C:\Perl\bin;E:\oracle\product\10.2.0\db_1\bin;d:\Java\jdk1.5.0_16\bin;D:\java\apache-ant-1.7.1\bin;D:\java\maven-2.0.6\bin;C:\WINDOWS\system32;C:\WINDOWS;C:\WINDOWS\System32\Wbem;C:\Program Files\ATI Technologies\ATI Control Panel;C:\Program Files\Microsoft SQL Server\90\Tools\binn\;C:\Program Files\VoiceAge\Common;C:\Program Files\QuickTime\QTSystem\
2009/5/4 上午 08:35:29 org.apache.coyote.http11.Http11BaseProtocol init
資訊: Initializing Coyote HTTP/1.1 on http-8080
2009/5/4 上午 08:35:29 org.apache.catalina.startup.Catalina load
資訊: Initialization processed in 2532 ms
2009/5/4 上午 08:35:30 org.apache.catalina.core.StandardService start
資訊: Starting service Catalina
2009/5/4 上午 08:35:30 org.apache.catalina.core.StandardEngine start
資訊: Starting Servlet Engine: Apache Tomcat/5.5.27
2009/5/4 上午 08:35:30 org.apache.catalina.core.StandardHost start
資訊: XML validation disabled
2009/5/4 上午 08:36:41 org.apache.coyote.http11.Http11BaseProtocol start
資訊: Starting Coyote HTTP/1.1 on http-8080
2009/5/4 上午 08:36:42 org.apache.jk.common.ChannelSocket init
資訊: JK: ajp13 listening on /0.0.0.0:8009
2009/5/4 上午 08:36:42 org.apache.jk.server.JkMain start
資訊: Jk running ID=0 time=0/94  config=null
2009/5/4 上午 08:36:42 org.apache.catalina.storeconfig.StoreLoader load
資訊: Find registry server-registry.xml at classpath resource
2009/5/4 上午 08:36:42 org.apache.catalina.startup.Catalina start
資訊: Server startup in 72977 ms
2009/5/4 上午 09:39:38 org.apache.catalina.core.StandardService stop
資訊: Stopping service Catalina
2009/5/4 上午 09:39:39 org.apache.catalina.core.StandardWrapper unload
資訊: Waiting for 2 instance(s) to be deallocated
2009/5/4 上午 09:39:40 org.apache.catalina.core.StandardWrapper unload
資訊: Waiting for 2 instance(s) to be deallocated
2009/5/4 上午 09:39:48 org.apache.catalina.core.AprLifecycleListener lifecycleEvent
資訊: The Apache Tomcat Native library which allows optimal performance in production environments was not found on the java.library.path: d:\Java\jdk1.5.0_16\bin;.;C:\WINDOWS\system32;C:\WINDOWS;D:\java\apache-ant-1.7.1\bin;D:\Adobe\AIR_SDK\bin;d:\oracle\product\10.2.0\db_1\bin;d:\Java\jdk1.5.0_16\bin;C:\Perl\site\bin;C:\Perl\bin;E:\oracle\product\10.2.0\db_1\bin;d:\Java\jdk1.5.0_16\bin;D:\java\apache-ant-1.7.1\bin;D:\java\maven-2.0.6\bin;C:\WINDOWS\system32;C:\WINDOWS;C:\WINDOWS\System32\Wbem;C:\Program Files\ATI Technologies\ATI Control Panel;C:\Program Files\Microsoft SQL Server\90\Tools\binn\;C:\Program Files\VoiceAge\Common;C:\Program Files\QuickTime\QTSystem\
2009/5/4 上午 09:39:49 org.apache.coyote.http11.Http11BaseProtocol init
資訊: Initializing Coyote HTTP/1.1 on http-8080
2009/5/4 上午 09:39:49 org.apache.catalina.startup.Catalina load
資訊: Initialization processed in 1969 ms
2009/5/4 上午 09:39:49 org.apache.catalina.core.StandardService start
資訊: Starting service Catalina
2009/5/4 上午 09:39:49 org.apache.catalina.core.StandardEngine start
資訊: Starting Servlet Engine: Apache Tomcat/5.5.27
2009/5/4 上午 09:39:49 org.apache.catalina.core.StandardHost start
資訊: XML validation disabled
2009/5/4 上午 09:40:59 org.apache.coyote.http11.Http11BaseProtocol start
資訊: Starting Coyote HTTP/1.1 on http-8080
2009/5/4 上午 09:40:59 org.apache.jk.common.ChannelSocket init
資訊: JK: ajp13 listening on /0.0.0.0:8009
2009/5/4 上午 09:40:59 org.apache.jk.server.JkMain start
資訊: Jk running ID=0 time=0/78  config=null
2009/5/4 上午 09:41:00 org.apache.catalina.storeconfig.StoreLoader load
資訊: Find registry server-registry.xml at classpath resource
2009/5/4 上午 09:41:00 org.apache.catalina.startup.Catalina start
資訊: Server startup in 70979 ms
2009/5/4 上午 10:33:06 org.apache.coyote.http11.Http11BaseProtocol pause
資訊: Pausing Coyote HTTP/1.1 on http-8080
2009/5/4 上午 10:33:07 org.apache.catalina.core.StandardService stop
資訊: Stopping service Catalina
2009/5/4 上午 10:33:07 org.apache.catalina.core.StandardWrapper unload
資訊: Waiting for 1 instance(s) to be deallocated
2009/5/4 上午 10:33:14 org.apache.catalina.core.AprLifecycleListener lifecycleEvent
資訊: The Apache Tomcat Native library which allows optimal performance in production environments was not found on the java.library.path: d:\Java\jdk1.5.0_16\bin;.;C:\WINDOWS\system32;C:\WINDOWS;D:\java\apache-ant-1.7.1\bin;D:\Adobe\AIR_SDK\bin;d:\oracle\product\10.2.0\db_1\bin;d:\Java\jdk1.5.0_16\bin;C:\Perl\site\bin;C:\Perl\bin;E:\oracle\product\10.2.0\db_1\bin;d:\Java\jdk1.5.0_16\bin;D:\java\apache-ant-1.7.1\bin;D:\java\maven-2.0.6\bin;C:\WINDOWS\system32;C:\WINDOWS;C:\WINDOWS\System32\Wbem;C:\Program Files\ATI Technologies\ATI Control Panel;C:\Program Files\Microsoft SQL Server\90\Tools\binn\;C:\Program Files\VoiceAge\Common;C:\Program Files\QuickTime\QTSystem\
2009/5/4 上午 10:33:14 org.apache.coyote.http11.Http11BaseProtocol init
資訊: Initializing Coyote HTTP/1.1 on http-8080
2009/5/4 上午 10:33:14 org.apache.catalina.startup.Catalina load
資訊: Initialization processed in 1859 ms
2009/5/4 上午 10:33:15 org.apache.catalina.core.StandardService start
資訊: Starting service Catalina
2009/5/4 上午 10:33:15 org.apache.catalina.core.StandardEngine start
資訊: Starting Servlet Engine: Apache Tomcat/5.5.27
2009/5/4 上午 10:33:15 org.apache.catalina.core.StandardHost start
資訊: XML validation disabled
2009/5/4 上午 10:34:14 org.apache.coyote.http11.Http11BaseProtocol start
資訊: Starting Coyote HTTP/1.1 on http-8080
2009/5/4 上午 10:34:15 org.apache.jk.common.ChannelSocket init
資訊: JK: ajp13 listening on /0.0.0.0:8009
2009/5/4 上午 10:34:15 org.apache.jk.server.JkMain start
資訊: Jk running ID=0 time=0/62  config=null
2009/5/4 上午 10:34:15 org.apache.catalina.storeconfig.StoreLoader load
資訊: Find registry server-registry.xml at classpath resource
2009/5/4 上午 10:34:15 org.apache.catalina.startup.Catalina start
資訊: Server startup in 60624 ms
2009/5/4 上午 10:35:33 org.apache.coyote.http11.Http11BaseProtocol pause
資訊: Pausing Coyote HTTP/1.1 on http-8080
2009/5/4 上午 10:37:17 org.apache.catalina.core.AprLifecycleListener lifecycleEvent
資訊: The Apache Tomcat Native library which allows optimal performance in production environments was not found on the java.library.path: d:\Java\jdk1.5.0_16\bin;.;C:\WINDOWS\system32;C:\WINDOWS;D:\java\apache-ant-1.7.1\bin;D:\Adobe\AIR_SDK\bin;d:\oracle\product\10.2.0\db_1\bin;d:\Java\jdk1.5.0_16\bin;C:\Perl\site\bin;C:\Perl\bin;E:\oracle\product\10.2.0\db_1\bin;d:\Java\jdk1.5.0_16\bin;D:\java\apache-ant-1.7.1\bin;D:\java\maven-2.0.6\bin;C:\WINDOWS\system32;C:\WINDOWS;C:\WINDOWS\System32\Wbem;C:\Program Files\ATI Technologies\ATI Control Panel;C:\Program Files\Microsoft SQL Server\90\Tools\binn\;C:\Program Files\VoiceAge\Common;C:\Program Files\QuickTime\QTSystem\
2009/5/4 上午 10:37:18 org.apache.coyote.http11.Http11BaseProtocol init
資訊: Initializing Coyote HTTP/1.1 on http-8080
2009/5/4 上午 10:37:18 org.apache.catalina.startup.Catalina load
資訊: Initialization processed in 1578 ms
2009/5/4 上午 10:37:18 org.apache.catalina.core.StandardService start
資訊: Starting service Catalina
2009/5/4 上午 10:37:18 org.apache.catalina.core.StandardEngine start
資訊: Starting Servlet Engine: Apache Tomcat/5.5.27
2009/5/4 上午 10:37:18 org.apache.catalina.core.StandardHost start
資訊: XML validation disabled
2009/5/4 上午 10:38:16 org.apache.coyote.http11.Http11BaseProtocol start
資訊: Starting Coyote HTTP/1.1 on http-8080
2009/5/4 上午 10:38:16 org.apache.jk.common.ChannelSocket init
資訊: JK: ajp13 listening on /0.0.0.0:8009
2009/5/4 上午 10:38:16 org.apache.jk.server.JkMain start
資訊: Jk running ID=0 time=0/32  config=null
2009/5/4 上午 10:38:16 org.apache.catalina.storeconfig.StoreLoader load
資訊: Find registry server-registry.xml at classpath resource
2009/5/4 上午 10:38:16 org.apache.catalina.startup.Catalina start
資訊: Server startup in 58842 ms
2009/5/4 上午 10:44:01 org.apache.coyote.http11.Http11BaseProtocol pause
資訊: Pausing Coyote HTTP/1.1 on http-8080
2009/5/4 上午 10:44:02 org.apache.catalina.core.StandardService stop
資訊: Stopping service Catalina
2009/5/4 上午 10:44:02 org.apache.catalina.core.StandardWrapper unload
資訊: Waiting for 1 instance(s) to be deallocated
2009/5/4 上午 10:44:06 org.apache.catalina.core.AprLifecycleListener lifecycleEvent
資訊: The Apache Tomcat Native library which allows optimal performance in production environments was not found on the java.library.path: d:\Java\jdk1.5.0_16\bin;.;C:\WINDOWS\system32;C:\WINDOWS;D:\java\apache-ant-1.7.1\bin;D:\Adobe\AIR_SDK\bin;d:\oracle\product\10.2.0\db_1\bin;d:\Java\jdk1.5.0_16\bin;C:\Perl\site\bin;C:\Perl\bin;E:\oracle\product\10.2.0\db_1\bin;d:\Java\jdk1.5.0_16\bin;D:\java\apache-ant-1.7.1\bin;D:\java\maven-2.0.6\bin;C:\WINDOWS\system32;C:\WINDOWS;C:\WINDOWS\System32\Wbem;C:\Program Files\ATI Technologies\ATI Control Panel;C:\Program Files\Microsoft SQL Server\90\Tools\binn\;C:\Program Files\VoiceAge\Common;C:\Program Files\QuickTime\QTSystem\
2009/5/4 上午 10:44:07 org.apache.coyote.http11.Http11BaseProtocol init
資訊: Initializing Coyote HTTP/1.1 on http-8080
2009/5/4 上午 10:44:07 org.apache.catalina.startup.Catalina load
資訊: Initialization processed in 1547 ms
2009/5/4 上午 10:44:07 org.apache.catalina.core.StandardService start
資訊: Starting service Catalina
2009/5/4 上午 10:44:07 org.apache.catalina.core.StandardEngine start
資訊: Starting Servlet Engine: Apache Tomcat/5.5.27
2009/5/4 上午 10:44:07 org.apache.catalina.core.StandardHost start
資訊: XML validation disabled
2009/5/4 上午 10:45:04 org.apache.coyote.http11.Http11BaseProtocol start
資訊: Starting Coyote HTTP/1.1 on http-8080
2009/5/4 上午 10:45:05 org.apache.jk.common.ChannelSocket init
資訊: JK: ajp13 listening on /0.0.0.0:8009
2009/5/4 上午 10:45:05 org.apache.jk.server.JkMain start
資訊: Jk running ID=0 time=0/62  config=null
2009/5/4 上午 10:45:05 org.apache.catalina.storeconfig.StoreLoader load
資訊: Find registry server-registry.xml at classpath resource
2009/5/4 上午 10:45:05 org.apache.catalina.startup.Catalina start
資訊: Server startup in 58409 ms
2009/5/4 上午 10:49:41 org.apache.coyote.http11.Http11BaseProtocol pause
資訊: Pausing Coyote HTTP/1.1 on http-8080
2009/5/4 上午 10:49:52 org.apache.catalina.core.AprLifecycleListener lifecycleEvent
資訊: The Apache Tomcat Native library which allows optimal performance in production environments was not found on the java.library.path: d:\Java\jdk1.5.0_16\bin;.;C:\WINDOWS\system32;C:\WINDOWS;D:\java\apache-ant-1.7.1\bin;D:\Adobe\AIR_SDK\bin;d:\oracle\product\10.2.0\db_1\bin;d:\Java\jdk1.5.0_16\bin;C:\Perl\site\bin;C:\Perl\bin;E:\oracle\product\10.2.0\db_1\bin;d:\Java\jdk1.5.0_16\bin;D:\java\apache-ant-1.7.1\bin;D:\java\maven-2.0.6\bin;C:\WINDOWS\system32;C:\WINDOWS;C:\WINDOWS\System32\Wbem;C:\Program Files\ATI Technologies\ATI Control Panel;C:\Program Files\Microsoft SQL Server\90\Tools\binn\;C:\Program Files\VoiceAge\Common;C:\Program Files\QuickTime\QTSystem\
2009/5/4 上午 10:49:52 org.apache.coyote.http11.Http11BaseProtocol init
資訊: Initializing Coyote HTTP/1.1 on http-8080
2009/5/4 上午 10:49:52 org.apache.catalina.startup.Catalina load
資訊: Initialization processed in 1547 ms
2009/5/4 上午 10:49:52 org.apache.catalina.core.StandardService start
資訊: Starting service Catalina
2009/5/4 上午 10:49:52 org.apache.catalina.core.StandardEngine start
資訊: Starting Servlet Engine: Apache Tomcat/5.5.27
2009/5/4 上午 10:49:52 org.apache.catalina.core.StandardHost start
資訊: XML validation disabled
2009/5/4 上午 10:51:09 org.apache.catalina.core.AprLifecycleListener lifecycleEvent
資訊: The Apache Tomcat Native library which allows optimal performance in production environments was not found on the java.library.path: d:\Java\jdk1.5.0_16\bin;.;C:\WINDOWS\system32;C:\WINDOWS;D:\java\apache-ant-1.7.1\bin;D:\Adobe\AIR_SDK\bin;d:\oracle\product\10.2.0\db_1\bin;d:\Java\jdk1.5.0_16\bin;C:\Perl\site\bin;C:\Perl\bin;E:\oracle\product\10.2.0\db_1\bin;d:\Java\jdk1.5.0_16\bin;D:\java\apache-ant-1.7.1\bin;D:\java\maven-2.0.6\bin;C:\WINDOWS\system32;C:\WINDOWS;C:\WINDOWS\System32\Wbem;C:\Program Files\ATI Technologies\ATI Control Panel;C:\Program Files\Microsoft SQL Server\90\Tools\binn\;C:\Program Files\VoiceAge\Common;C:\Program Files\QuickTime\QTSystem\
2009/5/4 上午 10:51:09 org.apache.coyote.http11.Http11BaseProtocol init
資訊: Initializing Coyote HTTP/1.1 on http-8080
2009/5/4 上午 10:51:09 org.apache.catalina.startup.Catalina load
資訊: Initialization processed in 1562 ms
2009/5/4 上午 10:51:09 org.apache.catalina.core.StandardService start
資訊: Starting service Catalina
2009/5/4 上午 10:51:09 org.apache.catalina.core.StandardEngine start
資訊: Starting Servlet Engine: Apache Tomcat/5.5.27
2009/5/4 上午 10:51:09 org.apache.catalina.core.StandardHost start
資訊: XML validation disabled
2009/5/4 上午 10:51:12 org.apache.catalina.startup.HostConfig deployWAR
資訊: Deploying web application archive eFID.war
2009/5/4 上午 10:52:58 org.apache.catalina.core.AprLifecycleListener lifecycleEvent
資訊: The Apache Tomcat Native library which allows optimal performance in production environments was not found on the java.library.path: d:\Java\jdk1.5.0_16\bin;.;C:\WINDOWS\system32;C:\WINDOWS;D:\java\apache-ant-1.7.1\bin;D:\Adobe\AIR_SDK\bin;d:\oracle\product\10.2.0\db_1\bin;d:\Java\jdk1.5.0_16\bin;C:\Perl\site\bin;C:\Perl\bin;E:\oracle\product\10.2.0\db_1\bin;d:\Java\jdk1.5.0_16\bin;D:\java\apache-ant-1.7.1\bin;D:\java\maven-2.0.6\bin;C:\WINDOWS\system32;C:\WINDOWS;C:\WINDOWS\System32\Wbem;C:\Program Files\ATI Technologies\ATI Control Panel;C:\Program Files\Microsoft SQL Server\90\Tools\binn\;C:\Program Files\VoiceAge\Common;C:\Program Files\QuickTime\QTSystem\
2009/5/4 上午 10:52:58 org.apache.coyote.http11.Http11BaseProtocol init
資訊: Initializing Coyote HTTP/1.1 on http-8080
2009/5/4 上午 10:52:58 org.apache.catalina.startup.Catalina load
資訊: Initialization processed in 1563 ms
2009/5/4 上午 10:52:58 org.apache.catalina.core.StandardService start
資訊: Starting service Catalina
2009/5/4 上午 10:52:58 org.apache.catalina.core.StandardEngine start
資訊: Starting Servlet Engine: Apache Tomcat/5.5.27
2009/5/4 上午 10:52:58 org.apache.catalina.core.StandardHost start
資訊: XML validation disabled
2009/5/4 上午 10:53:01 org.apache.catalina.startup.HostConfig deployWAR
資訊: Deploying web application archive eFID.war
2009/5/4 上午 10:54:58 org.apache.coyote.http11.Http11BaseProtocol start
資訊: Starting Coyote HTTP/1.1 on http-8080
2009/5/4 上午 10:54:59 org.apache.jk.common.ChannelSocket init
資訊: JK: ajp13 listening on /0.0.0.0:8009
2009/5/4 上午 10:54:59 org.apache.jk.server.JkMain start
資訊: Jk running ID=0 time=0/62  config=null
2009/5/4 上午 10:55:00 org.apache.catalina.storeconfig.StoreLoader load
資訊: Find registry server-registry.xml at classpath resource
2009/5/4 上午 10:55:00 org.apache.catalina.startup.Catalina start
資訊: Server startup in 121953 ms
2009/5/4 上午 10:58:04 org.apache.catalina.core.AprLifecycleListener lifecycleEvent
資訊: The Apache Tomcat Native library which allows optimal performance in production environments was not found on the java.library.path: d:\Java\jdk1.5.0_16\bin;.;C:\WINDOWS\system32;C:\WINDOWS;D:\java\apache-ant-1.7.1\bin;D:\Adobe\AIR_SDK\bin;d:\oracle\product\10.2.0\db_1\bin;d:\Java\jdk1.5.0_16\bin;C:\Perl\site\bin;C:\Perl\bin;E:\oracle\product\10.2.0\db_1\bin;d:\Java\jdk1.5.0_16\bin;D:\java\apache-ant-1.7.1\bin;D:\java\maven-2.0.6\bin;C:\WINDOWS\system32;C:\WINDOWS;C:\WINDOWS\System32\Wbem;C:\Program Files\ATI Technologies\ATI Control Panel;C:\Program Files\Microsoft SQL Server\90\Tools\binn\;C:\Program Files\VoiceAge\Common;C:\Program Files\QuickTime\QTSystem\
2009/5/4 上午 10:58:04 org.apache.coyote.http11.Http11BaseProtocol init
嚴重的: Error initializing endpoint
java.net.BindException: Address already in use: JVM_Bind:8080
	at org.apache.tomcat.util.net.PoolTcpEndpoint.initEndpoint(PoolTcpEndpoint.java:298)
	at org.apache.coyote.http11.Http11BaseProtocol.init(Http11BaseProtocol.java:139)
	at org.apache.catalina.connector.Connector.initialize(Connector.java:1017)
	at org.apache.catalina.core.StandardService.initialize(StandardService.java:578)
	at org.apache.catalina.core.StandardServer.initialize(StandardServer.java:782)
	at org.apache.catalina.startup.Catalina.load(Catalina.java:504)
	at org.apache.catalina.startup.Catalina.load(Catalina.java:524)
	at sun.reflect.NativeMethodAccessorImpl.invoke0(Native Method)
	at sun.reflect.NativeMethodAccessorImpl.invoke(NativeMethodAccessorImpl.java:39)
	at sun.reflect.DelegatingMethodAccessorImpl.invoke(DelegatingMethodAccessorImpl.java:25)
	at java.lang.reflect.Method.invoke(Method.java:585)
	at org.apache.catalina.startup.Bootstrap.load(Bootstrap.java:267)
	at org.apache.catalina.startup.Bootstrap.main(Bootstrap.java:432)
2009/5/4 上午 10:58:04 org.apache.catalina.startup.Catalina load
嚴重的: Catalina.start
LifecycleException:  Protocol handler initialization failed: java.net.BindException: Address already in use: JVM_Bind:8080
	at org.apache.catalina.connector.Connector.initialize(Connector.java:1019)
	at org.apache.catalina.core.StandardService.initialize(StandardService.java:578)
	at org.apache.catalina.core.StandardServer.initialize(StandardServer.java:782)
	at org.apache.catalina.startup.Catalina.load(Catalina.java:504)
	at org.apache.catalina.startup.Catalina.load(Catalina.java:524)
	at sun.reflect.NativeMethodAccessorImpl.invoke0(Native Method)
	at sun.reflect.NativeMethodAccessorImpl.invoke(NativeMethodAccessorImpl.java:39)
	at sun.reflect.DelegatingMethodAccessorImpl.invoke(DelegatingMethodAccessorImpl.java:25)
	at java.lang.reflect.Method.invoke(Method.java:585)
	at org.apache.catalina.startup.Bootstrap.load(Bootstrap.java:267)
	at org.apache.catalina.startup.Bootstrap.main(Bootstrap.java:432)
2009/5/4 上午 10:58:04 org.apache.catalina.startup.Catalina load
資訊: Initialization processed in 1594 ms
2009/5/4 上午 10:58:05 org.apache.catalina.core.StandardService start
資訊: Starting service Catalina
2009/5/4 上午 10:58:05 org.apache.catalina.core.StandardEngine start
資訊: Starting Servlet Engine: Apache Tomcat/5.5.27
2009/5/4 上午 10:58:05 org.apache.catalina.core.StandardHost start
資訊: XML validation disabled
2009/5/4 上午 11:00:09 org.apache.catalina.startup.HostConfig checkResources
資訊: Undeploying context [/eFID]
2009/5/4 上午 11:00:09 org.apache.catalina.core.StandardWrapper unload
資訊: Waiting for 1 instance(s) to be deallocated
2009/5/4 上午 11:00:10 org.apache.catalina.core.StandardWrapper unload
資訊: Waiting for 1 instance(s) to be deallocated
2009/5/4 上午 11:00:11 org.apache.catalina.core.StandardWrapper unload
資訊: Waiting for 1 instance(s) to be deallocated
2009/5/4 上午 11:00:11 org.apache.catalina.core.StandardWrapper unload
資訊: Waiting for 1 instance(s) to be deallocated
2009/5/4 上午 11:00:12 org.apache.catalina.core.StandardWrapper unload
資訊: Waiting for 1 instance(s) to be deallocated
2009/5/4 上午 11:00:13 org.apache.catalina.core.StandardWrapper unload
資訊: Waiting for 1 instance(s) to be deallocated
2009/5/4 上午 11:01:13 org.apache.coyote.http11.Http11BaseProtocol pause
資訊: Pausing Coyote HTTP/1.1 on http-8080
2009/5/4 上午 11:01:14 org.apache.catalina.core.StandardService stop
資訊: Stopping service Catalina
2009/5/4 上午 11:01:41 org.apache.catalina.core.AprLifecycleListener lifecycleEvent
資訊: The Apache Tomcat Native library which allows optimal performance in production environments was not found on the java.library.path: d:\Java\jdk1.5.0_16\bin;.;C:\WINDOWS\system32;C:\WINDOWS;D:\java\apache-ant-1.7.1\bin;D:\Adobe\AIR_SDK\bin;d:\oracle\product\10.2.0\db_1\bin;d:\Java\jdk1.5.0_16\bin;C:\Perl\site\bin;C:\Perl\bin;E:\oracle\product\10.2.0\db_1\bin;d:\Java\jdk1.5.0_16\bin;D:\java\apache-ant-1.7.1\bin;D:\java\maven-2.0.6\bin;C:\WINDOWS\system32;C:\WINDOWS;C:\WINDOWS\System32\Wbem;C:\Program Files\ATI Technologies\ATI Control Panel;C:\Program Files\Microsoft SQL Server\90\Tools\binn\;C:\Program Files\VoiceAge\Common;C:\Program Files\QuickTime\QTSystem\
2009/5/4 上午 11:01:41 org.apache.coyote.http11.Http11BaseProtocol init
資訊: Initializing Coyote HTTP/1.1 on http-8080
2009/5/4 上午 11:01:41 org.apache.catalina.startup.Catalina load
資訊: Initialization processed in 1547 ms
2009/5/4 上午 11:01:42 org.apache.catalina.core.StandardService start
資訊: Starting service Catalina
2009/5/4 上午 11:01:42 org.apache.catalina.core.StandardEngine start
資訊: Starting Servlet Engine: Apache Tomcat/5.5.27
2009/5/4 上午 11:01:42 org.apache.catalina.core.StandardHost start
資訊: XML validation disabled
2009/5/4 上午 11:01:44 org.apache.catalina.startup.HostConfig deployWAR
資訊: Deploying web application archive eFID.war
2009/5/4 上午 11:03:29 org.apache.coyote.http11.Http11BaseProtocol start
資訊: Starting Coyote HTTP/1.1 on http-8080
2009/5/4 上午 11:03:30 org.apache.jk.common.ChannelSocket init
資訊: JK: ajp13 listening on /0.0.0.0:8009
2009/5/4 上午 11:03:30 org.apache.jk.server.JkMain start
資訊: Jk running ID=0 time=0/312  config=null
2009/5/4 上午 11:03:31 org.apache.catalina.storeconfig.StoreLoader load
資訊: Find registry server-registry.xml at classpath resource
2009/5/4 上午 11:03:31 org.apache.catalina.startup.Catalina start
資訊: Server startup in 109531 ms
2009/5/4 上午 11:15:25 org.apache.coyote.http11.Http11BaseProtocol pause
資訊: Pausing Coyote HTTP/1.1 on http-8080
2009/5/4 上午 11:16:07 org.apache.catalina.core.AprLifecycleListener lifecycleEvent
資訊: The Apache Tomcat Native library which allows optimal performance in production environments was not found on the java.library.path: d:\Java\jdk1.5.0_16\bin;.;C:\WINDOWS\system32;C:\WINDOWS;D:\java\apache-ant-1.7.1\bin;D:\Adobe\AIR_SDK\bin;d:\oracle\product\10.2.0\db_1\bin;d:\Java\jdk1.5.0_16\bin;C:\Perl\site\bin;C:\Perl\bin;E:\oracle\product\10.2.0\db_1\bin;d:\Java\jdk1.5.0_16\bin;D:\java\apache-ant-1.7.1\bin;D:\java\maven-2.0.6\bin;C:\WINDOWS\system32;C:\WINDOWS;C:\WINDOWS\System32\Wbem;C:\Program Files\ATI Technologies\ATI Control Panel;C:\Program Files\Microsoft SQL Server\90\Tools\binn\;C:\Program Files\VoiceAge\Common;C:\Program Files\QuickTime\QTSystem\
2009/5/4 上午 11:16:07 org.apache.coyote.http11.Http11BaseProtocol init
資訊: Initializing Coyote HTTP/1.1 on http-8080
2009/5/4 上午 11:16:07 org.apache.catalina.startup.Catalina load
資訊: Initialization processed in 1656 ms
2009/5/4 上午 11:16:08 org.apache.catalina.core.StandardService start
資訊: Starting service Catalina
2009/5/4 上午 11:16:08 org.apache.catalina.core.StandardEngine start
資訊: Starting Servlet Engine: Apache Tomcat/5.5.27
2009/5/4 上午 11:16:08 org.apache.catalina.core.StandardHost start
資訊: XML validation disabled
2009/5/4 上午 11:16:10 org.apache.catalina.startup.HostConfig deployWAR
資訊: Deploying web application archive eFID.war
2009/5/4 上午 11:17:53 org.apache.coyote.http11.Http11BaseProtocol start
資訊: Starting Coyote HTTP/1.1 on http-8080
2009/5/4 上午 11:17:54 org.apache.jk.common.ChannelSocket init
資訊: JK: ajp13 listening on /0.0.0.0:8009
2009/5/4 上午 11:17:54 org.apache.jk.server.JkMain start
資訊: Jk running ID=0 time=0/94  config=null
2009/5/4 上午 11:17:54 org.apache.catalina.storeconfig.StoreLoader load
資訊: Find registry server-registry.xml at classpath resource
2009/5/4 上午 11:17:54 org.apache.catalina.startup.Catalina start
資訊: Server startup in 106995 ms
2009/5/4 下午 03:21:02 org.apache.coyote.http11.Http11BaseProtocol pause
資訊: Pausing Coyote HTTP/1.1 on http-8080
2009/5/4 下午 03:21:03 org.apache.catalina.core.StandardService stop
資訊: Stopping service Catalina
2009/5/4 下午 03:21:43 org.apache.catalina.core.AprLifecycleListener lifecycleEvent
資訊: The Apache Tomcat Native library which allows optimal performance in production environments was not found on the java.library.path: d:\Java\jdk1.5.0_16\bin;.;C:\WINDOWS\system32;C:\WINDOWS;D:\java\apache-ant-1.7.1\bin;D:\Adobe\AIR_SDK\bin;d:\oracle\product\10.2.0\db_1\bin;d:\Java\jdk1.5.0_16\bin;C:\Perl\site\bin;C:\Perl\bin;E:\oracle\product\10.2.0\db_1\bin;d:\Java\jdk1.5.0_16\bin;D:\java\apache-ant-1.7.1\bin;D:\java\maven-2.0.6\bin;C:\WINDOWS\system32;C:\WINDOWS;C:\WINDOWS\System32\Wbem;C:\Program Files\ATI Technologies\ATI Control Panel;C:\Program Files\Microsoft SQL Server\90\Tools\binn\;C:\Program Files\VoiceAge\Common;C:\Program Files\QuickTime\QTSystem\
2009/5/4 下午 03:21:43 org.apache.coyote.http11.Http11BaseProtocol init
資訊: Initializing Coyote HTTP/1.1 on http-8080
2009/5/4 下午 03:21:43 org.apache.catalina.startup.Catalina load
資訊: Initialization processed in 2031 ms
2009/5/4 下午 03:21:43 org.apache.catalina.core.StandardService start
資訊: Starting service Catalina
2009/5/4 下午 03:21:43 org.apache.catalina.core.StandardEngine start
資訊: Starting Servlet Engine: Apache Tomcat/5.5.27
2009/5/4 下午 03:21:43 org.apache.catalina.core.StandardHost start
資訊: XML validation disabled
2009/5/4 下午 03:23:32 org.apache.coyote.http11.Http11BaseProtocol start
資訊: Starting Coyote HTTP/1.1 on http-8080
2009/5/4 下午 03:23:33 org.apache.jk.common.ChannelSocket init
資訊: JK: ajp13 listening on /0.0.0.0:8009
2009/5/4 下午 03:23:33 org.apache.jk.server.JkMain start
資訊: Jk running ID=0 time=0/172  config=null
2009/5/4 下午 03:23:33 org.apache.catalina.storeconfig.StoreLoader load
資訊: Find registry server-registry.xml at classpath resource
2009/5/4 下午 03:23:33 org.apache.catalina.startup.Catalina start
資訊: Server startup in 110355 ms
2009/5/4 下午 03:29:05 org.apache.coyote.http11.Http11BaseProtocol pause
資訊: Pausing Coyote HTTP/1.1 on http-8080
2009/5/4 下午 03:29:06 org.apache.catalina.core.StandardService stop
資訊: Stopping service Catalina
2009/5/4 下午 03:29:29 org.apache.catalina.core.AprLifecycleListener lifecycleEvent
資訊: The Apache Tomcat Native library which allows optimal performance in production environments was not found on the java.library.path: d:\Java\jdk1.5.0_16\bin;.;C:\WINDOWS\system32;C:\WINDOWS;D:\java\apache-ant-1.7.1\bin;D:\Adobe\AIR_SDK\bin;d:\oracle\product\10.2.0\db_1\bin;d:\Java\jdk1.5.0_16\bin;C:\Perl\site\bin;C:\Perl\bin;E:\oracle\product\10.2.0\db_1\bin;d:\Java\jdk1.5.0_16\bin;D:\java\apache-ant-1.7.1\bin;D:\java\maven-2.0.6\bin;C:\WINDOWS\system32;C:\WINDOWS;C:\WINDOWS\System32\Wbem;C:\Program Files\ATI Technologies\ATI Control Panel;C:\Program Files\Microsoft SQL Server\90\Tools\binn\;C:\Program Files\VoiceAge\Common;C:\Program Files\QuickTime\QTSystem\
2009/5/4 下午 03:29:29 org.apache.coyote.http11.Http11BaseProtocol init
資訊: Initializing Coyote HTTP/1.1 on http-8080
2009/5/4 下午 03:29:29 org.apache.catalina.startup.Catalina load
資訊: Initialization processed in 1687 ms
2009/5/4 下午 03:29:30 org.apache.catalina.core.StandardService start
資訊: Starting service Catalina
2009/5/4 下午 03:29:30 org.apache.catalina.core.StandardEngine start
資訊: Starting Servlet Engine: Apache Tomcat/5.5.27
2009/5/4 下午 03:29:30 org.apache.catalina.core.StandardHost start
資訊: XML validation disabled
2009/5/4 下午 03:31:14 org.apache.coyote.http11.Http11BaseProtocol start
資訊: Starting Coyote HTTP/1.1 on http-8080
2009/5/4 下午 03:31:14 org.apache.jk.common.ChannelSocket init
資訊: JK: ajp13 listening on /0.0.0.0:8009
2009/5/4 下午 03:31:14 org.apache.jk.server.JkMain start
資訊: Jk running ID=0 time=0/47  config=null
2009/5/4 下午 03:31:15 org.apache.catalina.storeconfig.StoreLoader load
資訊: Find registry server-registry.xml at classpath resource
2009/5/4 下午 03:31:15 org.apache.catalina.startup.Catalina start
資訊: Server startup in 105168 ms
2009/5/4 下午 04:14:36 org.apache.coyote.http11.Http11BaseProtocol pause
資訊: Pausing Coyote HTTP/1.1 on http-8080
2009/5/4 下午 04:14:37 org.apache.catalina.core.StandardService stop
資訊: Stopping service Catalina
2009/5/4 下午 04:16:22 org.apache.catalina.core.AprLifecycleListener lifecycleEvent
資訊: The Apache Tomcat Native library which allows optimal performance in production environments was not found on the java.library.path: d:\Java\jdk1.5.0_16\bin;.;C:\WINDOWS\system32;C:\WINDOWS;D:\java\apache-ant-1.7.1\bin;D:\Adobe\AIR_SDK\bin;d:\oracle\product\10.2.0\db_1\bin;d:\Java\jdk1.5.0_16\bin;C:\Perl\site\bin;C:\Perl\bin;E:\oracle\product\10.2.0\db_1\bin;d:\Java\jdk1.5.0_16\bin;D:\java\apache-ant-1.7.1\bin;D:\java\maven-2.0.6\bin;C:\WINDOWS\system32;C:\WINDOWS;C:\WINDOWS\System32\Wbem;C:\Program Files\ATI Technologies\ATI Control Panel;C:\Program Files\Microsoft SQL Server\90\Tools\binn\;C:\Program Files\VoiceAge\Common;C:\Program Files\QuickTime\QTSystem\
2009/5/4 下午 04:16:22 org.apache.coyote.http11.Http11BaseProtocol init
資訊: Initializing Coyote HTTP/1.1 on http-8080
2009/5/4 下午 04:16:22 org.apache.catalina.startup.Catalina load
資訊: Initialization processed in 1687 ms
2009/5/4 下午 04:16:23 org.apache.catalina.core.StandardService start
資訊: Starting service Catalina
2009/5/4 下午 04:16:23 org.apache.catalina.core.StandardEngine start
資訊: Starting Servlet Engine: Apache Tomcat/5.5.27
2009/5/4 下午 04:16:23 org.apache.catalina.core.StandardHost start
資訊: XML validation disabled
2009/5/4 下午 04:18:15 org.apache.coyote.http11.Http11BaseProtocol start
資訊: Starting Coyote HTTP/1.1 on http-8080
2009/5/4 下午 04:18:15 org.apache.jk.common.ChannelSocket init
資訊: JK: ajp13 listening on /0.0.0.0:8009
2009/5/4 下午 04:18:15 org.apache.jk.server.JkMain start
資訊: Jk running ID=0 time=0/63  config=null
2009/5/4 下午 04:18:15 org.apache.catalina.storeconfig.StoreLoader load
資訊: Find registry server-registry.xml at classpath resource
2009/5/4 下午 04:18:15 org.apache.catalina.startup.Catalina start
資訊: Server startup in 112938 ms
