2009/5/25 上午 07:52:11 org.apache.catalina.core.AprLifecycleListener lifecycleEvent
資訊: The Apache Tomcat Native library which allows optimal performance in production environments was not found on the java.library.path: C:\Program Files\Java\jdk1.5.0_06\bin;.;C:\WINDOWS\system32;C:\WINDOWS;C:\Program Files\Apache Software Foundation\tomcat 5.5\bin;C:\Program Files\Java\jdk1.5.0_06\bin;C:\oracle\product\10.2.0\client_1\bin;C:\WINDOWS\system32;C:\WINDOWS;C:\WINDOWS\System32\Wbem;C:\Program Files\TortoiseSVN\bin
2009/5/25 上午 07:52:11 org.apache.coyote.http11.Http11BaseProtocol init
資訊: Initializing Coyote HTTP/1.1 on http-8080
2009/5/25 上午 07:52:11 org.apache.catalina.startup.Catalina load
資訊: Initialization processed in 1203 ms
2009/5/25 上午 07:52:11 org.apache.catalina.core.StandardService start
資訊: Starting service Catalina
2009/5/25 上午 07:52:11 org.apache.catalina.core.StandardEngine start
資訊: Starting Servlet Engine: Apache Tomcat/5.5.27
2009/5/25 上午 07:52:11 org.apache.catalina.core.StandardHost start
資訊: XML validation disabled
2009/5/25 上午 07:53:36 org.apache.coyote.http11.Http11BaseProtocol start
資訊: Starting Coyote HTTP/1.1 on http-8080
2009/5/25 上午 07:53:36 org.apache.jk.common.ChannelSocket init
資訊: JK: ajp13 listening on /0.0.0.0:8009
2009/5/25 上午 07:53:36 org.apache.jk.server.JkMain start
資訊: Jk running ID=0 time=0/94  config=null
2009/5/25 上午 07:53:36 org.apache.catalina.storeconfig.StoreLoader load
資訊: Find registry server-registry.xml at classpath resource
2009/5/25 上午 07:53:36 org.apache.catalina.startup.Catalina start
資訊: Server startup in 84797 ms
2009/5/25 上午 09:18:28 org.apache.coyote.http11.Http11BaseProtocol pause
資訊: Pausing Coyote HTTP/1.1 on http-8080
2009/5/25 上午 09:18:29 org.apache.catalina.core.StandardService stop
資訊: Stopping service Catalina
2009/5/25 上午 09:18:34 org.apache.coyote.http11.Http11BaseProtocol destroy
資訊: Stopping Coyote HTTP/1.1 on http-8080
2009/5/25 上午 09:18:36 org.apache.catalina.core.AprLifecycleListener lifecycleEvent
資訊: Failed shutdown of Apache Portable Runtime
2009/5/25 上午 09:19:17 org.apache.catalina.core.AprLifecycleListener lifecycleEvent
資訊: The Apache Tomcat Native library which allows optimal performance in production environments was not found on the java.library.path: C:\Program Files\Java\jdk1.5.0_06\bin;.;C:\WINDOWS\system32;C:\WINDOWS;C:\Program Files\Apache Software Foundation\tomcat 5.5\bin;C:\Program Files\Java\jdk1.5.0_06\bin;C:\oracle\product\10.2.0\client_1\bin;C:\WINDOWS\system32;C:\WINDOWS;C:\WINDOWS\System32\Wbem;C:\Program Files\TortoiseSVN\bin
2009/5/25 上午 09:19:17 org.apache.coyote.http11.Http11BaseProtocol init
資訊: Initializing Coyote HTTP/1.1 on http-8080
2009/5/25 上午 09:19:17 org.apache.catalina.startup.Catalina load
資訊: Initialization processed in 1578 ms
2009/5/25 上午 09:19:18 org.apache.catalina.core.StandardService start
資訊: Starting service Catalina
2009/5/25 上午 09:19:18 org.apache.catalina.core.StandardEngine start
資訊: Starting Servlet Engine: Apache Tomcat/5.5.27
2009/5/25 上午 09:19:18 org.apache.catalina.core.StandardHost start
資訊: XML validation disabled
2009/5/25 上午 09:19:20 org.apache.catalina.startup.HostConfig deployWAR
資訊: Deploying web application archive eFID.war
2009/5/25 上午 09:21:08 org.apache.coyote.http11.Http11BaseProtocol start
資訊: Starting Coyote HTTP/1.1 on http-8080
2009/5/25 上午 09:21:08 org.apache.jk.common.ChannelSocket init
資訊: JK: ajp13 listening on /0.0.0.0:8009
2009/5/25 上午 09:21:08 org.apache.jk.server.JkMain start
資訊: Jk running ID=0 time=0/125  config=null
2009/5/25 上午 09:21:08 org.apache.catalina.storeconfig.StoreLoader load
資訊: Find registry server-registry.xml at classpath resource
2009/5/25 上午 09:21:08 org.apache.catalina.startup.Catalina start
資訊: Server startup in 110984 ms
2009/5/25 上午 09:21:44 org.apache.coyote.http11.Http11BaseProtocol pause
資訊: Pausing Coyote HTTP/1.1 on http-8080
2009/5/25 上午 09:21:45 org.apache.catalina.core.StandardService stop
資訊: Stopping service Catalina
2009/5/25 上午 09:21:47 org.apache.coyote.http11.Http11BaseProtocol destroy
資訊: Stopping Coyote HTTP/1.1 on http-8080
2009/5/25 上午 09:21:47 org.apache.catalina.core.AprLifecycleListener lifecycleEvent
資訊: Failed shutdown of Apache Portable Runtime
2009/5/25 上午 09:22:40 org.apache.catalina.core.AprLifecycleListener lifecycleEvent
資訊: The Apache Tomcat Native library which allows optimal performance in production environments was not found on the java.library.path: C:\Program Files\Java\jdk1.5.0_06\bin;.;C:\WINDOWS\system32;C:\WINDOWS;C:\Program Files\Apache Software Foundation\tomcat 5.5\bin;C:\Program Files\Java\jdk1.5.0_06\bin;C:\oracle\product\10.2.0\client_1\bin;C:\WINDOWS\system32;C:\WINDOWS;C:\WINDOWS\System32\Wbem;C:\Program Files\TortoiseSVN\bin
2009/5/25 上午 09:22:40 org.apache.coyote.http11.Http11BaseProtocol init
資訊: Initializing Coyote HTTP/1.1 on http-8080
2009/5/25 上午 09:22:40 org.apache.catalina.startup.Catalina load
資訊: Initialization processed in 1016 ms
2009/5/25 上午 09:22:41 org.apache.catalina.core.StandardService start
資訊: Starting service Catalina
2009/5/25 上午 09:22:41 org.apache.catalina.core.StandardEngine start
資訊: Starting Servlet Engine: Apache Tomcat/5.5.27
2009/5/25 上午 09:22:41 org.apache.catalina.core.StandardHost start
資訊: XML validation disabled
2009/5/25 上午 09:23:14 org.apache.coyote.http11.Http11BaseProtocol start
資訊: Starting Coyote HTTP/1.1 on http-8080
2009/5/25 上午 09:23:14 org.apache.jk.common.ChannelSocket init
資訊: JK: ajp13 listening on /0.0.0.0:8009
2009/5/25 上午 09:23:14 org.apache.jk.server.JkMain start
資訊: Jk running ID=0 time=0/31  config=null
2009/5/25 上午 09:23:14 org.apache.catalina.storeconfig.StoreLoader load
資訊: Find registry server-registry.xml at classpath resource
2009/5/25 上午 09:23:14 org.apache.catalina.startup.Catalina start
資訊: Server startup in 34063 ms
2009/5/25 下午 01:22:28 org.apache.coyote.http11.Http11BaseProtocol pause
資訊: Pausing Coyote HTTP/1.1 on http-8080
2009/5/25 下午 01:22:29 org.apache.catalina.core.StandardService stop
資訊: Stopping service Catalina
2009/5/25 下午 01:23:07 org.apache.coyote.http11.Http11BaseProtocol destroy
資訊: Stopping Coyote HTTP/1.1 on http-8080
2009/5/25 下午 01:23:07 org.apache.catalina.core.AprLifecycleListener lifecycleEvent
資訊: Failed shutdown of Apache Portable Runtime
2009/5/25 下午 01:26:27 org.apache.catalina.core.AprLifecycleListener lifecycleEvent
資訊: The Apache Tomcat Native library which allows optimal performance in production environments was not found on the java.library.path: C:\Program Files\Java\jdk1.5.0_06\bin;.;C:\WINDOWS\system32;C:\WINDOWS;C:\Program Files\Apache Software Foundation\tomcat 5.5\bin;C:\Program Files\Java\jdk1.5.0_06\bin;C:\oracle\product\10.2.0\client_1\bin;C:\WINDOWS\system32;C:\WINDOWS;C:\WINDOWS\System32\Wbem;C:\Program Files\TortoiseSVN\bin
2009/5/25 下午 01:26:28 org.apache.coyote.http11.Http11BaseProtocol init
資訊: Initializing Coyote HTTP/1.1 on http-8080
2009/5/25 下午 01:26:28 org.apache.catalina.startup.Catalina load
資訊: Initialization processed in 1250 ms
2009/5/25 下午 01:26:28 org.apache.catalina.core.StandardService start
資訊: Starting service Catalina
2009/5/25 下午 01:26:28 org.apache.catalina.core.StandardEngine start
資訊: Starting Servlet Engine: Apache Tomcat/5.5.27
2009/5/25 下午 01:26:28 org.apache.catalina.core.StandardHost start
資訊: XML validation disabled
2009/5/25 下午 01:28:02 org.apache.coyote.http11.Http11BaseProtocol start
資訊: Starting Coyote HTTP/1.1 on http-8080
2009/5/25 下午 01:28:02 org.apache.jk.common.ChannelSocket init
資訊: JK: ajp13 listening on /0.0.0.0:8009
2009/5/25 下午 01:28:02 org.apache.jk.server.JkMain start
資訊: Jk running ID=0 time=0/78  config=null
2009/5/25 下午 01:28:02 org.apache.catalina.storeconfig.StoreLoader load
資訊: Find registry server-registry.xml at classpath resource
2009/5/25 下午 01:28:02 org.apache.catalina.startup.Catalina start
資訊: Server startup in 94375 ms
2009/5/25 下午 01:40:11 org.apache.catalina.core.StandardService stop
資訊: Stopping service Catalina
2009/5/25 下午 01:40:18 org.apache.coyote.http11.Http11BaseProtocol destroy
資訊: Stopping Coyote HTTP/1.1 on http-8080
2009/5/25 下午 01:40:18 org.apache.catalina.core.AprLifecycleListener lifecycleEvent
資訊: Failed shutdown of Apache Portable Runtime
2009/5/25 下午 01:41:50 org.apache.catalina.core.AprLifecycleListener lifecycleEvent
資訊: The Apache Tomcat Native library which allows optimal performance in production environments was not found on the java.library.path: C:\Program Files\Java\jdk1.5.0_06\bin;.;C:\WINDOWS\system32;C:\WINDOWS;C:\Program Files\Apache Software Foundation\tomcat 5.5\bin;C:\Program Files\Java\jdk1.5.0_06\bin;C:\oracle\product\10.2.0\client_1\bin;C:\WINDOWS\system32;C:\WINDOWS;C:\WINDOWS\System32\Wbem;C:\Program Files\TortoiseSVN\bin
2009/5/25 下午 01:41:50 org.apache.coyote.http11.Http11BaseProtocol init
資訊: Initializing Coyote HTTP/1.1 on http-8080
2009/5/25 下午 01:41:50 org.apache.catalina.startup.Catalina load
資訊: Initialization processed in 1171 ms
2009/5/25 下午 01:41:51 org.apache.catalina.core.StandardService start
資訊: Starting service Catalina
2009/5/25 下午 01:41:51 org.apache.catalina.core.StandardEngine start
資訊: Starting Servlet Engine: Apache Tomcat/5.5.27
2009/5/25 下午 01:41:51 org.apache.catalina.core.StandardHost start
資訊: XML validation disabled
2009/5/25 下午 01:41:52 org.apache.catalina.startup.HostConfig deployWAR
資訊: Deploying web application archive eFID.war
2009/5/25 下午 01:43:29 org.apache.coyote.http11.Http11BaseProtocol start
資訊: Starting Coyote HTTP/1.1 on http-8080
2009/5/25 下午 01:43:29 org.apache.jk.common.ChannelSocket init
資訊: JK: ajp13 listening on /0.0.0.0:8009
2009/5/25 下午 01:43:29 org.apache.jk.server.JkMain start
資訊: Jk running ID=0 time=0/110  config=null
2009/5/25 下午 01:43:29 org.apache.catalina.storeconfig.StoreLoader load
資訊: Find registry server-registry.xml at classpath resource
2009/5/25 下午 01:43:29 org.apache.catalina.startup.Catalina start
資訊: Server startup in 98704 ms
2009/5/25 下午 01:43:32 org.apache.coyote.http11.Http11BaseProtocol pause
資訊: Pausing Coyote HTTP/1.1 on http-8080
2009/5/25 下午 01:43:33 org.apache.catalina.core.StandardService stop
資訊: Stopping service Catalina
2009/5/25 下午 01:43:35 org.apache.coyote.http11.Http11BaseProtocol destroy
資訊: Stopping Coyote HTTP/1.1 on http-8080
2009/5/25 下午 01:43:35 org.apache.catalina.core.AprLifecycleListener lifecycleEvent
資訊: Failed shutdown of Apache Portable Runtime
2009/5/25 下午 01:44:06 org.apache.catalina.core.AprLifecycleListener lifecycleEvent
資訊: The Apache Tomcat Native library which allows optimal performance in production environments was not found on the java.library.path: C:\Program Files\Java\jdk1.5.0_06\bin;.;C:\WINDOWS\system32;C:\WINDOWS;C:\Program Files\Apache Software Foundation\tomcat 5.5\bin;C:\Program Files\Java\jdk1.5.0_06\bin;C:\oracle\product\10.2.0\client_1\bin;C:\WINDOWS\system32;C:\WINDOWS;C:\WINDOWS\System32\Wbem;C:\Program Files\TortoiseSVN\bin
2009/5/25 下午 01:44:06 org.apache.coyote.http11.Http11BaseProtocol init
資訊: Initializing Coyote HTTP/1.1 on http-8080
2009/5/25 下午 01:44:06 org.apache.catalina.startup.Catalina load
資訊: Initialization processed in 1094 ms
2009/5/25 下午 01:44:06 org.apache.catalina.core.StandardService start
資訊: Starting service Catalina
2009/5/25 下午 01:44:06 org.apache.catalina.core.StandardEngine start
資訊: Starting Servlet Engine: Apache Tomcat/5.5.27
2009/5/25 下午 01:44:07 org.apache.catalina.core.StandardHost start
資訊: XML validation disabled
2009/5/25 下午 01:44:51 org.apache.coyote.http11.Http11BaseProtocol start
資訊: Starting Coyote HTTP/1.1 on http-8080
2009/5/25 下午 01:44:52 org.apache.jk.common.ChannelSocket init
資訊: JK: ajp13 listening on /0.0.0.0:8009
2009/5/25 下午 01:44:52 org.apache.jk.server.JkMain start
資訊: Jk running ID=0 time=0/375  config=null
2009/5/25 下午 01:44:52 org.apache.catalina.storeconfig.StoreLoader load
資訊: Find registry server-registry.xml at classpath resource
2009/5/25 下午 01:44:52 org.apache.catalina.startup.Catalina start
資訊: Server startup in 46062 ms
2009/5/25 下午 06:33:28 org.apache.catalina.core.StandardService stop
資訊: Stopping service Catalina
2009/5/25 下午 06:33:34 org.apache.coyote.http11.Http11BaseProtocol destroy
資訊: Stopping Coyote HTTP/1.1 on http-8080
2009/5/25 下午 06:33:34 org.apache.catalina.core.AprLifecycleListener lifecycleEvent
資訊: Failed shutdown of Apache Portable Runtime
