2009/5/18 下午 02:39:37 org.apache.catalina.core.AprLifecycleListener lifecycleEvent
資訊: The Apache Tomcat Native library which allows optimal performance in production environments was not found on the java.library.path: d:\Java\jdk1.5.0_16\bin;.;C:\WINDOWS\system32;C:\WINDOWS;C:\Program Files\PC Connectivity Solution\;D:\java\apache-ant-1.7.1\bin;D:\Adobe\AIR_SDK\bin;d:\oracle\product\10.2.0\db_1\bin;d:\Java\jdk1.5.0_16\bin;C:\Perl\site\bin;C:\Perl\bin;E:\oracle\product\10.2.0\db_1\bin;d:\Java\jdk1.5.0_16\bin;D:\java\apache-ant-1.7.1\bin;D:\java\maven-2.0.6\bin;C:\WINDOWS\system32;C:\WINDOWS;C:\WINDOWS\System32\Wbem;C:\Program Files\ATI Technologies\ATI Control Panel;C:\Program Files\Microsoft SQL Server\90\Tools\binn\;C:\Program Files\VoiceAge\Common;C:\Program Files\QuickTime\QTSystem\
2009/5/18 下午 02:39:37 org.apache.coyote.http11.Http11BaseProtocol init
資訊: Initializing Coyote HTTP/1.1 on http-8080
2009/5/18 下午 02:39:37 org.apache.catalina.startup.Catalina load
資訊: Initialization processed in 2734 ms
2009/5/18 下午 02:39:37 org.apache.catalina.core.StandardService start
資訊: Starting service Catalina
2009/5/18 下午 02:39:37 org.apache.catalina.core.StandardEngine start
資訊: Starting Servlet Engine: Apache Tomcat/5.5.27
2009/5/18 下午 02:39:38 org.apache.catalina.core.StandardHost start
資訊: XML validation disabled
2009/5/18 下午 02:40:33 org.apache.coyote.http11.Http11BaseProtocol start
資訊: Starting Coyote HTTP/1.1 on http-8080
2009/5/18 下午 02:40:34 org.apache.jk.common.ChannelSocket init
資訊: JK: ajp13 listening on /0.0.0.0:8009
2009/5/18 下午 02:40:34 org.apache.jk.server.JkMain start
資訊: Jk running ID=0 time=0/47  config=null
2009/5/18 下午 02:40:34 org.apache.catalina.storeconfig.StoreLoader load
資訊: Find registry server-registry.xml at classpath resource
2009/5/18 下午 02:40:34 org.apache.catalina.startup.Catalina start
資訊: Server startup in 57125 ms
2009/5/18 下午 03:38:26 org.apache.catalina.core.AprLifecycleListener lifecycleEvent
資訊: The Apache Tomcat Native library which allows optimal performance in production environments was not found on the java.library.path: C:\Program Files\Java\jdk1.5.0_06\bin;.;C:\WINDOWS\system32;C:\WINDOWS;C:\Program Files\Apache Software Foundation\tomcat 5.5\bin;C:\Program Files\Java\jdk1.5.0_06\bin;C:\oracle\product\10.2.0\client_1\bin;C:\WINDOWS\system32;C:\WINDOWS;C:\WINDOWS\System32\Wbem
2009/5/18 下午 03:38:27 org.apache.coyote.http11.Http11BaseProtocol init
資訊: Initializing Coyote HTTP/1.1 on http-8080
2009/5/18 下午 03:38:27 org.apache.catalina.startup.Catalina load
資訊: Initialization processed in 1750 ms
2009/5/18 下午 03:38:27 org.apache.catalina.core.StandardService start
資訊: Starting service Catalina
2009/5/18 下午 03:38:27 org.apache.catalina.core.StandardEngine start
資訊: Starting Servlet Engine: Apache Tomcat/5.5.27
2009/5/18 下午 03:38:27 org.apache.catalina.core.StandardHost start
資訊: XML validation disabled
2009/5/18 下午 03:38:29 org.apache.catalina.startup.HostConfig deployWAR
資訊: Deploying web application archive eFID.war
2009/5/18 下午 03:40:19 org.apache.coyote.http11.Http11BaseProtocol start
資訊: Starting Coyote HTTP/1.1 on http-8080
2009/5/18 下午 03:40:20 org.apache.jk.common.ChannelSocket init
資訊: JK: ajp13 listening on /0.0.0.0:8009
2009/5/18 下午 03:40:20 org.apache.jk.server.JkMain start
資訊: Jk running ID=0 time=0/109  config=null
2009/5/18 下午 03:40:20 org.apache.catalina.storeconfig.StoreLoader load
資訊: Find registry server-registry.xml at classpath resource
2009/5/18 下午 03:40:20 org.apache.catalina.startup.Catalina start
資訊: Server startup in 112940 ms
2009/5/18 下午 05:50:13 org.apache.catalina.core.StandardService stop
資訊: Stopping service Catalina
2009/5/18 下午 05:50:19 org.apache.coyote.http11.Http11BaseProtocol destroy
資訊: Stopping Coyote HTTP/1.1 on http-8080
2009/5/18 下午 05:50:19 org.apache.catalina.core.AprLifecycleListener lifecycleEvent
資訊: Failed shutdown of Apache Portable Runtime
