2009/4/11 上午 08:34:18 org.apache.catalina.core.AprLifecycleListener lifecycleEvent
資訊: The Apache Tomcat Native library which allows optimal performance in production environments was not found on the java.library.path: d:\Java\jdk1.5.0_16\bin;.;C:\WINDOWS\system32;C:\WINDOWS;D:\java\apache-ant-1.7.1\bin;D:\Adobe\AIR_SDK\bin;d:\oracle\product\10.2.0\db_1\bin;d:\Java\jdk1.5.0_16\bin;C:\Perl\site\bin;C:\Perl\bin;E:\oracle\product\10.2.0\db_1\bin;d:\Java\jdk1.5.0_16\bin;D:\java\apache-ant-1.7.1\bin;D:\java\maven-2.0.6\bin;C:\WINDOWS\system32;C:\WINDOWS;C:\WINDOWS\System32\Wbem;C:\Program Files\ATI Technologies\ATI Control Panel;C:\Program Files\Microsoft SQL Server\90\Tools\binn\;C:\Program Files\VoiceAge\Common;C:\Program Files\QuickTime\QTSystem\
2009/4/11 上午 08:34:18 org.apache.coyote.http11.Http11BaseProtocol init
資訊: Initializing Coyote HTTP/1.1 on http-8080
2009/4/11 上午 08:34:18 org.apache.catalina.startup.Catalina load
資訊: Initialization processed in 1766 ms
2009/4/11 上午 08:34:18 org.apache.catalina.core.StandardService start
資訊: Starting service Catalina
2009/4/11 上午 08:34:19 org.apache.catalina.core.StandardEngine start
資訊: Starting Servlet Engine: Apache Tomcat/5.5.27
2009/4/11 上午 08:34:19 org.apache.catalina.core.StandardHost start
資訊: XML validation disabled
2009/4/11 上午 08:35:22 org.apache.coyote.http11.Http11BaseProtocol start
資訊: Starting Coyote HTTP/1.1 on http-8080
2009/4/11 上午 08:35:22 org.apache.jk.common.ChannelSocket init
資訊: JK: ajp13 listening on /0.0.0.0:8009
2009/4/11 上午 08:35:22 org.apache.jk.server.JkMain start
資訊: Jk running ID=0 time=0/188  config=null
2009/4/11 上午 08:35:23 org.apache.catalina.storeconfig.StoreLoader load
資訊: Find registry server-registry.xml at classpath resource
2009/4/11 上午 08:35:23 org.apache.catalina.startup.Catalina start
資訊: Server startup in 64613 ms
2009/4/11 上午 08:38:41 org.apache.coyote.http11.Http11BaseProtocol pause
資訊: Pausing Coyote HTTP/1.1 on http-8080
2009/4/11 上午 08:38:42 org.apache.catalina.core.StandardService stop
資訊: Stopping service Catalina
2009/4/11 上午 08:40:14 org.apache.catalina.core.AprLifecycleListener lifecycleEvent
資訊: The Apache Tomcat Native library which allows optimal performance in production environments was not found on the java.library.path: d:\Java\jdk1.5.0_16\bin;.;C:\WINDOWS\system32;C:\WINDOWS;D:\java\apache-ant-1.7.1\bin;D:\Adobe\AIR_SDK\bin;d:\oracle\product\10.2.0\db_1\bin;d:\Java\jdk1.5.0_16\bin;C:\Perl\site\bin;C:\Perl\bin;E:\oracle\product\10.2.0\db_1\bin;d:\Java\jdk1.5.0_16\bin;D:\java\apache-ant-1.7.1\bin;D:\java\maven-2.0.6\bin;C:\WINDOWS\system32;C:\WINDOWS;C:\WINDOWS\System32\Wbem;C:\Program Files\ATI Technologies\ATI Control Panel;C:\Program Files\Microsoft SQL Server\90\Tools\binn\;C:\Program Files\VoiceAge\Common;C:\Program Files\QuickTime\QTSystem\
2009/4/11 上午 08:40:14 org.apache.coyote.http11.Http11BaseProtocol init
資訊: Initializing Coyote HTTP/1.1 on http-8080
2009/4/11 上午 08:40:14 org.apache.catalina.startup.Catalina load
資訊: Initialization processed in 1828 ms
2009/4/11 上午 08:40:14 org.apache.catalina.core.StandardService start
資訊: Starting service Catalina
2009/4/11 上午 08:40:14 org.apache.catalina.core.StandardEngine start
資訊: Starting Servlet Engine: Apache Tomcat/5.5.27
2009/4/11 上午 08:40:14 org.apache.catalina.core.StandardHost start
資訊: XML validation disabled
2009/4/11 上午 08:40:50 org.apache.catalina.core.StandardContext start
嚴重的: Error listenerStart
2009/4/11 上午 08:40:50 org.apache.catalina.core.StandardContext start
嚴重的: Context [/eFID] startup failed due to previous errors
2009/4/11 上午 08:40:55 org.apache.coyote.http11.Http11BaseProtocol start
資訊: Starting Coyote HTTP/1.1 on http-8080
2009/4/11 上午 08:40:56 org.apache.jk.common.ChannelSocket init
資訊: JK: ajp13 listening on /0.0.0.0:8009
2009/4/11 上午 08:40:56 org.apache.jk.server.JkMain start
資訊: Jk running ID=0 time=0/250  config=null
2009/4/11 上午 08:40:56 org.apache.catalina.storeconfig.StoreLoader load
資訊: Find registry server-registry.xml at classpath resource
2009/4/11 上午 08:40:56 org.apache.catalina.startup.Catalina start
資訊: Server startup in 42184 ms
2009/4/11 上午 08:52:49 org.apache.coyote.http11.Http11BaseProtocol pause
資訊: Pausing Coyote HTTP/1.1 on http-8080
2009/4/11 上午 08:52:57 org.apache.catalina.core.AprLifecycleListener lifecycleEvent
資訊: The Apache Tomcat Native library which allows optimal performance in production environments was not found on the java.library.path: d:\Java\jdk1.5.0_16\bin;.;C:\WINDOWS\system32;C:\WINDOWS;D:\java\apache-ant-1.7.1\bin;D:\Adobe\AIR_SDK\bin;d:\oracle\product\10.2.0\db_1\bin;d:\Java\jdk1.5.0_16\bin;C:\Perl\site\bin;C:\Perl\bin;E:\oracle\product\10.2.0\db_1\bin;d:\Java\jdk1.5.0_16\bin;D:\java\apache-ant-1.7.1\bin;D:\java\maven-2.0.6\bin;C:\WINDOWS\system32;C:\WINDOWS;C:\WINDOWS\System32\Wbem;C:\Program Files\ATI Technologies\ATI Control Panel;C:\Program Files\Microsoft SQL Server\90\Tools\binn\;C:\Program Files\VoiceAge\Common;C:\Program Files\QuickTime\QTSystem\
2009/4/11 上午 08:52:57 org.apache.coyote.http11.Http11BaseProtocol init
資訊: Initializing Coyote HTTP/1.1 on http-8080
2009/4/11 上午 08:52:57 org.apache.catalina.startup.Catalina load
資訊: Initialization processed in 1594 ms
2009/4/11 上午 08:52:57 org.apache.catalina.core.StandardService start
資訊: Starting service Catalina
2009/4/11 上午 08:52:57 org.apache.catalina.core.StandardEngine start
資訊: Starting Servlet Engine: Apache Tomcat/5.5.27
2009/4/11 上午 08:52:57 org.apache.catalina.core.StandardHost start
資訊: XML validation disabled
2009/4/11 上午 08:53:53 org.apache.coyote.http11.Http11BaseProtocol start
資訊: Starting Coyote HTTP/1.1 on http-8080
2009/4/11 上午 08:53:54 org.apache.jk.common.ChannelSocket init
資訊: JK: ajp13 listening on /0.0.0.0:8009
2009/4/11 上午 08:53:54 org.apache.jk.server.JkMain start
資訊: Jk running ID=0 time=0/203  config=null
2009/4/11 上午 08:53:54 org.apache.catalina.storeconfig.StoreLoader load
資訊: Find registry server-registry.xml at classpath resource
2009/4/11 上午 08:53:54 org.apache.catalina.startup.Catalina start
資訊: Server startup in 57127 ms
2009/4/11 上午 08:55:22 org.apache.catalina.core.AprLifecycleListener lifecycleEvent
資訊: The Apache Tomcat Native library which allows optimal performance in production environments was not found on the java.library.path: d:\Java\jdk1.5.0_16\bin;.;C:\WINDOWS\system32;C:\WINDOWS;D:\java\apache-ant-1.7.1\bin;D:\Adobe\AIR_SDK\bin;d:\oracle\product\10.2.0\db_1\bin;d:\Java\jdk1.5.0_16\bin;C:\Perl\site\bin;C:\Perl\bin;E:\oracle\product\10.2.0\db_1\bin;d:\Java\jdk1.5.0_16\bin;D:\java\apache-ant-1.7.1\bin;D:\java\maven-2.0.6\bin;C:\WINDOWS\system32;C:\WINDOWS;C:\WINDOWS\System32\Wbem;C:\Program Files\ATI Technologies\ATI Control Panel;C:\Program Files\Microsoft SQL Server\90\Tools\binn\;C:\Program Files\VoiceAge\Common;C:\Program Files\QuickTime\QTSystem\
2009/4/11 上午 08:55:22 org.apache.coyote.http11.Http11BaseProtocol init
資訊: Initializing Coyote HTTP/1.1 on http-8080
2009/4/11 上午 08:55:22 org.apache.catalina.startup.Catalina load
資訊: Initialization processed in 1562 ms
2009/4/11 上午 08:55:23 org.apache.catalina.core.StandardService start
資訊: Starting service Catalina
2009/4/11 上午 08:55:23 org.apache.catalina.core.StandardEngine start
資訊: Starting Servlet Engine: Apache Tomcat/5.5.27
2009/4/11 上午 08:55:23 org.apache.catalina.core.StandardHost start
資訊: XML validation disabled
2009/4/11 上午 08:56:16 org.apache.coyote.http11.Http11BaseProtocol start
資訊: Starting Coyote HTTP/1.1 on http-8080
2009/4/11 上午 08:56:18 org.apache.jk.common.ChannelSocket init
資訊: JK: ajp13 listening on /0.0.0.0:8009
2009/4/11 上午 08:56:18 org.apache.jk.server.JkMain start
資訊: Jk running ID=0 time=0/703  config=null
2009/4/11 上午 08:56:18 org.apache.catalina.storeconfig.StoreLoader load
資訊: Find registry server-registry.xml at classpath resource
2009/4/11 上午 08:56:19 org.apache.catalina.startup.Catalina start
資訊: Server startup in 56099 ms
2009/4/11 上午 09:00:17 org.apache.catalina.core.AprLifecycleListener lifecycleEvent
資訊: The Apache Tomcat Native library which allows optimal performance in production environments was not found on the java.library.path: d:\Java\jdk1.5.0_16\bin;.;C:\WINDOWS\system32;C:\WINDOWS;D:\java\apache-ant-1.7.1\bin;D:\Adobe\AIR_SDK\bin;d:\oracle\product\10.2.0\db_1\bin;d:\Java\jdk1.5.0_16\bin;C:\Perl\site\bin;C:\Perl\bin;E:\oracle\product\10.2.0\db_1\bin;d:\Java\jdk1.5.0_16\bin;D:\java\apache-ant-1.7.1\bin;D:\java\maven-2.0.6\bin;C:\WINDOWS\system32;C:\WINDOWS;C:\WINDOWS\System32\Wbem;C:\Program Files\ATI Technologies\ATI Control Panel;C:\Program Files\Microsoft SQL Server\90\Tools\binn\;C:\Program Files\VoiceAge\Common;C:\Program Files\QuickTime\QTSystem\
2009/4/11 上午 09:00:17 org.apache.coyote.http11.Http11BaseProtocol init
資訊: Initializing Coyote HTTP/1.1 on http-8080
2009/4/11 上午 09:00:17 org.apache.catalina.startup.Catalina load
資訊: Initialization processed in 1672 ms
2009/4/11 上午 09:00:17 org.apache.catalina.core.StandardService start
資訊: Starting service Catalina
2009/4/11 上午 09:00:17 org.apache.catalina.core.StandardEngine start
資訊: Starting Servlet Engine: Apache Tomcat/5.5.27
2009/4/11 上午 09:00:17 org.apache.catalina.core.StandardHost start
資訊: XML validation disabled
2009/4/11 上午 09:01:08 org.apache.coyote.http11.Http11BaseProtocol start
資訊: Starting Coyote HTTP/1.1 on http-8080
2009/4/11 上午 09:01:08 org.apache.jk.common.ChannelSocket init
資訊: JK: ajp13 listening on /0.0.0.0:8009
2009/4/11 上午 09:01:08 org.apache.jk.server.JkMain start
資訊: Jk running ID=0 time=0/47  config=null
2009/4/11 上午 09:01:08 org.apache.catalina.storeconfig.StoreLoader load
資訊: Find registry server-registry.xml at classpath resource
2009/4/11 上午 09:01:09 org.apache.catalina.startup.Catalina start
資訊: Server startup in 51725 ms
2009/4/11 上午 09:08:44 org.apache.coyote.http11.Http11BaseProtocol pause
資訊: Pausing Coyote HTTP/1.1 on http-8080
2009/4/11 上午 09:08:45 org.apache.catalina.core.StandardService stop
資訊: Stopping service Catalina
2009/4/11 上午 09:23:47 org.apache.catalina.core.AprLifecycleListener lifecycleEvent
資訊: The Apache Tomcat Native library which allows optimal performance in production environments was not found on the java.library.path: d:\Java\jdk1.5.0_16\bin;.;C:\WINDOWS\system32;C:\WINDOWS;D:\java\apache-ant-1.7.1\bin;D:\Adobe\AIR_SDK\bin;d:\oracle\product\10.2.0\db_1\bin;d:\Java\jdk1.5.0_16\bin;C:\Perl\site\bin;C:\Perl\bin;E:\oracle\product\10.2.0\db_1\bin;d:\Java\jdk1.5.0_16\bin;D:\java\apache-ant-1.7.1\bin;D:\java\maven-2.0.6\bin;C:\WINDOWS\system32;C:\WINDOWS;C:\WINDOWS\System32\Wbem;C:\Program Files\ATI Technologies\ATI Control Panel;C:\Program Files\Microsoft SQL Server\90\Tools\binn\;C:\Program Files\VoiceAge\Common;C:\Program Files\QuickTime\QTSystem\
2009/4/11 上午 09:23:47 org.apache.coyote.http11.Http11BaseProtocol init
資訊: Initializing Coyote HTTP/1.1 on http-8080
2009/4/11 上午 09:23:47 org.apache.catalina.startup.Catalina load
資訊: Initialization processed in 1578 ms
2009/4/11 上午 09:23:47 org.apache.catalina.core.StandardService start
資訊: Starting service Catalina
2009/4/11 上午 09:23:47 org.apache.catalina.core.StandardEngine start
資訊: Starting Servlet Engine: Apache Tomcat/5.5.27
2009/4/11 上午 09:23:47 org.apache.catalina.core.StandardHost start
資訊: XML validation disabled
2009/4/11 上午 09:24:39 org.apache.coyote.http11.Http11BaseProtocol start
資訊: Starting Coyote HTTP/1.1 on http-8080
2009/4/11 上午 09:24:39 org.apache.jk.common.ChannelSocket init
資訊: JK: ajp13 listening on /0.0.0.0:8009
2009/4/11 上午 09:24:39 org.apache.jk.server.JkMain start
資訊: Jk running ID=0 time=0/250  config=null
2009/4/11 上午 09:24:39 org.apache.catalina.storeconfig.StoreLoader load
資訊: Find registry server-registry.xml at classpath resource
2009/4/11 上午 09:24:39 org.apache.catalina.startup.Catalina start
資訊: Server startup in 52774 ms
2009/4/11 上午 09:31:36 org.apache.catalina.core.AprLifecycleListener lifecycleEvent
資訊: The Apache Tomcat Native library which allows optimal performance in production environments was not found on the java.library.path: d:\Java\jdk1.5.0_16\bin;.;C:\WINDOWS\system32;C:\WINDOWS;D:\java\apache-ant-1.7.1\bin;D:\Adobe\AIR_SDK\bin;d:\oracle\product\10.2.0\db_1\bin;d:\Java\jdk1.5.0_16\bin;C:\Perl\site\bin;C:\Perl\bin;E:\oracle\product\10.2.0\db_1\bin;d:\Java\jdk1.5.0_16\bin;D:\java\apache-ant-1.7.1\bin;D:\java\maven-2.0.6\bin;C:\WINDOWS\system32;C:\WINDOWS;C:\WINDOWS\System32\Wbem;C:\Program Files\ATI Technologies\ATI Control Panel;C:\Program Files\Microsoft SQL Server\90\Tools\binn\;C:\Program Files\VoiceAge\Common;C:\Program Files\QuickTime\QTSystem\
2009/4/11 上午 09:31:36 org.apache.coyote.http11.Http11BaseProtocol init
資訊: Initializing Coyote HTTP/1.1 on http-8080
2009/4/11 上午 09:31:36 org.apache.catalina.startup.Catalina load
資訊: Initialization processed in 1609 ms
2009/4/11 上午 09:31:36 org.apache.catalina.core.StandardService start
資訊: Starting service Catalina
2009/4/11 上午 09:31:36 org.apache.catalina.core.StandardEngine start
資訊: Starting Servlet Engine: Apache Tomcat/5.5.27
2009/4/11 上午 09:31:36 org.apache.catalina.core.StandardHost start
資訊: XML validation disabled
2009/4/11 上午 09:32:23 org.apache.coyote.http11.Http11BaseProtocol start
資訊: Starting Coyote HTTP/1.1 on http-8080
2009/4/11 上午 09:32:24 org.apache.jk.common.ChannelSocket init
資訊: JK: ajp13 listening on /0.0.0.0:8009
2009/4/11 上午 09:32:24 org.apache.jk.server.JkMain start
資訊: Jk running ID=0 time=0/63  config=null
2009/4/11 上午 09:32:24 org.apache.catalina.storeconfig.StoreLoader load
資訊: Find registry server-registry.xml at classpath resource
2009/4/11 上午 09:32:24 org.apache.catalina.startup.Catalina start
資訊: Server startup in 48481 ms
2009/4/11 上午 09:45:27 org.apache.catalina.core.AprLifecycleListener lifecycleEvent
資訊: The Apache Tomcat Native library which allows optimal performance in production environments was not found on the java.library.path: d:\Java\jdk1.5.0_16\bin;.;C:\WINDOWS\system32;C:\WINDOWS;D:\java\apache-ant-1.7.1\bin;D:\Adobe\AIR_SDK\bin;d:\oracle\product\10.2.0\db_1\bin;d:\Java\jdk1.5.0_16\bin;C:\Perl\site\bin;C:\Perl\bin;E:\oracle\product\10.2.0\db_1\bin;d:\Java\jdk1.5.0_16\bin;D:\java\apache-ant-1.7.1\bin;D:\java\maven-2.0.6\bin;C:\WINDOWS\system32;C:\WINDOWS;C:\WINDOWS\System32\Wbem;C:\Program Files\ATI Technologies\ATI Control Panel;C:\Program Files\Microsoft SQL Server\90\Tools\binn\;C:\Program Files\VoiceAge\Common;C:\Program Files\QuickTime\QTSystem\
2009/4/11 上午 09:45:27 org.apache.coyote.http11.Http11BaseProtocol init
資訊: Initializing Coyote HTTP/1.1 on http-8080
2009/4/11 上午 09:45:27 org.apache.catalina.startup.Catalina load
資訊: Initialization processed in 1657 ms
2009/4/11 上午 09:45:28 org.apache.catalina.core.StandardService start
資訊: Starting service Catalina
2009/4/11 上午 09:45:28 org.apache.catalina.core.StandardEngine start
資訊: Starting Servlet Engine: Apache Tomcat/5.5.27
2009/4/11 上午 09:45:28 org.apache.catalina.core.StandardHost start
資訊: XML validation disabled
2009/4/11 上午 09:46:21 org.apache.coyote.http11.Http11BaseProtocol start
資訊: Starting Coyote HTTP/1.1 on http-8080
2009/4/11 上午 09:46:21 org.apache.jk.common.ChannelSocket init
資訊: JK: ajp13 listening on /0.0.0.0:8009
2009/4/11 上午 09:46:21 org.apache.jk.server.JkMain start
資訊: Jk running ID=0 time=0/110  config=null
2009/4/11 上午 09:46:22 org.apache.catalina.storeconfig.StoreLoader load
資訊: Find registry server-registry.xml at classpath resource
2009/4/11 上午 09:46:22 org.apache.catalina.startup.Catalina start
資訊: Server startup in 54249 ms
2009/4/11 上午 09:55:27 org.apache.catalina.core.AprLifecycleListener lifecycleEvent
資訊: The Apache Tomcat Native library which allows optimal performance in production environments was not found on the java.library.path: d:\Java\jdk1.5.0_16\bin;.;C:\WINDOWS\system32;C:\WINDOWS;D:\java\apache-ant-1.7.1\bin;D:\Adobe\AIR_SDK\bin;d:\oracle\product\10.2.0\db_1\bin;d:\Java\jdk1.5.0_16\bin;C:\Perl\site\bin;C:\Perl\bin;E:\oracle\product\10.2.0\db_1\bin;d:\Java\jdk1.5.0_16\bin;D:\java\apache-ant-1.7.1\bin;D:\java\maven-2.0.6\bin;C:\WINDOWS\system32;C:\WINDOWS;C:\WINDOWS\System32\Wbem;C:\Program Files\ATI Technologies\ATI Control Panel;C:\Program Files\Microsoft SQL Server\90\Tools\binn\;C:\Program Files\VoiceAge\Common;C:\Program Files\QuickTime\QTSystem\
2009/4/11 上午 09:55:27 org.apache.coyote.http11.Http11BaseProtocol init
資訊: Initializing Coyote HTTP/1.1 on http-8080
2009/4/11 上午 09:55:27 org.apache.catalina.startup.Catalina load
資訊: Initialization processed in 1484 ms
2009/4/11 上午 09:55:27 org.apache.catalina.core.StandardService start
資訊: Starting service Catalina
2009/4/11 上午 09:55:27 org.apache.catalina.core.StandardEngine start
資訊: Starting Servlet Engine: Apache Tomcat/5.5.27
2009/4/11 上午 09:55:27 org.apache.catalina.core.StandardHost start
資訊: XML validation disabled
2009/4/11 上午 09:56:24 org.apache.coyote.http11.Http11BaseProtocol start
資訊: Starting Coyote HTTP/1.1 on http-8080
2009/4/11 上午 09:56:25 org.apache.jk.common.ChannelSocket init
資訊: JK: ajp13 listening on /0.0.0.0:8009
2009/4/11 上午 09:56:25 org.apache.jk.server.JkMain start
資訊: Jk running ID=0 time=0/78  config=null
2009/4/11 上午 09:56:25 org.apache.catalina.storeconfig.StoreLoader load
資訊: Find registry server-registry.xml at classpath resource
2009/4/11 上午 09:56:25 org.apache.catalina.startup.Catalina start
資訊: Server startup in 58312 ms
2009/4/11 上午 10:40:45 org.apache.catalina.core.AprLifecycleListener lifecycleEvent
資訊: The Apache Tomcat Native library which allows optimal performance in production environments was not found on the java.library.path: d:\Java\jdk1.5.0_16\bin;.;C:\WINDOWS\system32;C:\WINDOWS;D:\java\apache-ant-1.7.1\bin;D:\Adobe\AIR_SDK\bin;d:\oracle\product\10.2.0\db_1\bin;d:\Java\jdk1.5.0_16\bin;C:\Perl\site\bin;C:\Perl\bin;E:\oracle\product\10.2.0\db_1\bin;d:\Java\jdk1.5.0_16\bin;D:\java\apache-ant-1.7.1\bin;D:\java\maven-2.0.6\bin;C:\WINDOWS\system32;C:\WINDOWS;C:\WINDOWS\System32\Wbem;C:\Program Files\ATI Technologies\ATI Control Panel;C:\Program Files\Microsoft SQL Server\90\Tools\binn\;C:\Program Files\VoiceAge\Common;C:\Program Files\QuickTime\QTSystem\
2009/4/11 上午 10:40:45 org.apache.coyote.http11.Http11BaseProtocol init
資訊: Initializing Coyote HTTP/1.1 on http-8080
2009/4/11 上午 10:40:45 org.apache.catalina.startup.Catalina load
資訊: Initialization processed in 1735 ms
2009/4/11 上午 10:40:46 org.apache.catalina.core.StandardService start
資訊: Starting service Catalina
2009/4/11 上午 10:40:46 org.apache.catalina.core.StandardEngine start
資訊: Starting Servlet Engine: Apache Tomcat/5.5.27
2009/4/11 上午 10:40:46 org.apache.catalina.core.StandardHost start
資訊: XML validation disabled
2009/4/11 上午 10:41:46 org.apache.coyote.http11.Http11BaseProtocol start
資訊: Starting Coyote HTTP/1.1 on http-8080
2009/4/11 上午 10:41:47 org.apache.jk.common.ChannelSocket init
資訊: JK: ajp13 listening on /0.0.0.0:8009
2009/4/11 上午 10:41:47 org.apache.jk.server.JkMain start
資訊: Jk running ID=0 time=0/156  config=null
2009/4/11 上午 10:41:47 org.apache.catalina.storeconfig.StoreLoader load
資訊: Find registry server-registry.xml at classpath resource
2009/4/11 上午 10:41:47 org.apache.catalina.startup.Catalina start
資訊: Server startup in 61405 ms
2009/4/11 上午 10:50:17 org.apache.catalina.core.AprLifecycleListener lifecycleEvent
資訊: The Apache Tomcat Native library which allows optimal performance in production environments was not found on the java.library.path: d:\Java\jdk1.5.0_16\bin;.;C:\WINDOWS\system32;C:\WINDOWS;D:\java\apache-ant-1.7.1\bin;D:\Adobe\AIR_SDK\bin;d:\oracle\product\10.2.0\db_1\bin;d:\Java\jdk1.5.0_16\bin;C:\Perl\site\bin;C:\Perl\bin;E:\oracle\product\10.2.0\db_1\bin;d:\Java\jdk1.5.0_16\bin;D:\java\apache-ant-1.7.1\bin;D:\java\maven-2.0.6\bin;C:\WINDOWS\system32;C:\WINDOWS;C:\WINDOWS\System32\Wbem;C:\Program Files\ATI Technologies\ATI Control Panel;C:\Program Files\Microsoft SQL Server\90\Tools\binn\;C:\Program Files\VoiceAge\Common;C:\Program Files\QuickTime\QTSystem\
2009/4/11 上午 10:50:17 org.apache.coyote.http11.Http11BaseProtocol init
資訊: Initializing Coyote HTTP/1.1 on http-8080
2009/4/11 上午 10:50:17 org.apache.catalina.startup.Catalina load
資訊: Initialization processed in 1781 ms
2009/4/11 上午 10:50:18 org.apache.catalina.core.StandardService start
資訊: Starting service Catalina
2009/4/11 上午 10:50:18 org.apache.catalina.core.StandardEngine start
資訊: Starting Servlet Engine: Apache Tomcat/5.5.27
2009/4/11 上午 10:50:18 org.apache.catalina.core.StandardHost start
資訊: XML validation disabled
2009/4/11 上午 10:51:16 org.apache.coyote.http11.Http11BaseProtocol start
資訊: Starting Coyote HTTP/1.1 on http-8080
2009/4/11 上午 10:51:16 org.apache.jk.common.ChannelSocket init
資訊: JK: ajp13 listening on /0.0.0.0:8009
2009/4/11 上午 10:51:16 org.apache.jk.server.JkMain start
資訊: Jk running ID=0 time=0/31  config=null
2009/4/11 上午 10:51:16 org.apache.catalina.storeconfig.StoreLoader load
資訊: Find registry server-registry.xml at classpath resource
2009/4/11 上午 10:51:16 org.apache.catalina.startup.Catalina start
資訊: Server startup in 58923 ms
2009/4/11 上午 11:31:48 org.apache.coyote.http11.Http11BaseProtocol pause
資訊: Pausing Coyote HTTP/1.1 on http-8080
2009/4/11 上午 11:31:49 org.apache.catalina.core.StandardService stop
資訊: Stopping service Catalina
2009/4/11 上午 11:32:00 org.apache.catalina.core.AprLifecycleListener lifecycleEvent
資訊: The Apache Tomcat Native library which allows optimal performance in production environments was not found on the java.library.path: d:\Java\jdk1.5.0_16\bin;.;C:\WINDOWS\system32;C:\WINDOWS;D:\java\apache-ant-1.7.1\bin;D:\Adobe\AIR_SDK\bin;d:\oracle\product\10.2.0\db_1\bin;d:\Java\jdk1.5.0_16\bin;C:\Perl\site\bin;C:\Perl\bin;E:\oracle\product\10.2.0\db_1\bin;d:\Java\jdk1.5.0_16\bin;D:\java\apache-ant-1.7.1\bin;D:\java\maven-2.0.6\bin;C:\WINDOWS\system32;C:\WINDOWS;C:\WINDOWS\System32\Wbem;C:\Program Files\ATI Technologies\ATI Control Panel;C:\Program Files\Microsoft SQL Server\90\Tools\binn\;C:\Program Files\VoiceAge\Common;C:\Program Files\QuickTime\QTSystem\
2009/4/11 上午 11:32:00 org.apache.coyote.http11.Http11BaseProtocol init
資訊: Initializing Coyote HTTP/1.1 on http-8080
2009/4/11 上午 11:32:00 org.apache.catalina.startup.Catalina load
資訊: Initialization processed in 1531 ms
2009/4/11 上午 11:32:00 org.apache.catalina.core.StandardService start
資訊: Starting service Catalina
2009/4/11 上午 11:32:00 org.apache.catalina.core.StandardEngine start
資訊: Starting Servlet Engine: Apache Tomcat/5.5.27
2009/4/11 上午 11:32:00 org.apache.catalina.core.StandardHost start
資訊: XML validation disabled
2009/4/11 上午 11:32:52 org.apache.coyote.http11.Http11BaseProtocol start
資訊: Starting Coyote HTTP/1.1 on http-8080
2009/4/11 上午 11:32:53 org.apache.jk.common.ChannelSocket init
資訊: JK: ajp13 listening on /0.0.0.0:8009
2009/4/11 上午 11:32:53 org.apache.jk.server.JkMain start
資訊: Jk running ID=0 time=0/31  config=null
2009/4/11 上午 11:32:53 org.apache.catalina.storeconfig.StoreLoader load
資訊: Find registry server-registry.xml at classpath resource
2009/4/11 上午 11:32:53 org.apache.catalina.startup.Catalina start
資訊: Server startup in 53140 ms
2009/4/11 上午 11:35:06 org.apache.coyote.http11.Http11BaseProtocol pause
資訊: Pausing Coyote HTTP/1.1 on http-8080
2009/4/11 上午 11:35:12 org.apache.catalina.core.AprLifecycleListener lifecycleEvent
資訊: The Apache Tomcat Native library which allows optimal performance in production environments was not found on the java.library.path: d:\Java\jdk1.5.0_16\bin;.;C:\WINDOWS\system32;C:\WINDOWS;D:\java\apache-ant-1.7.1\bin;D:\Adobe\AIR_SDK\bin;d:\oracle\product\10.2.0\db_1\bin;d:\Java\jdk1.5.0_16\bin;C:\Perl\site\bin;C:\Perl\bin;E:\oracle\product\10.2.0\db_1\bin;d:\Java\jdk1.5.0_16\bin;D:\java\apache-ant-1.7.1\bin;D:\java\maven-2.0.6\bin;C:\WINDOWS\system32;C:\WINDOWS;C:\WINDOWS\System32\Wbem;C:\Program Files\ATI Technologies\ATI Control Panel;C:\Program Files\Microsoft SQL Server\90\Tools\binn\;C:\Program Files\VoiceAge\Common;C:\Program Files\QuickTime\QTSystem\
2009/4/11 上午 11:35:12 org.apache.coyote.http11.Http11BaseProtocol init
資訊: Initializing Coyote HTTP/1.1 on http-8080
2009/4/11 上午 11:35:12 org.apache.catalina.startup.Catalina load
資訊: Initialization processed in 1578 ms
2009/4/11 上午 11:35:13 org.apache.catalina.core.StandardService start
資訊: Starting service Catalina
2009/4/11 上午 11:35:13 org.apache.catalina.core.StandardEngine start
資訊: Starting Servlet Engine: Apache Tomcat/5.5.27
2009/4/11 上午 11:35:13 org.apache.catalina.core.StandardHost start
資訊: XML validation disabled
2009/4/11 上午 11:36:08 org.apache.coyote.http11.Http11BaseProtocol start
資訊: Starting Coyote HTTP/1.1 on http-8080
2009/4/11 上午 11:36:09 org.apache.jk.common.ChannelSocket init
資訊: JK: ajp13 listening on /0.0.0.0:8009
2009/4/11 上午 11:36:09 org.apache.jk.server.JkMain start
資訊: Jk running ID=0 time=0/125  config=null
2009/4/11 上午 11:36:09 org.apache.catalina.storeconfig.StoreLoader load
資訊: Find registry server-registry.xml at classpath resource
2009/4/11 上午 11:36:09 org.apache.catalina.startup.Catalina start
資訊: Server startup in 56796 ms
2009/4/11 下午 12:41:18 org.apache.coyote.http11.Http11BaseProtocol pause
資訊: Pausing Coyote HTTP/1.1 on http-8080
2009/4/11 下午 12:41:20 org.apache.catalina.core.StandardService stop
資訊: Stopping service Catalina
2009/4/11 下午 12:41:28 org.apache.catalina.core.AprLifecycleListener lifecycleEvent
資訊: The Apache Tomcat Native library which allows optimal performance in production environments was not found on the java.library.path: d:\Java\jdk1.5.0_16\bin;.;C:\WINDOWS\system32;C:\WINDOWS;D:\java\apache-ant-1.7.1\bin;D:\Adobe\AIR_SDK\bin;d:\oracle\product\10.2.0\db_1\bin;d:\Java\jdk1.5.0_16\bin;C:\Perl\site\bin;C:\Perl\bin;E:\oracle\product\10.2.0\db_1\bin;d:\Java\jdk1.5.0_16\bin;D:\java\apache-ant-1.7.1\bin;D:\java\maven-2.0.6\bin;C:\WINDOWS\system32;C:\WINDOWS;C:\WINDOWS\System32\Wbem;C:\Program Files\ATI Technologies\ATI Control Panel;C:\Program Files\Microsoft SQL Server\90\Tools\binn\;C:\Program Files\VoiceAge\Common;C:\Program Files\QuickTime\QTSystem\
2009/4/11 下午 12:41:28 org.apache.coyote.http11.Http11BaseProtocol init
資訊: Initializing Coyote HTTP/1.1 on http-8080
2009/4/11 下午 12:41:28 org.apache.catalina.startup.Catalina load
資訊: Initialization processed in 1813 ms
2009/4/11 下午 12:41:29 org.apache.catalina.core.StandardService start
資訊: Starting service Catalina
2009/4/11 下午 12:41:29 org.apache.catalina.core.StandardEngine start
資訊: Starting Servlet Engine: Apache Tomcat/5.5.27
2009/4/11 下午 12:41:29 org.apache.catalina.core.StandardHost start
資訊: XML validation disabled
2009/4/11 下午 12:42:34 org.apache.catalina.session.StandardManager doLoad
嚴重的: IOException while loading persisted sessions: java.io.EOFException
java.io.EOFException
	at java.io.ObjectInputStream$PeekInputStream.readFully(ObjectInputStream.java:2228)
	at java.io.ObjectInputStream$BlockDataInputStream.readShort(ObjectInputStream.java:2694)
	at java.io.ObjectInputStream.readStreamHeader(ObjectInputStream.java:761)
	at java.io.ObjectInputStream.<init>(ObjectInputStream.java:277)
	at org.apache.catalina.util.CustomObjectInputStream.<init>(CustomObjectInputStream.java:58)
	at org.apache.catalina.session.StandardManager.doLoad(StandardManager.java:362)
	at org.apache.catalina.session.StandardManager.load(StandardManager.java:321)
	at org.apache.catalina.session.StandardManager.start(StandardManager.java:637)
	at org.apache.catalina.core.ContainerBase.setManager(ContainerBase.java:432)
	at org.apache.catalina.core.StandardContext.start(StandardContext.java:4160)
	at org.apache.catalina.core.ContainerBase.addChildInternal(ContainerBase.java:760)
	at org.apache.catalina.core.ContainerBase.addChild(ContainerBase.java:740)
	at org.apache.catalina.core.StandardHost.addChild(StandardHost.java:544)
	at org.apache.catalina.startup.HostConfig.deployDirectory(HostConfig.java:927)
	at org.apache.catalina.startup.HostConfig.deployDirectories(HostConfig.java:890)
	at org.apache.catalina.startup.HostConfig.deployApps(HostConfig.java:492)
	at org.apache.catalina.startup.HostConfig.start(HostConfig.java:1150)
	at org.apache.catalina.startup.HostConfig.lifecycleEvent(HostConfig.java:311)
	at org.apache.catalina.util.LifecycleSupport.fireLifecycleEvent(LifecycleSupport.java:120)
	at org.apache.catalina.core.ContainerBase.start(ContainerBase.java:1022)
	at org.apache.catalina.core.StandardHost.start(StandardHost.java:736)
	at org.apache.catalina.core.ContainerBase.start(ContainerBase.java:1014)
	at org.apache.catalina.core.StandardEngine.start(StandardEngine.java:443)
	at org.apache.catalina.core.StandardService.start(StandardService.java:448)
	at org.apache.catalina.core.StandardServer.start(StandardServer.java:700)
	at org.apache.catalina.startup.Catalina.start(Catalina.java:552)
	at sun.reflect.NativeMethodAccessorImpl.invoke0(Native Method)
	at sun.reflect.NativeMethodAccessorImpl.invoke(NativeMethodAccessorImpl.java:39)
	at sun.reflect.DelegatingMethodAccessorImpl.invoke(DelegatingMethodAccessorImpl.java:25)
	at java.lang.reflect.Method.invoke(Method.java:585)
	at org.apache.catalina.startup.Bootstrap.start(Bootstrap.java:295)
	at org.apache.catalina.startup.Bootstrap.main(Bootstrap.java:433)
2009/4/11 下午 12:42:34 org.apache.catalina.session.StandardManager start
嚴重的: Exception loading sessions from persistent storage
java.io.EOFException
	at java.io.ObjectInputStream$PeekInputStream.readFully(ObjectInputStream.java:2228)
	at java.io.ObjectInputStream$BlockDataInputStream.readShort(ObjectInputStream.java:2694)
	at java.io.ObjectInputStream.readStreamHeader(ObjectInputStream.java:761)
	at java.io.ObjectInputStream.<init>(ObjectInputStream.java:277)
	at org.apache.catalina.util.CustomObjectInputStream.<init>(CustomObjectInputStream.java:58)
	at org.apache.catalina.session.StandardManager.doLoad(StandardManager.java:362)
	at org.apache.catalina.session.StandardManager.load(StandardManager.java:321)
	at org.apache.catalina.session.StandardManager.start(StandardManager.java:637)
	at org.apache.catalina.core.ContainerBase.setManager(ContainerBase.java:432)
	at org.apache.catalina.core.StandardContext.start(StandardContext.java:4160)
	at org.apache.catalina.core.ContainerBase.addChildInternal(ContainerBase.java:760)
	at org.apache.catalina.core.ContainerBase.addChild(ContainerBase.java:740)
	at org.apache.catalina.core.StandardHost.addChild(StandardHost.java:544)
	at org.apache.catalina.startup.HostConfig.deployDirectory(HostConfig.java:927)
	at org.apache.catalina.startup.HostConfig.deployDirectories(HostConfig.java:890)
	at org.apache.catalina.startup.HostConfig.deployApps(HostConfig.java:492)
	at org.apache.catalina.startup.HostConfig.start(HostConfig.java:1150)
	at org.apache.catalina.startup.HostConfig.lifecycleEvent(HostConfig.java:311)
	at org.apache.catalina.util.LifecycleSupport.fireLifecycleEvent(LifecycleSupport.java:120)
	at org.apache.catalina.core.ContainerBase.start(ContainerBase.java:1022)
	at org.apache.catalina.core.StandardHost.start(StandardHost.java:736)
	at org.apache.catalina.core.ContainerBase.start(ContainerBase.java:1014)
	at org.apache.catalina.core.StandardEngine.start(StandardEngine.java:443)
	at org.apache.catalina.core.StandardService.start(StandardService.java:448)
	at org.apache.catalina.core.StandardServer.start(StandardServer.java:700)
	at org.apache.catalina.startup.Catalina.start(Catalina.java:552)
	at sun.reflect.NativeMethodAccessorImpl.invoke0(Native Method)
	at sun.reflect.NativeMethodAccessorImpl.invoke(NativeMethodAccessorImpl.java:39)
	at sun.reflect.DelegatingMethodAccessorImpl.invoke(DelegatingMethodAccessorImpl.java:25)
	at java.lang.reflect.Method.invoke(Method.java:585)
	at org.apache.catalina.startup.Bootstrap.start(Bootstrap.java:295)
	at org.apache.catalina.startup.Bootstrap.main(Bootstrap.java:433)
2009/4/11 下午 12:42:35 org.apache.coyote.http11.Http11BaseProtocol start
資訊: Starting Coyote HTTP/1.1 on http-8080
2009/4/11 下午 12:42:35 org.apache.jk.common.ChannelSocket init
資訊: JK: ajp13 listening on /0.0.0.0:8009
2009/4/11 下午 12:42:35 org.apache.jk.server.JkMain start
資訊: Jk running ID=0 time=0/218  config=null
2009/4/11 下午 12:42:36 org.apache.catalina.storeconfig.StoreLoader load
資訊: Find registry server-registry.xml at classpath resource
2009/4/11 下午 12:42:36 org.apache.catalina.startup.Catalina start
資訊: Server startup in 67470 ms
2009/4/11 下午 01:04:01 org.apache.coyote.http11.Http11BaseProtocol pause
資訊: Pausing Coyote HTTP/1.1 on http-8080
2009/4/11 下午 01:04:02 org.apache.catalina.core.StandardService stop
資訊: Stopping service Catalina
2009/4/11 下午 01:04:02 org.apache.catalina.core.StandardWrapper unload
資訊: Waiting for 2 instance(s) to be deallocated
2009/4/11 下午 01:04:03 org.apache.catalina.core.StandardWrapper unload
資訊: Waiting for 2 instance(s) to be deallocated
2009/4/11 下午 01:04:21 org.apache.catalina.core.AprLifecycleListener lifecycleEvent
資訊: The Apache Tomcat Native library which allows optimal performance in production environments was not found on the java.library.path: d:\Java\jdk1.5.0_16\bin;.;C:\WINDOWS\system32;C:\WINDOWS;D:\java\apache-ant-1.7.1\bin;D:\Adobe\AIR_SDK\bin;d:\oracle\product\10.2.0\db_1\bin;d:\Java\jdk1.5.0_16\bin;C:\Perl\site\bin;C:\Perl\bin;E:\oracle\product\10.2.0\db_1\bin;d:\Java\jdk1.5.0_16\bin;D:\java\apache-ant-1.7.1\bin;D:\java\maven-2.0.6\bin;C:\WINDOWS\system32;C:\WINDOWS;C:\WINDOWS\System32\Wbem;C:\Program Files\ATI Technologies\ATI Control Panel;C:\Program Files\Microsoft SQL Server\90\Tools\binn\;C:\Program Files\VoiceAge\Common;C:\Program Files\QuickTime\QTSystem\
2009/4/11 下午 01:04:21 org.apache.coyote.http11.Http11BaseProtocol init
資訊: Initializing Coyote HTTP/1.1 on http-8080
2009/4/11 下午 01:04:21 org.apache.catalina.startup.Catalina load
資訊: Initialization processed in 1547 ms
2009/4/11 下午 01:04:21 org.apache.catalina.core.StandardService start
資訊: Starting service Catalina
2009/4/11 下午 01:04:21 org.apache.catalina.core.StandardEngine start
資訊: Starting Servlet Engine: Apache Tomcat/5.5.27
2009/4/11 下午 01:04:21 org.apache.catalina.core.StandardHost start
資訊: XML validation disabled
2009/4/11 下午 01:05:15 org.apache.coyote.http11.Http11BaseProtocol start
資訊: Starting Coyote HTTP/1.1 on http-8080
2009/4/11 下午 01:05:16 org.apache.jk.common.ChannelSocket init
資訊: JK: ajp13 listening on /0.0.0.0:8009
2009/4/11 下午 01:05:16 org.apache.jk.server.JkMain start
資訊: Jk running ID=0 time=0/406  config=null
2009/4/11 下午 01:05:16 org.apache.catalina.storeconfig.StoreLoader load
資訊: Find registry server-registry.xml at classpath resource
2009/4/11 下午 01:05:16 org.apache.catalina.startup.Catalina start
資訊: Server startup in 55282 ms
2009/4/11 下午 01:45:11 org.apache.coyote.http11.Http11BaseProtocol pause
資訊: Pausing Coyote HTTP/1.1 on http-8080
2009/4/11 下午 01:45:12 org.apache.catalina.core.StandardService stop
資訊: Stopping service Catalina
2009/4/11 下午 01:45:12 org.apache.catalina.core.StandardWrapper unload
資訊: Waiting for 4 instance(s) to be deallocated
2009/4/11 下午 01:45:26 org.apache.catalina.core.AprLifecycleListener lifecycleEvent
資訊: The Apache Tomcat Native library which allows optimal performance in production environments was not found on the java.library.path: d:\Java\jdk1.5.0_16\bin;.;C:\WINDOWS\system32;C:\WINDOWS;D:\java\apache-ant-1.7.1\bin;D:\Adobe\AIR_SDK\bin;d:\oracle\product\10.2.0\db_1\bin;d:\Java\jdk1.5.0_16\bin;C:\Perl\site\bin;C:\Perl\bin;E:\oracle\product\10.2.0\db_1\bin;d:\Java\jdk1.5.0_16\bin;D:\java\apache-ant-1.7.1\bin;D:\java\maven-2.0.6\bin;C:\WINDOWS\system32;C:\WINDOWS;C:\WINDOWS\System32\Wbem;C:\Program Files\ATI Technologies\ATI Control Panel;C:\Program Files\Microsoft SQL Server\90\Tools\binn\;C:\Program Files\VoiceAge\Common;C:\Program Files\QuickTime\QTSystem\
2009/4/11 下午 01:45:26 org.apache.coyote.http11.Http11BaseProtocol init
資訊: Initializing Coyote HTTP/1.1 on http-8080
2009/4/11 下午 01:45:26 org.apache.catalina.startup.Catalina load
資訊: Initialization processed in 1453 ms
2009/4/11 下午 01:45:27 org.apache.catalina.core.StandardService start
資訊: Starting service Catalina
2009/4/11 下午 01:45:27 org.apache.catalina.core.StandardEngine start
資訊: Starting Servlet Engine: Apache Tomcat/5.5.27
2009/4/11 下午 01:45:27 org.apache.catalina.core.StandardHost start
資訊: XML validation disabled
2009/4/11 下午 01:46:22 org.apache.coyote.http11.Http11BaseProtocol start
資訊: Starting Coyote HTTP/1.1 on http-8080
2009/4/11 下午 01:46:22 org.apache.jk.common.ChannelSocket init
資訊: JK: ajp13 listening on /0.0.0.0:8009
2009/4/11 下午 01:46:22 org.apache.jk.server.JkMain start
資訊: Jk running ID=0 time=0/47  config=null
2009/4/11 下午 01:46:22 org.apache.catalina.storeconfig.StoreLoader load
資訊: Find registry server-registry.xml at classpath resource
2009/4/11 下午 01:46:22 org.apache.catalina.startup.Catalina start
資訊: Server startup in 56234 ms
2009/4/11 下午 01:57:43 org.apache.catalina.core.AprLifecycleListener lifecycleEvent
資訊: The Apache Tomcat Native library which allows optimal performance in production environments was not found on the java.library.path: d:\Java\jdk1.5.0_16\bin;.;C:\WINDOWS\system32;C:\WINDOWS;D:\java\apache-ant-1.7.1\bin;D:\Adobe\AIR_SDK\bin;d:\oracle\product\10.2.0\db_1\bin;d:\Java\jdk1.5.0_16\bin;C:\Perl\site\bin;C:\Perl\bin;E:\oracle\product\10.2.0\db_1\bin;d:\Java\jdk1.5.0_16\bin;D:\java\apache-ant-1.7.1\bin;D:\java\maven-2.0.6\bin;C:\WINDOWS\system32;C:\WINDOWS;C:\WINDOWS\System32\Wbem;C:\Program Files\ATI Technologies\ATI Control Panel;C:\Program Files\Microsoft SQL Server\90\Tools\binn\;C:\Program Files\VoiceAge\Common;C:\Program Files\QuickTime\QTSystem\
2009/4/11 下午 01:57:43 org.apache.coyote.http11.Http11BaseProtocol init
資訊: Initializing Coyote HTTP/1.1 on http-8080
2009/4/11 下午 01:57:43 org.apache.catalina.startup.Catalina load
資訊: Initialization processed in 1547 ms
2009/4/11 下午 01:57:44 org.apache.catalina.core.StandardService start
資訊: Starting service Catalina
2009/4/11 下午 01:57:44 org.apache.catalina.core.StandardEngine start
資訊: Starting Servlet Engine: Apache Tomcat/5.5.27
2009/4/11 下午 01:57:44 org.apache.catalina.core.StandardHost start
資訊: XML validation disabled
2009/4/11 下午 01:57:46 org.apache.catalina.startup.HostConfig deployWAR
資訊: Deploying web application archive eFID.war
2009/4/11 下午 01:58:47 org.apache.coyote.http11.Http11BaseProtocol start
資訊: Starting Coyote HTTP/1.1 on http-8080
2009/4/11 下午 01:58:48 org.apache.jk.common.ChannelSocket init
資訊: JK: ajp13 listening on /0.0.0.0:8009
2009/4/11 下午 01:58:48 org.apache.jk.server.JkMain start
資訊: Jk running ID=0 time=0/219  config=null
2009/4/11 下午 01:58:48 org.apache.catalina.storeconfig.StoreLoader load
資訊: Find registry server-registry.xml at classpath resource
2009/4/11 下午 01:58:48 org.apache.catalina.startup.Catalina start
資訊: Server startup in 65015 ms
2009/4/11 下午 02:21:19 org.apache.coyote.http11.Http11BaseProtocol pause
資訊: Pausing Coyote HTTP/1.1 on http-8080
2009/4/11 下午 02:21:43 org.apache.catalina.core.AprLifecycleListener lifecycleEvent
資訊: The Apache Tomcat Native library which allows optimal performance in production environments was not found on the java.library.path: d:\Java\jdk1.5.0_16\bin;.;C:\WINDOWS\system32;C:\WINDOWS;D:\java\apache-ant-1.7.1\bin;D:\Adobe\AIR_SDK\bin;d:\oracle\product\10.2.0\db_1\bin;d:\Java\jdk1.5.0_16\bin;C:\Perl\site\bin;C:\Perl\bin;E:\oracle\product\10.2.0\db_1\bin;d:\Java\jdk1.5.0_16\bin;D:\java\apache-ant-1.7.1\bin;D:\java\maven-2.0.6\bin;C:\WINDOWS\system32;C:\WINDOWS;C:\WINDOWS\System32\Wbem;C:\Program Files\ATI Technologies\ATI Control Panel;C:\Program Files\Microsoft SQL Server\90\Tools\binn\;C:\Program Files\VoiceAge\Common;C:\Program Files\QuickTime\QTSystem\
2009/4/11 下午 02:21:43 org.apache.coyote.http11.Http11BaseProtocol init
資訊: Initializing Coyote HTTP/1.1 on http-8080
2009/4/11 下午 02:21:43 org.apache.catalina.startup.Catalina load
資訊: Initialization processed in 1625 ms
2009/4/11 下午 02:21:44 org.apache.catalina.core.StandardService start
資訊: Starting service Catalina
2009/4/11 下午 02:21:44 org.apache.catalina.core.StandardEngine start
資訊: Starting Servlet Engine: Apache Tomcat/5.5.27
2009/4/11 下午 02:21:44 org.apache.catalina.core.StandardHost start
資訊: XML validation disabled
2009/4/11 下午 02:22:45 org.apache.coyote.http11.Http11BaseProtocol start
資訊: Starting Coyote HTTP/1.1 on http-8080
2009/4/11 下午 02:22:46 org.apache.jk.common.ChannelSocket init
資訊: JK: ajp13 listening on /0.0.0.0:8009
2009/4/11 下午 02:22:46 org.apache.jk.server.JkMain start
資訊: Jk running ID=0 time=0/47  config=null
2009/4/11 下午 02:22:46 org.apache.catalina.storeconfig.StoreLoader load
資訊: Find registry server-registry.xml at classpath resource
2009/4/11 下午 02:22:47 org.apache.catalina.startup.Catalina start
資訊: Server startup in 63237 ms
2009/4/11 下午 02:26:33 org.apache.coyote.http11.Http11BaseProtocol pause
資訊: Pausing Coyote HTTP/1.1 on http-8080
2009/4/11 下午 02:27:48 org.apache.catalina.core.AprLifecycleListener lifecycleEvent
資訊: The Apache Tomcat Native library which allows optimal performance in production environments was not found on the java.library.path: d:\Java\jdk1.5.0_16\bin;.;C:\WINDOWS\system32;C:\WINDOWS;D:\java\apache-ant-1.7.1\bin;D:\Adobe\AIR_SDK\bin;d:\oracle\product\10.2.0\db_1\bin;d:\Java\jdk1.5.0_16\bin;C:\Perl\site\bin;C:\Perl\bin;E:\oracle\product\10.2.0\db_1\bin;d:\Java\jdk1.5.0_16\bin;D:\java\apache-ant-1.7.1\bin;D:\java\maven-2.0.6\bin;C:\WINDOWS\system32;C:\WINDOWS;C:\WINDOWS\System32\Wbem;C:\Program Files\ATI Technologies\ATI Control Panel;C:\Program Files\Microsoft SQL Server\90\Tools\binn\;C:\Program Files\VoiceAge\Common;C:\Program Files\QuickTime\QTSystem\
2009/4/11 下午 02:27:48 org.apache.coyote.http11.Http11BaseProtocol init
資訊: Initializing Coyote HTTP/1.1 on http-8080
2009/4/11 下午 02:27:48 org.apache.catalina.startup.Catalina load
資訊: Initialization processed in 1672 ms
2009/4/11 下午 02:27:48 org.apache.catalina.core.StandardService start
資訊: Starting service Catalina
2009/4/11 下午 02:27:48 org.apache.catalina.core.StandardEngine start
資訊: Starting Servlet Engine: Apache Tomcat/5.5.27
2009/4/11 下午 02:27:48 org.apache.catalina.core.StandardHost start
資訊: XML validation disabled
2009/4/11 下午 02:28:50 org.apache.coyote.http11.Http11BaseProtocol start
資訊: Starting Coyote HTTP/1.1 on http-8080
2009/4/11 下午 02:28:50 org.apache.jk.common.ChannelSocket init
資訊: JK: ajp13 listening on /0.0.0.0:8009
2009/4/11 下午 02:28:50 org.apache.jk.server.JkMain start
資訊: Jk running ID=0 time=0/47  config=null
2009/4/11 下午 02:28:51 org.apache.catalina.storeconfig.StoreLoader load
資訊: Find registry server-registry.xml at classpath resource
2009/4/11 下午 02:28:51 org.apache.catalina.startup.Catalina start
資訊: Server startup in 62828 ms
2009/4/11 下午 02:34:59 org.apache.coyote.http11.Http11BaseProtocol pause
資訊: Pausing Coyote HTTP/1.1 on http-8080
2009/4/11 下午 02:35:00 org.apache.catalina.core.StandardService stop
資訊: Stopping service Catalina
2009/4/11 下午 02:35:00 org.apache.catalina.core.StandardWrapper unload
資訊: Waiting for 1 instance(s) to be deallocated
2009/4/11 下午 02:35:01 org.apache.catalina.core.StandardWrapper unload
資訊: Waiting for 1 instance(s) to be deallocated
2009/4/11 下午 02:35:07 org.apache.catalina.core.AprLifecycleListener lifecycleEvent
資訊: The Apache Tomcat Native library which allows optimal performance in production environments was not found on the java.library.path: d:\Java\jdk1.5.0_16\bin;.;C:\WINDOWS\system32;C:\WINDOWS;D:\java\apache-ant-1.7.1\bin;D:\Adobe\AIR_SDK\bin;d:\oracle\product\10.2.0\db_1\bin;d:\Java\jdk1.5.0_16\bin;C:\Perl\site\bin;C:\Perl\bin;E:\oracle\product\10.2.0\db_1\bin;d:\Java\jdk1.5.0_16\bin;D:\java\apache-ant-1.7.1\bin;D:\java\maven-2.0.6\bin;C:\WINDOWS\system32;C:\WINDOWS;C:\WINDOWS\System32\Wbem;C:\Program Files\ATI Technologies\ATI Control Panel;C:\Program Files\Microsoft SQL Server\90\Tools\binn\;C:\Program Files\VoiceAge\Common;C:\Program Files\QuickTime\QTSystem\
2009/4/11 下午 02:35:07 org.apache.coyote.http11.Http11BaseProtocol init
資訊: Initializing Coyote HTTP/1.1 on http-8080
2009/4/11 下午 02:35:07 org.apache.catalina.startup.Catalina load
資訊: Initialization processed in 1672 ms
2009/4/11 下午 02:35:08 org.apache.catalina.core.StandardService start
資訊: Starting service Catalina
2009/4/11 下午 02:35:08 org.apache.catalina.core.StandardEngine start
資訊: Starting Servlet Engine: Apache Tomcat/5.5.27
2009/4/11 下午 02:35:08 org.apache.catalina.core.StandardHost start
資訊: XML validation disabled
2009/4/11 下午 02:36:02 org.apache.coyote.http11.Http11BaseProtocol start
資訊: Starting Coyote HTTP/1.1 on http-8080
2009/4/11 下午 02:36:02 org.apache.jk.common.ChannelSocket init
資訊: JK: ajp13 listening on /0.0.0.0:8009
2009/4/11 下午 02:36:02 org.apache.jk.server.JkMain start
資訊: Jk running ID=0 time=0/31  config=null
2009/4/11 下午 02:36:02 org.apache.catalina.storeconfig.StoreLoader load
資訊: Find registry server-registry.xml at classpath resource
2009/4/11 下午 02:36:02 org.apache.catalina.startup.Catalina start
資訊: Server startup in 54766 ms
2009/4/11 下午 03:14:22 org.apache.coyote.http11.Http11BaseProtocol pause
資訊: Pausing Coyote HTTP/1.1 on http-8080
2009/4/11 下午 03:14:23 org.apache.catalina.core.StandardService stop
資訊: Stopping service Catalina
2009/4/11 下午 03:14:34 org.apache.catalina.core.AprLifecycleListener lifecycleEvent
資訊: The Apache Tomcat Native library which allows optimal performance in production environments was not found on the java.library.path: d:\Java\jdk1.5.0_16\bin;.;C:\WINDOWS\system32;C:\WINDOWS;D:\java\apache-ant-1.7.1\bin;D:\Adobe\AIR_SDK\bin;d:\oracle\product\10.2.0\db_1\bin;d:\Java\jdk1.5.0_16\bin;C:\Perl\site\bin;C:\Perl\bin;E:\oracle\product\10.2.0\db_1\bin;d:\Java\jdk1.5.0_16\bin;D:\java\apache-ant-1.7.1\bin;D:\java\maven-2.0.6\bin;C:\WINDOWS\system32;C:\WINDOWS;C:\WINDOWS\System32\Wbem;C:\Program Files\ATI Technologies\ATI Control Panel;C:\Program Files\Microsoft SQL Server\90\Tools\binn\;C:\Program Files\VoiceAge\Common;C:\Program Files\QuickTime\QTSystem\
2009/4/11 下午 03:14:34 org.apache.coyote.http11.Http11BaseProtocol init
資訊: Initializing Coyote HTTP/1.1 on http-8080
2009/4/11 下午 03:14:34 org.apache.catalina.startup.Catalina load
資訊: Initialization processed in 1735 ms
2009/4/11 下午 03:14:34 org.apache.catalina.core.StandardService start
資訊: Starting service Catalina
2009/4/11 下午 03:14:34 org.apache.catalina.core.StandardEngine start
資訊: Starting Servlet Engine: Apache Tomcat/5.5.27
2009/4/11 下午 03:14:34 org.apache.catalina.core.StandardHost start
資訊: XML validation disabled
2009/4/11 下午 03:15:34 org.apache.coyote.http11.Http11BaseProtocol start
資訊: Starting Coyote HTTP/1.1 on http-8080
2009/4/11 下午 03:15:35 org.apache.jk.common.ChannelSocket init
資訊: JK: ajp13 listening on /0.0.0.0:8009
2009/4/11 下午 03:15:35 org.apache.jk.server.JkMain start
資訊: Jk running ID=0 time=0/31  config=null
2009/4/11 下午 03:15:35 org.apache.catalina.storeconfig.StoreLoader load
資訊: Find registry server-registry.xml at classpath resource
2009/4/11 下午 03:15:35 org.apache.catalina.startup.Catalina start
資訊: Server startup in 61140 ms
2009/4/11 下午 03:33:03 org.apache.coyote.http11.Http11BaseProtocol pause
資訊: Pausing Coyote HTTP/1.1 on http-8080
2009/4/11 下午 03:33:04 org.apache.catalina.core.StandardService stop
資訊: Stopping service Catalina
2009/4/11 下午 03:33:29 org.apache.catalina.core.AprLifecycleListener lifecycleEvent
資訊: The Apache Tomcat Native library which allows optimal performance in production environments was not found on the java.library.path: d:\Java\jdk1.5.0_16\bin;.;C:\WINDOWS\system32;C:\WINDOWS;D:\java\apache-ant-1.7.1\bin;D:\Adobe\AIR_SDK\bin;d:\oracle\product\10.2.0\db_1\bin;d:\Java\jdk1.5.0_16\bin;C:\Perl\site\bin;C:\Perl\bin;E:\oracle\product\10.2.0\db_1\bin;d:\Java\jdk1.5.0_16\bin;D:\java\apache-ant-1.7.1\bin;D:\java\maven-2.0.6\bin;C:\WINDOWS\system32;C:\WINDOWS;C:\WINDOWS\System32\Wbem;C:\Program Files\ATI Technologies\ATI Control Panel;C:\Program Files\Microsoft SQL Server\90\Tools\binn\;C:\Program Files\VoiceAge\Common;C:\Program Files\QuickTime\QTSystem\
2009/4/11 下午 03:33:29 org.apache.coyote.http11.Http11BaseProtocol init
資訊: Initializing Coyote HTTP/1.1 on http-8080
2009/4/11 下午 03:33:29 org.apache.catalina.startup.Catalina load
資訊: Initialization processed in 1609 ms
2009/4/11 下午 03:33:29 org.apache.catalina.core.StandardService start
資訊: Starting service Catalina
2009/4/11 下午 03:33:29 org.apache.catalina.core.StandardEngine start
資訊: Starting Servlet Engine: Apache Tomcat/5.5.27
2009/4/11 下午 03:33:29 org.apache.catalina.core.StandardHost start
資訊: XML validation disabled
2009/4/11 下午 03:34:24 org.apache.coyote.http11.Http11BaseProtocol start
資訊: Starting Coyote HTTP/1.1 on http-8080
2009/4/11 下午 03:34:24 org.apache.jk.common.ChannelSocket init
資訊: JK: ajp13 listening on /0.0.0.0:8009
2009/4/11 下午 03:34:24 org.apache.jk.server.JkMain start
資訊: Jk running ID=0 time=0/78  config=null
2009/4/11 下午 03:34:25 org.apache.catalina.storeconfig.StoreLoader load
資訊: Find registry server-registry.xml at classpath resource
2009/4/11 下午 03:34:25 org.apache.catalina.startup.Catalina start
資訊: Server startup in 55749 ms
2009/4/11 下午 03:38:05 org.apache.coyote.http11.Http11BaseProtocol pause
資訊: Pausing Coyote HTTP/1.1 on http-8080
2009/4/11 下午 03:38:06 org.apache.catalina.core.StandardService stop
資訊: Stopping service Catalina
2009/4/11 下午 03:38:14 org.apache.catalina.core.AprLifecycleListener lifecycleEvent
資訊: The Apache Tomcat Native library which allows optimal performance in production environments was not found on the java.library.path: d:\Java\jdk1.5.0_16\bin;.;C:\WINDOWS\system32;C:\WINDOWS;D:\java\apache-ant-1.7.1\bin;D:\Adobe\AIR_SDK\bin;d:\oracle\product\10.2.0\db_1\bin;d:\Java\jdk1.5.0_16\bin;C:\Perl\site\bin;C:\Perl\bin;E:\oracle\product\10.2.0\db_1\bin;d:\Java\jdk1.5.0_16\bin;D:\java\apache-ant-1.7.1\bin;D:\java\maven-2.0.6\bin;C:\WINDOWS\system32;C:\WINDOWS;C:\WINDOWS\System32\Wbem;C:\Program Files\ATI Technologies\ATI Control Panel;C:\Program Files\Microsoft SQL Server\90\Tools\binn\;C:\Program Files\VoiceAge\Common;C:\Program Files\QuickTime\QTSystem\
2009/4/11 下午 03:38:14 org.apache.coyote.http11.Http11BaseProtocol init
資訊: Initializing Coyote HTTP/1.1 on http-8080
2009/4/11 下午 03:38:14 org.apache.catalina.startup.Catalina load
資訊: Initialization processed in 1500 ms
2009/4/11 下午 03:38:15 org.apache.catalina.core.StandardService start
資訊: Starting service Catalina
2009/4/11 下午 03:38:15 org.apache.catalina.core.StandardEngine start
資訊: Starting Servlet Engine: Apache Tomcat/5.5.27
2009/4/11 下午 03:38:15 org.apache.catalina.core.StandardHost start
資訊: XML validation disabled
2009/4/11 下午 03:39:12 org.apache.coyote.http11.Http11BaseProtocol start
資訊: Starting Coyote HTTP/1.1 on http-8080
2009/4/11 下午 03:39:13 org.apache.jk.common.ChannelSocket init
資訊: JK: ajp13 listening on /0.0.0.0:8009
2009/4/11 下午 03:39:13 org.apache.jk.server.JkMain start
資訊: Jk running ID=0 time=0/156  config=null
2009/4/11 下午 03:39:13 org.apache.catalina.storeconfig.StoreLoader load
資訊: Find registry server-registry.xml at classpath resource
2009/4/11 下午 03:39:13 org.apache.catalina.startup.Catalina start
資訊: Server startup in 58922 ms
2009/4/11 下午 06:37:14 org.apache.catalina.core.AprLifecycleListener lifecycleEvent
資訊: The Apache Tomcat Native library which allows optimal performance in production environments was not found on the java.library.path: d:\Java\jdk1.5.0_16\bin;.;C:\WINDOWS\system32;C:\WINDOWS;D:\java\apache-ant-1.7.1\bin;D:\Adobe\AIR_SDK\bin;d:\oracle\product\10.2.0\db_1\bin;d:\Java\jdk1.5.0_16\bin;C:\Perl\site\bin;C:\Perl\bin;E:\oracle\product\10.2.0\db_1\bin;d:\Java\jdk1.5.0_16\bin;D:\java\apache-ant-1.7.1\bin;D:\java\maven-2.0.6\bin;C:\WINDOWS\system32;C:\WINDOWS;C:\WINDOWS\System32\Wbem;C:\Program Files\ATI Technologies\ATI Control Panel;C:\Program Files\Microsoft SQL Server\90\Tools\binn\;C:\Program Files\VoiceAge\Common;C:\Program Files\QuickTime\QTSystem\
2009/4/11 下午 06:37:14 org.apache.coyote.http11.Http11BaseProtocol init
資訊: Initializing Coyote HTTP/1.1 on http-8080
2009/4/11 下午 06:37:14 org.apache.catalina.startup.Catalina load
資訊: Initialization processed in 1859 ms
2009/4/11 下午 06:37:15 org.apache.catalina.core.StandardService start
資訊: Starting service Catalina
2009/4/11 下午 06:37:15 org.apache.catalina.core.StandardEngine start
資訊: Starting Servlet Engine: Apache Tomcat/5.5.27
2009/4/11 下午 06:37:15 org.apache.catalina.core.StandardHost start
資訊: XML validation disabled
2009/4/11 下午 06:38:12 org.apache.coyote.http11.Http11BaseProtocol start
資訊: Starting Coyote HTTP/1.1 on http-8080
2009/4/11 下午 06:38:13 org.apache.jk.common.ChannelSocket init
資訊: JK: ajp13 listening on /0.0.0.0:8009
2009/4/11 下午 06:38:13 org.apache.jk.server.JkMain start
資訊: Jk running ID=0 time=0/47  config=null
2009/4/11 下午 06:38:13 org.apache.catalina.storeconfig.StoreLoader load
資訊: Find registry server-registry.xml at classpath resource
2009/4/11 下午 06:38:13 org.apache.catalina.startup.Catalina start
資訊: Server startup in 58594 ms
2009/4/11 下午 06:57:11 org.apache.catalina.core.AprLifecycleListener lifecycleEvent
資訊: The Apache Tomcat Native library which allows optimal performance in production environments was not found on the java.library.path: d:\Java\jdk1.5.0_16\bin;.;C:\WINDOWS\system32;C:\WINDOWS;D:\java\apache-ant-1.7.1\bin;D:\Adobe\AIR_SDK\bin;d:\oracle\product\10.2.0\db_1\bin;d:\Java\jdk1.5.0_16\bin;C:\Perl\site\bin;C:\Perl\bin;E:\oracle\product\10.2.0\db_1\bin;d:\Java\jdk1.5.0_16\bin;D:\java\apache-ant-1.7.1\bin;D:\java\maven-2.0.6\bin;C:\WINDOWS\system32;C:\WINDOWS;C:\WINDOWS\System32\Wbem;C:\Program Files\ATI Technologies\ATI Control Panel;C:\Program Files\Microsoft SQL Server\90\Tools\binn\;C:\Program Files\VoiceAge\Common;C:\Program Files\QuickTime\QTSystem\
2009/4/11 下午 06:57:11 org.apache.coyote.http11.Http11BaseProtocol init
資訊: Initializing Coyote HTTP/1.1 on http-8080
2009/4/11 下午 06:57:11 org.apache.catalina.startup.Catalina load
資訊: Initialization processed in 1671 ms
2009/4/11 下午 06:57:12 org.apache.catalina.core.StandardService start
資訊: Starting service Catalina
2009/4/11 下午 06:57:12 org.apache.catalina.core.StandardEngine start
資訊: Starting Servlet Engine: Apache Tomcat/5.5.27
2009/4/11 下午 06:57:12 org.apache.catalina.core.StandardHost start
資訊: XML validation disabled
2009/4/11 下午 06:58:08 org.apache.coyote.http11.Http11BaseProtocol start
資訊: Starting Coyote HTTP/1.1 on http-8080
2009/4/11 下午 06:58:09 org.apache.jk.common.ChannelSocket init
資訊: JK: ajp13 listening on /0.0.0.0:8009
2009/4/11 下午 06:58:09 org.apache.jk.server.JkMain start
資訊: Jk running ID=0 time=0/125  config=null
2009/4/11 下午 06:58:09 org.apache.catalina.storeconfig.StoreLoader load
資訊: Find registry server-registry.xml at classpath resource
2009/4/11 下午 06:58:09 org.apache.catalina.startup.Catalina start
資訊: Server startup in 57891 ms
2009/4/11 下午 07:17:16 org.apache.coyote.http11.Http11BaseProtocol pause
資訊: Pausing Coyote HTTP/1.1 on http-8080
2009/4/11 下午 07:17:17 org.apache.catalina.core.StandardService stop
資訊: Stopping service Catalina
