2009/5/27 上午 08:08:35 org.apache.catalina.core.AprLifecycleListener lifecycleEvent
資訊: The Apache Tomcat Native library which allows optimal performance in production environments was not found on the java.library.path: C:\Program Files\Java\jdk1.5.0_06\bin;.;C:\WINDOWS\system32;C:\WINDOWS;C:\Program Files\Apache Software Foundation\tomcat 5.5\bin;C:\Program Files\Java\jdk1.5.0_06\bin;C:\oracle\product\10.2.0\client_1\bin;C:\WINDOWS\system32;C:\WINDOWS;C:\WINDOWS\System32\Wbem;C:\Program Files\TortoiseSVN\bin
2009/5/27 上午 08:08:35 org.apache.coyote.http11.Http11BaseProtocol init
資訊: Initializing Coyote HTTP/1.1 on http-8080
2009/5/27 上午 08:08:35 org.apache.catalina.startup.Catalina load
資訊: Initialization processed in 1078 ms
2009/5/27 上午 08:08:35 org.apache.catalina.core.StandardService start
資訊: Starting service Catalina
2009/5/27 上午 08:08:35 org.apache.catalina.core.StandardEngine start
資訊: Starting Servlet Engine: Apache Tomcat/5.5.27
2009/5/27 上午 08:08:35 org.apache.catalina.core.StandardHost start
資訊: XML validation disabled
2009/5/27 上午 08:09:59 org.apache.coyote.http11.Http11BaseProtocol start
資訊: Starting Coyote HTTP/1.1 on http-8080
2009/5/27 上午 08:10:00 org.apache.jk.common.ChannelSocket init
資訊: JK: ajp13 listening on /0.0.0.0:8009
2009/5/27 上午 08:10:00 org.apache.jk.server.JkMain start
資訊: Jk running ID=0 time=0/438  config=null
2009/5/27 上午 08:10:00 org.apache.catalina.storeconfig.StoreLoader load
資訊: Find registry server-registry.xml at classpath resource
2009/5/27 上午 08:10:00 org.apache.catalina.startup.Catalina start
資訊: Server startup in 85203 ms
2009/5/27 上午 10:02:39 org.apache.coyote.http11.Http11BaseProtocol pause
資訊: Pausing Coyote HTTP/1.1 on http-8080
2009/5/27 上午 10:02:41 org.apache.catalina.core.StandardService stop
資訊: Stopping service Catalina
2009/5/27 上午 10:03:01 org.apache.coyote.http11.Http11BaseProtocol destroy
資訊: Stopping Coyote HTTP/1.1 on http-8080
2009/5/27 上午 10:03:01 org.apache.catalina.core.AprLifecycleListener lifecycleEvent
資訊: Failed shutdown of Apache Portable Runtime
2009/5/27 上午 10:04:25 org.apache.catalina.core.AprLifecycleListener lifecycleEvent
資訊: The Apache Tomcat Native library which allows optimal performance in production environments was not found on the java.library.path: C:\Program Files\Java\jdk1.5.0_06\bin;.;C:\WINDOWS\system32;C:\WINDOWS;C:\Program Files\Apache Software Foundation\tomcat 5.5\bin;C:\Program Files\Java\jdk1.5.0_06\bin;C:\oracle\product\10.2.0\client_1\bin;C:\WINDOWS\system32;C:\WINDOWS;C:\WINDOWS\System32\Wbem;C:\Program Files\TortoiseSVN\bin
2009/5/27 上午 10:04:25 org.apache.coyote.http11.Http11BaseProtocol init
資訊: Initializing Coyote HTTP/1.1 on http-8080
2009/5/27 上午 10:04:25 org.apache.catalina.startup.Catalina load
資訊: Initialization processed in 2641 ms
2009/5/27 上午 10:04:26 org.apache.catalina.core.StandardService start
資訊: Starting service Catalina
2009/5/27 上午 10:04:26 org.apache.catalina.core.StandardEngine start
資訊: Starting Servlet Engine: Apache Tomcat/5.5.27
2009/5/27 上午 10:04:26 org.apache.catalina.core.StandardHost start
資訊: XML validation disabled
2009/5/27 上午 10:05:28 org.apache.coyote.http11.Http11BaseProtocol start
資訊: Starting Coyote HTTP/1.1 on http-8080
2009/5/27 上午 10:05:28 org.apache.jk.common.ChannelSocket init
資訊: JK: ajp13 listening on /0.0.0.0:8009
2009/5/27 上午 10:05:28 org.apache.jk.server.JkMain start
資訊: Jk running ID=0 time=0/140  config=null
2009/5/27 上午 10:05:29 org.apache.catalina.storeconfig.StoreLoader load
資訊: Find registry server-registry.xml at classpath resource
2009/5/27 上午 10:05:29 org.apache.catalina.startup.Catalina start
資訊: Server startup in 63266 ms
2009/5/27 下午 01:37:56 org.apache.catalina.core.AprLifecycleListener lifecycleEvent
資訊: The Apache Tomcat Native library which allows optimal performance in production environments was not found on the java.library.path: C:\Program Files\Java\jdk1.5.0_06\bin;.;C:\WINDOWS\system32;C:\WINDOWS;C:\Program Files\Apache Software Foundation\tomcat 5.5\bin;C:\Program Files\Java\jdk1.5.0_06\bin;C:\oracle\product\10.2.0\client_1\bin;C:\WINDOWS\system32;C:\WINDOWS;C:\WINDOWS\System32\Wbem;C:\Program Files\TortoiseSVN\bin
2009/5/27 下午 01:37:57 org.apache.coyote.http11.Http11BaseProtocol init
資訊: Initializing Coyote HTTP/1.1 on http-8080
2009/5/27 下午 01:37:57 org.apache.catalina.startup.Catalina load
資訊: Initialization processed in 1734 ms
2009/5/27 下午 01:37:57 org.apache.catalina.core.StandardService start
資訊: Starting service Catalina
2009/5/27 下午 01:37:57 org.apache.catalina.core.StandardEngine start
資訊: Starting Servlet Engine: Apache Tomcat/5.5.27
2009/5/27 下午 01:37:57 org.apache.catalina.core.StandardHost start
資訊: XML validation disabled
2009/5/27 下午 01:39:31 org.apache.coyote.http11.Http11BaseProtocol start
資訊: Starting Coyote HTTP/1.1 on http-8080
2009/5/27 下午 01:39:31 org.apache.jk.common.ChannelSocket init
資訊: JK: ajp13 listening on /0.0.0.0:8009
2009/5/27 下午 01:39:31 org.apache.jk.server.JkMain start
資訊: Jk running ID=0 time=0/62  config=null
2009/5/27 下午 01:39:31 org.apache.catalina.storeconfig.StoreLoader load
資訊: Find registry server-registry.xml at classpath resource
2009/5/27 下午 01:39:31 org.apache.catalina.startup.Catalina start
資訊: Server startup in 94704 ms
2009/5/27 下午 03:50:41 org.apache.coyote.http11.Http11BaseProtocol pause
資訊: Pausing Coyote HTTP/1.1 on http-8080
2009/5/27 下午 03:50:42 org.apache.catalina.core.StandardService stop
資訊: Stopping service Catalina
2009/5/27 下午 03:50:50 org.apache.coyote.http11.Http11BaseProtocol destroy
資訊: Stopping Coyote HTTP/1.1 on http-8080
2009/5/27 下午 03:50:51 org.apache.catalina.core.AprLifecycleListener lifecycleEvent
資訊: Failed shutdown of Apache Portable Runtime
2009/5/27 下午 03:52:39 org.apache.catalina.core.AprLifecycleListener lifecycleEvent
資訊: The Apache Tomcat Native library which allows optimal performance in production environments was not found on the java.library.path: C:\Program Files\Java\jdk1.5.0_06\bin;.;C:\WINDOWS\system32;C:\WINDOWS;C:\Program Files\Apache Software Foundation\tomcat 5.5\bin;C:\Program Files\Java\jdk1.5.0_06\bin;C:\oracle\product\10.2.0\client_1\bin;C:\WINDOWS\system32;C:\WINDOWS;C:\WINDOWS\System32\Wbem;C:\Program Files\TortoiseSVN\bin
2009/5/27 下午 03:52:39 org.apache.coyote.http11.Http11BaseProtocol init
資訊: Initializing Coyote HTTP/1.1 on http-8080
2009/5/27 下午 03:52:39 org.apache.catalina.startup.Catalina load
資訊: Initialization processed in 1235 ms
2009/5/27 下午 03:52:39 org.apache.catalina.core.StandardService start
資訊: Starting service Catalina
2009/5/27 下午 03:52:39 org.apache.catalina.core.StandardEngine start
資訊: Starting Servlet Engine: Apache Tomcat/5.5.27
2009/5/27 下午 03:52:39 org.apache.catalina.core.StandardHost start
資訊: XML validation disabled
2009/5/27 下午 03:52:40 org.apache.catalina.startup.HostConfig deployWAR
資訊: Deploying web application archive eFID.war
2009/5/27 下午 03:54:15 org.apache.coyote.http11.Http11BaseProtocol start
資訊: Starting Coyote HTTP/1.1 on http-8080
2009/5/27 下午 03:54:15 org.apache.jk.common.ChannelSocket init
資訊: JK: ajp13 listening on /0.0.0.0:8009
2009/5/27 下午 03:54:15 org.apache.jk.server.JkMain start
資訊: Jk running ID=0 time=0/219  config=null
2009/5/27 下午 03:54:15 org.apache.catalina.storeconfig.StoreLoader load
資訊: Find registry server-registry.xml at classpath resource
2009/5/27 下午 03:54:16 org.apache.catalina.startup.Catalina start
資訊: Server startup in 96547 ms
2009/5/27 下午 03:54:21 org.apache.coyote.http11.Http11BaseProtocol pause
資訊: Pausing Coyote HTTP/1.1 on http-8080
2009/5/27 下午 03:54:22 org.apache.catalina.core.StandardService stop
資訊: Stopping service Catalina
2009/5/27 下午 03:54:24 org.apache.coyote.http11.Http11BaseProtocol destroy
資訊: Stopping Coyote HTTP/1.1 on http-8080
2009/5/27 下午 03:54:24 org.apache.catalina.core.AprLifecycleListener lifecycleEvent
資訊: Failed shutdown of Apache Portable Runtime
2009/5/27 下午 03:54:43 org.apache.catalina.core.AprLifecycleListener lifecycleEvent
資訊: The Apache Tomcat Native library which allows optimal performance in production environments was not found on the java.library.path: C:\Program Files\Java\jdk1.5.0_06\bin;.;C:\WINDOWS\system32;C:\WINDOWS;C:\Program Files\Apache Software Foundation\tomcat 5.5\bin;C:\Program Files\Java\jdk1.5.0_06\bin;C:\oracle\product\10.2.0\client_1\bin;C:\WINDOWS\system32;C:\WINDOWS;C:\WINDOWS\System32\Wbem;C:\Program Files\TortoiseSVN\bin
2009/5/27 下午 03:54:43 org.apache.coyote.http11.Http11BaseProtocol init
資訊: Initializing Coyote HTTP/1.1 on http-8080
2009/5/27 下午 03:54:43 org.apache.catalina.startup.Catalina load
資訊: Initialization processed in 1000 ms
2009/5/27 下午 03:54:43 org.apache.catalina.core.StandardService start
資訊: Starting service Catalina
2009/5/27 下午 03:54:43 org.apache.catalina.core.StandardEngine start
資訊: Starting Servlet Engine: Apache Tomcat/5.5.27
2009/5/27 下午 03:54:43 org.apache.catalina.core.StandardHost start
資訊: XML validation disabled
2009/5/27 下午 03:55:14 org.apache.coyote.http11.Http11BaseProtocol start
資訊: Starting Coyote HTTP/1.1 on http-8080
2009/5/27 下午 03:55:14 org.apache.jk.common.ChannelSocket init
資訊: JK: ajp13 listening on /0.0.0.0:8009
2009/5/27 下午 03:55:14 org.apache.jk.server.JkMain start
資訊: Jk running ID=0 time=0/16  config=null
2009/5/27 下午 03:55:14 org.apache.catalina.storeconfig.StoreLoader load
資訊: Find registry server-registry.xml at classpath resource
2009/5/27 下午 03:55:14 org.apache.catalina.startup.Catalina start
資訊: Server startup in 31422 ms
2009/5/27 下午 04:42:45 org.apache.catalina.core.StandardService stop
資訊: Stopping service Catalina
2009/5/27 下午 04:42:50 org.apache.coyote.http11.Http11BaseProtocol destroy
資訊: Stopping Coyote HTTP/1.1 on http-8080
2009/5/27 下午 04:42:50 org.apache.catalina.core.AprLifecycleListener lifecycleEvent
資訊: Failed shutdown of Apache Portable Runtime
2009/5/27 下午 04:43:10 org.apache.catalina.core.AprLifecycleListener lifecycleEvent
資訊: The Apache Tomcat Native library which allows optimal performance in production environments was not found on the java.library.path: C:\Program Files\Java\jdk1.5.0_06\bin;.;C:\WINDOWS\system32;C:\WINDOWS;C:\Program Files\Apache Software Foundation\tomcat 5.5\bin;C:\Program Files\Java\jdk1.5.0_06\bin;C:\oracle\product\10.2.0\client_1\bin;C:\WINDOWS\system32;C:\WINDOWS;C:\WINDOWS\System32\Wbem;C:\Program Files\TortoiseSVN\bin
2009/5/27 下午 04:43:10 org.apache.coyote.http11.Http11BaseProtocol init
資訊: Initializing Coyote HTTP/1.1 on http-8080
2009/5/27 下午 04:43:10 org.apache.catalina.startup.Catalina load
資訊: Initialization processed in 1234 ms
2009/5/27 下午 04:43:10 org.apache.catalina.core.StandardService start
資訊: Starting service Catalina
2009/5/27 下午 04:43:11 org.apache.catalina.core.StandardEngine start
資訊: Starting Servlet Engine: Apache Tomcat/5.5.27
2009/5/27 下午 04:43:11 org.apache.catalina.core.StandardHost start
資訊: XML validation disabled
2009/5/27 下午 04:43:12 org.apache.catalina.startup.HostConfig deployWAR
資訊: Deploying web application archive eFID.war
2009/5/27 下午 04:44:56 org.apache.coyote.http11.Http11BaseProtocol start
資訊: Starting Coyote HTTP/1.1 on http-8080
2009/5/27 下午 04:44:57 org.apache.jk.common.ChannelSocket init
資訊: JK: ajp13 listening on /0.0.0.0:8009
2009/5/27 下午 04:44:57 org.apache.jk.server.JkMain start
資訊: Jk running ID=0 time=0/125  config=null
2009/5/27 下午 04:44:57 org.apache.catalina.storeconfig.StoreLoader load
資訊: Find registry server-registry.xml at classpath resource
2009/5/27 下午 04:44:57 org.apache.catalina.startup.Catalina start
資訊: Server startup in 106500 ms
2009/5/27 下午 05:16:14 org.apache.catalina.core.StandardService stop
資訊: Stopping service Catalina
2009/5/27 下午 05:16:24 org.apache.coyote.http11.Http11BaseProtocol destroy
資訊: Stopping Coyote HTTP/1.1 on http-8080
2009/5/27 下午 05:16:24 org.apache.catalina.core.AprLifecycleListener lifecycleEvent
資訊: Failed shutdown of Apache Portable Runtime
2009/5/27 下午 05:18:01 org.apache.catalina.core.AprLifecycleListener lifecycleEvent
資訊: The Apache Tomcat Native library which allows optimal performance in production environments was not found on the java.library.path: C:\Program Files\Java\jdk1.5.0_06\bin;.;C:\WINDOWS\system32;C:\WINDOWS;C:\Program Files\Apache Software Foundation\tomcat 5.5\bin;C:\Program Files\Java\jdk1.5.0_06\bin;C:\oracle\product\10.2.0\client_1\bin;C:\WINDOWS\system32;C:\WINDOWS;C:\WINDOWS\System32\Wbem;C:\Program Files\TortoiseSVN\bin
2009/5/27 下午 05:18:02 org.apache.coyote.http11.Http11BaseProtocol init
資訊: Initializing Coyote HTTP/1.1 on http-8080
2009/5/27 下午 05:18:02 org.apache.catalina.startup.Catalina load
資訊: Initialization processed in 1156 ms
2009/5/27 下午 05:18:02 org.apache.catalina.core.StandardService start
資訊: Starting service Catalina
2009/5/27 下午 05:18:02 org.apache.catalina.core.StandardEngine start
資訊: Starting Servlet Engine: Apache Tomcat/5.5.27
2009/5/27 下午 05:18:02 org.apache.catalina.core.StandardHost start
資訊: XML validation disabled
2009/5/27 下午 05:18:03 org.apache.catalina.startup.HostConfig deployWAR
資訊: Deploying web application archive eFID.war
2009/5/27 下午 05:19:49 org.apache.coyote.http11.Http11BaseProtocol start
資訊: Starting Coyote HTTP/1.1 on http-8080
2009/5/27 下午 05:19:50 org.apache.jk.common.ChannelSocket init
資訊: JK: ajp13 listening on /0.0.0.0:8009
2009/5/27 下午 05:19:50 org.apache.jk.server.JkMain start
資訊: Jk running ID=0 time=0/47  config=null
2009/5/27 下午 05:19:50 org.apache.catalina.storeconfig.StoreLoader load
資訊: Find registry server-registry.xml at classpath resource
2009/5/27 下午 05:19:50 org.apache.catalina.startup.Catalina start
資訊: Server startup in 108312 ms
2009/5/27 下午 05:30:40 org.apache.catalina.core.StandardService stop
資訊: Stopping service Catalina
2009/5/27 下午 05:30:45 org.apache.coyote.http11.Http11BaseProtocol destroy
資訊: Stopping Coyote HTTP/1.1 on http-8080
2009/5/27 下午 05:30:45 org.apache.catalina.core.AprLifecycleListener lifecycleEvent
資訊: Failed shutdown of Apache Portable Runtime
2009/5/27 下午 05:31:05 org.apache.catalina.core.AprLifecycleListener lifecycleEvent
資訊: The Apache Tomcat Native library which allows optimal performance in production environments was not found on the java.library.path: C:\Program Files\Java\jdk1.5.0_06\bin;.;C:\WINDOWS\system32;C:\WINDOWS;C:\Program Files\Apache Software Foundation\tomcat 5.5\bin;C:\Program Files\Java\jdk1.5.0_06\bin;C:\oracle\product\10.2.0\client_1\bin;C:\WINDOWS\system32;C:\WINDOWS;C:\WINDOWS\System32\Wbem;C:\Program Files\TortoiseSVN\bin
2009/5/27 下午 05:31:06 org.apache.coyote.http11.Http11BaseProtocol init
資訊: Initializing Coyote HTTP/1.1 on http-8080
2009/5/27 下午 05:31:06 org.apache.catalina.startup.Catalina load
資訊: Initialization processed in 1781 ms
2009/5/27 下午 05:31:06 org.apache.catalina.core.StandardService start
資訊: Starting service Catalina
2009/5/27 下午 05:31:06 org.apache.catalina.core.StandardEngine start
資訊: Starting Servlet Engine: Apache Tomcat/5.5.27
2009/5/27 下午 05:31:06 org.apache.catalina.core.StandardHost start
資訊: XML validation disabled
2009/5/27 下午 05:32:07 org.apache.coyote.http11.Http11BaseProtocol start
資訊: Starting Coyote HTTP/1.1 on http-8080
2009/5/27 下午 05:32:07 org.apache.jk.common.ChannelSocket init
資訊: JK: ajp13 listening on /0.0.0.0:8009
2009/5/27 下午 05:32:07 org.apache.jk.server.JkMain start
資訊: Jk running ID=0 time=0/63  config=null
2009/5/27 下午 05:32:08 org.apache.catalina.storeconfig.StoreLoader load
資訊: Find registry server-registry.xml at classpath resource
2009/5/27 下午 05:32:08 org.apache.catalina.startup.Catalina start
資訊: Server startup in 61953 ms
2009/5/27 下午 05:32:52 org.apache.coyote.http11.Http11BaseProtocol pause
資訊: Pausing Coyote HTTP/1.1 on http-8080
2009/5/27 下午 05:32:53 org.apache.catalina.core.StandardService stop
資訊: Stopping service Catalina
2009/5/27 下午 05:32:53 org.apache.catalina.session.StandardManager doUnload
嚴重的: IOException while saving persisted sessions: java.io.FileNotFoundException: C:\Program Files\Apache Software Foundation\tomcat 5.5\work\Catalina\localhost\webdav\SESSIONS.ser (系統找不到指定的路徑。)
java.io.FileNotFoundException: C:\Program Files\Apache Software Foundation\tomcat 5.5\work\Catalina\localhost\webdav\SESSIONS.ser (系統找不到指定的路徑。)
	at java.io.FileOutputStream.open(Native Method)
	at java.io.FileOutputStream.<init>(FileOutputStream.java:179)
	at java.io.FileOutputStream.<init>(FileOutputStream.java:70)
	at org.apache.catalina.session.StandardManager.doUnload(StandardManager.java:489)
	at org.apache.catalina.session.StandardManager.unload(StandardManager.java:463)
	at org.apache.catalina.session.StandardManager.stop(StandardManager.java:667)
	at org.apache.catalina.core.StandardContext.stop(StandardContext.java:4360)
	at org.apache.catalina.core.ContainerBase.removeChild(ContainerBase.java:893)
	at org.apache.catalina.startup.HostConfig.undeployApps(HostConfig.java:1192)
	at org.apache.catalina.startup.HostConfig.stop(HostConfig.java:1163)
	at org.apache.catalina.startup.HostConfig.lifecycleEvent(HostConfig.java:313)
	at org.apache.catalina.util.LifecycleSupport.fireLifecycleEvent(LifecycleSupport.java:120)
	at org.apache.catalina.core.ContainerBase.stop(ContainerBase.java:1055)
	at org.apache.catalina.core.ContainerBase.stop(ContainerBase.java:1067)
	at org.apache.catalina.core.StandardEngine.stop(StandardEngine.java:448)
	at org.apache.catalina.core.StandardService.stop(StandardService.java:510)
	at org.apache.catalina.core.StandardServer.stop(StandardServer.java:734)
	at org.apache.catalina.startup.Catalina.stop(Catalina.java:602)
	at org.apache.catalina.startup.Catalina$CatalinaShutdownHook.run(Catalina.java:645)
2009/5/27 下午 05:32:54 org.apache.catalina.session.StandardManager stop
嚴重的: Exception unloading sessions to persistent storage
java.io.FileNotFoundException: C:\Program Files\Apache Software Foundation\tomcat 5.5\work\Catalina\localhost\webdav\SESSIONS.ser (系統找不到指定的路徑。)
	at java.io.FileOutputStream.open(Native Method)
	at java.io.FileOutputStream.<init>(FileOutputStream.java:179)
	at java.io.FileOutputStream.<init>(FileOutputStream.java:70)
	at org.apache.catalina.session.StandardManager.doUnload(StandardManager.java:489)
	at org.apache.catalina.session.StandardManager.unload(StandardManager.java:463)
	at org.apache.catalina.session.StandardManager.stop(StandardManager.java:667)
	at org.apache.catalina.core.StandardContext.stop(StandardContext.java:4360)
	at org.apache.catalina.core.ContainerBase.removeChild(ContainerBase.java:893)
	at org.apache.catalina.startup.HostConfig.undeployApps(HostConfig.java:1192)
	at org.apache.catalina.startup.HostConfig.stop(HostConfig.java:1163)
	at org.apache.catalina.startup.HostConfig.lifecycleEvent(HostConfig.java:313)
	at org.apache.catalina.util.LifecycleSupport.fireLifecycleEvent(LifecycleSupport.java:120)
	at org.apache.catalina.core.ContainerBase.stop(ContainerBase.java:1055)
	at org.apache.catalina.core.ContainerBase.stop(ContainerBase.java:1067)
	at org.apache.catalina.core.StandardEngine.stop(StandardEngine.java:448)
	at org.apache.catalina.core.StandardService.stop(StandardService.java:510)
	at org.apache.catalina.core.StandardServer.stop(StandardServer.java:734)
	at org.apache.catalina.startup.Catalina.stop(Catalina.java:602)
	at org.apache.catalina.startup.Catalina$CatalinaShutdownHook.run(Catalina.java:645)
2009/5/27 下午 05:32:54 org.apache.catalina.session.StandardManager doUnload
嚴重的: IOException while saving persisted sessions: java.io.FileNotFoundException: C:\Program Files\Apache Software Foundation\tomcat 5.5\work\Catalina\localhost\servlets-examples\SESSIONS.ser (系統找不到指定的路徑。)
java.io.FileNotFoundException: C:\Program Files\Apache Software Foundation\tomcat 5.5\work\Catalina\localhost\servlets-examples\SESSIONS.ser (系統找不到指定的路徑。)
	at java.io.FileOutputStream.open(Native Method)
	at java.io.FileOutputStream.<init>(FileOutputStream.java:179)
	at java.io.FileOutputStream.<init>(FileOutputStream.java:70)
	at org.apache.catalina.session.StandardManager.doUnload(StandardManager.java:489)
	at org.apache.catalina.session.StandardManager.unload(StandardManager.java:463)
	at org.apache.catalina.session.StandardManager.stop(StandardManager.java:667)
	at org.apache.catalina.core.StandardContext.stop(StandardContext.java:4360)
	at org.apache.catalina.core.ContainerBase.removeChild(ContainerBase.java:893)
	at org.apache.catalina.startup.HostConfig.undeployApps(HostConfig.java:1192)
	at org.apache.catalina.startup.HostConfig.stop(HostConfig.java:1163)
	at org.apache.catalina.startup.HostConfig.lifecycleEvent(HostConfig.java:313)
	at org.apache.catalina.util.LifecycleSupport.fireLifecycleEvent(LifecycleSupport.java:120)
	at org.apache.catalina.core.ContainerBase.stop(ContainerBase.java:1055)
	at org.apache.catalina.core.ContainerBase.stop(ContainerBase.java:1067)
	at org.apache.catalina.core.StandardEngine.stop(StandardEngine.java:448)
	at org.apache.catalina.core.StandardService.stop(StandardService.java:510)
	at org.apache.catalina.core.StandardServer.stop(StandardServer.java:734)
	at org.apache.catalina.startup.Catalina.stop(Catalina.java:602)
	at org.apache.catalina.startup.Catalina$CatalinaShutdownHook.run(Catalina.java:645)
2009/5/27 下午 05:32:54 org.apache.catalina.session.StandardManager stop
嚴重的: Exception unloading sessions to persistent storage
java.io.FileNotFoundException: C:\Program Files\Apache Software Foundation\tomcat 5.5\work\Catalina\localhost\servlets-examples\SESSIONS.ser (系統找不到指定的路徑。)
	at java.io.FileOutputStream.open(Native Method)
	at java.io.FileOutputStream.<init>(FileOutputStream.java:179)
	at java.io.FileOutputStream.<init>(FileOutputStream.java:70)
	at org.apache.catalina.session.StandardManager.doUnload(StandardManager.java:489)
	at org.apache.catalina.session.StandardManager.unload(StandardManager.java:463)
	at org.apache.catalina.session.StandardManager.stop(StandardManager.java:667)
	at org.apache.catalina.core.StandardContext.stop(StandardContext.java:4360)
	at org.apache.catalina.core.ContainerBase.removeChild(ContainerBase.java:893)
	at org.apache.catalina.startup.HostConfig.undeployApps(HostConfig.java:1192)
	at org.apache.catalina.startup.HostConfig.stop(HostConfig.java:1163)
	at org.apache.catalina.startup.HostConfig.lifecycleEvent(HostConfig.java:313)
	at org.apache.catalina.util.LifecycleSupport.fireLifecycleEvent(LifecycleSupport.java:120)
	at org.apache.catalina.core.ContainerBase.stop(ContainerBase.java:1055)
	at org.apache.catalina.core.ContainerBase.stop(ContainerBase.java:1067)
	at org.apache.catalina.core.StandardEngine.stop(StandardEngine.java:448)
	at org.apache.catalina.core.StandardService.stop(StandardService.java:510)
	at org.apache.catalina.core.StandardServer.stop(StandardServer.java:734)
	at org.apache.catalina.startup.Catalina.stop(Catalina.java:602)
	at org.apache.catalina.startup.Catalina$CatalinaShutdownHook.run(Catalina.java:645)
2009/5/27 下午 05:32:54 org.apache.catalina.session.StandardManager doUnload
嚴重的: IOException while saving persisted sessions: java.io.FileNotFoundException: C:\Program Files\Apache Software Foundation\tomcat 5.5\work\Catalina\localhost\jsp-examples\SESSIONS.ser (系統找不到指定的路徑。)
java.io.FileNotFoundException: C:\Program Files\Apache Software Foundation\tomcat 5.5\work\Catalina\localhost\jsp-examples\SESSIONS.ser (系統找不到指定的路徑。)
	at java.io.FileOutputStream.open(Native Method)
	at java.io.FileOutputStream.<init>(FileOutputStream.java:179)
	at java.io.FileOutputStream.<init>(FileOutputStream.java:70)
	at org.apache.catalina.session.StandardManager.doUnload(StandardManager.java:489)
	at org.apache.catalina.session.StandardManager.unload(StandardManager.java:463)
	at org.apache.catalina.session.StandardManager.stop(StandardManager.java:667)
	at org.apache.catalina.core.StandardContext.stop(StandardContext.java:4360)
	at org.apache.catalina.core.ContainerBase.removeChild(ContainerBase.java:893)
	at org.apache.catalina.startup.HostConfig.undeployApps(HostConfig.java:1192)
	at org.apache.catalina.startup.HostConfig.stop(HostConfig.java:1163)
	at org.apache.catalina.startup.HostConfig.lifecycleEvent(HostConfig.java:313)
	at org.apache.catalina.util.LifecycleSupport.fireLifecycleEvent(LifecycleSupport.java:120)
	at org.apache.catalina.core.ContainerBase.stop(ContainerBase.java:1055)
	at org.apache.catalina.core.ContainerBase.stop(ContainerBase.java:1067)
	at org.apache.catalina.core.StandardEngine.stop(StandardEngine.java:448)
	at org.apache.catalina.core.StandardService.stop(StandardService.java:510)
	at org.apache.catalina.core.StandardServer.stop(StandardServer.java:734)
	at org.apache.catalina.startup.Catalina.stop(Catalina.java:602)
	at org.apache.catalina.startup.Catalina$CatalinaShutdownHook.run(Catalina.java:645)
2009/5/27 下午 05:32:54 org.apache.catalina.session.StandardManager stop
嚴重的: Exception unloading sessions to persistent storage
java.io.FileNotFoundException: C:\Program Files\Apache Software Foundation\tomcat 5.5\work\Catalina\localhost\jsp-examples\SESSIONS.ser (系統找不到指定的路徑。)
	at java.io.FileOutputStream.open(Native Method)
	at java.io.FileOutputStream.<init>(FileOutputStream.java:179)
	at java.io.FileOutputStream.<init>(FileOutputStream.java:70)
	at org.apache.catalina.session.StandardManager.doUnload(StandardManager.java:489)
	at org.apache.catalina.session.StandardManager.unload(StandardManager.java:463)
	at org.apache.catalina.session.StandardManager.stop(StandardManager.java:667)
	at org.apache.catalina.core.StandardContext.stop(StandardContext.java:4360)
	at org.apache.catalina.core.ContainerBase.removeChild(ContainerBase.java:893)
	at org.apache.catalina.startup.HostConfig.undeployApps(HostConfig.java:1192)
	at org.apache.catalina.startup.HostConfig.stop(HostConfig.java:1163)
	at org.apache.catalina.startup.HostConfig.lifecycleEvent(HostConfig.java:313)
	at org.apache.catalina.util.LifecycleSupport.fireLifecycleEvent(LifecycleSupport.java:120)
	at org.apache.catalina.core.ContainerBase.stop(ContainerBase.java:1055)
	at org.apache.catalina.core.ContainerBase.stop(ContainerBase.java:1067)
	at org.apache.catalina.core.StandardEngine.stop(StandardEngine.java:448)
	at org.apache.catalina.core.StandardService.stop(StandardService.java:510)
	at org.apache.catalina.core.StandardServer.stop(StandardServer.java:734)
	at org.apache.catalina.startup.Catalina.stop(Catalina.java:602)
	at org.apache.catalina.startup.Catalina$CatalinaShutdownHook.run(Catalina.java:645)
2009/5/27 下午 05:32:54 org.apache.catalina.session.StandardManager doUnload
嚴重的: IOException while saving persisted sessions: java.io.FileNotFoundException: C:\Program Files\Apache Software Foundation\tomcat 5.5\work\Catalina\localhost\balancer\SESSIONS.ser (系統找不到指定的路徑。)
java.io.FileNotFoundException: C:\Program Files\Apache Software Foundation\tomcat 5.5\work\Catalina\localhost\balancer\SESSIONS.ser (系統找不到指定的路徑。)
	at java.io.FileOutputStream.open(Native Method)
	at java.io.FileOutputStream.<init>(FileOutputStream.java:179)
	at java.io.FileOutputStream.<init>(FileOutputStream.java:70)
	at org.apache.catalina.session.StandardManager.doUnload(StandardManager.java:489)
	at org.apache.catalina.session.StandardManager.unload(StandardManager.java:463)
	at org.apache.catalina.session.StandardManager.stop(StandardManager.java:667)
	at org.apache.catalina.core.StandardContext.stop(StandardContext.java:4360)
	at org.apache.catalina.core.ContainerBase.removeChild(ContainerBase.java:893)
	at org.apache.catalina.startup.HostConfig.undeployApps(HostConfig.java:1192)
	at org.apache.catalina.startup.HostConfig.stop(HostConfig.java:1163)
	at org.apache.catalina.startup.HostConfig.lifecycleEvent(HostConfig.java:313)
	at org.apache.catalina.util.LifecycleSupport.fireLifecycleEvent(LifecycleSupport.java:120)
	at org.apache.catalina.core.ContainerBase.stop(ContainerBase.java:1055)
	at org.apache.catalina.core.ContainerBase.stop(ContainerBase.java:1067)
	at org.apache.catalina.core.StandardEngine.stop(StandardEngine.java:448)
	at org.apache.catalina.core.StandardService.stop(StandardService.java:510)
	at org.apache.catalina.core.StandardServer.stop(StandardServer.java:734)
	at org.apache.catalina.startup.Catalina.stop(Catalina.java:602)
	at org.apache.catalina.startup.Catalina$CatalinaShutdownHook.run(Catalina.java:645)
2009/5/27 下午 05:32:54 org.apache.catalina.session.StandardManager stop
嚴重的: Exception unloading sessions to persistent storage
java.io.FileNotFoundException: C:\Program Files\Apache Software Foundation\tomcat 5.5\work\Catalina\localhost\balancer\SESSIONS.ser (系統找不到指定的路徑。)
	at java.io.FileOutputStream.open(Native Method)
	at java.io.FileOutputStream.<init>(FileOutputStream.java:179)
	at java.io.FileOutputStream.<init>(FileOutputStream.java:70)
	at org.apache.catalina.session.StandardManager.doUnload(StandardManager.java:489)
	at org.apache.catalina.session.StandardManager.unload(StandardManager.java:463)
	at org.apache.catalina.session.StandardManager.stop(StandardManager.java:667)
	at org.apache.catalina.core.StandardContext.stop(StandardContext.java:4360)
	at org.apache.catalina.core.ContainerBase.removeChild(ContainerBase.java:893)
	at org.apache.catalina.startup.HostConfig.undeployApps(HostConfig.java:1192)
	at org.apache.catalina.startup.HostConfig.stop(HostConfig.java:1163)
	at org.apache.catalina.startup.HostConfig.lifecycleEvent(HostConfig.java:313)
	at org.apache.catalina.util.LifecycleSupport.fireLifecycleEvent(LifecycleSupport.java:120)
	at org.apache.catalina.core.ContainerBase.stop(ContainerBase.java:1055)
	at org.apache.catalina.core.ContainerBase.stop(ContainerBase.java:1067)
	at org.apache.catalina.core.StandardEngine.stop(StandardEngine.java:448)
	at org.apache.catalina.core.StandardService.stop(StandardService.java:510)
	at org.apache.catalina.core.StandardServer.stop(StandardServer.java:734)
	at org.apache.catalina.startup.Catalina.stop(Catalina.java:602)
	at org.apache.catalina.startup.Catalina$CatalinaShutdownHook.run(Catalina.java:645)
2009/5/27 下午 05:32:54 org.apache.catalina.session.StandardManager doUnload
嚴重的: IOException while saving persisted sessions: java.io.FileNotFoundException: C:\Program Files\Apache Software Foundation\tomcat 5.5\work\Catalina\localhost\host-manager\SESSIONS.ser (系統找不到指定的路徑。)
java.io.FileNotFoundException: C:\Program Files\Apache Software Foundation\tomcat 5.5\work\Catalina\localhost\host-manager\SESSIONS.ser (系統找不到指定的路徑。)
	at java.io.FileOutputStream.open(Native Method)
	at java.io.FileOutputStream.<init>(FileOutputStream.java:179)
	at java.io.FileOutputStream.<init>(FileOutputStream.java:70)
	at org.apache.catalina.session.StandardManager.doUnload(StandardManager.java:489)
	at org.apache.catalina.session.StandardManager.unload(StandardManager.java:463)
	at org.apache.catalina.session.StandardManager.stop(StandardManager.java:667)
	at org.apache.catalina.core.StandardContext.stop(StandardContext.java:4360)
	at org.apache.catalina.core.ContainerBase.removeChild(ContainerBase.java:893)
	at org.apache.catalina.startup.HostConfig.undeployApps(HostConfig.java:1192)
	at org.apache.catalina.startup.HostConfig.stop(HostConfig.java:1163)
	at org.apache.catalina.startup.HostConfig.lifecycleEvent(HostConfig.java:313)
	at org.apache.catalina.util.LifecycleSupport.fireLifecycleEvent(LifecycleSupport.java:120)
	at org.apache.catalina.core.ContainerBase.stop(ContainerBase.java:1055)
	at org.apache.catalina.core.ContainerBase.stop(ContainerBase.java:1067)
	at org.apache.catalina.core.StandardEngine.stop(StandardEngine.java:448)
	at org.apache.catalina.core.StandardService.stop(StandardService.java:510)
	at org.apache.catalina.core.StandardServer.stop(StandardServer.java:734)
	at org.apache.catalina.startup.Catalina.stop(Catalina.java:602)
	at org.apache.catalina.startup.Catalina$CatalinaShutdownHook.run(Catalina.java:645)
2009/5/27 下午 05:32:54 org.apache.catalina.session.StandardManager stop
嚴重的: Exception unloading sessions to persistent storage
java.io.FileNotFoundException: C:\Program Files\Apache Software Foundation\tomcat 5.5\work\Catalina\localhost\host-manager\SESSIONS.ser (系統找不到指定的路徑。)
	at java.io.FileOutputStream.open(Native Method)
	at java.io.FileOutputStream.<init>(FileOutputStream.java:179)
	at java.io.FileOutputStream.<init>(FileOutputStream.java:70)
	at org.apache.catalina.session.StandardManager.doUnload(StandardManager.java:489)
	at org.apache.catalina.session.StandardManager.unload(StandardManager.java:463)
	at org.apache.catalina.session.StandardManager.stop(StandardManager.java:667)
	at org.apache.catalina.core.StandardContext.stop(StandardContext.java:4360)
	at org.apache.catalina.core.ContainerBase.removeChild(ContainerBase.java:893)
	at org.apache.catalina.startup.HostConfig.undeployApps(HostConfig.java:1192)
	at org.apache.catalina.startup.HostConfig.stop(HostConfig.java:1163)
	at org.apache.catalina.startup.HostConfig.lifecycleEvent(HostConfig.java:313)
	at org.apache.catalina.util.LifecycleSupport.fireLifecycleEvent(LifecycleSupport.java:120)
	at org.apache.catalina.core.ContainerBase.stop(ContainerBase.java:1055)
	at org.apache.catalina.core.ContainerBase.stop(ContainerBase.java:1067)
	at org.apache.catalina.core.StandardEngine.stop(StandardEngine.java:448)
	at org.apache.catalina.core.StandardService.stop(StandardService.java:510)
	at org.apache.catalina.core.StandardServer.stop(StandardServer.java:734)
	at org.apache.catalina.startup.Catalina.stop(Catalina.java:602)
	at org.apache.catalina.startup.Catalina$CatalinaShutdownHook.run(Catalina.java:645)
2009/5/27 下午 05:32:54 org.apache.catalina.session.StandardManager doUnload
嚴重的: IOException while saving persisted sessions: java.io.FileNotFoundException: C:\Program Files\Apache Software Foundation\tomcat 5.5\work\Catalina\localhost\tomcat-docs\SESSIONS.ser (系統找不到指定的路徑。)
java.io.FileNotFoundException: C:\Program Files\Apache Software Foundation\tomcat 5.5\work\Catalina\localhost\tomcat-docs\SESSIONS.ser (系統找不到指定的路徑。)
	at java.io.FileOutputStream.open(Native Method)
	at java.io.FileOutputStream.<init>(FileOutputStream.java:179)
	at java.io.FileOutputStream.<init>(FileOutputStream.java:70)
	at org.apache.catalina.session.StandardManager.doUnload(StandardManager.java:489)
	at org.apache.catalina.session.StandardManager.unload(StandardManager.java:463)
	at org.apache.catalina.session.StandardManager.stop(StandardManager.java:667)
	at org.apache.catalina.core.StandardContext.stop(StandardContext.java:4360)
	at org.apache.catalina.core.ContainerBase.removeChild(ContainerBase.java:893)
	at org.apache.catalina.startup.HostConfig.undeployApps(HostConfig.java:1192)
	at org.apache.catalina.startup.HostConfig.stop(HostConfig.java:1163)
	at org.apache.catalina.startup.HostConfig.lifecycleEvent(HostConfig.java:313)
	at org.apache.catalina.util.LifecycleSupport.fireLifecycleEvent(LifecycleSupport.java:120)
	at org.apache.catalina.core.ContainerBase.stop(ContainerBase.java:1055)
	at org.apache.catalina.core.ContainerBase.stop(ContainerBase.java:1067)
	at org.apache.catalina.core.StandardEngine.stop(StandardEngine.java:448)
	at org.apache.catalina.core.StandardService.stop(StandardService.java:510)
	at org.apache.catalina.core.StandardServer.stop(StandardServer.java:734)
	at org.apache.catalina.startup.Catalina.stop(Catalina.java:602)
	at org.apache.catalina.startup.Catalina$CatalinaShutdownHook.run(Catalina.java:645)
2009/5/27 下午 05:32:54 org.apache.catalina.session.StandardManager stop
嚴重的: Exception unloading sessions to persistent storage
java.io.FileNotFoundException: C:\Program Files\Apache Software Foundation\tomcat 5.5\work\Catalina\localhost\tomcat-docs\SESSIONS.ser (系統找不到指定的路徑。)
	at java.io.FileOutputStream.open(Native Method)
	at java.io.FileOutputStream.<init>(FileOutputStream.java:179)
	at java.io.FileOutputStream.<init>(FileOutputStream.java:70)
	at org.apache.catalina.session.StandardManager.doUnload(StandardManager.java:489)
	at org.apache.catalina.session.StandardManager.unload(StandardManager.java:463)
	at org.apache.catalina.session.StandardManager.stop(StandardManager.java:667)
	at org.apache.catalina.core.StandardContext.stop(StandardContext.java:4360)
	at org.apache.catalina.core.ContainerBase.removeChild(ContainerBase.java:893)
	at org.apache.catalina.startup.HostConfig.undeployApps(HostConfig.java:1192)
	at org.apache.catalina.startup.HostConfig.stop(HostConfig.java:1163)
	at org.apache.catalina.startup.HostConfig.lifecycleEvent(HostConfig.java:313)
	at org.apache.catalina.util.LifecycleSupport.fireLifecycleEvent(LifecycleSupport.java:120)
	at org.apache.catalina.core.ContainerBase.stop(ContainerBase.java:1055)
	at org.apache.catalina.core.ContainerBase.stop(ContainerBase.java:1067)
	at org.apache.catalina.core.StandardEngine.stop(StandardEngine.java:448)
	at org.apache.catalina.core.StandardService.stop(StandardService.java:510)
	at org.apache.catalina.core.StandardServer.stop(StandardServer.java:734)
	at org.apache.catalina.startup.Catalina.stop(Catalina.java:602)
	at org.apache.catalina.startup.Catalina$CatalinaShutdownHook.run(Catalina.java:645)
2009/5/27 下午 05:32:55 org.apache.catalina.session.StandardManager doUnload
嚴重的: IOException while saving persisted sessions: java.io.FileNotFoundException: C:\Program Files\Apache Software Foundation\tomcat 5.5\work\Catalina\localhost\_\SESSIONS.ser (系統找不到指定的路徑。)
java.io.FileNotFoundException: C:\Program Files\Apache Software Foundation\tomcat 5.5\work\Catalina\localhost\_\SESSIONS.ser (系統找不到指定的路徑。)
	at java.io.FileOutputStream.open(Native Method)
	at java.io.FileOutputStream.<init>(FileOutputStream.java:179)
	at java.io.FileOutputStream.<init>(FileOutputStream.java:70)
	at org.apache.catalina.session.StandardManager.doUnload(StandardManager.java:489)
	at org.apache.catalina.session.StandardManager.unload(StandardManager.java:463)
	at org.apache.catalina.session.StandardManager.stop(StandardManager.java:667)
	at org.apache.catalina.core.StandardContext.stop(StandardContext.java:4360)
	at org.apache.catalina.core.ContainerBase.removeChild(ContainerBase.java:893)
	at org.apache.catalina.startup.HostConfig.undeployApps(HostConfig.java:1192)
	at org.apache.catalina.startup.HostConfig.stop(HostConfig.java:1163)
	at org.apache.catalina.startup.HostConfig.lifecycleEvent(HostConfig.java:313)
	at org.apache.catalina.util.LifecycleSupport.fireLifecycleEvent(LifecycleSupport.java:120)
	at org.apache.catalina.core.ContainerBase.stop(ContainerBase.java:1055)
	at org.apache.catalina.core.ContainerBase.stop(ContainerBase.java:1067)
	at org.apache.catalina.core.StandardEngine.stop(StandardEngine.java:448)
	at org.apache.catalina.core.StandardService.stop(StandardService.java:510)
	at org.apache.catalina.core.StandardServer.stop(StandardServer.java:734)
	at org.apache.catalina.startup.Catalina.stop(Catalina.java:602)
	at org.apache.catalina.startup.Catalina$CatalinaShutdownHook.run(Catalina.java:645)
2009/5/27 下午 05:32:55 org.apache.catalina.session.StandardManager stop
嚴重的: Exception unloading sessions to persistent storage
java.io.FileNotFoundException: C:\Program Files\Apache Software Foundation\tomcat 5.5\work\Catalina\localhost\_\SESSIONS.ser (系統找不到指定的路徑。)
	at java.io.FileOutputStream.open(Native Method)
	at java.io.FileOutputStream.<init>(FileOutputStream.java:179)
	at java.io.FileOutputStream.<init>(FileOutputStream.java:70)
	at org.apache.catalina.session.StandardManager.doUnload(StandardManager.java:489)
	at org.apache.catalina.session.StandardManager.unload(StandardManager.java:463)
	at org.apache.catalina.session.StandardManager.stop(StandardManager.java:667)
	at org.apache.catalina.core.StandardContext.stop(StandardContext.java:4360)
	at org.apache.catalina.core.ContainerBase.removeChild(ContainerBase.java:893)
	at org.apache.catalina.startup.HostConfig.undeployApps(HostConfig.java:1192)
	at org.apache.catalina.startup.HostConfig.stop(HostConfig.java:1163)
	at org.apache.catalina.startup.HostConfig.lifecycleEvent(HostConfig.java:313)
	at org.apache.catalina.util.LifecycleSupport.fireLifecycleEvent(LifecycleSupport.java:120)
	at org.apache.catalina.core.ContainerBase.stop(ContainerBase.java:1055)
	at org.apache.catalina.core.ContainerBase.stop(ContainerBase.java:1067)
	at org.apache.catalina.core.StandardEngine.stop(StandardEngine.java:448)
	at org.apache.catalina.core.StandardService.stop(StandardService.java:510)
	at org.apache.catalina.core.StandardServer.stop(StandardServer.java:734)
	at org.apache.catalina.startup.Catalina.stop(Catalina.java:602)
	at org.apache.catalina.startup.Catalina$CatalinaShutdownHook.run(Catalina.java:645)
2009/5/27 下午 05:32:55 org.apache.catalina.session.StandardManager doUnload
嚴重的: IOException while saving persisted sessions: java.io.FileNotFoundException: C:\Program Files\Apache Software Foundation\tomcat 5.5\work\Catalina\localhost\manager\SESSIONS.ser (系統找不到指定的路徑。)
java.io.FileNotFoundException: C:\Program Files\Apache Software Foundation\tomcat 5.5\work\Catalina\localhost\manager\SESSIONS.ser (系統找不到指定的路徑。)
	at java.io.FileOutputStream.open(Native Method)
	at java.io.FileOutputStream.<init>(FileOutputStream.java:179)
	at java.io.FileOutputStream.<init>(FileOutputStream.java:70)
	at org.apache.catalina.session.StandardManager.doUnload(StandardManager.java:489)
	at org.apache.catalina.session.StandardManager.unload(StandardManager.java:463)
	at org.apache.catalina.session.StandardManager.stop(StandardManager.java:667)
	at org.apache.catalina.core.StandardContext.stop(StandardContext.java:4360)
	at org.apache.catalina.core.ContainerBase.removeChild(ContainerBase.java:893)
	at org.apache.catalina.startup.HostConfig.undeployApps(HostConfig.java:1192)
	at org.apache.catalina.startup.HostConfig.stop(HostConfig.java:1163)
	at org.apache.catalina.startup.HostConfig.lifecycleEvent(HostConfig.java:313)
	at org.apache.catalina.util.LifecycleSupport.fireLifecycleEvent(LifecycleSupport.java:120)
	at org.apache.catalina.core.ContainerBase.stop(ContainerBase.java:1055)
	at org.apache.catalina.core.ContainerBase.stop(ContainerBase.java:1067)
	at org.apache.catalina.core.StandardEngine.stop(StandardEngine.java:448)
	at org.apache.catalina.core.StandardService.stop(StandardService.java:510)
	at org.apache.catalina.core.StandardServer.stop(StandardServer.java:734)
	at org.apache.catalina.startup.Catalina.stop(Catalina.java:602)
	at org.apache.catalina.startup.Catalina$CatalinaShutdownHook.run(Catalina.java:645)
2009/5/27 下午 05:32:55 org.apache.catalina.session.StandardManager stop
嚴重的: Exception unloading sessions to persistent storage
java.io.FileNotFoundException: C:\Program Files\Apache Software Foundation\tomcat 5.5\work\Catalina\localhost\manager\SESSIONS.ser (系統找不到指定的路徑。)
	at java.io.FileOutputStream.open(Native Method)
	at java.io.FileOutputStream.<init>(FileOutputStream.java:179)
	at java.io.FileOutputStream.<init>(FileOutputStream.java:70)
	at org.apache.catalina.session.StandardManager.doUnload(StandardManager.java:489)
	at org.apache.catalina.session.StandardManager.unload(StandardManager.java:463)
	at org.apache.catalina.session.StandardManager.stop(StandardManager.java:667)
	at org.apache.catalina.core.StandardContext.stop(StandardContext.java:4360)
	at org.apache.catalina.core.ContainerBase.removeChild(ContainerBase.java:893)
	at org.apache.catalina.startup.HostConfig.undeployApps(HostConfig.java:1192)
	at org.apache.catalina.startup.HostConfig.stop(HostConfig.java:1163)
	at org.apache.catalina.startup.HostConfig.lifecycleEvent(HostConfig.java:313)
	at org.apache.catalina.util.LifecycleSupport.fireLifecycleEvent(LifecycleSupport.java:120)
	at org.apache.catalina.core.ContainerBase.stop(ContainerBase.java:1055)
	at org.apache.catalina.core.ContainerBase.stop(ContainerBase.java:1067)
	at org.apache.catalina.core.StandardEngine.stop(StandardEngine.java:448)
	at org.apache.catalina.core.StandardService.stop(StandardService.java:510)
	at org.apache.catalina.core.StandardServer.stop(StandardServer.java:734)
	at org.apache.catalina.startup.Catalina.stop(Catalina.java:602)
	at org.apache.catalina.startup.Catalina$CatalinaShutdownHook.run(Catalina.java:645)
2009/5/27 下午 05:32:55 org.apache.coyote.http11.Http11BaseProtocol destroy
資訊: Stopping Coyote HTTP/1.1 on http-8080
2009/5/27 下午 05:32:55 org.apache.catalina.core.AprLifecycleListener lifecycleEvent
資訊: Failed shutdown of Apache Portable Runtime
2009/5/27 下午 05:33:03 org.apache.catalina.core.AprLifecycleListener lifecycleEvent
資訊: The Apache Tomcat Native library which allows optimal performance in production environments was not found on the java.library.path: C:\Program Files\Java\jdk1.5.0_06\bin;.;C:\WINDOWS\system32;C:\WINDOWS;C:\Program Files\Apache Software Foundation\tomcat 5.5\bin;C:\Program Files\Java\jdk1.5.0_06\bin;C:\oracle\product\10.2.0\client_1\bin;C:\WINDOWS\system32;C:\WINDOWS;C:\WINDOWS\System32\Wbem;C:\Program Files\TortoiseSVN\bin
2009/5/27 下午 05:33:03 org.apache.coyote.http11.Http11BaseProtocol init
資訊: Initializing Coyote HTTP/1.1 on http-8080
2009/5/27 下午 05:33:03 org.apache.catalina.startup.Catalina load
資訊: Initialization processed in 1156 ms
2009/5/27 下午 05:33:03 org.apache.catalina.core.StandardService start
資訊: Starting service Catalina
2009/5/27 下午 05:33:03 org.apache.catalina.core.StandardEngine start
資訊: Starting Servlet Engine: Apache Tomcat/5.5.27
2009/5/27 下午 05:33:03 org.apache.catalina.core.StandardHost start
資訊: XML validation disabled
2009/5/27 下午 05:33:38 org.apache.coyote.http11.Http11BaseProtocol start
資訊: Starting Coyote HTTP/1.1 on http-8080
2009/5/27 下午 05:33:38 org.apache.jk.common.ChannelSocket init
資訊: JK: ajp13 listening on /0.0.0.0:8009
2009/5/27 下午 05:33:38 org.apache.jk.server.JkMain start
資訊: Jk running ID=0 time=0/47  config=null
2009/5/27 下午 05:33:38 org.apache.catalina.storeconfig.StoreLoader load
資訊: Find registry server-registry.xml at classpath resource
2009/5/27 下午 05:33:38 org.apache.catalina.startup.Catalina start
資訊: Server startup in 35547 ms
2009/5/27 下午 05:34:34 org.apache.coyote.http11.Http11BaseProtocol pause
資訊: Pausing Coyote HTTP/1.1 on http-8080
2009/5/27 下午 05:34:35 org.apache.catalina.core.StandardService stop
資訊: Stopping service Catalina
2009/5/27 下午 05:34:37 org.apache.coyote.http11.Http11BaseProtocol destroy
資訊: Stopping Coyote HTTP/1.1 on http-8080
2009/5/27 下午 05:34:37 org.apache.catalina.core.AprLifecycleListener lifecycleEvent
資訊: Failed shutdown of Apache Portable Runtime
