2009/5/19 上午 07:56:12 org.apache.catalina.core.AprLifecycleListener lifecycleEvent
資訊: The Apache Tomcat Native library which allows optimal performance in production environments was not found on the java.library.path: C:\Program Files\Java\jdk1.5.0_06\bin;.;C:\WINDOWS\system32;C:\WINDOWS;C:\Program Files\Apache Software Foundation\tomcat 5.5\bin;C:\Program Files\Java\jdk1.5.0_06\bin;C:\oracle\product\10.2.0\client_1\bin;C:\WINDOWS\system32;C:\WINDOWS;C:\WINDOWS\System32\Wbem
2009/5/19 上午 07:56:13 org.apache.coyote.http11.Http11BaseProtocol init
資訊: Initializing Coyote HTTP/1.1 on http-8080
2009/5/19 上午 07:56:13 org.apache.catalina.startup.Catalina load
資訊: Initialization processed in 1847 ms
2009/5/19 上午 07:56:13 org.apache.catalina.core.StandardService start
資訊: Starting service Catalina
2009/5/19 上午 07:56:13 org.apache.catalina.core.StandardEngine start
資訊: Starting Servlet Engine: Apache Tomcat/5.5.27
2009/5/19 上午 07:56:13 org.apache.catalina.core.StandardHost start
資訊: XML validation disabled
2009/5/19 上午 07:58:01 org.apache.coyote.http11.Http11BaseProtocol start
資訊: Starting Coyote HTTP/1.1 on http-8080
2009/5/19 上午 07:58:01 org.apache.jk.common.ChannelSocket init
資訊: JK: ajp13 listening on /0.0.0.0:8009
2009/5/19 上午 07:58:01 org.apache.jk.server.JkMain start
資訊: Jk running ID=0 time=0/16  config=null
2009/5/19 上午 07:58:02 org.apache.catalina.storeconfig.StoreLoader load
資訊: Find registry server-registry.xml at classpath resource
2009/5/19 上午 07:58:02 org.apache.catalina.startup.Catalina start
資訊: Server startup in 108607 ms
2009/5/19 上午 10:50:55 org.apache.coyote.http11.Http11BaseProtocol pause
資訊: Pausing Coyote HTTP/1.1 on http-8080
2009/5/19 上午 10:50:56 org.apache.catalina.core.StandardService stop
資訊: Stopping service Catalina
2009/5/19 上午 10:51:02 org.apache.coyote.http11.Http11BaseProtocol destroy
資訊: Stopping Coyote HTTP/1.1 on http-8080
2009/5/19 上午 10:51:02 org.apache.catalina.core.AprLifecycleListener lifecycleEvent
資訊: Failed shutdown of Apache Portable Runtime
2009/5/19 上午 10:52:44 org.apache.catalina.core.AprLifecycleListener lifecycleEvent
資訊: The Apache Tomcat Native library which allows optimal performance in production environments was not found on the java.library.path: C:\Program Files\Java\jdk1.5.0_06\bin;.;C:\WINDOWS\system32;C:\WINDOWS;C:\Program Files\Apache Software Foundation\tomcat 5.5\bin;C:\Program Files\Java\jdk1.5.0_06\bin;C:\oracle\product\10.2.0\client_1\bin;C:\WINDOWS\system32;C:\WINDOWS;C:\WINDOWS\System32\Wbem
2009/5/19 上午 10:52:44 org.apache.coyote.http11.Http11BaseProtocol init
資訊: Initializing Coyote HTTP/1.1 on http-8080
2009/5/19 上午 10:52:44 org.apache.catalina.startup.Catalina load
資訊: Initialization processed in 1610 ms
2009/5/19 上午 10:52:44 org.apache.catalina.core.StandardService start
資訊: Starting service Catalina
2009/5/19 上午 10:52:44 org.apache.catalina.core.StandardEngine start
資訊: Starting Servlet Engine: Apache Tomcat/5.5.27
2009/5/19 上午 10:52:44 org.apache.catalina.core.StandardHost start
資訊: XML validation disabled
2009/5/19 上午 10:52:46 org.apache.catalina.startup.HostConfig deployWAR
資訊: Deploying web application archive eFID.war
2009/5/19 上午 10:54:25 org.apache.coyote.http11.Http11BaseProtocol start
資訊: Starting Coyote HTTP/1.1 on http-8080
2009/5/19 上午 10:54:25 org.apache.jk.common.ChannelSocket init
資訊: JK: ajp13 listening on /0.0.0.0:8009
2009/5/19 上午 10:54:25 org.apache.jk.server.JkMain start
資訊: Jk running ID=0 time=0/15  config=null
2009/5/19 上午 10:54:25 org.apache.catalina.storeconfig.StoreLoader load
資訊: Find registry server-registry.xml at classpath resource
2009/5/19 上午 10:54:26 org.apache.catalina.startup.Catalina start
資訊: Server startup in 101861 ms
2009/5/19 上午 11:03:36 org.apache.coyote.http11.Http11BaseProtocol pause
資訊: Pausing Coyote HTTP/1.1 on http-8080
2009/5/19 上午 11:03:37 org.apache.catalina.core.StandardService stop
資訊: Stopping service Catalina
2009/5/19 上午 11:03:37 org.apache.catalina.session.StandardManager doUnload
嚴重的: IOException while saving persisted sessions: java.io.FileNotFoundException: C:\Program Files\Apache Software Foundation\tomcat 5.5\work\Catalina\localhost\webdav\SESSIONS.ser (系統找不到指定的路徑。)
java.io.FileNotFoundException: C:\Program Files\Apache Software Foundation\tomcat 5.5\work\Catalina\localhost\webdav\SESSIONS.ser (系統找不到指定的路徑。)
	at java.io.FileOutputStream.open(Native Method)
	at java.io.FileOutputStream.<init>(FileOutputStream.java:179)
	at java.io.FileOutputStream.<init>(FileOutputStream.java:70)
	at org.apache.catalina.session.StandardManager.doUnload(StandardManager.java:489)
	at org.apache.catalina.session.StandardManager.unload(StandardManager.java:463)
	at org.apache.catalina.session.StandardManager.stop(StandardManager.java:667)
	at org.apache.catalina.core.StandardContext.stop(StandardContext.java:4360)
	at org.apache.catalina.core.ContainerBase.removeChild(ContainerBase.java:893)
	at org.apache.catalina.startup.HostConfig.undeployApps(HostConfig.java:1192)
	at org.apache.catalina.startup.HostConfig.stop(HostConfig.java:1163)
	at org.apache.catalina.startup.HostConfig.lifecycleEvent(HostConfig.java:313)
	at org.apache.catalina.util.LifecycleSupport.fireLifecycleEvent(LifecycleSupport.java:120)
	at org.apache.catalina.core.ContainerBase.stop(ContainerBase.java:1055)
	at org.apache.catalina.core.ContainerBase.stop(ContainerBase.java:1067)
	at org.apache.catalina.core.StandardEngine.stop(StandardEngine.java:448)
	at org.apache.catalina.core.StandardService.stop(StandardService.java:510)
	at org.apache.catalina.core.StandardServer.stop(StandardServer.java:734)
	at org.apache.catalina.startup.Catalina.stop(Catalina.java:602)
	at org.apache.catalina.startup.Catalina$CatalinaShutdownHook.run(Catalina.java:645)
2009/5/19 上午 11:03:37 org.apache.catalina.session.StandardManager stop
嚴重的: Exception unloading sessions to persistent storage
java.io.FileNotFoundException: C:\Program Files\Apache Software Foundation\tomcat 5.5\work\Catalina\localhost\webdav\SESSIONS.ser (系統找不到指定的路徑。)
	at java.io.FileOutputStream.open(Native Method)
	at java.io.FileOutputStream.<init>(FileOutputStream.java:179)
	at java.io.FileOutputStream.<init>(FileOutputStream.java:70)
	at org.apache.catalina.session.StandardManager.doUnload(StandardManager.java:489)
	at org.apache.catalina.session.StandardManager.unload(StandardManager.java:463)
	at org.apache.catalina.session.StandardManager.stop(StandardManager.java:667)
	at org.apache.catalina.core.StandardContext.stop(StandardContext.java:4360)
	at org.apache.catalina.core.ContainerBase.removeChild(ContainerBase.java:893)
	at org.apache.catalina.startup.HostConfig.undeployApps(HostConfig.java:1192)
	at org.apache.catalina.startup.HostConfig.stop(HostConfig.java:1163)
	at org.apache.catalina.startup.HostConfig.lifecycleEvent(HostConfig.java:313)
	at org.apache.catalina.util.LifecycleSupport.fireLifecycleEvent(LifecycleSupport.java:120)
	at org.apache.catalina.core.ContainerBase.stop(ContainerBase.java:1055)
	at org.apache.catalina.core.ContainerBase.stop(ContainerBase.java:1067)
	at org.apache.catalina.core.StandardEngine.stop(StandardEngine.java:448)
	at org.apache.catalina.core.StandardService.stop(StandardService.java:510)
	at org.apache.catalina.core.StandardServer.stop(StandardServer.java:734)
	at org.apache.catalina.startup.Catalina.stop(Catalina.java:602)
	at org.apache.catalina.startup.Catalina$CatalinaShutdownHook.run(Catalina.java:645)
2009/5/19 上午 11:03:37 org.apache.catalina.session.StandardManager doUnload
嚴重的: IOException while saving persisted sessions: java.io.FileNotFoundException: C:\Program Files\Apache Software Foundation\tomcat 5.5\work\Catalina\localhost\servlets-examples\SESSIONS.ser (系統找不到指定的路徑。)
java.io.FileNotFoundException: C:\Program Files\Apache Software Foundation\tomcat 5.5\work\Catalina\localhost\servlets-examples\SESSIONS.ser (系統找不到指定的路徑。)
	at java.io.FileOutputStream.open(Native Method)
	at java.io.FileOutputStream.<init>(FileOutputStream.java:179)
	at java.io.FileOutputStream.<init>(FileOutputStream.java:70)
	at org.apache.catalina.session.StandardManager.doUnload(StandardManager.java:489)
	at org.apache.catalina.session.StandardManager.unload(StandardManager.java:463)
	at org.apache.catalina.session.StandardManager.stop(StandardManager.java:667)
	at org.apache.catalina.core.StandardContext.stop(StandardContext.java:4360)
	at org.apache.catalina.core.ContainerBase.removeChild(ContainerBase.java:893)
	at org.apache.catalina.startup.HostConfig.undeployApps(HostConfig.java:1192)
	at org.apache.catalina.startup.HostConfig.stop(HostConfig.java:1163)
	at org.apache.catalina.startup.HostConfig.lifecycleEvent(HostConfig.java:313)
	at org.apache.catalina.util.LifecycleSupport.fireLifecycleEvent(LifecycleSupport.java:120)
	at org.apache.catalina.core.ContainerBase.stop(ContainerBase.java:1055)
	at org.apache.catalina.core.ContainerBase.stop(ContainerBase.java:1067)
	at org.apache.catalina.core.StandardEngine.stop(StandardEngine.java:448)
	at org.apache.catalina.core.StandardService.stop(StandardService.java:510)
	at org.apache.catalina.core.StandardServer.stop(StandardServer.java:734)
	at org.apache.catalina.startup.Catalina.stop(Catalina.java:602)
	at org.apache.catalina.startup.Catalina$CatalinaShutdownHook.run(Catalina.java:645)
2009/5/19 上午 11:03:37 org.apache.catalina.session.StandardManager stop
嚴重的: Exception unloading sessions to persistent storage
java.io.FileNotFoundException: C:\Program Files\Apache Software Foundation\tomcat 5.5\work\Catalina\localhost\servlets-examples\SESSIONS.ser (系統找不到指定的路徑。)
	at java.io.FileOutputStream.open(Native Method)
	at java.io.FileOutputStream.<init>(FileOutputStream.java:179)
	at java.io.FileOutputStream.<init>(FileOutputStream.java:70)
	at org.apache.catalina.session.StandardManager.doUnload(StandardManager.java:489)
	at org.apache.catalina.session.StandardManager.unload(StandardManager.java:463)
	at org.apache.catalina.session.StandardManager.stop(StandardManager.java:667)
	at org.apache.catalina.core.StandardContext.stop(StandardContext.java:4360)
	at org.apache.catalina.core.ContainerBase.removeChild(ContainerBase.java:893)
	at org.apache.catalina.startup.HostConfig.undeployApps(HostConfig.java:1192)
	at org.apache.catalina.startup.HostConfig.stop(HostConfig.java:1163)
	at org.apache.catalina.startup.HostConfig.lifecycleEvent(HostConfig.java:313)
	at org.apache.catalina.util.LifecycleSupport.fireLifecycleEvent(LifecycleSupport.java:120)
	at org.apache.catalina.core.ContainerBase.stop(ContainerBase.java:1055)
	at org.apache.catalina.core.ContainerBase.stop(ContainerBase.java:1067)
	at org.apache.catalina.core.StandardEngine.stop(StandardEngine.java:448)
	at org.apache.catalina.core.StandardService.stop(StandardService.java:510)
	at org.apache.catalina.core.StandardServer.stop(StandardServer.java:734)
	at org.apache.catalina.startup.Catalina.stop(Catalina.java:602)
	at org.apache.catalina.startup.Catalina$CatalinaShutdownHook.run(Catalina.java:645)
2009/5/19 上午 11:03:37 org.apache.catalina.session.StandardManager doUnload
嚴重的: IOException while saving persisted sessions: java.io.FileNotFoundException: C:\Program Files\Apache Software Foundation\tomcat 5.5\work\Catalina\localhost\jsp-examples\SESSIONS.ser (系統找不到指定的路徑。)
java.io.FileNotFoundException: C:\Program Files\Apache Software Foundation\tomcat 5.5\work\Catalina\localhost\jsp-examples\SESSIONS.ser (系統找不到指定的路徑。)
	at java.io.FileOutputStream.open(Native Method)
	at java.io.FileOutputStream.<init>(FileOutputStream.java:179)
	at java.io.FileOutputStream.<init>(FileOutputStream.java:70)
	at org.apache.catalina.session.StandardManager.doUnload(StandardManager.java:489)
	at org.apache.catalina.session.StandardManager.unload(StandardManager.java:463)
	at org.apache.catalina.session.StandardManager.stop(StandardManager.java:667)
	at org.apache.catalina.core.StandardContext.stop(StandardContext.java:4360)
	at org.apache.catalina.core.ContainerBase.removeChild(ContainerBase.java:893)
	at org.apache.catalina.startup.HostConfig.undeployApps(HostConfig.java:1192)
	at org.apache.catalina.startup.HostConfig.stop(HostConfig.java:1163)
	at org.apache.catalina.startup.HostConfig.lifecycleEvent(HostConfig.java:313)
	at org.apache.catalina.util.LifecycleSupport.fireLifecycleEvent(LifecycleSupport.java:120)
	at org.apache.catalina.core.ContainerBase.stop(ContainerBase.java:1055)
	at org.apache.catalina.core.ContainerBase.stop(ContainerBase.java:1067)
	at org.apache.catalina.core.StandardEngine.stop(StandardEngine.java:448)
	at org.apache.catalina.core.StandardService.stop(StandardService.java:510)
	at org.apache.catalina.core.StandardServer.stop(StandardServer.java:734)
	at org.apache.catalina.startup.Catalina.stop(Catalina.java:602)
	at org.apache.catalina.startup.Catalina$CatalinaShutdownHook.run(Catalina.java:645)
2009/5/19 上午 11:03:37 org.apache.catalina.session.StandardManager stop
嚴重的: Exception unloading sessions to persistent storage
java.io.FileNotFoundException: C:\Program Files\Apache Software Foundation\tomcat 5.5\work\Catalina\localhost\jsp-examples\SESSIONS.ser (系統找不到指定的路徑。)
	at java.io.FileOutputStream.open(Native Method)
	at java.io.FileOutputStream.<init>(FileOutputStream.java:179)
	at java.io.FileOutputStream.<init>(FileOutputStream.java:70)
	at org.apache.catalina.session.StandardManager.doUnload(StandardManager.java:489)
	at org.apache.catalina.session.StandardManager.unload(StandardManager.java:463)
	at org.apache.catalina.session.StandardManager.stop(StandardManager.java:667)
	at org.apache.catalina.core.StandardContext.stop(StandardContext.java:4360)
	at org.apache.catalina.core.ContainerBase.removeChild(ContainerBase.java:893)
	at org.apache.catalina.startup.HostConfig.undeployApps(HostConfig.java:1192)
	at org.apache.catalina.startup.HostConfig.stop(HostConfig.java:1163)
	at org.apache.catalina.startup.HostConfig.lifecycleEvent(HostConfig.java:313)
	at org.apache.catalina.util.LifecycleSupport.fireLifecycleEvent(LifecycleSupport.java:120)
	at org.apache.catalina.core.ContainerBase.stop(ContainerBase.java:1055)
	at org.apache.catalina.core.ContainerBase.stop(ContainerBase.java:1067)
	at org.apache.catalina.core.StandardEngine.stop(StandardEngine.java:448)
	at org.apache.catalina.core.StandardService.stop(StandardService.java:510)
	at org.apache.catalina.core.StandardServer.stop(StandardServer.java:734)
	at org.apache.catalina.startup.Catalina.stop(Catalina.java:602)
	at org.apache.catalina.startup.Catalina$CatalinaShutdownHook.run(Catalina.java:645)
2009/5/19 上午 11:03:37 org.apache.catalina.session.StandardManager doUnload
嚴重的: IOException while saving persisted sessions: java.io.FileNotFoundException: C:\Program Files\Apache Software Foundation\tomcat 5.5\work\Catalina\localhost\balancer\SESSIONS.ser (系統找不到指定的路徑。)
java.io.FileNotFoundException: C:\Program Files\Apache Software Foundation\tomcat 5.5\work\Catalina\localhost\balancer\SESSIONS.ser (系統找不到指定的路徑。)
	at java.io.FileOutputStream.open(Native Method)
	at java.io.FileOutputStream.<init>(FileOutputStream.java:179)
	at java.io.FileOutputStream.<init>(FileOutputStream.java:70)
	at org.apache.catalina.session.StandardManager.doUnload(StandardManager.java:489)
	at org.apache.catalina.session.StandardManager.unload(StandardManager.java:463)
	at org.apache.catalina.session.StandardManager.stop(StandardManager.java:667)
	at org.apache.catalina.core.StandardContext.stop(StandardContext.java:4360)
	at org.apache.catalina.core.ContainerBase.removeChild(ContainerBase.java:893)
	at org.apache.catalina.startup.HostConfig.undeployApps(HostConfig.java:1192)
	at org.apache.catalina.startup.HostConfig.stop(HostConfig.java:1163)
	at org.apache.catalina.startup.HostConfig.lifecycleEvent(HostConfig.java:313)
	at org.apache.catalina.util.LifecycleSupport.fireLifecycleEvent(LifecycleSupport.java:120)
	at org.apache.catalina.core.ContainerBase.stop(ContainerBase.java:1055)
	at org.apache.catalina.core.ContainerBase.stop(ContainerBase.java:1067)
	at org.apache.catalina.core.StandardEngine.stop(StandardEngine.java:448)
	at org.apache.catalina.core.StandardService.stop(StandardService.java:510)
	at org.apache.catalina.core.StandardServer.stop(StandardServer.java:734)
	at org.apache.catalina.startup.Catalina.stop(Catalina.java:602)
	at org.apache.catalina.startup.Catalina$CatalinaShutdownHook.run(Catalina.java:645)
2009/5/19 上午 11:03:37 org.apache.catalina.session.StandardManager stop
嚴重的: Exception unloading sessions to persistent storage
java.io.FileNotFoundException: C:\Program Files\Apache Software Foundation\tomcat 5.5\work\Catalina\localhost\balancer\SESSIONS.ser (系統找不到指定的路徑。)
	at java.io.FileOutputStream.open(Native Method)
	at java.io.FileOutputStream.<init>(FileOutputStream.java:179)
	at java.io.FileOutputStream.<init>(FileOutputStream.java:70)
	at org.apache.catalina.session.StandardManager.doUnload(StandardManager.java:489)
	at org.apache.catalina.session.StandardManager.unload(StandardManager.java:463)
	at org.apache.catalina.session.StandardManager.stop(StandardManager.java:667)
	at org.apache.catalina.core.StandardContext.stop(StandardContext.java:4360)
	at org.apache.catalina.core.ContainerBase.removeChild(ContainerBase.java:893)
	at org.apache.catalina.startup.HostConfig.undeployApps(HostConfig.java:1192)
	at org.apache.catalina.startup.HostConfig.stop(HostConfig.java:1163)
	at org.apache.catalina.startup.HostConfig.lifecycleEvent(HostConfig.java:313)
	at org.apache.catalina.util.LifecycleSupport.fireLifecycleEvent(LifecycleSupport.java:120)
	at org.apache.catalina.core.ContainerBase.stop(ContainerBase.java:1055)
	at org.apache.catalina.core.ContainerBase.stop(ContainerBase.java:1067)
	at org.apache.catalina.core.StandardEngine.stop(StandardEngine.java:448)
	at org.apache.catalina.core.StandardService.stop(StandardService.java:510)
	at org.apache.catalina.core.StandardServer.stop(StandardServer.java:734)
	at org.apache.catalina.startup.Catalina.stop(Catalina.java:602)
	at org.apache.catalina.startup.Catalina$CatalinaShutdownHook.run(Catalina.java:645)
2009/5/19 上午 11:03:37 org.apache.catalina.session.StandardManager doUnload
嚴重的: IOException while saving persisted sessions: java.io.FileNotFoundException: C:\Program Files\Apache Software Foundation\tomcat 5.5\work\Catalina\localhost\host-manager\SESSIONS.ser (系統找不到指定的路徑。)
java.io.FileNotFoundException: C:\Program Files\Apache Software Foundation\tomcat 5.5\work\Catalina\localhost\host-manager\SESSIONS.ser (系統找不到指定的路徑。)
	at java.io.FileOutputStream.open(Native Method)
	at java.io.FileOutputStream.<init>(FileOutputStream.java:179)
	at java.io.FileOutputStream.<init>(FileOutputStream.java:70)
	at org.apache.catalina.session.StandardManager.doUnload(StandardManager.java:489)
	at org.apache.catalina.session.StandardManager.unload(StandardManager.java:463)
	at org.apache.catalina.session.StandardManager.stop(StandardManager.java:667)
	at org.apache.catalina.core.StandardContext.stop(StandardContext.java:4360)
	at org.apache.catalina.core.ContainerBase.removeChild(ContainerBase.java:893)
	at org.apache.catalina.startup.HostConfig.undeployApps(HostConfig.java:1192)
	at org.apache.catalina.startup.HostConfig.stop(HostConfig.java:1163)
	at org.apache.catalina.startup.HostConfig.lifecycleEvent(HostConfig.java:313)
	at org.apache.catalina.util.LifecycleSupport.fireLifecycleEvent(LifecycleSupport.java:120)
	at org.apache.catalina.core.ContainerBase.stop(ContainerBase.java:1055)
	at org.apache.catalina.core.ContainerBase.stop(ContainerBase.java:1067)
	at org.apache.catalina.core.StandardEngine.stop(StandardEngine.java:448)
	at org.apache.catalina.core.StandardService.stop(StandardService.java:510)
	at org.apache.catalina.core.StandardServer.stop(StandardServer.java:734)
	at org.apache.catalina.startup.Catalina.stop(Catalina.java:602)
	at org.apache.catalina.startup.Catalina$CatalinaShutdownHook.run(Catalina.java:645)
2009/5/19 上午 11:03:37 org.apache.catalina.session.StandardManager stop
嚴重的: Exception unloading sessions to persistent storage
java.io.FileNotFoundException: C:\Program Files\Apache Software Foundation\tomcat 5.5\work\Catalina\localhost\host-manager\SESSIONS.ser (系統找不到指定的路徑。)
	at java.io.FileOutputStream.open(Native Method)
	at java.io.FileOutputStream.<init>(FileOutputStream.java:179)
	at java.io.FileOutputStream.<init>(FileOutputStream.java:70)
	at org.apache.catalina.session.StandardManager.doUnload(StandardManager.java:489)
	at org.apache.catalina.session.StandardManager.unload(StandardManager.java:463)
	at org.apache.catalina.session.StandardManager.stop(StandardManager.java:667)
	at org.apache.catalina.core.StandardContext.stop(StandardContext.java:4360)
	at org.apache.catalina.core.ContainerBase.removeChild(ContainerBase.java:893)
	at org.apache.catalina.startup.HostConfig.undeployApps(HostConfig.java:1192)
	at org.apache.catalina.startup.HostConfig.stop(HostConfig.java:1163)
	at org.apache.catalina.startup.HostConfig.lifecycleEvent(HostConfig.java:313)
	at org.apache.catalina.util.LifecycleSupport.fireLifecycleEvent(LifecycleSupport.java:120)
	at org.apache.catalina.core.ContainerBase.stop(ContainerBase.java:1055)
	at org.apache.catalina.core.ContainerBase.stop(ContainerBase.java:1067)
	at org.apache.catalina.core.StandardEngine.stop(StandardEngine.java:448)
	at org.apache.catalina.core.StandardService.stop(StandardService.java:510)
	at org.apache.catalina.core.StandardServer.stop(StandardServer.java:734)
	at org.apache.catalina.startup.Catalina.stop(Catalina.java:602)
	at org.apache.catalina.startup.Catalina$CatalinaShutdownHook.run(Catalina.java:645)
2009/5/19 上午 11:03:37 org.apache.catalina.session.StandardManager doUnload
嚴重的: IOException while saving persisted sessions: java.io.FileNotFoundException: C:\Program Files\Apache Software Foundation\tomcat 5.5\work\Catalina\localhost\tomcat-docs\SESSIONS.ser (系統找不到指定的路徑。)
java.io.FileNotFoundException: C:\Program Files\Apache Software Foundation\tomcat 5.5\work\Catalina\localhost\tomcat-docs\SESSIONS.ser (系統找不到指定的路徑。)
	at java.io.FileOutputStream.open(Native Method)
	at java.io.FileOutputStream.<init>(FileOutputStream.java:179)
	at java.io.FileOutputStream.<init>(FileOutputStream.java:70)
	at org.apache.catalina.session.StandardManager.doUnload(StandardManager.java:489)
	at org.apache.catalina.session.StandardManager.unload(StandardManager.java:463)
	at org.apache.catalina.session.StandardManager.stop(StandardManager.java:667)
	at org.apache.catalina.core.StandardContext.stop(StandardContext.java:4360)
	at org.apache.catalina.core.ContainerBase.removeChild(ContainerBase.java:893)
	at org.apache.catalina.startup.HostConfig.undeployApps(HostConfig.java:1192)
	at org.apache.catalina.startup.HostConfig.stop(HostConfig.java:1163)
	at org.apache.catalina.startup.HostConfig.lifecycleEvent(HostConfig.java:313)
	at org.apache.catalina.util.LifecycleSupport.fireLifecycleEvent(LifecycleSupport.java:120)
	at org.apache.catalina.core.ContainerBase.stop(ContainerBase.java:1055)
	at org.apache.catalina.core.ContainerBase.stop(ContainerBase.java:1067)
	at org.apache.catalina.core.StandardEngine.stop(StandardEngine.java:448)
	at org.apache.catalina.core.StandardService.stop(StandardService.java:510)
	at org.apache.catalina.core.StandardServer.stop(StandardServer.java:734)
	at org.apache.catalina.startup.Catalina.stop(Catalina.java:602)
	at org.apache.catalina.startup.Catalina$CatalinaShutdownHook.run(Catalina.java:645)
2009/5/19 上午 11:03:37 org.apache.catalina.session.StandardManager stop
嚴重的: Exception unloading sessions to persistent storage
java.io.FileNotFoundException: C:\Program Files\Apache Software Foundation\tomcat 5.5\work\Catalina\localhost\tomcat-docs\SESSIONS.ser (系統找不到指定的路徑。)
	at java.io.FileOutputStream.open(Native Method)
	at java.io.FileOutputStream.<init>(FileOutputStream.java:179)
	at java.io.FileOutputStream.<init>(FileOutputStream.java:70)
	at org.apache.catalina.session.StandardManager.doUnload(StandardManager.java:489)
	at org.apache.catalina.session.StandardManager.unload(StandardManager.java:463)
	at org.apache.catalina.session.StandardManager.stop(StandardManager.java:667)
	at org.apache.catalina.core.StandardContext.stop(StandardContext.java:4360)
	at org.apache.catalina.core.ContainerBase.removeChild(ContainerBase.java:893)
	at org.apache.catalina.startup.HostConfig.undeployApps(HostConfig.java:1192)
	at org.apache.catalina.startup.HostConfig.stop(HostConfig.java:1163)
	at org.apache.catalina.startup.HostConfig.lifecycleEvent(HostConfig.java:313)
	at org.apache.catalina.util.LifecycleSupport.fireLifecycleEvent(LifecycleSupport.java:120)
	at org.apache.catalina.core.ContainerBase.stop(ContainerBase.java:1055)
	at org.apache.catalina.core.ContainerBase.stop(ContainerBase.java:1067)
	at org.apache.catalina.core.StandardEngine.stop(StandardEngine.java:448)
	at org.apache.catalina.core.StandardService.stop(StandardService.java:510)
	at org.apache.catalina.core.StandardServer.stop(StandardServer.java:734)
	at org.apache.catalina.startup.Catalina.stop(Catalina.java:602)
	at org.apache.catalina.startup.Catalina$CatalinaShutdownHook.run(Catalina.java:645)
2009/5/19 上午 11:03:39 org.apache.catalina.session.StandardManager doUnload
嚴重的: IOException while saving persisted sessions: java.io.FileNotFoundException: C:\Program Files\Apache Software Foundation\tomcat 5.5\work\Catalina\localhost\_\SESSIONS.ser (系統找不到指定的路徑。)
java.io.FileNotFoundException: C:\Program Files\Apache Software Foundation\tomcat 5.5\work\Catalina\localhost\_\SESSIONS.ser (系統找不到指定的路徑。)
	at java.io.FileOutputStream.open(Native Method)
	at java.io.FileOutputStream.<init>(FileOutputStream.java:179)
	at java.io.FileOutputStream.<init>(FileOutputStream.java:70)
	at org.apache.catalina.session.StandardManager.doUnload(StandardManager.java:489)
	at org.apache.catalina.session.StandardManager.unload(StandardManager.java:463)
	at org.apache.catalina.session.StandardManager.stop(StandardManager.java:667)
	at org.apache.catalina.core.StandardContext.stop(StandardContext.java:4360)
	at org.apache.catalina.core.ContainerBase.removeChild(ContainerBase.java:893)
	at org.apache.catalina.startup.HostConfig.undeployApps(HostConfig.java:1192)
	at org.apache.catalina.startup.HostConfig.stop(HostConfig.java:1163)
	at org.apache.catalina.startup.HostConfig.lifecycleEvent(HostConfig.java:313)
	at org.apache.catalina.util.LifecycleSupport.fireLifecycleEvent(LifecycleSupport.java:120)
	at org.apache.catalina.core.ContainerBase.stop(ContainerBase.java:1055)
	at org.apache.catalina.core.ContainerBase.stop(ContainerBase.java:1067)
	at org.apache.catalina.core.StandardEngine.stop(StandardEngine.java:448)
	at org.apache.catalina.core.StandardService.stop(StandardService.java:510)
	at org.apache.catalina.core.StandardServer.stop(StandardServer.java:734)
	at org.apache.catalina.startup.Catalina.stop(Catalina.java:602)
	at org.apache.catalina.startup.Catalina$CatalinaShutdownHook.run(Catalina.java:645)
2009/5/19 上午 11:03:39 org.apache.catalina.session.StandardManager stop
嚴重的: Exception unloading sessions to persistent storage
java.io.FileNotFoundException: C:\Program Files\Apache Software Foundation\tomcat 5.5\work\Catalina\localhost\_\SESSIONS.ser (系統找不到指定的路徑。)
	at java.io.FileOutputStream.open(Native Method)
	at java.io.FileOutputStream.<init>(FileOutputStream.java:179)
	at java.io.FileOutputStream.<init>(FileOutputStream.java:70)
	at org.apache.catalina.session.StandardManager.doUnload(StandardManager.java:489)
	at org.apache.catalina.session.StandardManager.unload(StandardManager.java:463)
	at org.apache.catalina.session.StandardManager.stop(StandardManager.java:667)
	at org.apache.catalina.core.StandardContext.stop(StandardContext.java:4360)
	at org.apache.catalina.core.ContainerBase.removeChild(ContainerBase.java:893)
	at org.apache.catalina.startup.HostConfig.undeployApps(HostConfig.java:1192)
	at org.apache.catalina.startup.HostConfig.stop(HostConfig.java:1163)
	at org.apache.catalina.startup.HostConfig.lifecycleEvent(HostConfig.java:313)
	at org.apache.catalina.util.LifecycleSupport.fireLifecycleEvent(LifecycleSupport.java:120)
	at org.apache.catalina.core.ContainerBase.stop(ContainerBase.java:1055)
	at org.apache.catalina.core.ContainerBase.stop(ContainerBase.java:1067)
	at org.apache.catalina.core.StandardEngine.stop(StandardEngine.java:448)
	at org.apache.catalina.core.StandardService.stop(StandardService.java:510)
	at org.apache.catalina.core.StandardServer.stop(StandardServer.java:734)
	at org.apache.catalina.startup.Catalina.stop(Catalina.java:602)
	at org.apache.catalina.startup.Catalina$CatalinaShutdownHook.run(Catalina.java:645)
2009/5/19 上午 11:03:39 org.apache.catalina.session.StandardManager doUnload
嚴重的: IOException while saving persisted sessions: java.io.FileNotFoundException: C:\Program Files\Apache Software Foundation\tomcat 5.5\work\Catalina\localhost\manager\SESSIONS.ser (系統找不到指定的路徑。)
java.io.FileNotFoundException: C:\Program Files\Apache Software Foundation\tomcat 5.5\work\Catalina\localhost\manager\SESSIONS.ser (系統找不到指定的路徑。)
	at java.io.FileOutputStream.open(Native Method)
	at java.io.FileOutputStream.<init>(FileOutputStream.java:179)
	at java.io.FileOutputStream.<init>(FileOutputStream.java:70)
	at org.apache.catalina.session.StandardManager.doUnload(StandardManager.java:489)
	at org.apache.catalina.session.StandardManager.unload(StandardManager.java:463)
	at org.apache.catalina.session.StandardManager.stop(StandardManager.java:667)
	at org.apache.catalina.core.StandardContext.stop(StandardContext.java:4360)
	at org.apache.catalina.core.ContainerBase.removeChild(ContainerBase.java:893)
	at org.apache.catalina.startup.HostConfig.undeployApps(HostConfig.java:1192)
	at org.apache.catalina.startup.HostConfig.stop(HostConfig.java:1163)
	at org.apache.catalina.startup.HostConfig.lifecycleEvent(HostConfig.java:313)
	at org.apache.catalina.util.LifecycleSupport.fireLifecycleEvent(LifecycleSupport.java:120)
	at org.apache.catalina.core.ContainerBase.stop(ContainerBase.java:1055)
	at org.apache.catalina.core.ContainerBase.stop(ContainerBase.java:1067)
	at org.apache.catalina.core.StandardEngine.stop(StandardEngine.java:448)
	at org.apache.catalina.core.StandardService.stop(StandardService.java:510)
	at org.apache.catalina.core.StandardServer.stop(StandardServer.java:734)
	at org.apache.catalina.startup.Catalina.stop(Catalina.java:602)
	at org.apache.catalina.startup.Catalina$CatalinaShutdownHook.run(Catalina.java:645)
2009/5/19 上午 11:03:39 org.apache.catalina.session.StandardManager stop
嚴重的: Exception unloading sessions to persistent storage
java.io.FileNotFoundException: C:\Program Files\Apache Software Foundation\tomcat 5.5\work\Catalina\localhost\manager\SESSIONS.ser (系統找不到指定的路徑。)
	at java.io.FileOutputStream.open(Native Method)
	at java.io.FileOutputStream.<init>(FileOutputStream.java:179)
	at java.io.FileOutputStream.<init>(FileOutputStream.java:70)
	at org.apache.catalina.session.StandardManager.doUnload(StandardManager.java:489)
	at org.apache.catalina.session.StandardManager.unload(StandardManager.java:463)
	at org.apache.catalina.session.StandardManager.stop(StandardManager.java:667)
	at org.apache.catalina.core.StandardContext.stop(StandardContext.java:4360)
	at org.apache.catalina.core.ContainerBase.removeChild(ContainerBase.java:893)
	at org.apache.catalina.startup.HostConfig.undeployApps(HostConfig.java:1192)
	at org.apache.catalina.startup.HostConfig.stop(HostConfig.java:1163)
	at org.apache.catalina.startup.HostConfig.lifecycleEvent(HostConfig.java:313)
	at org.apache.catalina.util.LifecycleSupport.fireLifecycleEvent(LifecycleSupport.java:120)
	at org.apache.catalina.core.ContainerBase.stop(ContainerBase.java:1055)
	at org.apache.catalina.core.ContainerBase.stop(ContainerBase.java:1067)
	at org.apache.catalina.core.StandardEngine.stop(StandardEngine.java:448)
	at org.apache.catalina.core.StandardService.stop(StandardService.java:510)
	at org.apache.catalina.core.StandardServer.stop(StandardServer.java:734)
	at org.apache.catalina.startup.Catalina.stop(Catalina.java:602)
	at org.apache.catalina.startup.Catalina$CatalinaShutdownHook.run(Catalina.java:645)
2009/5/19 上午 11:03:39 org.apache.coyote.http11.Http11BaseProtocol destroy
資訊: Stopping Coyote HTTP/1.1 on http-8080
2009/5/19 上午 11:03:39 org.apache.catalina.core.AprLifecycleListener lifecycleEvent
資訊: Failed shutdown of Apache Portable Runtime
2009/5/19 上午 11:04:20 org.apache.catalina.core.AprLifecycleListener lifecycleEvent
資訊: The Apache Tomcat Native library which allows optimal performance in production environments was not found on the java.library.path: C:\Program Files\Java\jdk1.5.0_06\bin;.;C:\WINDOWS\system32;C:\WINDOWS;C:\Program Files\Apache Software Foundation\tomcat 5.5\bin;C:\Program Files\Java\jdk1.5.0_06\bin;C:\oracle\product\10.2.0\client_1\bin;C:\WINDOWS\system32;C:\WINDOWS;C:\WINDOWS\System32\Wbem
2009/5/19 上午 11:04:20 org.apache.coyote.http11.Http11BaseProtocol init
資訊: Initializing Coyote HTTP/1.1 on http-8080
2009/5/19 上午 11:04:20 org.apache.catalina.startup.Catalina load
資訊: Initialization processed in 1281 ms
2009/5/19 上午 11:04:20 org.apache.catalina.core.StandardService start
資訊: Starting service Catalina
2009/5/19 上午 11:04:20 org.apache.catalina.core.StandardEngine start
資訊: Starting Servlet Engine: Apache Tomcat/5.5.27
2009/5/19 上午 11:04:20 org.apache.catalina.core.StandardHost start
資訊: XML validation disabled
2009/5/19 上午 11:04:22 org.apache.catalina.startup.HostConfig deployWAR
資訊: Deploying web application archive eFID.war
2009/5/19 上午 11:05:56 org.apache.coyote.http11.Http11BaseProtocol start
資訊: Starting Coyote HTTP/1.1 on http-8080
2009/5/19 上午 11:05:56 org.apache.jk.common.ChannelSocket init
資訊: JK: ajp13 listening on /0.0.0.0:8009
2009/5/19 上午 11:05:56 org.apache.jk.server.JkMain start
資訊: Jk running ID=0 time=0/63  config=null
2009/5/19 上午 11:05:56 org.apache.catalina.storeconfig.StoreLoader load
資訊: Find registry server-registry.xml at classpath resource
2009/5/19 上午 11:05:56 org.apache.catalina.startup.Catalina start
資訊: Server startup in 96078 ms
2009/5/19 下午 12:46:38 org.apache.coyote.http11.Http11BaseProtocol pause
資訊: Pausing Coyote HTTP/1.1 on http-8080
2009/5/19 下午 12:46:40 org.apache.catalina.core.StandardService stop
資訊: Stopping service Catalina
2009/5/19 下午 12:47:40 org.apache.coyote.http11.Http11BaseProtocol destroy
資訊: Stopping Coyote HTTP/1.1 on http-8080
2009/5/19 下午 12:47:40 org.apache.catalina.core.AprLifecycleListener lifecycleEvent
資訊: Failed shutdown of Apache Portable Runtime
2009/5/19 下午 01:39:25 org.apache.catalina.core.AprLifecycleListener lifecycleEvent
資訊: The Apache Tomcat Native library which allows optimal performance in production environments was not found on the java.library.path: C:\Program Files\Java\jdk1.5.0_06\bin;.;C:\WINDOWS\system32;C:\WINDOWS;C:\Program Files\Apache Software Foundation\tomcat 5.5\bin;C:\Program Files\Java\jdk1.5.0_06\bin;C:\oracle\product\10.2.0\client_1\bin;C:\WINDOWS\system32;C:\WINDOWS;C:\WINDOWS\System32\Wbem
2009/5/19 下午 01:39:25 org.apache.coyote.http11.Http11BaseProtocol init
資訊: Initializing Coyote HTTP/1.1 on http-8080
2009/5/19 下午 01:39:25 org.apache.catalina.startup.Catalina load
資訊: Initialization processed in 1797 ms
2009/5/19 下午 01:39:26 org.apache.catalina.core.StandardService start
資訊: Starting service Catalina
2009/5/19 下午 01:39:26 org.apache.catalina.core.StandardEngine start
資訊: Starting Servlet Engine: Apache Tomcat/5.5.27
2009/5/19 下午 01:39:26 org.apache.catalina.core.StandardHost start
資訊: XML validation disabled
2009/5/19 下午 01:41:04 org.apache.coyote.http11.Http11BaseProtocol start
資訊: Starting Coyote HTTP/1.1 on http-8080
2009/5/19 下午 01:41:05 org.apache.jk.common.ChannelSocket init
資訊: JK: ajp13 listening on /0.0.0.0:8009
2009/5/19 下午 01:41:05 org.apache.jk.server.JkMain start
資訊: Jk running ID=0 time=0/234  config=null
2009/5/19 下午 01:41:05 org.apache.catalina.storeconfig.StoreLoader load
資訊: Find registry server-registry.xml at classpath resource
2009/5/19 下午 01:41:05 org.apache.catalina.startup.Catalina start
資訊: Server startup in 99454 ms
