2009/4/28 上午 07:58:51 org.apache.catalina.core.AprLifecycleListener lifecycleEvent
資訊: The Apache Tomcat Native library which allows optimal performance in production environments was not found on the java.library.path: d:\Java\jdk1.5.0_16\bin;.;C:\WINDOWS\system32;C:\WINDOWS;D:\java\apache-ant-1.7.1\bin;D:\Adobe\AIR_SDK\bin;d:\oracle\product\10.2.0\db_1\bin;d:\Java\jdk1.5.0_16\bin;C:\Perl\site\bin;C:\Perl\bin;E:\oracle\product\10.2.0\db_1\bin;d:\Java\jdk1.5.0_16\bin;D:\java\apache-ant-1.7.1\bin;D:\java\maven-2.0.6\bin;C:\WINDOWS\system32;C:\WINDOWS;C:\WINDOWS\System32\Wbem;C:\Program Files\ATI Technologies\ATI Control Panel;C:\Program Files\Microsoft SQL Server\90\Tools\binn\;C:\Program Files\VoiceAge\Common;C:\Program Files\QuickTime\QTSystem\
2009/4/28 上午 07:58:52 org.apache.coyote.http11.Http11BaseProtocol init
資訊: Initializing Coyote HTTP/1.1 on http-8080
2009/4/28 上午 07:58:52 org.apache.catalina.startup.Catalina load
資訊: Initialization processed in 2955 ms
2009/4/28 上午 07:58:52 org.apache.catalina.core.StandardService start
資訊: Starting service Catalina
2009/4/28 上午 07:58:52 org.apache.catalina.core.StandardEngine start
資訊: Starting Servlet Engine: Apache Tomcat/5.5.27
2009/4/28 上午 07:58:52 org.apache.catalina.core.StandardHost start
資訊: XML validation disabled
2009/4/28 上午 08:00:14 org.apache.coyote.http11.Http11BaseProtocol start
資訊: Starting Coyote HTTP/1.1 on http-8080
2009/4/28 上午 08:00:15 org.apache.jk.common.ChannelSocket init
資訊: JK: ajp13 listening on /0.0.0.0:8009
2009/4/28 上午 08:00:15 org.apache.jk.server.JkMain start
資訊: Jk running ID=0 time=0/593  config=null
2009/4/28 上午 08:00:15 org.apache.catalina.storeconfig.StoreLoader load
資訊: Find registry server-registry.xml at classpath resource
2009/4/28 上午 08:00:15 org.apache.catalina.startup.Catalina start
資訊: Server startup in 83758 ms
2009/4/28 上午 08:00:53 org.apache.coyote.http11.Http11BaseProtocol pause
資訊: Pausing Coyote HTTP/1.1 on http-8080
2009/4/28 上午 08:00:54 org.apache.catalina.core.StandardService stop
資訊: Stopping service Catalina
2009/4/28 上午 08:02:56 org.apache.catalina.core.AprLifecycleListener lifecycleEvent
資訊: The Apache Tomcat Native library which allows optimal performance in production environments was not found on the java.library.path: d:\Java\jdk1.5.0_16\bin;.;C:\WINDOWS\system32;C:\WINDOWS;D:\java\apache-ant-1.7.1\bin;D:\Adobe\AIR_SDK\bin;d:\oracle\product\10.2.0\db_1\bin;d:\Java\jdk1.5.0_16\bin;C:\Perl\site\bin;C:\Perl\bin;E:\oracle\product\10.2.0\db_1\bin;d:\Java\jdk1.5.0_16\bin;D:\java\apache-ant-1.7.1\bin;D:\java\maven-2.0.6\bin;C:\WINDOWS\system32;C:\WINDOWS;C:\WINDOWS\System32\Wbem;C:\Program Files\ATI Technologies\ATI Control Panel;C:\Program Files\Microsoft SQL Server\90\Tools\binn\;C:\Program Files\VoiceAge\Common;C:\Program Files\QuickTime\QTSystem\
2009/4/28 上午 08:02:56 org.apache.coyote.http11.Http11BaseProtocol init
資訊: Initializing Coyote HTTP/1.1 on http-8080
2009/4/28 上午 08:02:56 org.apache.catalina.startup.Catalina load
資訊: Initialization processed in 1647 ms
2009/4/28 上午 08:02:56 org.apache.catalina.core.StandardService start
資訊: Starting service Catalina
2009/4/28 上午 08:02:56 org.apache.catalina.core.StandardEngine start
資訊: Starting Servlet Engine: Apache Tomcat/5.5.27
2009/4/28 上午 08:02:56 org.apache.catalina.core.StandardHost start
資訊: XML validation disabled
2009/4/28 上午 08:03:59 org.apache.coyote.http11.Http11BaseProtocol start
資訊: Starting Coyote HTTP/1.1 on http-8080
2009/4/28 上午 08:04:00 org.apache.jk.common.ChannelSocket init
資訊: JK: ajp13 listening on /0.0.0.0:8009
2009/4/28 上午 08:04:00 org.apache.jk.server.JkMain start
資訊: Jk running ID=0 time=0/62  config=null
2009/4/28 上午 08:04:00 org.apache.catalina.storeconfig.StoreLoader load
資訊: Find registry server-registry.xml at classpath resource
2009/4/28 上午 08:04:00 org.apache.catalina.startup.Catalina start
資訊: Server startup in 64626 ms
2009/4/28 下午 05:23:01 org.apache.coyote.http11.Http11BaseProtocol pause
資訊: Pausing Coyote HTTP/1.1 on http-8080
2009/4/28 下午 05:23:02 org.apache.catalina.core.StandardService stop
資訊: Stopping service Catalina
2009/4/28 下午 05:23:03 org.apache.catalina.core.StandardWrapper unload
資訊: Waiting for 1 instance(s) to be deallocated
2009/4/28 下午 05:23:11 org.apache.catalina.core.AprLifecycleListener lifecycleEvent
資訊: The Apache Tomcat Native library which allows optimal performance in production environments was not found on the java.library.path: d:\Java\jdk1.5.0_16\bin;.;C:\WINDOWS\system32;C:\WINDOWS;D:\java\apache-ant-1.7.1\bin;D:\Adobe\AIR_SDK\bin;d:\oracle\product\10.2.0\db_1\bin;d:\Java\jdk1.5.0_16\bin;C:\Perl\site\bin;C:\Perl\bin;E:\oracle\product\10.2.0\db_1\bin;d:\Java\jdk1.5.0_16\bin;D:\java\apache-ant-1.7.1\bin;D:\java\maven-2.0.6\bin;C:\WINDOWS\system32;C:\WINDOWS;C:\WINDOWS\System32\Wbem;C:\Program Files\ATI Technologies\ATI Control Panel;C:\Program Files\Microsoft SQL Server\90\Tools\binn\;C:\Program Files\VoiceAge\Common;C:\Program Files\QuickTime\QTSystem\
2009/4/28 下午 05:23:11 org.apache.coyote.http11.Http11BaseProtocol init
資訊: Initializing Coyote HTTP/1.1 on http-8080
2009/4/28 下午 05:23:11 org.apache.catalina.startup.Catalina load
資訊: Initialization processed in 2156 ms
2009/4/28 下午 05:23:11 org.apache.catalina.core.StandardService start
資訊: Starting service Catalina
2009/4/28 下午 05:23:12 org.apache.catalina.core.StandardEngine start
資訊: Starting Servlet Engine: Apache Tomcat/5.5.27
2009/4/28 下午 05:23:12 org.apache.catalina.core.StandardHost start
資訊: XML validation disabled
2009/4/28 下午 05:24:18 org.apache.coyote.http11.Http11BaseProtocol start
資訊: Starting Coyote HTTP/1.1 on http-8080
2009/4/28 下午 05:24:19 org.apache.jk.common.ChannelSocket init
資訊: JK: ajp13 listening on /0.0.0.0:8009
2009/4/28 下午 05:24:19 org.apache.jk.server.JkMain start
資訊: Jk running ID=0 time=0/79  config=null
2009/4/28 下午 05:24:19 org.apache.catalina.storeconfig.StoreLoader load
資訊: Find registry server-registry.xml at classpath resource
2009/4/28 下午 05:24:19 org.apache.catalina.startup.Catalina start
資訊: Server startup in 67907 ms
