2009/4/24 上午 09:09:57 org.apache.coyote.http11.Http11BaseProtocol pause
資訊: Pausing Coyote HTTP/1.1 on http-8080
2009/4/24 上午 09:09:58 org.apache.catalina.core.StandardService stop
資訊: Stopping service Catalina
2009/4/24 上午 09:09:58 org.apache.catalina.core.StandardWrapper unload
資訊: Waiting for 1 instance(s) to be deallocated
2009/4/24 上午 09:14:06 org.apache.catalina.core.AprLifecycleListener lifecycleEvent
資訊: The Apache Tomcat Native library which allows optimal performance in production environments was not found on the java.library.path: d:\Java\jdk1.5.0_16\bin;.;C:\WINDOWS\system32;C:\WINDOWS;D:\java\apache-ant-1.7.1\bin;D:\Adobe\AIR_SDK\bin;d:\oracle\product\10.2.0\db_1\bin;d:\Java\jdk1.5.0_16\bin;C:\Perl\site\bin;C:\Perl\bin;E:\oracle\product\10.2.0\db_1\bin;d:\Java\jdk1.5.0_16\bin;D:\java\apache-ant-1.7.1\bin;D:\java\maven-2.0.6\bin;C:\WINDOWS\system32;C:\WINDOWS;C:\WINDOWS\System32\Wbem;C:\Program Files\ATI Technologies\ATI Control Panel;C:\Program Files\Microsoft SQL Server\90\Tools\binn\;C:\Program Files\VoiceAge\Common;C:\Program Files\QuickTime\QTSystem\
2009/4/24 上午 09:14:06 org.apache.coyote.http11.Http11BaseProtocol init
資訊: Initializing Coyote HTTP/1.1 on http-8080
2009/4/24 上午 09:14:06 org.apache.catalina.startup.Catalina load
資訊: Initialization processed in 2953 ms
2009/4/24 上午 09:14:07 org.apache.catalina.core.StandardService start
資訊: Starting service Catalina
2009/4/24 上午 09:14:07 org.apache.catalina.core.StandardEngine start
資訊: Starting Servlet Engine: Apache Tomcat/5.5.27
2009/4/24 上午 09:14:07 org.apache.catalina.core.StandardHost start
資訊: XML validation disabled
2009/4/24 上午 09:14:09 org.apache.catalina.startup.HostConfig deployWAR
資訊: Deploying web application archive eFID.war
2009/4/24 上午 09:15:11 org.apache.coyote.http11.Http11BaseProtocol start
資訊: Starting Coyote HTTP/1.1 on http-8080
2009/4/24 上午 09:15:12 org.apache.jk.common.ChannelSocket init
資訊: JK: ajp13 listening on /0.0.0.0:8009
2009/4/24 上午 09:15:12 org.apache.jk.server.JkMain start
資訊: Jk running ID=0 time=0/125  config=null
2009/4/24 上午 09:15:12 org.apache.catalina.storeconfig.StoreLoader load
資訊: Find registry server-registry.xml at classpath resource
2009/4/24 上午 09:15:12 org.apache.catalina.startup.Catalina start
資訊: Server startup in 65781 ms
2009/4/24 上午 09:38:14 org.apache.coyote.http11.Http11BaseProtocol pause
資訊: Pausing Coyote HTTP/1.1 on http-8080
2009/4/24 上午 09:38:15 org.apache.catalina.core.StandardService stop
資訊: Stopping service Catalina
2009/4/24 上午 09:38:15 org.apache.catalina.core.StandardWrapper unload
資訊: Waiting for 1 instance(s) to be deallocated
2009/4/24 上午 09:38:43 org.apache.catalina.core.AprLifecycleListener lifecycleEvent
資訊: The Apache Tomcat Native library which allows optimal performance in production environments was not found on the java.library.path: d:\Java\jdk1.5.0_16\bin;.;C:\WINDOWS\system32;C:\WINDOWS;D:\java\apache-ant-1.7.1\bin;D:\Adobe\AIR_SDK\bin;d:\oracle\product\10.2.0\db_1\bin;d:\Java\jdk1.5.0_16\bin;C:\Perl\site\bin;C:\Perl\bin;E:\oracle\product\10.2.0\db_1\bin;d:\Java\jdk1.5.0_16\bin;D:\java\apache-ant-1.7.1\bin;D:\java\maven-2.0.6\bin;C:\WINDOWS\system32;C:\WINDOWS;C:\WINDOWS\System32\Wbem;C:\Program Files\ATI Technologies\ATI Control Panel;C:\Program Files\Microsoft SQL Server\90\Tools\binn\;C:\Program Files\VoiceAge\Common;C:\Program Files\QuickTime\QTSystem\
2009/4/24 上午 09:38:43 org.apache.coyote.http11.Http11BaseProtocol init
資訊: Initializing Coyote HTTP/1.1 on http-8080
2009/4/24 上午 09:38:43 org.apache.catalina.startup.Catalina load
資訊: Initialization processed in 1625 ms
2009/4/24 上午 09:38:43 org.apache.catalina.core.StandardService start
資訊: Starting service Catalina
2009/4/24 上午 09:38:43 org.apache.catalina.core.StandardEngine start
資訊: Starting Servlet Engine: Apache Tomcat/5.5.27
2009/4/24 上午 09:38:43 org.apache.catalina.core.StandardHost start
資訊: XML validation disabled
2009/4/24 上午 09:38:45 org.apache.catalina.startup.HostConfig deployWAR
資訊: Deploying web application archive eFID.war
2009/4/24 上午 09:39:50 org.apache.coyote.http11.Http11BaseProtocol start
資訊: Starting Coyote HTTP/1.1 on http-8080
2009/4/24 上午 09:39:51 org.apache.jk.common.ChannelSocket init
資訊: JK: ajp13 listening on /0.0.0.0:8009
2009/4/24 上午 09:39:51 org.apache.jk.server.JkMain start
資訊: Jk running ID=0 time=0/63  config=null
2009/4/24 上午 09:39:51 org.apache.catalina.storeconfig.StoreLoader load
資訊: Find registry server-registry.xml at classpath resource
2009/4/24 上午 09:39:51 org.apache.catalina.startup.Catalina start
資訊: Server startup in 67874 ms
2009/4/24 上午 10:31:00 org.apache.catalina.core.AprLifecycleListener lifecycleEvent
資訊: The Apache Tomcat Native library which allows optimal performance in production environments was not found on the java.library.path: d:\Java\jdk1.5.0_16\bin;.;C:\WINDOWS\system32;C:\WINDOWS;D:\java\apache-ant-1.7.1\bin;D:\Adobe\AIR_SDK\bin;d:\oracle\product\10.2.0\db_1\bin;d:\Java\jdk1.5.0_16\bin;C:\Perl\site\bin;C:\Perl\bin;E:\oracle\product\10.2.0\db_1\bin;d:\Java\jdk1.5.0_16\bin;D:\java\apache-ant-1.7.1\bin;D:\java\maven-2.0.6\bin;C:\WINDOWS\system32;C:\WINDOWS;C:\WINDOWS\System32\Wbem;C:\Program Files\ATI Technologies\ATI Control Panel;C:\Program Files\Microsoft SQL Server\90\Tools\binn\;C:\Program Files\VoiceAge\Common;C:\Program Files\QuickTime\QTSystem\
2009/4/24 上午 10:31:01 org.apache.coyote.http11.Http11BaseProtocol init
資訊: Initializing Coyote HTTP/1.1 on http-8080
2009/4/24 上午 10:31:01 org.apache.catalina.startup.Catalina load
資訊: Initialization processed in 1875 ms
2009/4/24 上午 10:31:01 org.apache.catalina.core.StandardService start
資訊: Starting service Catalina
2009/4/24 上午 10:31:01 org.apache.catalina.core.StandardEngine start
資訊: Starting Servlet Engine: Apache Tomcat/5.5.27
2009/4/24 上午 10:31:01 org.apache.catalina.core.StandardHost start
資訊: XML validation disabled
2009/4/24 上午 10:32:20 org.apache.coyote.http11.Http11BaseProtocol start
資訊: Starting Coyote HTTP/1.1 on http-8080
2009/4/24 上午 10:32:21 org.apache.jk.common.ChannelSocket init
資訊: JK: ajp13 listening on /0.0.0.0:8009
2009/4/24 上午 10:32:21 org.apache.jk.server.JkMain start
資訊: Jk running ID=0 time=0/172  config=null
2009/4/24 上午 10:32:22 org.apache.catalina.storeconfig.StoreLoader load
資訊: Find registry server-registry.xml at classpath resource
2009/4/24 上午 10:32:22 org.apache.catalina.startup.Catalina start
資訊: Server startup in 81264 ms
2009/4/24 上午 10:43:17 org.apache.coyote.http11.Http11BaseProtocol pause
資訊: Pausing Coyote HTTP/1.1 on http-8080
2009/4/24 上午 10:43:18 org.apache.catalina.core.StandardService stop
資訊: Stopping service Catalina
2009/4/24 上午 10:43:18 org.apache.catalina.core.StandardWrapper unload
資訊: Waiting for 2 instance(s) to be deallocated
2009/4/24 上午 10:46:08 org.apache.catalina.core.AprLifecycleListener lifecycleEvent
資訊: The Apache Tomcat Native library which allows optimal performance in production environments was not found on the java.library.path: d:\Java\jdk1.5.0_16\bin;.;C:\WINDOWS\system32;C:\WINDOWS;D:\java\apache-ant-1.7.1\bin;D:\Adobe\AIR_SDK\bin;d:\oracle\product\10.2.0\db_1\bin;d:\Java\jdk1.5.0_16\bin;C:\Perl\site\bin;C:\Perl\bin;E:\oracle\product\10.2.0\db_1\bin;d:\Java\jdk1.5.0_16\bin;D:\java\apache-ant-1.7.1\bin;D:\java\maven-2.0.6\bin;C:\WINDOWS\system32;C:\WINDOWS;C:\WINDOWS\System32\Wbem;C:\Program Files\ATI Technologies\ATI Control Panel;C:\Program Files\Microsoft SQL Server\90\Tools\binn\;C:\Program Files\VoiceAge\Common;C:\Program Files\QuickTime\QTSystem\
2009/4/24 上午 10:46:08 org.apache.coyote.http11.Http11BaseProtocol init
資訊: Initializing Coyote HTTP/1.1 on http-8080
2009/4/24 上午 10:46:08 org.apache.catalina.startup.Catalina load
資訊: Initialization processed in 1641 ms
2009/4/24 上午 10:46:09 org.apache.catalina.core.StandardService start
資訊: Starting service Catalina
2009/4/24 上午 10:46:09 org.apache.catalina.core.StandardEngine start
資訊: Starting Servlet Engine: Apache Tomcat/5.5.27
2009/4/24 上午 10:46:09 org.apache.catalina.core.StandardHost start
資訊: XML validation disabled
2009/4/24 上午 10:47:06 org.apache.coyote.http11.Http11BaseProtocol start
資訊: Starting Coyote HTTP/1.1 on http-8080
2009/4/24 上午 10:47:06 org.apache.jk.common.ChannelSocket init
資訊: JK: ajp13 listening on /0.0.0.0:8009
2009/4/24 上午 10:47:06 org.apache.jk.server.JkMain start
資訊: Jk running ID=0 time=0/47  config=null
2009/4/24 上午 10:47:06 org.apache.catalina.storeconfig.StoreLoader load
資訊: Find registry server-registry.xml at classpath resource
2009/4/24 上午 10:47:07 org.apache.catalina.startup.Catalina start
資訊: Server startup in 58562 ms
2009/4/24 上午 10:50:18 org.apache.tomcat.util.http.Parameters processParameters
警告: Parameters: Invalid chunk ignored.
2009/4/24 下午 02:31:54 org.apache.coyote.http11.Http11BaseProtocol pause
資訊: Pausing Coyote HTTP/1.1 on http-8080
2009/4/24 下午 02:31:55 org.apache.catalina.core.StandardService stop
資訊: Stopping service Catalina
2009/4/24 下午 02:31:55 org.apache.catalina.core.StandardWrapper unload
資訊: Waiting for 1 instance(s) to be deallocated
2009/4/24 下午 02:31:56 org.apache.catalina.core.StandardWrapper unload
資訊: Waiting for 1 instance(s) to be deallocated
2009/4/24 下午 02:31:57 org.apache.catalina.core.StandardWrapper unload
資訊: Waiting for 1 instance(s) to be deallocated
2009/4/24 下午 02:31:57 org.apache.catalina.core.StandardWrapper unload
資訊: Waiting for 1 instance(s) to be deallocated
2009/4/24 下午 02:31:58 org.apache.catalina.core.StandardWrapper unload
資訊: Waiting for 1 instance(s) to be deallocated
2009/4/24 下午 02:31:59 org.apache.catalina.core.StandardWrapper unload
資訊: Waiting for 1 instance(s) to be deallocated
2009/4/24 下午 02:32:10 org.apache.coyote.http11.Http11BaseProtocol destroy
資訊: Stopping Coyote HTTP/1.1 on http-8080
2009/4/24 下午 02:32:11 org.apache.catalina.core.AprLifecycleListener lifecycleEvent
資訊: Failed shutdown of Apache Portable Runtime
2009/4/24 下午 02:34:38 org.apache.catalina.core.AprLifecycleListener lifecycleEvent
資訊: The Apache Tomcat Native library which allows optimal performance in production environments was not found on the java.library.path: d:\Java\jdk1.5.0_16\bin;.;C:\WINDOWS\system32;C:\WINDOWS;D:\java\apache-ant-1.7.1\bin;D:\Adobe\AIR_SDK\bin;d:\oracle\product\10.2.0\db_1\bin;d:\Java\jdk1.5.0_16\bin;C:\Perl\site\bin;C:\Perl\bin;E:\oracle\product\10.2.0\db_1\bin;d:\Java\jdk1.5.0_16\bin;D:\java\apache-ant-1.7.1\bin;D:\java\maven-2.0.6\bin;C:\WINDOWS\system32;C:\WINDOWS;C:\WINDOWS\System32\Wbem;C:\Program Files\ATI Technologies\ATI Control Panel;C:\Program Files\Microsoft SQL Server\90\Tools\binn\;C:\Program Files\VoiceAge\Common;C:\Program Files\QuickTime\QTSystem\
2009/4/24 下午 02:34:39 org.apache.coyote.http11.Http11BaseProtocol init
資訊: Initializing Coyote HTTP/1.1 on http-8080
2009/4/24 下午 02:34:39 org.apache.catalina.startup.Catalina load
資訊: Initialization processed in 1953 ms
2009/4/24 下午 02:34:39 org.apache.catalina.core.StandardService start
資訊: Starting service Catalina
2009/4/24 下午 02:34:39 org.apache.catalina.core.StandardEngine start
資訊: Starting Servlet Engine: Apache Tomcat/5.5.27
2009/4/24 下午 02:34:39 org.apache.catalina.core.StandardHost start
資訊: XML validation disabled
2009/4/24 下午 02:35:49 org.apache.coyote.http11.Http11BaseProtocol start
資訊: Starting Coyote HTTP/1.1 on http-8080
2009/4/24 下午 02:35:49 org.apache.jk.common.ChannelSocket init
資訊: JK: ajp13 listening on /0.0.0.0:8009
2009/4/24 下午 02:35:49 org.apache.jk.server.JkMain start
資訊: Jk running ID=0 time=0/46  config=null
2009/4/24 下午 02:35:50 org.apache.catalina.storeconfig.StoreLoader load
資訊: Find registry server-registry.xml at classpath resource
2009/4/24 下午 02:35:50 org.apache.catalina.startup.Catalina start
資訊: Server startup in 71811 ms
2009/4/24 下午 05:44:11 org.apache.coyote.http11.Http11BaseProtocol pause
資訊: Pausing Coyote HTTP/1.1 on http-8080
2009/4/24 下午 05:44:12 org.apache.catalina.core.StandardService stop
資訊: Stopping service Catalina
2009/4/24 下午 05:44:12 org.apache.catalina.core.StandardWrapper unload
資訊: Waiting for 1 instance(s) to be deallocated
