2009/4/30 上午 10:11:32 org.apache.coyote.http11.Http11BaseProtocol pause
資訊: Pausing Coyote HTTP/1.1 on http-8080
2009/4/30 上午 10:11:42 org.apache.catalina.core.AprLifecycleListener lifecycleEvent
資訊: The Apache Tomcat Native library which allows optimal performance in production environments was not found on the java.library.path: d:\Java\jdk1.5.0_16\bin;.;C:\WINDOWS\system32;C:\WINDOWS;D:\java\apache-ant-1.7.1\bin;D:\Adobe\AIR_SDK\bin;d:\oracle\product\10.2.0\db_1\bin;d:\Java\jdk1.5.0_16\bin;C:\Perl\site\bin;C:\Perl\bin;E:\oracle\product\10.2.0\db_1\bin;d:\Java\jdk1.5.0_16\bin;D:\java\apache-ant-1.7.1\bin;D:\java\maven-2.0.6\bin;C:\WINDOWS\system32;C:\WINDOWS;C:\WINDOWS\System32\Wbem;C:\Program Files\ATI Technologies\ATI Control Panel;C:\Program Files\Microsoft SQL Server\90\Tools\binn\;C:\Program Files\VoiceAge\Common;C:\Program Files\QuickTime\QTSystem\
2009/4/30 上午 10:11:42 org.apache.coyote.http11.Http11BaseProtocol init
資訊: Initializing Coyote HTTP/1.1 on http-8080
2009/4/30 上午 10:11:42 org.apache.catalina.startup.Catalina load
資訊: Initialization processed in 2169 ms
2009/4/30 上午 10:11:43 org.apache.catalina.core.StandardService start
資訊: Starting service Catalina
2009/4/30 上午 10:11:43 org.apache.catalina.core.StandardEngine start
資訊: Starting Servlet Engine: Apache Tomcat/5.5.27
2009/4/30 上午 10:11:43 org.apache.catalina.core.StandardHost start
資訊: XML validation disabled
2009/4/30 上午 10:12:38 org.apache.coyote.http11.Http11BaseProtocol start
資訊: Starting Coyote HTTP/1.1 on http-8080
2009/4/30 上午 10:12:39 org.apache.jk.common.ChannelSocket init
資訊: JK: ajp13 listening on /0.0.0.0:8009
2009/4/30 上午 10:12:39 org.apache.jk.server.JkMain start
資訊: Jk running ID=0 time=0/171  config=null
2009/4/30 上午 10:12:39 org.apache.catalina.storeconfig.StoreLoader load
資訊: Find registry server-registry.xml at classpath resource
2009/4/30 上午 10:12:39 org.apache.catalina.startup.Catalina start
資訊: Server startup in 57110 ms
2009/4/30 下午 03:20:10 org.apache.coyote.http11.Http11BaseProtocol pause
資訊: Pausing Coyote HTTP/1.1 on http-8080
2009/4/30 下午 03:20:11 org.apache.catalina.core.StandardService stop
資訊: Stopping service Catalina
2009/4/30 下午 03:20:40 org.apache.catalina.core.AprLifecycleListener lifecycleEvent
資訊: The Apache Tomcat Native library which allows optimal performance in production environments was not found on the java.library.path: d:\Java\jdk1.5.0_16\bin;.;C:\WINDOWS\system32;C:\WINDOWS;D:\java\apache-ant-1.7.1\bin;D:\Adobe\AIR_SDK\bin;d:\oracle\product\10.2.0\db_1\bin;d:\Java\jdk1.5.0_16\bin;C:\Perl\site\bin;C:\Perl\bin;E:\oracle\product\10.2.0\db_1\bin;d:\Java\jdk1.5.0_16\bin;D:\java\apache-ant-1.7.1\bin;D:\java\maven-2.0.6\bin;C:\WINDOWS\system32;C:\WINDOWS;C:\WINDOWS\System32\Wbem;C:\Program Files\ATI Technologies\ATI Control Panel;C:\Program Files\Microsoft SQL Server\90\Tools\binn\;C:\Program Files\VoiceAge\Common;C:\Program Files\QuickTime\QTSystem\
2009/4/30 下午 03:20:41 org.apache.coyote.http11.Http11BaseProtocol init
資訊: Initializing Coyote HTTP/1.1 on http-8080
2009/4/30 下午 03:20:41 org.apache.catalina.startup.Catalina load
資訊: Initialization processed in 2626 ms
2009/4/30 下午 03:20:41 org.apache.catalina.core.StandardService start
資訊: Starting service Catalina
2009/4/30 下午 03:20:41 org.apache.catalina.core.StandardEngine start
資訊: Starting Servlet Engine: Apache Tomcat/5.5.27
2009/4/30 下午 03:20:41 org.apache.catalina.core.StandardHost start
資訊: XML validation disabled
2009/4/30 下午 03:21:59 org.apache.coyote.http11.Http11BaseProtocol start
資訊: Starting Coyote HTTP/1.1 on http-8080
2009/4/30 下午 03:21:59 org.apache.jk.common.ChannelSocket init
資訊: JK: ajp13 listening on /0.0.0.0:8009
2009/4/30 下午 03:21:59 org.apache.jk.server.JkMain start
資訊: Jk running ID=0 time=0/78  config=null
2009/4/30 下午 03:21:59 org.apache.catalina.storeconfig.StoreLoader load
資訊: Find registry server-registry.xml at classpath resource
2009/4/30 下午 03:22:00 org.apache.catalina.startup.Catalina start
資訊: Server startup in 78807 ms
2009/4/30 下午 05:20:40 org.apache.coyote.http11.Http11BaseProtocol pause
資訊: Pausing Coyote HTTP/1.1 on http-8080
2009/4/30 下午 05:21:27 org.apache.catalina.core.AprLifecycleListener lifecycleEvent
資訊: The Apache Tomcat Native library which allows optimal performance in production environments was not found on the java.library.path: d:\Java\jdk1.5.0_16\bin;.;C:\WINDOWS\system32;C:\WINDOWS;D:\java\apache-ant-1.7.1\bin;D:\Adobe\AIR_SDK\bin;d:\oracle\product\10.2.0\db_1\bin;d:\Java\jdk1.5.0_16\bin;C:\Perl\site\bin;C:\Perl\bin;E:\oracle\product\10.2.0\db_1\bin;d:\Java\jdk1.5.0_16\bin;D:\java\apache-ant-1.7.1\bin;D:\java\maven-2.0.6\bin;C:\WINDOWS\system32;C:\WINDOWS;C:\WINDOWS\System32\Wbem;C:\Program Files\ATI Technologies\ATI Control Panel;C:\Program Files\Microsoft SQL Server\90\Tools\binn\;C:\Program Files\VoiceAge\Common;C:\Program Files\QuickTime\QTSystem\
2009/4/30 下午 05:21:27 org.apache.coyote.http11.Http11BaseProtocol init
資訊: Initializing Coyote HTTP/1.1 on http-8080
2009/4/30 下午 05:21:27 org.apache.catalina.startup.Catalina load
資訊: Initialization processed in 2376 ms
2009/4/30 下午 05:21:28 org.apache.catalina.core.StandardService start
資訊: Starting service Catalina
2009/4/30 下午 05:21:28 org.apache.catalina.core.StandardEngine start
資訊: Starting Servlet Engine: Apache Tomcat/5.5.27
2009/4/30 下午 05:21:28 org.apache.catalina.core.StandardHost start
資訊: XML validation disabled
2009/4/30 下午 05:23:13 org.apache.coyote.http11.Http11BaseProtocol start
資訊: Starting Coyote HTTP/1.1 on http-8080
2009/4/30 下午 05:23:14 org.apache.jk.common.ChannelSocket init
資訊: JK: ajp13 listening on /0.0.0.0:8009
2009/4/30 下午 05:23:15 org.apache.jk.server.JkMain start
資訊: Jk running ID=0 time=0/281  config=null
2009/4/30 下午 05:23:15 org.apache.catalina.storeconfig.StoreLoader load
資訊: Find registry server-registry.xml at classpath resource
2009/4/30 下午 05:23:16 org.apache.catalina.startup.Catalina start
資訊: Server startup in 108363 ms
2009/4/30 下午 05:30:50 org.apache.coyote.http11.Http11BaseProtocol pause
資訊: Pausing Coyote HTTP/1.1 on http-8080
2009/4/30 下午 05:30:51 org.apache.catalina.core.StandardService stop
資訊: Stopping service Catalina
