2009/4/21 上午 09:49:24 org.apache.catalina.core.AprLifecycleListener lifecycleEvent
資訊: The Apache Tomcat Native library which allows optimal performance in production environments was not found on the java.library.path: d:\Java\jdk1.5.0_16\bin;.;C:\WINDOWS\system32;C:\WINDOWS;D:\java\apache-ant-1.7.1\bin;D:\Adobe\AIR_SDK\bin;d:\oracle\product\10.2.0\db_1\bin;d:\Java\jdk1.5.0_16\bin;C:\Perl\site\bin;C:\Perl\bin;E:\oracle\product\10.2.0\db_1\bin;d:\Java\jdk1.5.0_16\bin;D:\java\apache-ant-1.7.1\bin;D:\java\maven-2.0.6\bin;C:\WINDOWS\system32;C:\WINDOWS;C:\WINDOWS\System32\Wbem;C:\Program Files\ATI Technologies\ATI Control Panel;C:\Program Files\Microsoft SQL Server\90\Tools\binn\;C:\Program Files\VoiceAge\Common;C:\Program Files\QuickTime\QTSystem\
2009/4/21 上午 09:49:25 org.apache.coyote.http11.Http11BaseProtocol init
資訊: Initializing Coyote HTTP/1.1 on http-8080
2009/4/21 上午 09:49:25 org.apache.catalina.startup.Catalina load
資訊: Initialization processed in 1953 ms
2009/4/21 上午 09:49:25 org.apache.catalina.core.StandardService start
資訊: Starting service Catalina
2009/4/21 上午 09:49:25 org.apache.catalina.core.StandardEngine start
資訊: Starting Servlet Engine: Apache Tomcat/5.5.27
2009/4/21 上午 09:49:25 org.apache.catalina.core.StandardHost start
資訊: XML validation disabled
2009/4/21 上午 09:50:26 org.apache.coyote.http11.Http11BaseProtocol start
資訊: Starting Coyote HTTP/1.1 on http-8080
2009/4/21 上午 09:50:26 org.apache.jk.common.ChannelSocket init
資訊: JK: ajp13 listening on /0.0.0.0:8009
2009/4/21 上午 09:50:26 org.apache.jk.server.JkMain start
資訊: Jk running ID=0 time=0/47  config=null
2009/4/21 上午 09:50:26 org.apache.catalina.storeconfig.StoreLoader load
資訊: Find registry server-registry.xml at classpath resource
2009/4/21 上午 09:50:26 org.apache.catalina.startup.Catalina start
資訊: Server startup in 61546 ms
2009/4/21 上午 10:21:07 org.apache.catalina.core.StandardService stop
資訊: Stopping service Catalina
2009/4/21 上午 10:21:08 org.apache.catalina.core.StandardWrapper unload
資訊: Waiting for 2 instance(s) to be deallocated
2009/4/21 上午 10:21:09 org.apache.catalina.core.StandardWrapper unload
資訊: Waiting for 2 instance(s) to be deallocated
2009/4/21 上午 10:21:26 org.apache.catalina.core.AprLifecycleListener lifecycleEvent
資訊: The Apache Tomcat Native library which allows optimal performance in production environments was not found on the java.library.path: d:\Java\jdk1.5.0_16\bin;.;C:\WINDOWS\system32;C:\WINDOWS;D:\java\apache-ant-1.7.1\bin;D:\Adobe\AIR_SDK\bin;d:\oracle\product\10.2.0\db_1\bin;d:\Java\jdk1.5.0_16\bin;C:\Perl\site\bin;C:\Perl\bin;E:\oracle\product\10.2.0\db_1\bin;d:\Java\jdk1.5.0_16\bin;D:\java\apache-ant-1.7.1\bin;D:\java\maven-2.0.6\bin;C:\WINDOWS\system32;C:\WINDOWS;C:\WINDOWS\System32\Wbem;C:\Program Files\ATI Technologies\ATI Control Panel;C:\Program Files\Microsoft SQL Server\90\Tools\binn\;C:\Program Files\VoiceAge\Common;C:\Program Files\QuickTime\QTSystem\
2009/4/21 上午 10:21:26 org.apache.coyote.http11.Http11BaseProtocol init
資訊: Initializing Coyote HTTP/1.1 on http-8080
2009/4/21 上午 10:21:26 org.apache.catalina.startup.Catalina load
資訊: Initialization processed in 1672 ms
2009/4/21 上午 10:21:26 org.apache.catalina.core.StandardService start
資訊: Starting service Catalina
2009/4/21 上午 10:21:26 org.apache.catalina.core.StandardEngine start
資訊: Starting Servlet Engine: Apache Tomcat/5.5.27
2009/4/21 上午 10:21:26 org.apache.catalina.core.StandardHost start
資訊: XML validation disabled
2009/4/21 上午 10:22:21 org.apache.coyote.http11.Http11BaseProtocol start
資訊: Starting Coyote HTTP/1.1 on http-8080
2009/4/21 上午 10:22:22 org.apache.jk.common.ChannelSocket init
資訊: JK: ajp13 listening on /0.0.0.0:8009
2009/4/21 上午 10:22:22 org.apache.jk.server.JkMain start
資訊: Jk running ID=0 time=0/62  config=null
2009/4/21 上午 10:22:22 org.apache.catalina.storeconfig.StoreLoader load
資訊: Find registry server-registry.xml at classpath resource
2009/4/21 上午 10:22:22 org.apache.catalina.startup.Catalina start
資訊: Server startup in 56014 ms
