2009/5/26 上午 08:26:12 org.apache.catalina.core.ApplicationContext log
資訊: org.apache.webapp.balancer.BalancerFilter: init(): ruleChain: [org.apache.webapp.balancer.RuleChain: [org.apache.webapp.balancer.rules.URLStringMatchRule: Target string: News / Redirect URL: http://www.cnn.com], [org.apache.webapp.balancer.rules.RequestParameterRule: Target param name: paramName / Target param value: paramValue / Redirect URL: http://www.yahoo.com], [org.apache.webapp.balancer.rules.AcceptEverythingRule: Redirect URL: http://jakarta.apache.org]]
2009/5/26 上午 08:26:43 org.apache.catalina.core.ApplicationContext log
資訊: org.apache.webapp.balancer.BalancerFilter: init(): ruleChain: [org.apache.webapp.balancer.RuleChain: [org.apache.webapp.balancer.rules.URLStringMatchRule: Target string: News / Redirect URL: http://www.cnn.com], [org.apache.webapp.balancer.rules.RequestParameterRule: Target param name: paramName / Target param value: paramValue / Redirect URL: http://www.yahoo.com], [org.apache.webapp.balancer.rules.AcceptEverythingRule: Redirect URL: http://jakarta.apache.org]]
2009/5/26 上午 08:27:07 org.apache.catalina.core.ApplicationContext log
資訊: org.apache.webapp.balancer.BalancerFilter: init(): ruleChain: [org.apache.webapp.balancer.RuleChain: [org.apache.webapp.balancer.rules.URLStringMatchRule: Target string: News / Redirect URL: http://www.cnn.com], [org.apache.webapp.balancer.rules.RequestParameterRule: Target param name: paramName / Target param value: paramValue / Redirect URL: http://www.yahoo.com], [org.apache.webapp.balancer.rules.AcceptEverythingRule: Redirect URL: http://jakarta.apache.org]]
2009/5/26 上午 08:27:22 org.apache.catalina.core.ApplicationContext log
資訊: org.apache.webapp.balancer.BalancerFilter: init(): ruleChain: [org.apache.webapp.balancer.RuleChain: [org.apache.webapp.balancer.rules.URLStringMatchRule: Target string: News / Redirect URL: http://www.cnn.com], [org.apache.webapp.balancer.rules.RequestParameterRule: Target param name: paramName / Target param value: paramValue / Redirect URL: http://www.yahoo.com], [org.apache.webapp.balancer.rules.AcceptEverythingRule: Redirect URL: http://jakarta.apache.org]]
2009/5/26 上午 08:28:02 org.apache.catalina.core.ApplicationContext log
資訊: ContextListener: contextInitialized()
2009/5/26 上午 08:28:02 org.apache.catalina.core.ApplicationContext log
資訊: SessionListener: contextInitialized()
2009/5/26 上午 08:28:03 org.apache.catalina.core.ApplicationContext log
資訊: ContextListener: contextInitialized()
2009/5/26 上午 08:28:03 org.apache.catalina.core.ApplicationContext log
資訊: SessionListener: contextInitialized()
2009/5/26 上午 08:28:22 org.apache.catalina.core.ApplicationContext log
資訊: SessionListener: contextDestroyed()
2009/5/26 上午 08:28:22 org.apache.catalina.core.ApplicationContext log
資訊: ContextListener: contextDestroyed()
2009/5/26 上午 08:28:22 org.apache.catalina.core.ApplicationContext log
資訊: SessionListener: contextDestroyed()
2009/5/26 上午 08:28:22 org.apache.catalina.core.ApplicationContext log
資訊: ContextListener: contextDestroyed()
2009/5/26 上午 08:28:28 org.apache.catalina.core.ApplicationContext log
資訊: org.apache.webapp.balancer.BalancerFilter: init(): ruleChain: [org.apache.webapp.balancer.RuleChain: [org.apache.webapp.balancer.rules.URLStringMatchRule: Target string: News / Redirect URL: http://www.cnn.com], [org.apache.webapp.balancer.rules.RequestParameterRule: Target param name: paramName / Target param value: paramValue / Redirect URL: http://www.yahoo.com], [org.apache.webapp.balancer.rules.AcceptEverythingRule: Redirect URL: http://jakarta.apache.org]]
2009/5/26 上午 08:29:12 org.apache.catalina.core.ApplicationContext log
資訊: ContextListener: contextInitialized()
2009/5/26 上午 08:29:12 org.apache.catalina.core.ApplicationContext log
資訊: SessionListener: contextInitialized()
2009/5/26 上午 08:29:12 org.apache.catalina.core.ApplicationContext log
資訊: ContextListener: contextInitialized()
2009/5/26 上午 08:29:12 org.apache.catalina.core.ApplicationContext log
資訊: SessionListener: contextInitialized()
2009/5/26 下午 02:26:29 org.apache.catalina.core.ApplicationContext log
資訊: org.apache.webapp.balancer.BalancerFilter: init(): ruleChain: [org.apache.webapp.balancer.RuleChain: [org.apache.webapp.balancer.rules.URLStringMatchRule: Target string: News / Redirect URL: http://www.cnn.com], [org.apache.webapp.balancer.rules.RequestParameterRule: Target param name: paramName / Target param value: paramValue / Redirect URL: http://www.yahoo.com], [org.apache.webapp.balancer.rules.AcceptEverythingRule: Redirect URL: http://jakarta.apache.org]]
2009/5/26 下午 02:28:49 org.apache.catalina.core.ApplicationContext log
資訊: ContextListener: contextInitialized()
2009/5/26 下午 02:28:49 org.apache.catalina.core.ApplicationContext log
資訊: SessionListener: contextInitialized()
2009/5/26 下午 02:28:49 org.apache.catalina.core.ApplicationContext log
資訊: ContextListener: contextInitialized()
2009/5/26 下午 02:28:49 org.apache.catalina.core.ApplicationContext log
資訊: SessionListener: contextInitialized()
2009/5/26 下午 05:16:16 org.apache.catalina.core.ApplicationContext log
資訊: SessionListener: contextDestroyed()
2009/5/26 下午 05:16:16 org.apache.catalina.core.ApplicationContext log
資訊: ContextListener: contextDestroyed()
2009/5/26 下午 05:16:16 org.apache.catalina.core.ApplicationContext log
資訊: SessionListener: contextDestroyed()
2009/5/26 下午 05:16:16 org.apache.catalina.core.ApplicationContext log
資訊: ContextListener: contextDestroyed()
2009/5/26 下午 05:18:19 org.apache.catalina.core.ApplicationContext log
資訊: org.apache.webapp.balancer.BalancerFilter: init(): ruleChain: [org.apache.webapp.balancer.RuleChain: [org.apache.webapp.balancer.rules.URLStringMatchRule: Target string: News / Redirect URL: http://www.cnn.com], [org.apache.webapp.balancer.rules.RequestParameterRule: Target param name: paramName / Target param value: paramValue / Redirect URL: http://www.yahoo.com], [org.apache.webapp.balancer.rules.AcceptEverythingRule: Redirect URL: http://jakarta.apache.org]]
2009/5/26 下午 05:18:20 org.apache.catalina.core.ApplicationContext log
資訊: ContextListener: contextInitialized()
2009/5/26 下午 05:18:20 org.apache.catalina.core.ApplicationContext log
資訊: SessionListener: contextInitialized()
2009/5/26 下午 05:18:20 org.apache.catalina.core.ApplicationContext log
資訊: ContextListener: contextInitialized()
2009/5/26 下午 05:18:20 org.apache.catalina.core.ApplicationContext log
資訊: SessionListener: contextInitialized()
2009/5/26 下午 05:18:32 org.apache.catalina.core.ApplicationContext log
資訊: SessionListener: contextDestroyed()
2009/5/26 下午 05:18:32 org.apache.catalina.core.ApplicationContext log
資訊: ContextListener: contextDestroyed()
2009/5/26 下午 05:18:32 org.apache.catalina.core.ApplicationContext log
資訊: SessionListener: contextDestroyed()
2009/5/26 下午 05:18:32 org.apache.catalina.core.ApplicationContext log
資訊: ContextListener: contextDestroyed()
2009/5/26 下午 05:19:01 org.apache.catalina.core.ApplicationContext log
資訊: org.apache.webapp.balancer.BalancerFilter: init(): ruleChain: [org.apache.webapp.balancer.RuleChain: [org.apache.webapp.balancer.rules.URLStringMatchRule: Target string: News / Redirect URL: http://www.cnn.com], [org.apache.webapp.balancer.rules.RequestParameterRule: Target param name: paramName / Target param value: paramValue / Redirect URL: http://www.yahoo.com], [org.apache.webapp.balancer.rules.AcceptEverythingRule: Redirect URL: http://jakarta.apache.org]]
2009/5/26 下午 05:19:01 org.apache.catalina.core.ApplicationContext log
資訊: ContextListener: contextInitialized()
2009/5/26 下午 05:19:01 org.apache.catalina.core.ApplicationContext log
資訊: SessionListener: contextInitialized()
2009/5/26 下午 05:19:01 org.apache.catalina.core.ApplicationContext log
資訊: ContextListener: contextInitialized()
2009/5/26 下午 05:19:01 org.apache.catalina.core.ApplicationContext log
資訊: SessionListener: contextInitialized()
2009/5/26 下午 05:19:05 org.apache.catalina.core.ApplicationContext log
資訊: SessionListener: contextDestroyed()
2009/5/26 下午 05:19:05 org.apache.catalina.core.ApplicationContext log
資訊: ContextListener: contextDestroyed()
2009/5/26 下午 05:19:05 org.apache.catalina.core.ApplicationContext log
資訊: SessionListener: contextDestroyed()
2009/5/26 下午 05:19:05 org.apache.catalina.core.ApplicationContext log
資訊: ContextListener: contextDestroyed()
2009/5/26 下午 05:22:01 org.apache.catalina.core.ApplicationContext log
資訊: org.apache.webapp.balancer.BalancerFilter: init(): ruleChain: [org.apache.webapp.balancer.RuleChain: [org.apache.webapp.balancer.rules.URLStringMatchRule: Target string: News / Redirect URL: http://www.cnn.com], [org.apache.webapp.balancer.rules.RequestParameterRule: Target param name: paramName / Target param value: paramValue / Redirect URL: http://www.yahoo.com], [org.apache.webapp.balancer.rules.AcceptEverythingRule: Redirect URL: http://jakarta.apache.org]]
2009/5/26 下午 05:22:02 org.apache.catalina.core.ApplicationContext log
資訊: ContextListener: contextInitialized()
2009/5/26 下午 05:22:02 org.apache.catalina.core.ApplicationContext log
資訊: SessionListener: contextInitialized()
2009/5/26 下午 05:22:02 org.apache.catalina.core.ApplicationContext log
資訊: ContextListener: contextInitialized()
2009/5/26 下午 05:22:02 org.apache.catalina.core.ApplicationContext log
資訊: SessionListener: contextInitialized()
2009/5/26 下午 05:24:33 org.apache.catalina.core.ApplicationContext log
資訊: SessionListener: contextDestroyed()
2009/5/26 下午 05:24:33 org.apache.catalina.core.ApplicationContext log
資訊: ContextListener: contextDestroyed()
2009/5/26 下午 05:24:33 org.apache.catalina.core.ApplicationContext log
資訊: SessionListener: contextDestroyed()
2009/5/26 下午 05:24:33 org.apache.catalina.core.ApplicationContext log
資訊: ContextListener: contextDestroyed()
2009/5/26 下午 05:26:56 org.apache.catalina.core.ApplicationContext log
資訊: org.apache.webapp.balancer.BalancerFilter: init(): ruleChain: [org.apache.webapp.balancer.RuleChain: [org.apache.webapp.balancer.rules.URLStringMatchRule: Target string: News / Redirect URL: http://www.cnn.com], [org.apache.webapp.balancer.rules.RequestParameterRule: Target param name: paramName / Target param value: paramValue / Redirect URL: http://www.yahoo.com], [org.apache.webapp.balancer.rules.AcceptEverythingRule: Redirect URL: http://jakarta.apache.org]]
2009/5/26 下午 05:26:57 org.apache.catalina.core.ApplicationContext log
資訊: ContextListener: contextInitialized()
2009/5/26 下午 05:26:57 org.apache.catalina.core.ApplicationContext log
資訊: SessionListener: contextInitialized()
2009/5/26 下午 05:26:57 org.apache.catalina.core.ApplicationContext log
資訊: ContextListener: contextInitialized()
2009/5/26 下午 05:26:57 org.apache.catalina.core.ApplicationContext log
資訊: SessionListener: contextInitialized()
2009/5/26 下午 05:30:17 org.apache.catalina.core.ApplicationContext log
資訊: SessionListener: contextDestroyed()
2009/5/26 下午 05:30:17 org.apache.catalina.core.ApplicationContext log
資訊: ContextListener: contextDestroyed()
2009/5/26 下午 05:30:17 org.apache.catalina.core.ApplicationContext log
資訊: SessionListener: contextDestroyed()
2009/5/26 下午 05:30:17 org.apache.catalina.core.ApplicationContext log
資訊: ContextListener: contextDestroyed()
2009/5/26 下午 05:31:05 org.apache.catalina.core.ApplicationContext log
資訊: org.apache.webapp.balancer.BalancerFilter: init(): ruleChain: [org.apache.webapp.balancer.RuleChain: [org.apache.webapp.balancer.rules.URLStringMatchRule: Target string: News / Redirect URL: http://www.cnn.com], [org.apache.webapp.balancer.rules.RequestParameterRule: Target param name: paramName / Target param value: paramValue / Redirect URL: http://www.yahoo.com], [org.apache.webapp.balancer.rules.AcceptEverythingRule: Redirect URL: http://jakarta.apache.org]]
2009/5/26 下午 05:31:43 org.apache.catalina.core.ApplicationContext log
資訊: ContextListener: contextInitialized()
2009/5/26 下午 05:31:43 org.apache.catalina.core.ApplicationContext log
資訊: SessionListener: contextInitialized()
2009/5/26 下午 05:31:43 org.apache.catalina.core.ApplicationContext log
資訊: ContextListener: contextInitialized()
2009/5/26 下午 05:31:43 org.apache.catalina.core.ApplicationContext log
資訊: SessionListener: contextInitialized()
2009/5/26 下午 05:32:05 org.apache.catalina.core.ApplicationContext log
資訊: SessionListener: contextDestroyed()
2009/5/26 下午 05:32:05 org.apache.catalina.core.ApplicationContext log
資訊: ContextListener: contextDestroyed()
2009/5/26 下午 05:32:05 org.apache.catalina.core.ApplicationContext log
資訊: SessionListener: contextDestroyed()
2009/5/26 下午 05:32:05 org.apache.catalina.core.ApplicationContext log
資訊: ContextListener: contextDestroyed()
