2009/5/20 上午 08:13:01 org.apache.catalina.core.ApplicationContext log
資訊: org.apache.webapp.balancer.BalancerFilter: init(): ruleChain: [org.apache.webapp.balancer.RuleChain: [org.apache.webapp.balancer.rules.URLStringMatchRule: Target string: News / Redirect URL: http://www.cnn.com], [org.apache.webapp.balancer.rules.RequestParameterRule: Target param name: paramName / Target param value: paramValue / Redirect URL: http://www.yahoo.com], [org.apache.webapp.balancer.rules.AcceptEverythingRule: Redirect URL: http://jakarta.apache.org]]
2009/5/20 上午 08:14:34 org.apache.catalina.core.ApplicationContext log
資訊: ContextListener: contextInitialized()
2009/5/20 上午 08:14:34 org.apache.catalina.core.ApplicationContext log
資訊: SessionListener: contextInitialized()
2009/5/20 上午 08:14:35 org.apache.catalina.core.ApplicationContext log
資訊: ContextListener: contextInitialized()
2009/5/20 上午 08:14:35 org.apache.catalina.core.ApplicationContext log
資訊: SessionListener: contextInitialized()
2009/5/20 下午 12:39:50 org.apache.catalina.core.ApplicationContext log
資訊: SessionListener: contextDestroyed()
2009/5/20 下午 12:39:50 org.apache.catalina.core.ApplicationContext log
資訊: ContextListener: contextDestroyed()
2009/5/20 下午 12:39:50 org.apache.catalina.core.ApplicationContext log
資訊: SessionListener: contextDestroyed()
2009/5/20 下午 12:39:50 org.apache.catalina.core.ApplicationContext log
資訊: ContextListener: contextDestroyed()
2009/5/20 下午 01:40:03 org.apache.catalina.core.ApplicationContext log
資訊: org.apache.webapp.balancer.BalancerFilter: init(): ruleChain: [org.apache.webapp.balancer.RuleChain: [org.apache.webapp.balancer.rules.URLStringMatchRule: Target string: News / Redirect URL: http://www.cnn.com], [org.apache.webapp.balancer.rules.RequestParameterRule: Target param name: paramName / Target param value: paramValue / Redirect URL: http://www.yahoo.com], [org.apache.webapp.balancer.rules.AcceptEverythingRule: Redirect URL: http://jakarta.apache.org]]
2009/5/20 下午 01:41:16 org.apache.catalina.core.ApplicationContext log
資訊: ContextListener: contextInitialized()
2009/5/20 下午 01:41:16 org.apache.catalina.core.ApplicationContext log
資訊: SessionListener: contextInitialized()
2009/5/20 下午 01:41:16 org.apache.catalina.core.ApplicationContext log
資訊: ContextListener: contextInitialized()
2009/5/20 下午 01:41:16 org.apache.catalina.core.ApplicationContext log
資訊: SessionListener: contextInitialized()
2009/5/20 下午 05:06:34 org.apache.catalina.core.ApplicationContext log
資訊: SessionListener: contextDestroyed()
2009/5/20 下午 05:06:34 org.apache.catalina.core.ApplicationContext log
資訊: ContextListener: contextDestroyed()
2009/5/20 下午 05:06:35 org.apache.catalina.core.ApplicationContext log
資訊: SessionListener: contextDestroyed()
2009/5/20 下午 05:06:35 org.apache.catalina.core.ApplicationContext log
資訊: ContextListener: contextDestroyed()
