2009/4/27 上午 08:10:08 org.apache.catalina.core.ApplicationContext log
資訊: org.apache.webapp.balancer.BalancerFilter: init(): ruleChain: [org.apache.webapp.balancer.RuleChain: [org.apache.webapp.balancer.rules.URLStringMatchRule: Target string: News / Redirect URL: http://www.cnn.com], [org.apache.webapp.balancer.rules.RequestParameterRule: Target param name: paramName / Target param value: paramValue / Redirect URL: http://www.yahoo.com], [org.apache.webapp.balancer.rules.AcceptEverythingRule: Redirect URL: http://jakarta.apache.org]]
2009/4/27 上午 08:11:05 org.apache.catalina.core.ApplicationContext log
資訊: ContextListener: contextInitialized()
2009/4/27 上午 08:11:05 org.apache.catalina.core.ApplicationContext log
資訊: SessionListener: contextInitialized()
2009/4/27 上午 08:11:06 org.apache.catalina.core.ApplicationContext log
資訊: ContextListener: contextInitialized()
2009/4/27 上午 08:11:06 org.apache.catalina.core.ApplicationContext log
資訊: SessionListener: contextInitialized()
2009/4/27 上午 08:26:08 org.apache.catalina.core.ApplicationContext log
資訊: SessionListener: contextDestroyed()
2009/4/27 上午 08:26:08 org.apache.catalina.core.ApplicationContext log
資訊: ContextListener: contextDestroyed()
2009/4/27 上午 08:26:08 org.apache.catalina.core.ApplicationContext log
資訊: SessionListener: contextDestroyed()
2009/4/27 上午 08:26:08 org.apache.catalina.core.ApplicationContext log
資訊: ContextListener: contextDestroyed()
2009/4/27 上午 08:27:06 org.apache.catalina.core.ApplicationContext log
資訊: org.apache.webapp.balancer.BalancerFilter: init(): ruleChain: [org.apache.webapp.balancer.RuleChain: [org.apache.webapp.balancer.rules.URLStringMatchRule: Target string: News / Redirect URL: http://www.cnn.com], [org.apache.webapp.balancer.rules.RequestParameterRule: Target param name: paramName / Target param value: paramValue / Redirect URL: http://www.yahoo.com], [org.apache.webapp.balancer.rules.AcceptEverythingRule: Redirect URL: http://jakarta.apache.org]]
2009/4/27 上午 08:28:01 org.apache.catalina.core.ApplicationContext log
資訊: ContextListener: contextInitialized()
2009/4/27 上午 08:28:01 org.apache.catalina.core.ApplicationContext log
資訊: SessionListener: contextInitialized()
2009/4/27 上午 08:28:01 org.apache.catalina.core.ApplicationContext log
資訊: ContextListener: contextInitialized()
2009/4/27 上午 08:28:01 org.apache.catalina.core.ApplicationContext log
資訊: SessionListener: contextInitialized()
2009/4/27 上午 08:31:03 org.apache.catalina.core.ApplicationContext log
資訊: SessionListener: contextDestroyed()
2009/4/27 上午 08:31:03 org.apache.catalina.core.ApplicationContext log
資訊: ContextListener: contextDestroyed()
2009/4/27 上午 08:31:03 org.apache.catalina.core.ApplicationContext log
資訊: SessionListener: contextDestroyed()
2009/4/27 上午 08:31:03 org.apache.catalina.core.ApplicationContext log
資訊: ContextListener: contextDestroyed()
2009/4/27 上午 08:31:35 org.apache.catalina.core.ApplicationContext log
資訊: org.apache.webapp.balancer.BalancerFilter: init(): ruleChain: [org.apache.webapp.balancer.RuleChain: [org.apache.webapp.balancer.rules.URLStringMatchRule: Target string: News / Redirect URL: http://www.cnn.com], [org.apache.webapp.balancer.rules.RequestParameterRule: Target param name: paramName / Target param value: paramValue / Redirect URL: http://www.yahoo.com], [org.apache.webapp.balancer.rules.AcceptEverythingRule: Redirect URL: http://jakarta.apache.org]]
2009/4/27 上午 08:32:26 org.apache.catalina.core.ApplicationContext log
資訊: ContextListener: contextInitialized()
2009/4/27 上午 08:32:26 org.apache.catalina.core.ApplicationContext log
資訊: SessionListener: contextInitialized()
2009/4/27 上午 08:32:27 org.apache.catalina.core.ApplicationContext log
資訊: ContextListener: contextInitialized()
2009/4/27 上午 08:32:27 org.apache.catalina.core.ApplicationContext log
資訊: SessionListener: contextInitialized()
2009/4/27 上午 08:37:04 org.apache.catalina.core.ApplicationContext log
資訊: SessionListener: contextDestroyed()
2009/4/27 上午 08:37:04 org.apache.catalina.core.ApplicationContext log
資訊: ContextListener: contextDestroyed()
2009/4/27 上午 08:37:04 org.apache.catalina.core.ApplicationContext log
資訊: SessionListener: contextDestroyed()
2009/4/27 上午 08:37:04 org.apache.catalina.core.ApplicationContext log
資訊: ContextListener: contextDestroyed()
2009/4/27 上午 08:37:15 org.apache.catalina.core.ApplicationContext log
資訊: org.apache.webapp.balancer.BalancerFilter: init(): ruleChain: [org.apache.webapp.balancer.RuleChain: [org.apache.webapp.balancer.rules.URLStringMatchRule: Target string: News / Redirect URL: http://www.cnn.com], [org.apache.webapp.balancer.rules.RequestParameterRule: Target param name: paramName / Target param value: paramValue / Redirect URL: http://www.yahoo.com], [org.apache.webapp.balancer.rules.AcceptEverythingRule: Redirect URL: http://jakarta.apache.org]]
2009/4/27 上午 08:39:00 org.apache.catalina.core.ApplicationContext log
資訊: org.apache.webapp.balancer.BalancerFilter: init(): ruleChain: [org.apache.webapp.balancer.RuleChain: [org.apache.webapp.balancer.rules.URLStringMatchRule: Target string: News / Redirect URL: http://www.cnn.com], [org.apache.webapp.balancer.rules.RequestParameterRule: Target param name: paramName / Target param value: paramValue / Redirect URL: http://www.yahoo.com], [org.apache.webapp.balancer.rules.AcceptEverythingRule: Redirect URL: http://jakarta.apache.org]]
2009/4/27 上午 08:39:52 org.apache.catalina.core.ApplicationContext log
資訊: ContextListener: contextInitialized()
2009/4/27 上午 08:39:52 org.apache.catalina.core.ApplicationContext log
資訊: SessionListener: contextInitialized()
2009/4/27 上午 08:39:53 org.apache.catalina.core.ApplicationContext log
資訊: ContextListener: contextInitialized()
2009/4/27 上午 08:39:53 org.apache.catalina.core.ApplicationContext log
資訊: SessionListener: contextInitialized()
2009/4/27 上午 09:01:53 org.apache.catalina.core.ApplicationContext log
資訊: SessionListener: contextDestroyed()
2009/4/27 上午 09:01:53 org.apache.catalina.core.ApplicationContext log
資訊: ContextListener: contextDestroyed()
2009/4/27 上午 09:01:53 org.apache.catalina.core.ApplicationContext log
資訊: SessionListener: contextDestroyed()
2009/4/27 上午 09:01:53 org.apache.catalina.core.ApplicationContext log
資訊: ContextListener: contextDestroyed()
2009/4/27 上午 09:02:32 org.apache.catalina.core.ApplicationContext log
資訊: org.apache.webapp.balancer.BalancerFilter: init(): ruleChain: [org.apache.webapp.balancer.RuleChain: [org.apache.webapp.balancer.rules.URLStringMatchRule: Target string: News / Redirect URL: http://www.cnn.com], [org.apache.webapp.balancer.rules.RequestParameterRule: Target param name: paramName / Target param value: paramValue / Redirect URL: http://www.yahoo.com], [org.apache.webapp.balancer.rules.AcceptEverythingRule: Redirect URL: http://jakarta.apache.org]]
2009/4/27 上午 09:03:31 org.apache.catalina.core.ApplicationContext log
資訊: ContextListener: contextInitialized()
2009/4/27 上午 09:03:31 org.apache.catalina.core.ApplicationContext log
資訊: SessionListener: contextInitialized()
2009/4/27 上午 09:03:31 org.apache.catalina.core.ApplicationContext log
資訊: ContextListener: contextInitialized()
2009/4/27 上午 09:03:31 org.apache.catalina.core.ApplicationContext log
資訊: SessionListener: contextInitialized()
2009/4/27 上午 09:23:07 org.apache.catalina.core.ApplicationContext log
資訊: SessionListener: contextDestroyed()
2009/4/27 上午 09:23:07 org.apache.catalina.core.ApplicationContext log
資訊: ContextListener: contextDestroyed()
2009/4/27 上午 09:23:07 org.apache.catalina.core.ApplicationContext log
資訊: SessionListener: contextDestroyed()
2009/4/27 上午 09:23:07 org.apache.catalina.core.ApplicationContext log
資訊: ContextListener: contextDestroyed()
2009/4/27 上午 09:23:16 org.apache.catalina.core.ApplicationContext log
資訊: org.apache.webapp.balancer.BalancerFilter: init(): ruleChain: [org.apache.webapp.balancer.RuleChain: [org.apache.webapp.balancer.rules.URLStringMatchRule: Target string: News / Redirect URL: http://www.cnn.com], [org.apache.webapp.balancer.rules.RequestParameterRule: Target param name: paramName / Target param value: paramValue / Redirect URL: http://www.yahoo.com], [org.apache.webapp.balancer.rules.AcceptEverythingRule: Redirect URL: http://jakarta.apache.org]]
2009/4/27 上午 09:24:13 org.apache.catalina.core.ApplicationContext log
資訊: ContextListener: contextInitialized()
2009/4/27 上午 09:24:13 org.apache.catalina.core.ApplicationContext log
資訊: SessionListener: contextInitialized()
2009/4/27 上午 09:24:13 org.apache.catalina.core.ApplicationContext log
資訊: ContextListener: contextInitialized()
2009/4/27 上午 09:24:13 org.apache.catalina.core.ApplicationContext log
資訊: SessionListener: contextInitialized()
2009/4/27 上午 10:04:41 org.apache.catalina.core.ApplicationContext log
資訊: SessionListener: contextDestroyed()
2009/4/27 上午 10:04:41 org.apache.catalina.core.ApplicationContext log
資訊: ContextListener: contextDestroyed()
2009/4/27 上午 10:04:41 org.apache.catalina.core.ApplicationContext log
資訊: SessionListener: contextDestroyed()
2009/4/27 上午 10:04:41 org.apache.catalina.core.ApplicationContext log
資訊: ContextListener: contextDestroyed()
2009/4/27 上午 10:04:50 org.apache.catalina.core.ApplicationContext log
資訊: org.apache.webapp.balancer.BalancerFilter: init(): ruleChain: [org.apache.webapp.balancer.RuleChain: [org.apache.webapp.balancer.rules.URLStringMatchRule: Target string: News / Redirect URL: http://www.cnn.com], [org.apache.webapp.balancer.rules.RequestParameterRule: Target param name: paramName / Target param value: paramValue / Redirect URL: http://www.yahoo.com], [org.apache.webapp.balancer.rules.AcceptEverythingRule: Redirect URL: http://jakarta.apache.org]]
2009/4/27 上午 10:05:54 org.apache.catalina.core.ApplicationContext log
資訊: ContextListener: contextInitialized()
2009/4/27 上午 10:05:54 org.apache.catalina.core.ApplicationContext log
資訊: SessionListener: contextInitialized()
2009/4/27 上午 10:05:54 org.apache.catalina.core.ApplicationContext log
資訊: ContextListener: contextInitialized()
2009/4/27 上午 10:05:54 org.apache.catalina.core.ApplicationContext log
資訊: SessionListener: contextInitialized()
2009/4/27 上午 10:13:43 org.apache.catalina.core.ApplicationContext log
資訊: SessionListener: contextDestroyed()
2009/4/27 上午 10:13:43 org.apache.catalina.core.ApplicationContext log
資訊: ContextListener: contextDestroyed()
2009/4/27 上午 10:13:43 org.apache.catalina.core.ApplicationContext log
資訊: SessionListener: contextDestroyed()
2009/4/27 上午 10:13:43 org.apache.catalina.core.ApplicationContext log
資訊: ContextListener: contextDestroyed()
2009/4/27 上午 10:13:56 org.apache.catalina.core.ApplicationContext log
資訊: org.apache.webapp.balancer.BalancerFilter: init(): ruleChain: [org.apache.webapp.balancer.RuleChain: [org.apache.webapp.balancer.rules.URLStringMatchRule: Target string: News / Redirect URL: http://www.cnn.com], [org.apache.webapp.balancer.rules.RequestParameterRule: Target param name: paramName / Target param value: paramValue / Redirect URL: http://www.yahoo.com], [org.apache.webapp.balancer.rules.AcceptEverythingRule: Redirect URL: http://jakarta.apache.org]]
2009/4/27 上午 10:14:40 org.apache.catalina.core.ApplicationContext log
資訊: ContextListener: contextInitialized()
2009/4/27 上午 10:14:40 org.apache.catalina.core.ApplicationContext log
資訊: SessionListener: contextInitialized()
2009/4/27 上午 10:14:40 org.apache.catalina.core.ApplicationContext log
資訊: ContextListener: contextInitialized()
2009/4/27 上午 10:14:40 org.apache.catalina.core.ApplicationContext log
資訊: SessionListener: contextInitialized()
2009/4/27 上午 10:31:50 org.apache.catalina.core.ApplicationContext log
資訊: SessionListener: contextDestroyed()
2009/4/27 上午 10:31:50 org.apache.catalina.core.ApplicationContext log
資訊: ContextListener: contextDestroyed()
2009/4/27 上午 10:31:50 org.apache.catalina.core.ApplicationContext log
資訊: SessionListener: contextDestroyed()
2009/4/27 上午 10:31:50 org.apache.catalina.core.ApplicationContext log
資訊: ContextListener: contextDestroyed()
2009/4/27 上午 10:32:07 org.apache.catalina.core.ApplicationContext log
資訊: org.apache.webapp.balancer.BalancerFilter: init(): ruleChain: [org.apache.webapp.balancer.RuleChain: [org.apache.webapp.balancer.rules.URLStringMatchRule: Target string: News / Redirect URL: http://www.cnn.com], [org.apache.webapp.balancer.rules.RequestParameterRule: Target param name: paramName / Target param value: paramValue / Redirect URL: http://www.yahoo.com], [org.apache.webapp.balancer.rules.AcceptEverythingRule: Redirect URL: http://jakarta.apache.org]]
2009/4/27 上午 10:32:53 org.apache.catalina.core.ApplicationContext log
資訊: ContextListener: contextInitialized()
2009/4/27 上午 10:32:53 org.apache.catalina.core.ApplicationContext log
資訊: SessionListener: contextInitialized()
2009/4/27 上午 10:32:54 org.apache.catalina.core.ApplicationContext log
資訊: ContextListener: contextInitialized()
2009/4/27 上午 10:32:54 org.apache.catalina.core.ApplicationContext log
資訊: SessionListener: contextInitialized()
2009/4/27 下午 01:42:06 org.apache.catalina.core.ApplicationContext log
資訊: org.apache.webapp.balancer.BalancerFilter: init(): ruleChain: [org.apache.webapp.balancer.RuleChain: [org.apache.webapp.balancer.rules.URLStringMatchRule: Target string: News / Redirect URL: http://www.cnn.com], [org.apache.webapp.balancer.rules.RequestParameterRule: Target param name: paramName / Target param value: paramValue / Redirect URL: http://www.yahoo.com], [org.apache.webapp.balancer.rules.AcceptEverythingRule: Redirect URL: http://jakarta.apache.org]]
2009/4/27 下午 01:43:25 org.apache.catalina.core.ApplicationContext log
資訊: ContextListener: contextInitialized()
2009/4/27 下午 01:43:25 org.apache.catalina.core.ApplicationContext log
資訊: SessionListener: contextInitialized()
2009/4/27 下午 01:43:25 org.apache.catalina.core.ApplicationContext log
資訊: ContextListener: contextInitialized()
2009/4/27 下午 01:43:25 org.apache.catalina.core.ApplicationContext log
資訊: SessionListener: contextInitialized()
