2009/4/8 下午 01:33:14 org.apache.catalina.core.ApplicationContext log
資訊: org.apache.webapp.balancer.BalancerFilter: init(): ruleChain: [org.apache.webapp.balancer.RuleChain: [org.apache.webapp.balancer.rules.URLStringMatchRule: Target string: News / Redirect URL: http://www.cnn.com], [org.apache.webapp.balancer.rules.RequestParameterRule: Target param name: paramName / Target param value: paramValue / Redirect URL: http://www.yahoo.com], [org.apache.webapp.balancer.rules.AcceptEverythingRule: Redirect URL: http://jakarta.apache.org]]
2009/4/8 下午 01:33:14 org.apache.catalina.core.ApplicationContext log
資訊: ContextListener: contextInitialized()
2009/4/8 下午 01:33:14 org.apache.catalina.core.ApplicationContext log
資訊: SessionListener: contextInitialized()
2009/4/8 下午 01:33:15 org.apache.catalina.core.ApplicationContext log
資訊: ContextListener: contextInitialized()
2009/4/8 下午 01:33:15 org.apache.catalina.core.ApplicationContext log
資訊: SessionListener: contextInitialized()
2009/4/8 下午 01:44:07 org.apache.catalina.core.ApplicationContext log
資訊: SessionListener: contextDestroyed()
2009/4/8 下午 01:44:07 org.apache.catalina.core.ApplicationContext log
資訊: ContextListener: contextDestroyed()
2009/4/8 下午 01:44:07 org.apache.catalina.core.ApplicationContext log
資訊: SessionListener: contextDestroyed()
2009/4/8 下午 01:44:07 org.apache.catalina.core.ApplicationContext log
資訊: ContextListener: contextDestroyed()
2009/4/8 下午 01:44:40 org.apache.catalina.core.ApplicationContext log
資訊: org.apache.webapp.balancer.BalancerFilter: init(): ruleChain: [org.apache.webapp.balancer.RuleChain: [org.apache.webapp.balancer.rules.URLStringMatchRule: Target string: News / Redirect URL: http://www.cnn.com], [org.apache.webapp.balancer.rules.RequestParameterRule: Target param name: paramName / Target param value: paramValue / Redirect URL: http://www.yahoo.com], [org.apache.webapp.balancer.rules.AcceptEverythingRule: Redirect URL: http://jakarta.apache.org]]
2009/4/8 下午 01:44:41 org.apache.catalina.core.ApplicationContext log
資訊: ContextListener: contextInitialized()
2009/4/8 下午 01:44:41 org.apache.catalina.core.ApplicationContext log
資訊: SessionListener: contextInitialized()
2009/4/8 下午 01:44:41 org.apache.catalina.core.ApplicationContext log
資訊: ContextListener: contextInitialized()
2009/4/8 下午 01:44:41 org.apache.catalina.core.ApplicationContext log
資訊: SessionListener: contextInitialized()
2009/4/8 下午 01:44:55 org.apache.catalina.core.ApplicationContext log
資訊: SessionListener: contextDestroyed()
2009/4/8 下午 01:44:55 org.apache.catalina.core.ApplicationContext log
資訊: ContextListener: contextDestroyed()
2009/4/8 下午 01:44:55 org.apache.catalina.core.ApplicationContext log
資訊: SessionListener: contextDestroyed()
2009/4/8 下午 01:44:55 org.apache.catalina.core.ApplicationContext log
資訊: ContextListener: contextDestroyed()
2009/4/8 下午 02:28:59 org.apache.catalina.core.ApplicationContext log
資訊: org.apache.webapp.balancer.BalancerFilter: init(): ruleChain: [org.apache.webapp.balancer.RuleChain: [org.apache.webapp.balancer.rules.URLStringMatchRule: Target string: News / Redirect URL: http://www.cnn.com], [org.apache.webapp.balancer.rules.RequestParameterRule: Target param name: paramName / Target param value: paramValue / Redirect URL: http://www.yahoo.com], [org.apache.webapp.balancer.rules.AcceptEverythingRule: Redirect URL: http://jakarta.apache.org]]
2009/4/8 下午 02:28:59 org.apache.catalina.core.ApplicationContext log
資訊: ContextListener: contextInitialized()
2009/4/8 下午 02:28:59 org.apache.catalina.core.ApplicationContext log
資訊: SessionListener: contextInitialized()
2009/4/8 下午 02:29:00 org.apache.catalina.core.ApplicationContext log
資訊: ContextListener: contextInitialized()
2009/4/8 下午 02:29:00 org.apache.catalina.core.ApplicationContext log
資訊: SessionListener: contextInitialized()
2009/4/8 下午 05:59:44 org.apache.catalina.core.ApplicationContext log
資訊: SessionListener: contextDestroyed()
2009/4/8 下午 05:59:44 org.apache.catalina.core.ApplicationContext log
資訊: ContextListener: contextDestroyed()
2009/4/8 下午 05:59:44 org.apache.catalina.core.ApplicationContext log
資訊: SessionListener: contextDestroyed()
2009/4/8 下午 05:59:44 org.apache.catalina.core.ApplicationContext log
資訊: ContextListener: contextDestroyed()
2009/4/8 下午 06:00:55 org.apache.catalina.core.ApplicationContext log
資訊: org.apache.webapp.balancer.BalancerFilter: init(): ruleChain: [org.apache.webapp.balancer.RuleChain: [org.apache.webapp.balancer.rules.URLStringMatchRule: Target string: News / Redirect URL: http://www.cnn.com], [org.apache.webapp.balancer.rules.RequestParameterRule: Target param name: paramName / Target param value: paramValue / Redirect URL: http://www.yahoo.com], [org.apache.webapp.balancer.rules.AcceptEverythingRule: Redirect URL: http://jakarta.apache.org]]
2009/4/8 下午 06:00:56 org.apache.catalina.core.ApplicationContext log
資訊: ContextListener: contextInitialized()
2009/4/8 下午 06:00:56 org.apache.catalina.core.ApplicationContext log
資訊: SessionListener: contextInitialized()
2009/4/8 下午 06:00:58 org.apache.catalina.core.ApplicationContext log
資訊: ContextListener: contextInitialized()
2009/4/8 下午 06:00:58 org.apache.catalina.core.ApplicationContext log
資訊: SessionListener: contextInitialized()
2009/4/8 下午 06:45:22 org.apache.catalina.core.ApplicationContext log
資訊: SessionListener: contextDestroyed()
2009/4/8 下午 06:45:22 org.apache.catalina.core.ApplicationContext log
資訊: ContextListener: contextDestroyed()
2009/4/8 下午 06:45:22 org.apache.catalina.core.ApplicationContext log
資訊: SessionListener: contextDestroyed()
2009/4/8 下午 06:45:22 org.apache.catalina.core.ApplicationContext log
資訊: ContextListener: contextDestroyed()
