2009/4/9 上午 08:21:11 org.apache.catalina.core.ApplicationContext log
資訊: org.apache.webapp.balancer.BalancerFilter: init(): ruleChain: [org.apache.webapp.balancer.RuleChain: [org.apache.webapp.balancer.rules.URLStringMatchRule: Target string: News / Redirect URL: http://www.cnn.com], [org.apache.webapp.balancer.rules.RequestParameterRule: Target param name: paramName / Target param value: paramValue / Redirect URL: http://www.yahoo.com], [org.apache.webapp.balancer.rules.AcceptEverythingRule: Redirect URL: http://jakarta.apache.org]]
2009/4/9 上午 08:21:11 org.apache.catalina.core.ApplicationContext log
資訊: ContextListener: contextInitialized()
2009/4/9 上午 08:21:11 org.apache.catalina.core.ApplicationContext log
資訊: SessionListener: contextInitialized()
2009/4/9 上午 08:21:12 org.apache.catalina.core.ApplicationContext log
資訊: ContextListener: contextInitialized()
2009/4/9 上午 08:21:12 org.apache.catalina.core.ApplicationContext log
資訊: SessionListener: contextInitialized()
2009/4/9 下午 01:43:35 org.apache.catalina.core.ApplicationContext log
資訊: org.apache.webapp.balancer.BalancerFilter: init(): ruleChain: [org.apache.webapp.balancer.RuleChain: [org.apache.webapp.balancer.rules.URLStringMatchRule: Target string: News / Redirect URL: http://www.cnn.com], [org.apache.webapp.balancer.rules.RequestParameterRule: Target param name: paramName / Target param value: paramValue / Redirect URL: http://www.yahoo.com], [org.apache.webapp.balancer.rules.AcceptEverythingRule: Redirect URL: http://jakarta.apache.org]]
2009/4/9 下午 01:43:35 org.apache.catalina.core.ApplicationContext log
資訊: ContextListener: contextInitialized()
2009/4/9 下午 01:43:35 org.apache.catalina.core.ApplicationContext log
資訊: SessionListener: contextInitialized()
2009/4/9 下午 01:43:36 org.apache.catalina.core.ApplicationContext log
資訊: ContextListener: contextInitialized()
2009/4/9 下午 01:43:36 org.apache.catalina.core.ApplicationContext log
資訊: SessionListener: contextInitialized()
2009/4/9 下午 01:46:28 org.apache.catalina.core.ApplicationContext log
資訊: org.apache.webapp.balancer.BalancerFilter: init(): ruleChain: [org.apache.webapp.balancer.RuleChain: [org.apache.webapp.balancer.rules.URLStringMatchRule: Target string: News / Redirect URL: http://www.cnn.com], [org.apache.webapp.balancer.rules.RequestParameterRule: Target param name: paramName / Target param value: paramValue / Redirect URL: http://www.yahoo.com], [org.apache.webapp.balancer.rules.AcceptEverythingRule: Redirect URL: http://jakarta.apache.org]]
2009/4/9 下午 01:46:29 org.apache.catalina.core.ApplicationContext log
資訊: ContextListener: contextInitialized()
2009/4/9 下午 01:46:29 org.apache.catalina.core.ApplicationContext log
資訊: SessionListener: contextInitialized()
2009/4/9 下午 01:46:29 org.apache.catalina.core.ApplicationContext log
資訊: ContextListener: contextInitialized()
2009/4/9 下午 01:46:29 org.apache.catalina.core.ApplicationContext log
資訊: SessionListener: contextInitialized()
2009/4/9 下午 01:47:51 org.apache.catalina.core.ApplicationContext log
資訊: SessionListener: contextDestroyed()
2009/4/9 下午 01:47:51 org.apache.catalina.core.ApplicationContext log
資訊: ContextListener: contextDestroyed()
2009/4/9 下午 01:47:51 org.apache.catalina.core.ApplicationContext log
資訊: SessionListener: contextDestroyed()
2009/4/9 下午 01:47:51 org.apache.catalina.core.ApplicationContext log
資訊: ContextListener: contextDestroyed()
2009/4/9 下午 01:48:27 org.apache.catalina.core.ApplicationContext log
資訊: org.apache.webapp.balancer.BalancerFilter: init(): ruleChain: [org.apache.webapp.balancer.RuleChain: [org.apache.webapp.balancer.rules.URLStringMatchRule: Target string: News / Redirect URL: http://www.cnn.com], [org.apache.webapp.balancer.rules.RequestParameterRule: Target param name: paramName / Target param value: paramValue / Redirect URL: http://www.yahoo.com], [org.apache.webapp.balancer.rules.AcceptEverythingRule: Redirect URL: http://jakarta.apache.org]]
2009/4/9 下午 01:49:17 org.apache.catalina.core.ApplicationContext log
資訊: ContextListener: contextInitialized()
2009/4/9 下午 01:49:17 org.apache.catalina.core.ApplicationContext log
資訊: SessionListener: contextInitialized()
2009/4/9 下午 01:49:17 org.apache.catalina.core.ApplicationContext log
資訊: ContextListener: contextInitialized()
2009/4/9 下午 01:49:17 org.apache.catalina.core.ApplicationContext log
資訊: SessionListener: contextInitialized()
2009/4/9 下午 02:28:01 org.apache.catalina.core.ApplicationContext log
資訊: org.apache.webapp.balancer.BalancerFilter: init(): ruleChain: [org.apache.webapp.balancer.RuleChain: [org.apache.webapp.balancer.rules.URLStringMatchRule: Target string: News / Redirect URL: http://www.cnn.com], [org.apache.webapp.balancer.rules.RequestParameterRule: Target param name: paramName / Target param value: paramValue / Redirect URL: http://www.yahoo.com], [org.apache.webapp.balancer.rules.AcceptEverythingRule: Redirect URL: http://jakarta.apache.org]]
2009/4/9 下午 02:28:57 org.apache.catalina.core.ApplicationContext log
資訊: ContextListener: contextInitialized()
2009/4/9 下午 02:28:57 org.apache.catalina.core.ApplicationContext log
資訊: SessionListener: contextInitialized()
2009/4/9 下午 02:28:58 org.apache.catalina.core.ApplicationContext log
資訊: ContextListener: contextInitialized()
2009/4/9 下午 02:28:58 org.apache.catalina.core.ApplicationContext log
資訊: SessionListener: contextInitialized()
2009/4/9 下午 02:44:37 org.apache.catalina.core.ApplicationContext log
資訊: SessionListener: contextDestroyed()
2009/4/9 下午 02:44:37 org.apache.catalina.core.ApplicationContext log
資訊: ContextListener: contextDestroyed()
2009/4/9 下午 02:44:37 org.apache.catalina.core.ApplicationContext log
資訊: SessionListener: contextDestroyed()
2009/4/9 下午 02:44:37 org.apache.catalina.core.ApplicationContext log
資訊: ContextListener: contextDestroyed()
2009/4/9 下午 02:45:20 org.apache.catalina.core.ApplicationContext log
資訊: org.apache.webapp.balancer.BalancerFilter: init(): ruleChain: [org.apache.webapp.balancer.RuleChain: [org.apache.webapp.balancer.rules.URLStringMatchRule: Target string: News / Redirect URL: http://www.cnn.com], [org.apache.webapp.balancer.rules.RequestParameterRule: Target param name: paramName / Target param value: paramValue / Redirect URL: http://www.yahoo.com], [org.apache.webapp.balancer.rules.AcceptEverythingRule: Redirect URL: http://jakarta.apache.org]]
2009/4/9 下午 02:46:16 org.apache.catalina.core.ApplicationContext log
資訊: ContextListener: contextInitialized()
2009/4/9 下午 02:46:16 org.apache.catalina.core.ApplicationContext log
資訊: SessionListener: contextInitialized()
2009/4/9 下午 02:46:17 org.apache.catalina.core.ApplicationContext log
資訊: ContextListener: contextInitialized()
2009/4/9 下午 02:46:17 org.apache.catalina.core.ApplicationContext log
資訊: SessionListener: contextInitialized()
2009/4/9 下午 02:51:44 org.apache.catalina.core.ApplicationContext log
資訊: SessionListener: contextDestroyed()
2009/4/9 下午 02:51:44 org.apache.catalina.core.ApplicationContext log
資訊: ContextListener: contextDestroyed()
2009/4/9 下午 02:51:44 org.apache.catalina.core.ApplicationContext log
資訊: SessionListener: contextDestroyed()
2009/4/9 下午 02:51:44 org.apache.catalina.core.ApplicationContext log
資訊: ContextListener: contextDestroyed()
2009/4/9 下午 02:54:47 org.apache.catalina.core.ApplicationContext log
資訊: org.apache.webapp.balancer.BalancerFilter: init(): ruleChain: [org.apache.webapp.balancer.RuleChain: [org.apache.webapp.balancer.rules.URLStringMatchRule: Target string: News / Redirect URL: http://www.cnn.com], [org.apache.webapp.balancer.rules.RequestParameterRule: Target param name: paramName / Target param value: paramValue / Redirect URL: http://www.yahoo.com], [org.apache.webapp.balancer.rules.AcceptEverythingRule: Redirect URL: http://jakarta.apache.org]]
2009/4/9 下午 02:55:39 org.apache.catalina.core.ApplicationContext log
資訊: ContextListener: contextInitialized()
2009/4/9 下午 02:55:39 org.apache.catalina.core.ApplicationContext log
資訊: SessionListener: contextInitialized()
2009/4/9 下午 02:55:39 org.apache.catalina.core.ApplicationContext log
資訊: ContextListener: contextInitialized()
2009/4/9 下午 02:55:39 org.apache.catalina.core.ApplicationContext log
資訊: SessionListener: contextInitialized()
2009/4/9 下午 05:03:43 org.apache.catalina.core.ApplicationContext log
資訊: org.apache.webapp.balancer.BalancerFilter: init(): ruleChain: [org.apache.webapp.balancer.RuleChain: [org.apache.webapp.balancer.rules.URLStringMatchRule: Target string: News / Redirect URL: http://www.cnn.com], [org.apache.webapp.balancer.rules.RequestParameterRule: Target param name: paramName / Target param value: paramValue / Redirect URL: http://www.yahoo.com], [org.apache.webapp.balancer.rules.AcceptEverythingRule: Redirect URL: http://jakarta.apache.org]]
2009/4/9 下午 05:04:37 org.apache.catalina.core.ApplicationContext log
資訊: ContextListener: contextInitialized()
2009/4/9 下午 05:04:37 org.apache.catalina.core.ApplicationContext log
資訊: SessionListener: contextInitialized()
2009/4/9 下午 05:04:37 org.apache.catalina.core.ApplicationContext log
資訊: ContextListener: contextInitialized()
2009/4/9 下午 05:04:37 org.apache.catalina.core.ApplicationContext log
資訊: SessionListener: contextInitialized()
2009/4/9 下午 05:10:57 org.apache.catalina.core.ApplicationContext log
資訊: org.apache.webapp.balancer.BalancerFilter: init(): ruleChain: [org.apache.webapp.balancer.RuleChain: [org.apache.webapp.balancer.rules.URLStringMatchRule: Target string: News / Redirect URL: http://www.cnn.com], [org.apache.webapp.balancer.rules.RequestParameterRule: Target param name: paramName / Target param value: paramValue / Redirect URL: http://www.yahoo.com], [org.apache.webapp.balancer.rules.AcceptEverythingRule: Redirect URL: http://jakarta.apache.org]]
2009/4/9 下午 05:11:52 org.apache.catalina.core.ApplicationContext log
資訊: ContextListener: contextInitialized()
2009/4/9 下午 05:11:52 org.apache.catalina.core.ApplicationContext log
資訊: SessionListener: contextInitialized()
2009/4/9 下午 05:11:52 org.apache.catalina.core.ApplicationContext log
資訊: ContextListener: contextInitialized()
2009/4/9 下午 05:11:52 org.apache.catalina.core.ApplicationContext log
資訊: SessionListener: contextInitialized()
2009/4/9 下午 05:15:32 org.apache.catalina.core.ApplicationContext log
資訊: org.apache.webapp.balancer.BalancerFilter: init(): ruleChain: [org.apache.webapp.balancer.RuleChain: [org.apache.webapp.balancer.rules.URLStringMatchRule: Target string: News / Redirect URL: http://www.cnn.com], [org.apache.webapp.balancer.rules.RequestParameterRule: Target param name: paramName / Target param value: paramValue / Redirect URL: http://www.yahoo.com], [org.apache.webapp.balancer.rules.AcceptEverythingRule: Redirect URL: http://jakarta.apache.org]]
2009/4/9 下午 05:31:03 org.apache.catalina.core.ApplicationContext log
資訊: org.apache.webapp.balancer.BalancerFilter: init(): ruleChain: [org.apache.webapp.balancer.RuleChain: [org.apache.webapp.balancer.rules.URLStringMatchRule: Target string: News / Redirect URL: http://www.cnn.com], [org.apache.webapp.balancer.rules.RequestParameterRule: Target param name: paramName / Target param value: paramValue / Redirect URL: http://www.yahoo.com], [org.apache.webapp.balancer.rules.AcceptEverythingRule: Redirect URL: http://jakarta.apache.org]]
2009/4/9 下午 05:31:30 org.apache.catalina.core.ApplicationContext log
資訊: ContextListener: contextInitialized()
2009/4/9 下午 05:31:30 org.apache.catalina.core.ApplicationContext log
資訊: SessionListener: contextInitialized()
2009/4/9 下午 05:31:30 org.apache.catalina.core.ApplicationContext log
資訊: ContextListener: contextInitialized()
2009/4/9 下午 05:31:30 org.apache.catalina.core.ApplicationContext log
資訊: SessionListener: contextInitialized()
2009/4/9 下午 05:32:35 org.apache.catalina.core.ApplicationContext log
資訊: org.apache.webapp.balancer.BalancerFilter: init(): ruleChain: [org.apache.webapp.balancer.RuleChain: [org.apache.webapp.balancer.rules.URLStringMatchRule: Target string: News / Redirect URL: http://www.cnn.com], [org.apache.webapp.balancer.rules.RequestParameterRule: Target param name: paramName / Target param value: paramValue / Redirect URL: http://www.yahoo.com], [org.apache.webapp.balancer.rules.AcceptEverythingRule: Redirect URL: http://jakarta.apache.org]]
2009/4/9 下午 05:33:00 org.apache.catalina.core.ApplicationContext log
資訊: ContextListener: contextInitialized()
2009/4/9 下午 05:33:00 org.apache.catalina.core.ApplicationContext log
資訊: SessionListener: contextInitialized()
2009/4/9 下午 05:33:00 org.apache.catalina.core.ApplicationContext log
資訊: ContextListener: contextInitialized()
2009/4/9 下午 05:33:00 org.apache.catalina.core.ApplicationContext log
資訊: SessionListener: contextInitialized()
2009/4/9 下午 05:37:35 org.apache.catalina.core.ApplicationContext log
資訊: org.apache.webapp.balancer.BalancerFilter: init(): ruleChain: [org.apache.webapp.balancer.RuleChain: [org.apache.webapp.balancer.rules.URLStringMatchRule: Target string: News / Redirect URL: http://www.cnn.com], [org.apache.webapp.balancer.rules.RequestParameterRule: Target param name: paramName / Target param value: paramValue / Redirect URL: http://www.yahoo.com], [org.apache.webapp.balancer.rules.AcceptEverythingRule: Redirect URL: http://jakarta.apache.org]]
2009/4/9 下午 05:38:11 org.apache.catalina.core.ApplicationContext log
資訊: ContextListener: contextInitialized()
2009/4/9 下午 05:38:11 org.apache.catalina.core.ApplicationContext log
資訊: SessionListener: contextInitialized()
2009/4/9 下午 05:38:11 org.apache.catalina.core.ApplicationContext log
資訊: ContextListener: contextInitialized()
2009/4/9 下午 05:38:11 org.apache.catalina.core.ApplicationContext log
資訊: SessionListener: contextInitialized()
2009/4/9 下午 05:39:22 org.apache.catalina.core.ApplicationContext log
資訊: org.apache.webapp.balancer.BalancerFilter: init(): ruleChain: [org.apache.webapp.balancer.RuleChain: [org.apache.webapp.balancer.rules.URLStringMatchRule: Target string: News / Redirect URL: http://www.cnn.com], [org.apache.webapp.balancer.rules.RequestParameterRule: Target param name: paramName / Target param value: paramValue / Redirect URL: http://www.yahoo.com], [org.apache.webapp.balancer.rules.AcceptEverythingRule: Redirect URL: http://jakarta.apache.org]]
2009/4/9 下午 05:40:13 org.apache.catalina.core.ApplicationContext log
資訊: ContextListener: contextInitialized()
2009/4/9 下午 05:40:13 org.apache.catalina.core.ApplicationContext log
資訊: SessionListener: contextInitialized()
2009/4/9 下午 05:40:14 org.apache.catalina.core.ApplicationContext log
資訊: ContextListener: contextInitialized()
2009/4/9 下午 05:40:14 org.apache.catalina.core.ApplicationContext log
資訊: SessionListener: contextInitialized()
2009/4/9 下午 05:52:37 org.apache.catalina.core.ApplicationContext log
資訊: SessionListener: contextDestroyed()
2009/4/9 下午 05:52:37 org.apache.catalina.core.ApplicationContext log
資訊: ContextListener: contextDestroyed()
2009/4/9 下午 05:52:37 org.apache.catalina.core.ApplicationContext log
資訊: SessionListener: contextDestroyed()
2009/4/9 下午 05:52:37 org.apache.catalina.core.ApplicationContext log
資訊: ContextListener: contextDestroyed()
2009/4/9 下午 05:58:08 org.apache.catalina.core.ApplicationContext log
資訊: org.apache.webapp.balancer.BalancerFilter: init(): ruleChain: [org.apache.webapp.balancer.RuleChain: [org.apache.webapp.balancer.rules.URLStringMatchRule: Target string: News / Redirect URL: http://www.cnn.com], [org.apache.webapp.balancer.rules.RequestParameterRule: Target param name: paramName / Target param value: paramValue / Redirect URL: http://www.yahoo.com], [org.apache.webapp.balancer.rules.AcceptEverythingRule: Redirect URL: http://jakarta.apache.org]]
2009/4/9 下午 05:59:01 org.apache.catalina.core.ApplicationContext log
資訊: ContextListener: contextInitialized()
2009/4/9 下午 05:59:01 org.apache.catalina.core.ApplicationContext log
資訊: SessionListener: contextInitialized()
2009/4/9 下午 05:59:01 org.apache.catalina.core.ApplicationContext log
資訊: ContextListener: contextInitialized()
2009/4/9 下午 05:59:01 org.apache.catalina.core.ApplicationContext log
資訊: SessionListener: contextInitialized()
2009/4/9 下午 06:07:40 org.apache.catalina.core.ApplicationContext log
資訊: org.apache.webapp.balancer.BalancerFilter: init(): ruleChain: [org.apache.webapp.balancer.RuleChain: [org.apache.webapp.balancer.rules.URLStringMatchRule: Target string: News / Redirect URL: http://www.cnn.com], [org.apache.webapp.balancer.rules.RequestParameterRule: Target param name: paramName / Target param value: paramValue / Redirect URL: http://www.yahoo.com], [org.apache.webapp.balancer.rules.AcceptEverythingRule: Redirect URL: http://jakarta.apache.org]]
2009/4/9 下午 06:08:35 org.apache.catalina.core.ApplicationContext log
資訊: ContextListener: contextInitialized()
2009/4/9 下午 06:08:35 org.apache.catalina.core.ApplicationContext log
資訊: SessionListener: contextInitialized()
2009/4/9 下午 06:08:35 org.apache.catalina.core.ApplicationContext log
資訊: ContextListener: contextInitialized()
2009/4/9 下午 06:08:35 org.apache.catalina.core.ApplicationContext log
資訊: SessionListener: contextInitialized()
2009/4/9 下午 06:08:57 org.apache.catalina.core.ApplicationContext log
資訊: SessionListener: contextDestroyed()
2009/4/9 下午 06:08:57 org.apache.catalina.core.ApplicationContext log
資訊: ContextListener: contextDestroyed()
2009/4/9 下午 06:08:57 org.apache.catalina.core.ApplicationContext log
資訊: SessionListener: contextDestroyed()
2009/4/9 下午 06:08:57 org.apache.catalina.core.ApplicationContext log
資訊: ContextListener: contextDestroyed()
2009/4/9 下午 06:09:10 org.apache.catalina.core.ApplicationContext log
資訊: org.apache.webapp.balancer.BalancerFilter: init(): ruleChain: [org.apache.webapp.balancer.RuleChain: [org.apache.webapp.balancer.rules.URLStringMatchRule: Target string: News / Redirect URL: http://www.cnn.com], [org.apache.webapp.balancer.rules.RequestParameterRule: Target param name: paramName / Target param value: paramValue / Redirect URL: http://www.yahoo.com], [org.apache.webapp.balancer.rules.AcceptEverythingRule: Redirect URL: http://jakarta.apache.org]]
2009/4/9 下午 06:10:10 org.apache.catalina.core.ApplicationContext log
資訊: ContextListener: contextInitialized()
2009/4/9 下午 06:10:10 org.apache.catalina.core.ApplicationContext log
資訊: SessionListener: contextInitialized()
2009/4/9 下午 06:10:10 org.apache.catalina.core.ApplicationContext log
資訊: ContextListener: contextInitialized()
2009/4/9 下午 06:10:10 org.apache.catalina.core.ApplicationContext log
資訊: SessionListener: contextInitialized()
2009/4/9 下午 06:13:01 org.apache.catalina.core.ApplicationContext log
資訊: org.apache.webapp.balancer.BalancerFilter: init(): ruleChain: [org.apache.webapp.balancer.RuleChain: [org.apache.webapp.balancer.rules.URLStringMatchRule: Target string: News / Redirect URL: http://www.cnn.com], [org.apache.webapp.balancer.rules.RequestParameterRule: Target param name: paramName / Target param value: paramValue / Redirect URL: http://www.yahoo.com], [org.apache.webapp.balancer.rules.AcceptEverythingRule: Redirect URL: http://jakarta.apache.org]]
2009/4/9 下午 06:13:57 org.apache.catalina.core.ApplicationContext log
資訊: ContextListener: contextInitialized()
2009/4/9 下午 06:13:57 org.apache.catalina.core.ApplicationContext log
資訊: SessionListener: contextInitialized()
2009/4/9 下午 06:13:58 org.apache.catalina.core.ApplicationContext log
資訊: ContextListener: contextInitialized()
2009/4/9 下午 06:13:58 org.apache.catalina.core.ApplicationContext log
資訊: SessionListener: contextInitialized()
2009/4/9 下午 06:20:09 org.apache.catalina.core.ApplicationContext log
資訊: org.apache.webapp.balancer.BalancerFilter: init(): ruleChain: [org.apache.webapp.balancer.RuleChain: [org.apache.webapp.balancer.rules.URLStringMatchRule: Target string: News / Redirect URL: http://www.cnn.com], [org.apache.webapp.balancer.rules.RequestParameterRule: Target param name: paramName / Target param value: paramValue / Redirect URL: http://www.yahoo.com], [org.apache.webapp.balancer.rules.AcceptEverythingRule: Redirect URL: http://jakarta.apache.org]]
2009/4/9 下午 06:21:15 org.apache.catalina.core.ApplicationContext log
資訊: ContextListener: contextInitialized()
2009/4/9 下午 06:21:15 org.apache.catalina.core.ApplicationContext log
資訊: SessionListener: contextInitialized()
2009/4/9 下午 06:21:15 org.apache.catalina.core.ApplicationContext log
資訊: ContextListener: contextInitialized()
2009/4/9 下午 06:21:15 org.apache.catalina.core.ApplicationContext log
資訊: SessionListener: contextInitialized()
2009/4/9 下午 06:25:01 org.apache.catalina.core.ApplicationContext log
資訊: org.apache.webapp.balancer.BalancerFilter: init(): ruleChain: [org.apache.webapp.balancer.RuleChain: [org.apache.webapp.balancer.rules.URLStringMatchRule: Target string: News / Redirect URL: http://www.cnn.com], [org.apache.webapp.balancer.rules.RequestParameterRule: Target param name: paramName / Target param value: paramValue / Redirect URL: http://www.yahoo.com], [org.apache.webapp.balancer.rules.AcceptEverythingRule: Redirect URL: http://jakarta.apache.org]]
2009/4/9 下午 06:25:56 org.apache.catalina.core.ApplicationContext log
資訊: ContextListener: contextInitialized()
2009/4/9 下午 06:25:56 org.apache.catalina.core.ApplicationContext log
資訊: SessionListener: contextInitialized()
2009/4/9 下午 06:25:56 org.apache.catalina.core.ApplicationContext log
資訊: ContextListener: contextInitialized()
2009/4/9 下午 06:25:56 org.apache.catalina.core.ApplicationContext log
資訊: SessionListener: contextInitialized()
2009/4/9 下午 06:31:53 org.apache.catalina.core.ApplicationContext log
資訊: SessionListener: contextDestroyed()
2009/4/9 下午 06:31:53 org.apache.catalina.core.ApplicationContext log
資訊: ContextListener: contextDestroyed()
2009/4/9 下午 06:31:53 org.apache.catalina.core.ApplicationContext log
資訊: SessionListener: contextDestroyed()
2009/4/9 下午 06:31:53 org.apache.catalina.core.ApplicationContext log
資訊: ContextListener: contextDestroyed()
