2009/4/13 上午 08:18:02 org.apache.catalina.core.ApplicationContext log
資訊: org.apache.webapp.balancer.BalancerFilter: init(): ruleChain: [org.apache.webapp.balancer.RuleChain: [org.apache.webapp.balancer.rules.URLStringMatchRule: Target string: News / Redirect URL: http://www.cnn.com], [org.apache.webapp.balancer.rules.RequestParameterRule: Target param name: paramName / Target param value: paramValue / Redirect URL: http://www.yahoo.com], [org.apache.webapp.balancer.rules.AcceptEverythingRule: Redirect URL: http://jakarta.apache.org]]
2009/4/13 上午 08:19:00 org.apache.catalina.core.ApplicationContext log
資訊: ContextListener: contextInitialized()
2009/4/13 上午 08:19:00 org.apache.catalina.core.ApplicationContext log
資訊: SessionListener: contextInitialized()
2009/4/13 上午 08:19:00 org.apache.catalina.core.ApplicationContext log
資訊: ContextListener: contextInitialized()
2009/4/13 上午 08:19:00 org.apache.catalina.core.ApplicationContext log
資訊: SessionListener: contextInitialized()
2009/4/13 上午 09:32:06 org.apache.catalina.core.ApplicationContext log
資訊: SessionListener: contextDestroyed()
2009/4/13 上午 09:32:06 org.apache.catalina.core.ApplicationContext log
資訊: ContextListener: contextDestroyed()
2009/4/13 上午 09:32:06 org.apache.catalina.core.ApplicationContext log
資訊: SessionListener: contextDestroyed()
2009/4/13 上午 09:32:06 org.apache.catalina.core.ApplicationContext log
資訊: ContextListener: contextDestroyed()
2009/4/13 上午 09:32:15 org.apache.catalina.core.ApplicationContext log
資訊: org.apache.webapp.balancer.BalancerFilter: init(): ruleChain: [org.apache.webapp.balancer.RuleChain: [org.apache.webapp.balancer.rules.URLStringMatchRule: Target string: News / Redirect URL: http://www.cnn.com], [org.apache.webapp.balancer.rules.RequestParameterRule: Target param name: paramName / Target param value: paramValue / Redirect URL: http://www.yahoo.com], [org.apache.webapp.balancer.rules.AcceptEverythingRule: Redirect URL: http://jakarta.apache.org]]
2009/4/13 上午 09:33:15 org.apache.catalina.core.ApplicationContext log
資訊: ContextListener: contextInitialized()
2009/4/13 上午 09:33:15 org.apache.catalina.core.ApplicationContext log
資訊: SessionListener: contextInitialized()
2009/4/13 上午 09:33:15 org.apache.catalina.core.ApplicationContext log
資訊: ContextListener: contextInitialized()
2009/4/13 上午 09:33:15 org.apache.catalina.core.ApplicationContext log
資訊: SessionListener: contextInitialized()
2009/4/13 上午 09:50:12 org.apache.catalina.core.ApplicationContext log
資訊: SessionListener: contextDestroyed()
2009/4/13 上午 09:50:12 org.apache.catalina.core.ApplicationContext log
資訊: ContextListener: contextDestroyed()
2009/4/13 上午 09:50:12 org.apache.catalina.core.ApplicationContext log
資訊: SessionListener: contextDestroyed()
2009/4/13 上午 09:50:12 org.apache.catalina.core.ApplicationContext log
資訊: ContextListener: contextDestroyed()
2009/4/13 上午 09:50:20 org.apache.catalina.core.ApplicationContext log
資訊: org.apache.webapp.balancer.BalancerFilter: init(): ruleChain: [org.apache.webapp.balancer.RuleChain: [org.apache.webapp.balancer.rules.URLStringMatchRule: Target string: News / Redirect URL: http://www.cnn.com], [org.apache.webapp.balancer.rules.RequestParameterRule: Target param name: paramName / Target param value: paramValue / Redirect URL: http://www.yahoo.com], [org.apache.webapp.balancer.rules.AcceptEverythingRule: Redirect URL: http://jakarta.apache.org]]
2009/4/13 上午 09:51:14 org.apache.catalina.core.ApplicationContext log
資訊: ContextListener: contextInitialized()
2009/4/13 上午 09:51:14 org.apache.catalina.core.ApplicationContext log
資訊: SessionListener: contextInitialized()
2009/4/13 上午 09:51:14 org.apache.catalina.core.ApplicationContext log
資訊: ContextListener: contextInitialized()
2009/4/13 上午 09:51:14 org.apache.catalina.core.ApplicationContext log
資訊: SessionListener: contextInitialized()
2009/4/13 下午 03:18:16 org.apache.catalina.core.ApplicationContext log
資訊: SessionListener: contextDestroyed()
2009/4/13 下午 03:18:16 org.apache.catalina.core.ApplicationContext log
資訊: ContextListener: contextDestroyed()
2009/4/13 下午 03:18:16 org.apache.catalina.core.ApplicationContext log
資訊: SessionListener: contextDestroyed()
2009/4/13 下午 03:18:16 org.apache.catalina.core.ApplicationContext log
資訊: ContextListener: contextDestroyed()
2009/4/13 下午 03:18:59 org.apache.catalina.core.ApplicationContext log
資訊: org.apache.webapp.balancer.BalancerFilter: init(): ruleChain: [org.apache.webapp.balancer.RuleChain: [org.apache.webapp.balancer.rules.URLStringMatchRule: Target string: News / Redirect URL: http://www.cnn.com], [org.apache.webapp.balancer.rules.RequestParameterRule: Target param name: paramName / Target param value: paramValue / Redirect URL: http://www.yahoo.com], [org.apache.webapp.balancer.rules.AcceptEverythingRule: Redirect URL: http://jakarta.apache.org]]
2009/4/13 下午 03:19:52 org.apache.catalina.core.ApplicationContext log
資訊: ContextListener: contextInitialized()
2009/4/13 下午 03:19:52 org.apache.catalina.core.ApplicationContext log
資訊: SessionListener: contextInitialized()
2009/4/13 下午 03:19:53 org.apache.catalina.core.ApplicationContext log
資訊: ContextListener: contextInitialized()
2009/4/13 下午 03:19:53 org.apache.catalina.core.ApplicationContext log
資訊: SessionListener: contextInitialized()
2009/4/13 下午 04:06:55 org.apache.catalina.core.ApplicationContext log
資訊: SessionListener: contextDestroyed()
2009/4/13 下午 04:06:55 org.apache.catalina.core.ApplicationContext log
資訊: ContextListener: contextDestroyed()
2009/4/13 下午 04:06:55 org.apache.catalina.core.ApplicationContext log
資訊: SessionListener: contextDestroyed()
2009/4/13 下午 04:06:55 org.apache.catalina.core.ApplicationContext log
資訊: ContextListener: contextDestroyed()
2009/4/13 下午 04:17:17 org.apache.catalina.core.ApplicationContext log
資訊: org.apache.webapp.balancer.BalancerFilter: init(): ruleChain: [org.apache.webapp.balancer.RuleChain: [org.apache.webapp.balancer.rules.URLStringMatchRule: Target string: News / Redirect URL: http://www.cnn.com], [org.apache.webapp.balancer.rules.RequestParameterRule: Target param name: paramName / Target param value: paramValue / Redirect URL: http://www.yahoo.com], [org.apache.webapp.balancer.rules.AcceptEverythingRule: Redirect URL: http://jakarta.apache.org]]
2009/4/13 下午 04:18:10 org.apache.catalina.core.ApplicationContext log
資訊: ContextListener: contextInitialized()
2009/4/13 下午 04:18:10 org.apache.catalina.core.ApplicationContext log
資訊: SessionListener: contextInitialized()
2009/4/13 下午 04:18:11 org.apache.catalina.core.ApplicationContext log
資訊: ContextListener: contextInitialized()
2009/4/13 下午 04:18:11 org.apache.catalina.core.ApplicationContext log
資訊: SessionListener: contextInitialized()
2009/4/13 下午 04:33:55 org.apache.catalina.core.ApplicationContext log
資訊: SessionListener: contextDestroyed()
2009/4/13 下午 04:33:55 org.apache.catalina.core.ApplicationContext log
資訊: ContextListener: contextDestroyed()
2009/4/13 下午 04:33:55 org.apache.catalina.core.ApplicationContext log
資訊: SessionListener: contextDestroyed()
2009/4/13 下午 04:33:55 org.apache.catalina.core.ApplicationContext log
資訊: ContextListener: contextDestroyed()
2009/4/13 下午 04:35:03 org.apache.catalina.core.ApplicationContext log
資訊: org.apache.webapp.balancer.BalancerFilter: init(): ruleChain: [org.apache.webapp.balancer.RuleChain: [org.apache.webapp.balancer.rules.URLStringMatchRule: Target string: News / Redirect URL: http://www.cnn.com], [org.apache.webapp.balancer.rules.RequestParameterRule: Target param name: paramName / Target param value: paramValue / Redirect URL: http://www.yahoo.com], [org.apache.webapp.balancer.rules.AcceptEverythingRule: Redirect URL: http://jakarta.apache.org]]
2009/4/13 下午 04:35:50 org.apache.catalina.core.ApplicationContext log
資訊: ContextListener: contextInitialized()
2009/4/13 下午 04:35:50 org.apache.catalina.core.ApplicationContext log
資訊: SessionListener: contextInitialized()
2009/4/13 下午 04:35:50 org.apache.catalina.core.ApplicationContext log
資訊: ContextListener: contextInitialized()
2009/4/13 下午 04:35:50 org.apache.catalina.core.ApplicationContext log
資訊: SessionListener: contextInitialized()
2009/4/13 下午 04:51:43 org.apache.catalina.core.ApplicationContext log
資訊: org.apache.webapp.balancer.BalancerFilter: init(): ruleChain: [org.apache.webapp.balancer.RuleChain: [org.apache.webapp.balancer.rules.URLStringMatchRule: Target string: News / Redirect URL: http://www.cnn.com], [org.apache.webapp.balancer.rules.RequestParameterRule: Target param name: paramName / Target param value: paramValue / Redirect URL: http://www.yahoo.com], [org.apache.webapp.balancer.rules.AcceptEverythingRule: Redirect URL: http://jakarta.apache.org]]
2009/4/13 下午 04:52:37 org.apache.catalina.core.ApplicationContext log
資訊: ContextListener: contextInitialized()
2009/4/13 下午 04:52:37 org.apache.catalina.core.ApplicationContext log
資訊: SessionListener: contextInitialized()
2009/4/13 下午 04:52:38 org.apache.catalina.core.ApplicationContext log
資訊: ContextListener: contextInitialized()
2009/4/13 下午 04:52:38 org.apache.catalina.core.ApplicationContext log
資訊: SessionListener: contextInitialized()
2009/4/13 下午 04:57:05 org.apache.catalina.core.ApplicationContext log
資訊: org.apache.webapp.balancer.BalancerFilter: init(): ruleChain: [org.apache.webapp.balancer.RuleChain: [org.apache.webapp.balancer.rules.URLStringMatchRule: Target string: News / Redirect URL: http://www.cnn.com], [org.apache.webapp.balancer.rules.RequestParameterRule: Target param name: paramName / Target param value: paramValue / Redirect URL: http://www.yahoo.com], [org.apache.webapp.balancer.rules.AcceptEverythingRule: Redirect URL: http://jakarta.apache.org]]
2009/4/13 下午 04:57:55 org.apache.catalina.core.ApplicationContext log
資訊: ContextListener: contextInitialized()
2009/4/13 下午 04:57:55 org.apache.catalina.core.ApplicationContext log
資訊: SessionListener: contextInitialized()
2009/4/13 下午 04:57:55 org.apache.catalina.core.ApplicationContext log
資訊: ContextListener: contextInitialized()
2009/4/13 下午 04:57:55 org.apache.catalina.core.ApplicationContext log
資訊: SessionListener: contextInitialized()
