2009/5/21 上午 08:05:42 org.apache.catalina.core.ApplicationContext log
資訊: org.apache.webapp.balancer.BalancerFilter: init(): ruleChain: [org.apache.webapp.balancer.RuleChain: [org.apache.webapp.balancer.rules.URLStringMatchRule: Target string: News / Redirect URL: http://www.cnn.com], [org.apache.webapp.balancer.rules.RequestParameterRule: Target param name: paramName / Target param value: paramValue / Redirect URL: http://www.yahoo.com], [org.apache.webapp.balancer.rules.AcceptEverythingRule: Redirect URL: http://jakarta.apache.org]]
2009/5/21 上午 08:07:03 org.apache.catalina.core.ApplicationContext log
資訊: ContextListener: contextInitialized()
2009/5/21 上午 08:07:03 org.apache.catalina.core.ApplicationContext log
資訊: SessionListener: contextInitialized()
2009/5/21 上午 08:07:04 org.apache.catalina.core.ApplicationContext log
資訊: ContextListener: contextInitialized()
2009/5/21 上午 08:07:04 org.apache.catalina.core.ApplicationContext log
資訊: SessionListener: contextInitialized()
2009/5/21 下午 01:36:02 org.apache.catalina.core.ApplicationContext log
資訊: SessionListener: contextDestroyed()
2009/5/21 下午 01:36:02 org.apache.catalina.core.ApplicationContext log
資訊: ContextListener: contextDestroyed()
2009/5/21 下午 01:36:02 org.apache.catalina.core.ApplicationContext log
資訊: SessionListener: contextDestroyed()
2009/5/21 下午 01:36:02 org.apache.catalina.core.ApplicationContext log
資訊: ContextListener: contextDestroyed()
2009/5/21 下午 01:45:15 org.apache.catalina.core.ApplicationContext log
資訊: org.apache.webapp.balancer.BalancerFilter: init(): ruleChain: [org.apache.webapp.balancer.RuleChain: [org.apache.webapp.balancer.rules.URLStringMatchRule: Target string: News / Redirect URL: http://www.cnn.com], [org.apache.webapp.balancer.rules.RequestParameterRule: Target param name: paramName / Target param value: paramValue / Redirect URL: http://www.yahoo.com], [org.apache.webapp.balancer.rules.AcceptEverythingRule: Redirect URL: http://jakarta.apache.org]]
2009/5/21 下午 01:46:52 org.apache.catalina.core.ApplicationContext log
資訊: ContextListener: contextInitialized()
2009/5/21 下午 01:46:52 org.apache.catalina.core.ApplicationContext log
資訊: SessionListener: contextInitialized()
2009/5/21 下午 01:46:53 org.apache.catalina.core.ApplicationContext log
資訊: ContextListener: contextInitialized()
2009/5/21 下午 01:46:53 org.apache.catalina.core.ApplicationContext log
資訊: SessionListener: contextInitialized()
2009/5/21 下午 05:41:02 org.apache.catalina.core.ApplicationContext log
資訊: SessionListener: contextDestroyed()
2009/5/21 下午 05:41:02 org.apache.catalina.core.ApplicationContext log
資訊: ContextListener: contextDestroyed()
2009/5/21 下午 05:41:02 org.apache.catalina.core.ApplicationContext log
資訊: SessionListener: contextDestroyed()
2009/5/21 下午 05:41:02 org.apache.catalina.core.ApplicationContext log
資訊: ContextListener: contextDestroyed()
