2009/5/18 下午 02:39:40 org.apache.catalina.core.ApplicationContext log
資訊: org.apache.webapp.balancer.BalancerFilter: init(): ruleChain: [org.apache.webapp.balancer.RuleChain: [org.apache.webapp.balancer.rules.URLStringMatchRule: Target string: News / Redirect URL: http://www.cnn.com], [org.apache.webapp.balancer.rules.RequestParameterRule: Target param name: paramName / Target param value: paramValue / Redirect URL: http://www.yahoo.com], [org.apache.webapp.balancer.rules.AcceptEverythingRule: Redirect URL: http://jakarta.apache.org]]
2009/5/18 下午 02:40:32 org.apache.catalina.core.ApplicationContext log
資訊: ContextListener: contextInitialized()
2009/5/18 下午 02:40:32 org.apache.catalina.core.ApplicationContext log
資訊: SessionListener: contextInitialized()
2009/5/18 下午 02:40:33 org.apache.catalina.core.ApplicationContext log
資訊: ContextListener: contextInitialized()
2009/5/18 下午 02:40:33 org.apache.catalina.core.ApplicationContext log
資訊: SessionListener: contextInitialized()
2009/5/18 下午 03:40:18 org.apache.catalina.core.ApplicationContext log
資訊: org.apache.webapp.balancer.BalancerFilter: init(): ruleChain: [org.apache.webapp.balancer.RuleChain: [org.apache.webapp.balancer.rules.URLStringMatchRule: Target string: News / Redirect URL: http://www.cnn.com], [org.apache.webapp.balancer.rules.RequestParameterRule: Target param name: paramName / Target param value: paramValue / Redirect URL: http://www.yahoo.com], [org.apache.webapp.balancer.rules.AcceptEverythingRule: Redirect URL: http://jakarta.apache.org]]
2009/5/18 下午 03:40:18 org.apache.catalina.core.ApplicationContext log
資訊: ContextListener: contextInitialized()
2009/5/18 下午 03:40:18 org.apache.catalina.core.ApplicationContext log
資訊: SessionListener: contextInitialized()
2009/5/18 下午 03:40:19 org.apache.catalina.core.ApplicationContext log
資訊: ContextListener: contextInitialized()
2009/5/18 下午 03:40:19 org.apache.catalina.core.ApplicationContext log
資訊: SessionListener: contextInitialized()
2009/5/18 下午 05:50:13 org.apache.catalina.core.ApplicationContext log
資訊: SessionListener: contextDestroyed()
2009/5/18 下午 05:50:13 org.apache.catalina.core.ApplicationContext log
資訊: ContextListener: contextDestroyed()
2009/5/18 下午 05:50:13 org.apache.catalina.core.ApplicationContext log
資訊: SessionListener: contextDestroyed()
2009/5/18 下午 05:50:13 org.apache.catalina.core.ApplicationContext log
資訊: ContextListener: contextDestroyed()
