2009/4/15 上午 09:54:36 org.apache.catalina.core.ApplicationContext log
資訊: org.apache.webapp.balancer.BalancerFilter: init(): ruleChain: [org.apache.webapp.balancer.RuleChain: [org.apache.webapp.balancer.rules.URLStringMatchRule: Target string: News / Redirect URL: http://www.cnn.com], [org.apache.webapp.balancer.rules.RequestParameterRule: Target param name: paramName / Target param value: paramValue / Redirect URL: http://www.yahoo.com], [org.apache.webapp.balancer.rules.AcceptEverythingRule: Redirect URL: http://jakarta.apache.org]]
2009/4/15 上午 09:55:31 org.apache.catalina.core.ApplicationContext log
資訊: ContextListener: contextInitialized()
2009/4/15 上午 09:55:31 org.apache.catalina.core.ApplicationContext log
資訊: SessionListener: contextInitialized()
2009/4/15 上午 09:55:31 org.apache.catalina.core.ApplicationContext log
資訊: ContextListener: contextInitialized()
2009/4/15 上午 09:55:31 org.apache.catalina.core.ApplicationContext log
資訊: SessionListener: contextInitialized()
2009/4/15 上午 10:03:49 org.apache.catalina.core.ApplicationContext log
資訊: org.apache.webapp.balancer.BalancerFilter: init(): ruleChain: [org.apache.webapp.balancer.RuleChain: [org.apache.webapp.balancer.rules.URLStringMatchRule: Target string: News / Redirect URL: http://www.cnn.com], [org.apache.webapp.balancer.rules.RequestParameterRule: Target param name: paramName / Target param value: paramValue / Redirect URL: http://www.yahoo.com], [org.apache.webapp.balancer.rules.AcceptEverythingRule: Redirect URL: http://jakarta.apache.org]]
2009/4/15 上午 10:04:47 org.apache.catalina.core.ApplicationContext log
資訊: ContextListener: contextInitialized()
2009/4/15 上午 10:04:47 org.apache.catalina.core.ApplicationContext log
資訊: SessionListener: contextInitialized()
2009/4/15 上午 10:04:48 org.apache.catalina.core.ApplicationContext log
資訊: ContextListener: contextInitialized()
2009/4/15 上午 10:04:48 org.apache.catalina.core.ApplicationContext log
資訊: SessionListener: contextInitialized()
2009/4/15 上午 11:14:43 org.apache.catalina.core.ApplicationContext log
資訊: SessionListener: contextDestroyed()
2009/4/15 上午 11:14:43 org.apache.catalina.core.ApplicationContext log
資訊: ContextListener: contextDestroyed()
2009/4/15 上午 11:14:43 org.apache.catalina.core.ApplicationContext log
資訊: SessionListener: contextDestroyed()
2009/4/15 上午 11:14:43 org.apache.catalina.core.ApplicationContext log
資訊: ContextListener: contextDestroyed()
2009/4/15 上午 11:15:14 org.apache.catalina.core.ApplicationContext log
資訊: org.apache.webapp.balancer.BalancerFilter: init(): ruleChain: [org.apache.webapp.balancer.RuleChain: [org.apache.webapp.balancer.rules.URLStringMatchRule: Target string: News / Redirect URL: http://www.cnn.com], [org.apache.webapp.balancer.rules.RequestParameterRule: Target param name: paramName / Target param value: paramValue / Redirect URL: http://www.yahoo.com], [org.apache.webapp.balancer.rules.AcceptEverythingRule: Redirect URL: http://jakarta.apache.org]]
2009/4/15 上午 11:16:16 org.apache.catalina.core.ApplicationContext log
資訊: ContextListener: contextInitialized()
2009/4/15 上午 11:16:16 org.apache.catalina.core.ApplicationContext log
資訊: SessionListener: contextInitialized()
2009/4/15 上午 11:16:17 org.apache.catalina.core.ApplicationContext log
資訊: ContextListener: contextInitialized()
2009/4/15 上午 11:16:17 org.apache.catalina.core.ApplicationContext log
資訊: SessionListener: contextInitialized()
2009/4/15 下午 01:33:22 org.apache.catalina.core.ApplicationContext log
資訊: SessionListener: contextDestroyed()
2009/4/15 下午 01:33:22 org.apache.catalina.core.ApplicationContext log
資訊: ContextListener: contextDestroyed()
2009/4/15 下午 01:33:22 org.apache.catalina.core.ApplicationContext log
資訊: SessionListener: contextDestroyed()
2009/4/15 下午 01:33:22 org.apache.catalina.core.ApplicationContext log
資訊: ContextListener: contextDestroyed()
2009/4/15 下午 01:33:56 org.apache.catalina.core.ApplicationContext log
資訊: org.apache.webapp.balancer.BalancerFilter: init(): ruleChain: [org.apache.webapp.balancer.RuleChain: [org.apache.webapp.balancer.rules.URLStringMatchRule: Target string: News / Redirect URL: http://www.cnn.com], [org.apache.webapp.balancer.rules.RequestParameterRule: Target param name: paramName / Target param value: paramValue / Redirect URL: http://www.yahoo.com], [org.apache.webapp.balancer.rules.AcceptEverythingRule: Redirect URL: http://jakarta.apache.org]]
2009/4/15 下午 01:34:52 org.apache.catalina.core.ApplicationContext log
資訊: ContextListener: contextInitialized()
2009/4/15 下午 01:34:52 org.apache.catalina.core.ApplicationContext log
資訊: SessionListener: contextInitialized()
2009/4/15 下午 01:34:52 org.apache.catalina.core.ApplicationContext log
資訊: ContextListener: contextInitialized()
2009/4/15 下午 01:34:52 org.apache.catalina.core.ApplicationContext log
資訊: SessionListener: contextInitialized()
2009/4/15 下午 01:48:02 org.apache.catalina.core.ApplicationContext log
資訊: SessionListener: contextDestroyed()
2009/4/15 下午 01:48:02 org.apache.catalina.core.ApplicationContext log
資訊: ContextListener: contextDestroyed()
2009/4/15 下午 01:48:02 org.apache.catalina.core.ApplicationContext log
資訊: SessionListener: contextDestroyed()
2009/4/15 下午 01:48:02 org.apache.catalina.core.ApplicationContext log
資訊: ContextListener: contextDestroyed()
2009/4/15 下午 01:48:09 org.apache.catalina.core.ApplicationContext log
資訊: org.apache.webapp.balancer.BalancerFilter: init(): ruleChain: [org.apache.webapp.balancer.RuleChain: [org.apache.webapp.balancer.rules.URLStringMatchRule: Target string: News / Redirect URL: http://www.cnn.com], [org.apache.webapp.balancer.rules.RequestParameterRule: Target param name: paramName / Target param value: paramValue / Redirect URL: http://www.yahoo.com], [org.apache.webapp.balancer.rules.AcceptEverythingRule: Redirect URL: http://jakarta.apache.org]]
2009/4/15 下午 01:48:59 org.apache.catalina.core.ApplicationContext log
資訊: ContextListener: contextInitialized()
2009/4/15 下午 01:48:59 org.apache.catalina.core.ApplicationContext log
資訊: SessionListener: contextInitialized()
2009/4/15 下午 01:49:00 org.apache.catalina.core.ApplicationContext log
資訊: ContextListener: contextInitialized()
2009/4/15 下午 01:49:00 org.apache.catalina.core.ApplicationContext log
資訊: SessionListener: contextInitialized()
2009/4/15 下午 01:50:30 org.apache.catalina.core.ApplicationContext log
資訊: SessionListener: contextDestroyed()
2009/4/15 下午 01:50:30 org.apache.catalina.core.ApplicationContext log
資訊: ContextListener: contextDestroyed()
2009/4/15 下午 01:50:30 org.apache.catalina.core.ApplicationContext log
資訊: SessionListener: contextDestroyed()
2009/4/15 下午 01:50:30 org.apache.catalina.core.ApplicationContext log
資訊: ContextListener: contextDestroyed()
2009/4/15 下午 01:51:10 org.apache.catalina.core.ApplicationContext log
資訊: org.apache.webapp.balancer.BalancerFilter: init(): ruleChain: [org.apache.webapp.balancer.RuleChain: [org.apache.webapp.balancer.rules.URLStringMatchRule: Target string: News / Redirect URL: http://www.cnn.com], [org.apache.webapp.balancer.rules.RequestParameterRule: Target param name: paramName / Target param value: paramValue / Redirect URL: http://www.yahoo.com], [org.apache.webapp.balancer.rules.AcceptEverythingRule: Redirect URL: http://jakarta.apache.org]]
2009/4/15 下午 01:52:00 org.apache.catalina.core.ApplicationContext log
資訊: ContextListener: contextInitialized()
2009/4/15 下午 01:52:00 org.apache.catalina.core.ApplicationContext log
資訊: SessionListener: contextInitialized()
2009/4/15 下午 01:52:00 org.apache.catalina.core.ApplicationContext log
資訊: ContextListener: contextInitialized()
2009/4/15 下午 01:52:00 org.apache.catalina.core.ApplicationContext log
資訊: SessionListener: contextInitialized()
2009/4/15 下午 02:09:39 org.apache.catalina.core.ApplicationContext log
資訊: SessionListener: contextDestroyed()
2009/4/15 下午 02:09:39 org.apache.catalina.core.ApplicationContext log
資訊: ContextListener: contextDestroyed()
2009/4/15 下午 02:09:39 org.apache.catalina.core.ApplicationContext log
資訊: SessionListener: contextDestroyed()
2009/4/15 下午 02:09:39 org.apache.catalina.core.ApplicationContext log
資訊: ContextListener: contextDestroyed()
2009/4/15 下午 02:09:47 org.apache.catalina.core.ApplicationContext log
資訊: org.apache.webapp.balancer.BalancerFilter: init(): ruleChain: [org.apache.webapp.balancer.RuleChain: [org.apache.webapp.balancer.rules.URLStringMatchRule: Target string: News / Redirect URL: http://www.cnn.com], [org.apache.webapp.balancer.rules.RequestParameterRule: Target param name: paramName / Target param value: paramValue / Redirect URL: http://www.yahoo.com], [org.apache.webapp.balancer.rules.AcceptEverythingRule: Redirect URL: http://jakarta.apache.org]]
2009/4/15 下午 02:10:45 org.apache.catalina.core.ApplicationContext log
資訊: ContextListener: contextInitialized()
2009/4/15 下午 02:10:45 org.apache.catalina.core.ApplicationContext log
資訊: SessionListener: contextInitialized()
2009/4/15 下午 02:10:46 org.apache.catalina.core.ApplicationContext log
資訊: ContextListener: contextInitialized()
2009/4/15 下午 02:10:46 org.apache.catalina.core.ApplicationContext log
資訊: SessionListener: contextInitialized()
2009/4/15 下午 02:13:35 org.apache.catalina.core.ApplicationContext log
資訊: SessionListener: contextDestroyed()
2009/4/15 下午 02:13:35 org.apache.catalina.core.ApplicationContext log
資訊: ContextListener: contextDestroyed()
2009/4/15 下午 02:13:35 org.apache.catalina.core.ApplicationContext log
資訊: SessionListener: contextDestroyed()
2009/4/15 下午 02:13:35 org.apache.catalina.core.ApplicationContext log
資訊: ContextListener: contextDestroyed()
2009/4/15 下午 02:13:43 org.apache.catalina.core.ApplicationContext log
資訊: org.apache.webapp.balancer.BalancerFilter: init(): ruleChain: [org.apache.webapp.balancer.RuleChain: [org.apache.webapp.balancer.rules.URLStringMatchRule: Target string: News / Redirect URL: http://www.cnn.com], [org.apache.webapp.balancer.rules.RequestParameterRule: Target param name: paramName / Target param value: paramValue / Redirect URL: http://www.yahoo.com], [org.apache.webapp.balancer.rules.AcceptEverythingRule: Redirect URL: http://jakarta.apache.org]]
2009/4/15 下午 02:14:35 org.apache.catalina.core.ApplicationContext log
資訊: ContextListener: contextInitialized()
2009/4/15 下午 02:14:35 org.apache.catalina.core.ApplicationContext log
資訊: SessionListener: contextInitialized()
2009/4/15 下午 02:14:36 org.apache.catalina.core.ApplicationContext log
資訊: ContextListener: contextInitialized()
2009/4/15 下午 02:14:36 org.apache.catalina.core.ApplicationContext log
資訊: SessionListener: contextInitialized()
2009/4/15 下午 02:16:39 org.apache.catalina.core.ApplicationContext log
資訊: SessionListener: contextDestroyed()
2009/4/15 下午 02:16:39 org.apache.catalina.core.ApplicationContext log
資訊: ContextListener: contextDestroyed()
2009/4/15 下午 02:16:39 org.apache.catalina.core.ApplicationContext log
資訊: SessionListener: contextDestroyed()
2009/4/15 下午 02:16:39 org.apache.catalina.core.ApplicationContext log
資訊: ContextListener: contextDestroyed()
2009/4/15 下午 02:16:47 org.apache.catalina.core.ApplicationContext log
資訊: org.apache.webapp.balancer.BalancerFilter: init(): ruleChain: [org.apache.webapp.balancer.RuleChain: [org.apache.webapp.balancer.rules.URLStringMatchRule: Target string: News / Redirect URL: http://www.cnn.com], [org.apache.webapp.balancer.rules.RequestParameterRule: Target param name: paramName / Target param value: paramValue / Redirect URL: http://www.yahoo.com], [org.apache.webapp.balancer.rules.AcceptEverythingRule: Redirect URL: http://jakarta.apache.org]]
2009/4/15 下午 02:17:40 org.apache.catalina.core.ApplicationContext log
資訊: ContextListener: contextInitialized()
2009/4/15 下午 02:17:40 org.apache.catalina.core.ApplicationContext log
資訊: SessionListener: contextInitialized()
2009/4/15 下午 02:17:41 org.apache.catalina.core.ApplicationContext log
資訊: ContextListener: contextInitialized()
2009/4/15 下午 02:17:41 org.apache.catalina.core.ApplicationContext log
資訊: SessionListener: contextInitialized()
2009/4/15 下午 02:21:02 org.apache.catalina.core.ApplicationContext log
資訊: SessionListener: contextDestroyed()
2009/4/15 下午 02:21:02 org.apache.catalina.core.ApplicationContext log
資訊: ContextListener: contextDestroyed()
2009/4/15 下午 02:21:02 org.apache.catalina.core.ApplicationContext log
資訊: SessionListener: contextDestroyed()
2009/4/15 下午 02:21:02 org.apache.catalina.core.ApplicationContext log
資訊: ContextListener: contextDestroyed()
2009/4/15 下午 02:21:24 org.apache.catalina.core.ApplicationContext log
資訊: org.apache.webapp.balancer.BalancerFilter: init(): ruleChain: [org.apache.webapp.balancer.RuleChain: [org.apache.webapp.balancer.rules.URLStringMatchRule: Target string: News / Redirect URL: http://www.cnn.com], [org.apache.webapp.balancer.rules.RequestParameterRule: Target param name: paramName / Target param value: paramValue / Redirect URL: http://www.yahoo.com], [org.apache.webapp.balancer.rules.AcceptEverythingRule: Redirect URL: http://jakarta.apache.org]]
2009/4/15 下午 02:22:12 org.apache.catalina.core.ApplicationContext log
資訊: ContextListener: contextInitialized()
2009/4/15 下午 02:22:12 org.apache.catalina.core.ApplicationContext log
資訊: SessionListener: contextInitialized()
2009/4/15 下午 02:22:13 org.apache.catalina.core.ApplicationContext log
資訊: ContextListener: contextInitialized()
2009/4/15 下午 02:22:13 org.apache.catalina.core.ApplicationContext log
資訊: SessionListener: contextInitialized()
2009/4/15 下午 02:30:47 org.apache.catalina.core.ApplicationContext log
資訊: SessionListener: contextDestroyed()
2009/4/15 下午 02:30:47 org.apache.catalina.core.ApplicationContext log
資訊: ContextListener: contextDestroyed()
2009/4/15 下午 02:30:47 org.apache.catalina.core.ApplicationContext log
資訊: SessionListener: contextDestroyed()
2009/4/15 下午 02:30:47 org.apache.catalina.core.ApplicationContext log
資訊: ContextListener: contextDestroyed()
2009/4/15 下午 02:30:58 org.apache.catalina.core.ApplicationContext log
資訊: org.apache.webapp.balancer.BalancerFilter: init(): ruleChain: [org.apache.webapp.balancer.RuleChain: [org.apache.webapp.balancer.rules.URLStringMatchRule: Target string: News / Redirect URL: http://www.cnn.com], [org.apache.webapp.balancer.rules.RequestParameterRule: Target param name: paramName / Target param value: paramValue / Redirect URL: http://www.yahoo.com], [org.apache.webapp.balancer.rules.AcceptEverythingRule: Redirect URL: http://jakarta.apache.org]]
2009/4/15 下午 02:31:49 org.apache.catalina.core.ApplicationContext log
資訊: ContextListener: contextInitialized()
2009/4/15 下午 02:31:49 org.apache.catalina.core.ApplicationContext log
資訊: SessionListener: contextInitialized()
2009/4/15 下午 02:31:49 org.apache.catalina.core.ApplicationContext log
資訊: ContextListener: contextInitialized()
2009/4/15 下午 02:31:49 org.apache.catalina.core.ApplicationContext log
資訊: SessionListener: contextInitialized()
2009/4/15 下午 02:32:47 org.apache.catalina.core.ApplicationContext log
資訊: SessionListener: contextDestroyed()
2009/4/15 下午 02:32:47 org.apache.catalina.core.ApplicationContext log
資訊: ContextListener: contextDestroyed()
2009/4/15 下午 02:32:47 org.apache.catalina.core.ApplicationContext log
資訊: SessionListener: contextDestroyed()
2009/4/15 下午 02:32:47 org.apache.catalina.core.ApplicationContext log
資訊: ContextListener: contextDestroyed()
2009/4/15 下午 02:33:01 org.apache.catalina.core.ApplicationContext log
資訊: org.apache.webapp.balancer.BalancerFilter: init(): ruleChain: [org.apache.webapp.balancer.RuleChain: [org.apache.webapp.balancer.rules.URLStringMatchRule: Target string: News / Redirect URL: http://www.cnn.com], [org.apache.webapp.balancer.rules.RequestParameterRule: Target param name: paramName / Target param value: paramValue / Redirect URL: http://www.yahoo.com], [org.apache.webapp.balancer.rules.AcceptEverythingRule: Redirect URL: http://jakarta.apache.org]]
2009/4/15 下午 02:33:42 org.apache.catalina.core.ApplicationContext log
資訊: ContextListener: contextInitialized()
2009/4/15 下午 02:33:42 org.apache.catalina.core.ApplicationContext log
資訊: SessionListener: contextInitialized()
2009/4/15 下午 02:33:43 org.apache.catalina.core.ApplicationContext log
資訊: ContextListener: contextInitialized()
2009/4/15 下午 02:33:43 org.apache.catalina.core.ApplicationContext log
資訊: SessionListener: contextInitialized()
2009/4/15 下午 04:30:53 org.apache.catalina.core.ApplicationContext log
資訊: SessionListener: contextDestroyed()
2009/4/15 下午 04:30:53 org.apache.catalina.core.ApplicationContext log
資訊: ContextListener: contextDestroyed()
2009/4/15 下午 04:30:53 org.apache.catalina.core.ApplicationContext log
資訊: SessionListener: contextDestroyed()
2009/4/15 下午 04:30:53 org.apache.catalina.core.ApplicationContext log
資訊: ContextListener: contextDestroyed()
2009/4/15 下午 04:31:07 org.apache.catalina.core.ApplicationContext log
資訊: org.apache.webapp.balancer.BalancerFilter: init(): ruleChain: [org.apache.webapp.balancer.RuleChain: [org.apache.webapp.balancer.rules.URLStringMatchRule: Target string: News / Redirect URL: http://www.cnn.com], [org.apache.webapp.balancer.rules.RequestParameterRule: Target param name: paramName / Target param value: paramValue / Redirect URL: http://www.yahoo.com], [org.apache.webapp.balancer.rules.AcceptEverythingRule: Redirect URL: http://jakarta.apache.org]]
2009/4/15 下午 04:32:13 org.apache.catalina.core.ApplicationContext log
資訊: ContextListener: contextInitialized()
2009/4/15 下午 04:32:13 org.apache.catalina.core.ApplicationContext log
資訊: SessionListener: contextInitialized()
2009/4/15 下午 04:32:13 org.apache.catalina.core.ApplicationContext log
資訊: ContextListener: contextInitialized()
2009/4/15 下午 04:32:13 org.apache.catalina.core.ApplicationContext log
資訊: SessionListener: contextInitialized()
2009/4/15 下午 04:41:12 org.apache.catalina.core.ApplicationContext log
資訊: SessionListener: contextDestroyed()
2009/4/15 下午 04:41:12 org.apache.catalina.core.ApplicationContext log
資訊: ContextListener: contextDestroyed()
2009/4/15 下午 04:41:12 org.apache.catalina.core.ApplicationContext log
資訊: SessionListener: contextDestroyed()
2009/4/15 下午 04:41:12 org.apache.catalina.core.ApplicationContext log
資訊: ContextListener: contextDestroyed()
2009/4/15 下午 04:42:05 org.apache.catalina.core.ApplicationContext log
資訊: org.apache.webapp.balancer.BalancerFilter: init(): ruleChain: [org.apache.webapp.balancer.RuleChain: [org.apache.webapp.balancer.rules.URLStringMatchRule: Target string: News / Redirect URL: http://www.cnn.com], [org.apache.webapp.balancer.rules.RequestParameterRule: Target param name: paramName / Target param value: paramValue / Redirect URL: http://www.yahoo.com], [org.apache.webapp.balancer.rules.AcceptEverythingRule: Redirect URL: http://jakarta.apache.org]]
2009/4/15 下午 04:43:08 org.apache.catalina.core.ApplicationContext log
資訊: ContextListener: contextInitialized()
2009/4/15 下午 04:43:08 org.apache.catalina.core.ApplicationContext log
資訊: SessionListener: contextInitialized()
2009/4/15 下午 04:43:09 org.apache.catalina.core.ApplicationContext log
資訊: ContextListener: contextInitialized()
2009/4/15 下午 04:43:09 org.apache.catalina.core.ApplicationContext log
資訊: SessionListener: contextInitialized()
2009/4/15 下午 05:07:47 org.apache.catalina.core.ApplicationContext log
資訊: org.apache.webapp.balancer.BalancerFilter: init(): ruleChain: [org.apache.webapp.balancer.RuleChain: [org.apache.webapp.balancer.rules.URLStringMatchRule: Target string: News / Redirect URL: http://www.cnn.com], [org.apache.webapp.balancer.rules.RequestParameterRule: Target param name: paramName / Target param value: paramValue / Redirect URL: http://www.yahoo.com], [org.apache.webapp.balancer.rules.AcceptEverythingRule: Redirect URL: http://jakarta.apache.org]]
2009/4/15 下午 05:08:37 org.apache.catalina.core.ApplicationContext log
資訊: ContextListener: contextInitialized()
2009/4/15 下午 05:08:37 org.apache.catalina.core.ApplicationContext log
資訊: SessionListener: contextInitialized()
2009/4/15 下午 05:08:38 org.apache.catalina.core.ApplicationContext log
資訊: ContextListener: contextInitialized()
2009/4/15 下午 05:08:38 org.apache.catalina.core.ApplicationContext log
資訊: SessionListener: contextInitialized()
2009/4/15 下午 05:19:09 org.apache.catalina.core.ApplicationContext log
資訊: SessionListener: contextDestroyed()
2009/4/15 下午 05:19:09 org.apache.catalina.core.ApplicationContext log
資訊: ContextListener: contextDestroyed()
2009/4/15 下午 05:19:09 org.apache.catalina.core.ApplicationContext log
資訊: SessionListener: contextDestroyed()
2009/4/15 下午 05:19:09 org.apache.catalina.core.ApplicationContext log
資訊: ContextListener: contextDestroyed()
2009/4/15 下午 05:19:31 org.apache.catalina.core.ApplicationContext log
資訊: org.apache.webapp.balancer.BalancerFilter: init(): ruleChain: [org.apache.webapp.balancer.RuleChain: [org.apache.webapp.balancer.rules.URLStringMatchRule: Target string: News / Redirect URL: http://www.cnn.com], [org.apache.webapp.balancer.rules.RequestParameterRule: Target param name: paramName / Target param value: paramValue / Redirect URL: http://www.yahoo.com], [org.apache.webapp.balancer.rules.AcceptEverythingRule: Redirect URL: http://jakarta.apache.org]]
2009/4/15 下午 05:20:17 org.apache.catalina.core.ApplicationContext log
資訊: ContextListener: contextInitialized()
2009/4/15 下午 05:20:17 org.apache.catalina.core.ApplicationContext log
資訊: SessionListener: contextInitialized()
2009/4/15 下午 05:20:18 org.apache.catalina.core.ApplicationContext log
資訊: ContextListener: contextInitialized()
2009/4/15 下午 05:20:18 org.apache.catalina.core.ApplicationContext log
資訊: SessionListener: contextInitialized()
2009/4/15 下午 05:26:56 org.apache.catalina.core.ApplicationContext log
資訊: org.apache.webapp.balancer.BalancerFilter: init(): ruleChain: [org.apache.webapp.balancer.RuleChain: [org.apache.webapp.balancer.rules.URLStringMatchRule: Target string: News / Redirect URL: http://www.cnn.com], [org.apache.webapp.balancer.rules.RequestParameterRule: Target param name: paramName / Target param value: paramValue / Redirect URL: http://www.yahoo.com], [org.apache.webapp.balancer.rules.AcceptEverythingRule: Redirect URL: http://jakarta.apache.org]]
2009/4/15 下午 05:27:48 org.apache.catalina.core.ApplicationContext log
資訊: ContextListener: contextInitialized()
2009/4/15 下午 05:27:48 org.apache.catalina.core.ApplicationContext log
資訊: SessionListener: contextInitialized()
2009/4/15 下午 05:27:49 org.apache.catalina.core.ApplicationContext log
資訊: ContextListener: contextInitialized()
2009/4/15 下午 05:27:49 org.apache.catalina.core.ApplicationContext log
資訊: SessionListener: contextInitialized()
2009/4/15 下午 05:31:02 org.apache.catalina.core.ApplicationContext log
資訊: org.apache.webapp.balancer.BalancerFilter: init(): ruleChain: [org.apache.webapp.balancer.RuleChain: [org.apache.webapp.balancer.rules.URLStringMatchRule: Target string: News / Redirect URL: http://www.cnn.com], [org.apache.webapp.balancer.rules.RequestParameterRule: Target param name: paramName / Target param value: paramValue / Redirect URL: http://www.yahoo.com], [org.apache.webapp.balancer.rules.AcceptEverythingRule: Redirect URL: http://jakarta.apache.org]]
2009/4/15 下午 05:31:50 org.apache.catalina.core.ApplicationContext log
資訊: ContextListener: contextInitialized()
2009/4/15 下午 05:31:50 org.apache.catalina.core.ApplicationContext log
資訊: SessionListener: contextInitialized()
2009/4/15 下午 05:31:51 org.apache.catalina.core.ApplicationContext log
資訊: ContextListener: contextInitialized()
2009/4/15 下午 05:31:51 org.apache.catalina.core.ApplicationContext log
資訊: SessionListener: contextInitialized()
2009/4/15 下午 05:59:33 org.apache.catalina.core.ApplicationContext log
資訊: org.apache.webapp.balancer.BalancerFilter: init(): ruleChain: [org.apache.webapp.balancer.RuleChain: [org.apache.webapp.balancer.rules.URLStringMatchRule: Target string: News / Redirect URL: http://www.cnn.com], [org.apache.webapp.balancer.rules.RequestParameterRule: Target param name: paramName / Target param value: paramValue / Redirect URL: http://www.yahoo.com], [org.apache.webapp.balancer.rules.AcceptEverythingRule: Redirect URL: http://jakarta.apache.org]]
2009/4/15 下午 06:00:30 org.apache.catalina.core.ApplicationContext log
資訊: ContextListener: contextInitialized()
2009/4/15 下午 06:00:30 org.apache.catalina.core.ApplicationContext log
資訊: SessionListener: contextInitialized()
2009/4/15 下午 06:00:31 org.apache.catalina.core.ApplicationContext log
資訊: ContextListener: contextInitialized()
2009/4/15 下午 06:00:31 org.apache.catalina.core.ApplicationContext log
資訊: SessionListener: contextInitialized()
2009/4/15 下午 06:07:48 org.apache.catalina.core.ApplicationContext log
資訊: org.apache.webapp.balancer.BalancerFilter: init(): ruleChain: [org.apache.webapp.balancer.RuleChain: [org.apache.webapp.balancer.rules.URLStringMatchRule: Target string: News / Redirect URL: http://www.cnn.com], [org.apache.webapp.balancer.rules.RequestParameterRule: Target param name: paramName / Target param value: paramValue / Redirect URL: http://www.yahoo.com], [org.apache.webapp.balancer.rules.AcceptEverythingRule: Redirect URL: http://jakarta.apache.org]]
2009/4/15 下午 06:09:00 org.apache.catalina.core.ApplicationContext log
資訊: ContextListener: contextInitialized()
2009/4/15 下午 06:09:00 org.apache.catalina.core.ApplicationContext log
資訊: SessionListener: contextInitialized()
2009/4/15 下午 06:09:00 org.apache.catalina.core.ApplicationContext log
資訊: ContextListener: contextInitialized()
2009/4/15 下午 06:09:00 org.apache.catalina.core.ApplicationContext log
資訊: SessionListener: contextInitialized()
2009/4/15 下午 06:17:09 org.apache.catalina.core.ApplicationContext log
資訊: SessionListener: contextDestroyed()
2009/4/15 下午 06:17:09 org.apache.catalina.core.ApplicationContext log
資訊: ContextListener: contextDestroyed()
2009/4/15 下午 06:17:09 org.apache.catalina.core.ApplicationContext log
資訊: SessionListener: contextDestroyed()
2009/4/15 下午 06:17:09 org.apache.catalina.core.ApplicationContext log
資訊: ContextListener: contextDestroyed()
2009/4/15 下午 06:17:32 org.apache.catalina.core.ApplicationContext log
資訊: org.apache.webapp.balancer.BalancerFilter: init(): ruleChain: [org.apache.webapp.balancer.RuleChain: [org.apache.webapp.balancer.rules.URLStringMatchRule: Target string: News / Redirect URL: http://www.cnn.com], [org.apache.webapp.balancer.rules.RequestParameterRule: Target param name: paramName / Target param value: paramValue / Redirect URL: http://www.yahoo.com], [org.apache.webapp.balancer.rules.AcceptEverythingRule: Redirect URL: http://jakarta.apache.org]]
2009/4/15 下午 06:18:37 org.apache.catalina.core.ApplicationContext log
資訊: ContextListener: contextInitialized()
2009/4/15 下午 06:18:37 org.apache.catalina.core.ApplicationContext log
資訊: SessionListener: contextInitialized()
2009/4/15 下午 06:18:37 org.apache.catalina.core.ApplicationContext log
資訊: ContextListener: contextInitialized()
2009/4/15 下午 06:18:37 org.apache.catalina.core.ApplicationContext log
資訊: SessionListener: contextInitialized()
2009/4/15 下午 06:23:39 org.apache.catalina.core.ApplicationContext log
資訊: org.apache.webapp.balancer.BalancerFilter: init(): ruleChain: [org.apache.webapp.balancer.RuleChain: [org.apache.webapp.balancer.rules.URLStringMatchRule: Target string: News / Redirect URL: http://www.cnn.com], [org.apache.webapp.balancer.rules.RequestParameterRule: Target param name: paramName / Target param value: paramValue / Redirect URL: http://www.yahoo.com], [org.apache.webapp.balancer.rules.AcceptEverythingRule: Redirect URL: http://jakarta.apache.org]]
2009/4/15 下午 06:24:44 org.apache.catalina.core.ApplicationContext log
資訊: ContextListener: contextInitialized()
2009/4/15 下午 06:24:44 org.apache.catalina.core.ApplicationContext log
資訊: SessionListener: contextInitialized()
2009/4/15 下午 06:24:44 org.apache.catalina.core.ApplicationContext log
資訊: ContextListener: contextInitialized()
2009/4/15 下午 06:24:44 org.apache.catalina.core.ApplicationContext log
資訊: SessionListener: contextInitialized()
2009/4/15 下午 06:37:46 org.apache.catalina.core.ApplicationContext log
資訊: org.apache.webapp.balancer.BalancerFilter: init(): ruleChain: [org.apache.webapp.balancer.RuleChain: [org.apache.webapp.balancer.rules.URLStringMatchRule: Target string: News / Redirect URL: http://www.cnn.com], [org.apache.webapp.balancer.rules.RequestParameterRule: Target param name: paramName / Target param value: paramValue / Redirect URL: http://www.yahoo.com], [org.apache.webapp.balancer.rules.AcceptEverythingRule: Redirect URL: http://jakarta.apache.org]]
2009/4/15 下午 06:38:48 org.apache.catalina.core.ApplicationContext log
資訊: ContextListener: contextInitialized()
2009/4/15 下午 06:38:48 org.apache.catalina.core.ApplicationContext log
資訊: SessionListener: contextInitialized()
2009/4/15 下午 06:38:49 org.apache.catalina.core.ApplicationContext log
資訊: ContextListener: contextInitialized()
2009/4/15 下午 06:38:49 org.apache.catalina.core.ApplicationContext log
資訊: SessionListener: contextInitialized()
2009/4/15 下午 06:44:13 org.apache.catalina.core.ApplicationContext log
資訊: org.apache.webapp.balancer.BalancerFilter: init(): ruleChain: [org.apache.webapp.balancer.RuleChain: [org.apache.webapp.balancer.rules.URLStringMatchRule: Target string: News / Redirect URL: http://www.cnn.com], [org.apache.webapp.balancer.rules.RequestParameterRule: Target param name: paramName / Target param value: paramValue / Redirect URL: http://www.yahoo.com], [org.apache.webapp.balancer.rules.AcceptEverythingRule: Redirect URL: http://jakarta.apache.org]]
2009/4/15 下午 06:45:11 org.apache.catalina.core.ApplicationContext log
資訊: ContextListener: contextInitialized()
2009/4/15 下午 06:45:11 org.apache.catalina.core.ApplicationContext log
資訊: SessionListener: contextInitialized()
2009/4/15 下午 06:45:12 org.apache.catalina.core.ApplicationContext log
資訊: ContextListener: contextInitialized()
2009/4/15 下午 06:45:12 org.apache.catalina.core.ApplicationContext log
資訊: SessionListener: contextInitialized()
2009/4/15 下午 07:03:12 org.apache.catalina.core.ApplicationContext log
資訊: org.apache.webapp.balancer.BalancerFilter: init(): ruleChain: [org.apache.webapp.balancer.RuleChain: [org.apache.webapp.balancer.rules.URLStringMatchRule: Target string: News / Redirect URL: http://www.cnn.com], [org.apache.webapp.balancer.rules.RequestParameterRule: Target param name: paramName / Target param value: paramValue / Redirect URL: http://www.yahoo.com], [org.apache.webapp.balancer.rules.AcceptEverythingRule: Redirect URL: http://jakarta.apache.org]]
2009/4/15 下午 07:04:12 org.apache.catalina.core.ApplicationContext log
資訊: ContextListener: contextInitialized()
2009/4/15 下午 07:04:12 org.apache.catalina.core.ApplicationContext log
資訊: SessionListener: contextInitialized()
2009/4/15 下午 07:04:12 org.apache.catalina.core.ApplicationContext log
資訊: ContextListener: contextInitialized()
2009/4/15 下午 07:04:12 org.apache.catalina.core.ApplicationContext log
資訊: SessionListener: contextInitialized()
2009/4/15 下午 07:06:25 org.apache.catalina.core.ApplicationContext log
資訊: org.apache.webapp.balancer.BalancerFilter: init(): ruleChain: [org.apache.webapp.balancer.RuleChain: [org.apache.webapp.balancer.rules.URLStringMatchRule: Target string: News / Redirect URL: http://www.cnn.com], [org.apache.webapp.balancer.rules.RequestParameterRule: Target param name: paramName / Target param value: paramValue / Redirect URL: http://www.yahoo.com], [org.apache.webapp.balancer.rules.AcceptEverythingRule: Redirect URL: http://jakarta.apache.org]]
2009/4/15 下午 07:07:21 org.apache.catalina.core.ApplicationContext log
資訊: ContextListener: contextInitialized()
2009/4/15 下午 07:07:21 org.apache.catalina.core.ApplicationContext log
資訊: SessionListener: contextInitialized()
2009/4/15 下午 07:07:21 org.apache.catalina.core.ApplicationContext log
資訊: ContextListener: contextInitialized()
2009/4/15 下午 07:07:21 org.apache.catalina.core.ApplicationContext log
資訊: SessionListener: contextInitialized()
2009/4/15 下午 07:14:32 org.apache.catalina.core.ApplicationContext log
資訊: org.apache.webapp.balancer.BalancerFilter: init(): ruleChain: [org.apache.webapp.balancer.RuleChain: [org.apache.webapp.balancer.rules.URLStringMatchRule: Target string: News / Redirect URL: http://www.cnn.com], [org.apache.webapp.balancer.rules.RequestParameterRule: Target param name: paramName / Target param value: paramValue / Redirect URL: http://www.yahoo.com], [org.apache.webapp.balancer.rules.AcceptEverythingRule: Redirect URL: http://jakarta.apache.org]]
2009/4/15 下午 07:15:26 org.apache.catalina.core.ApplicationContext log
資訊: ContextListener: contextInitialized()
2009/4/15 下午 07:15:26 org.apache.catalina.core.ApplicationContext log
資訊: SessionListener: contextInitialized()
2009/4/15 下午 07:15:26 org.apache.catalina.core.ApplicationContext log
資訊: ContextListener: contextInitialized()
2009/4/15 下午 07:15:26 org.apache.catalina.core.ApplicationContext log
資訊: SessionListener: contextInitialized()
2009/4/15 下午 07:19:59 org.apache.catalina.core.ApplicationContext log
資訊: org.apache.webapp.balancer.BalancerFilter: init(): ruleChain: [org.apache.webapp.balancer.RuleChain: [org.apache.webapp.balancer.rules.URLStringMatchRule: Target string: News / Redirect URL: http://www.cnn.com], [org.apache.webapp.balancer.rules.RequestParameterRule: Target param name: paramName / Target param value: paramValue / Redirect URL: http://www.yahoo.com], [org.apache.webapp.balancer.rules.AcceptEverythingRule: Redirect URL: http://jakarta.apache.org]]
2009/4/15 下午 07:21:01 org.apache.catalina.core.ApplicationContext log
資訊: ContextListener: contextInitialized()
2009/4/15 下午 07:21:01 org.apache.catalina.core.ApplicationContext log
資訊: SessionListener: contextInitialized()
2009/4/15 下午 07:21:01 org.apache.catalina.core.ApplicationContext log
資訊: ContextListener: contextInitialized()
2009/4/15 下午 07:21:01 org.apache.catalina.core.ApplicationContext log
資訊: SessionListener: contextInitialized()
2009/4/15 下午 07:26:23 org.apache.catalina.core.ApplicationContext log
資訊: org.apache.webapp.balancer.BalancerFilter: init(): ruleChain: [org.apache.webapp.balancer.RuleChain: [org.apache.webapp.balancer.rules.URLStringMatchRule: Target string: News / Redirect URL: http://www.cnn.com], [org.apache.webapp.balancer.rules.RequestParameterRule: Target param name: paramName / Target param value: paramValue / Redirect URL: http://www.yahoo.com], [org.apache.webapp.balancer.rules.AcceptEverythingRule: Redirect URL: http://jakarta.apache.org]]
2009/4/15 下午 07:27:26 org.apache.catalina.core.ApplicationContext log
資訊: ContextListener: contextInitialized()
2009/4/15 下午 07:27:26 org.apache.catalina.core.ApplicationContext log
資訊: SessionListener: contextInitialized()
2009/4/15 下午 07:27:26 org.apache.catalina.core.ApplicationContext log
資訊: ContextListener: contextInitialized()
2009/4/15 下午 07:27:26 org.apache.catalina.core.ApplicationContext log
資訊: SessionListener: contextInitialized()
2009/4/15 下午 07:34:31 org.apache.catalina.core.ApplicationContext log
資訊: org.apache.webapp.balancer.BalancerFilter: init(): ruleChain: [org.apache.webapp.balancer.RuleChain: [org.apache.webapp.balancer.rules.URLStringMatchRule: Target string: News / Redirect URL: http://www.cnn.com], [org.apache.webapp.balancer.rules.RequestParameterRule: Target param name: paramName / Target param value: paramValue / Redirect URL: http://www.yahoo.com], [org.apache.webapp.balancer.rules.AcceptEverythingRule: Redirect URL: http://jakarta.apache.org]]
2009/4/15 下午 07:35:27 org.apache.catalina.core.ApplicationContext log
資訊: ContextListener: contextInitialized()
2009/4/15 下午 07:35:27 org.apache.catalina.core.ApplicationContext log
資訊: SessionListener: contextInitialized()
2009/4/15 下午 07:35:27 org.apache.catalina.core.ApplicationContext log
資訊: ContextListener: contextInitialized()
2009/4/15 下午 07:35:27 org.apache.catalina.core.ApplicationContext log
資訊: SessionListener: contextInitialized()
2009/4/15 下午 07:37:09 org.apache.catalina.core.ApplicationContext log
資訊: SessionListener: contextDestroyed()
2009/4/15 下午 07:37:09 org.apache.catalina.core.ApplicationContext log
資訊: ContextListener: contextDestroyed()
2009/4/15 下午 07:37:10 org.apache.catalina.core.ApplicationContext log
資訊: SessionListener: contextDestroyed()
2009/4/15 下午 07:37:10 org.apache.catalina.core.ApplicationContext log
資訊: ContextListener: contextDestroyed()
