2009/4/20 上午 08:12:12 org.apache.catalina.core.ApplicationContext log
資訊: org.apache.webapp.balancer.BalancerFilter: init(): ruleChain: [org.apache.webapp.balancer.RuleChain: [org.apache.webapp.balancer.rules.URLStringMatchRule: Target string: News / Redirect URL: http://www.cnn.com], [org.apache.webapp.balancer.rules.RequestParameterRule: Target param name: paramName / Target param value: paramValue / Redirect URL: http://www.yahoo.com], [org.apache.webapp.balancer.rules.AcceptEverythingRule: Redirect URL: http://jakarta.apache.org]]
2009/4/20 上午 08:13:12 org.apache.catalina.core.ApplicationContext log
資訊: ContextListener: contextInitialized()
2009/4/20 上午 08:13:12 org.apache.catalina.core.ApplicationContext log
資訊: SessionListener: contextInitialized()
2009/4/20 上午 08:13:12 org.apache.catalina.core.ApplicationContext log
資訊: ContextListener: contextInitialized()
2009/4/20 上午 08:13:12 org.apache.catalina.core.ApplicationContext log
資訊: SessionListener: contextInitialized()
2009/4/20 上午 10:21:51 org.apache.catalina.core.ApplicationContext log
資訊: SessionListener: contextDestroyed()
2009/4/20 上午 10:21:51 org.apache.catalina.core.ApplicationContext log
資訊: ContextListener: contextDestroyed()
2009/4/20 上午 10:21:51 org.apache.catalina.core.ApplicationContext log
資訊: SessionListener: contextDestroyed()
2009/4/20 上午 10:21:51 org.apache.catalina.core.ApplicationContext log
資訊: ContextListener: contextDestroyed()
2009/4/20 上午 10:31:06 org.apache.catalina.core.ApplicationContext log
資訊: org.apache.webapp.balancer.BalancerFilter: init(): ruleChain: [org.apache.webapp.balancer.RuleChain: [org.apache.webapp.balancer.rules.URLStringMatchRule: Target string: News / Redirect URL: http://www.cnn.com], [org.apache.webapp.balancer.rules.RequestParameterRule: Target param name: paramName / Target param value: paramValue / Redirect URL: http://www.yahoo.com], [org.apache.webapp.balancer.rules.AcceptEverythingRule: Redirect URL: http://jakarta.apache.org]]
2009/4/20 上午 10:32:03 org.apache.catalina.core.ApplicationContext log
資訊: ContextListener: contextInitialized()
2009/4/20 上午 10:32:03 org.apache.catalina.core.ApplicationContext log
資訊: SessionListener: contextInitialized()
2009/4/20 上午 10:32:03 org.apache.catalina.core.ApplicationContext log
資訊: ContextListener: contextInitialized()
2009/4/20 上午 10:32:03 org.apache.catalina.core.ApplicationContext log
資訊: SessionListener: contextInitialized()
