2009/5/19 上午 07:56:17 org.apache.catalina.core.ApplicationContext log
資訊: org.apache.webapp.balancer.BalancerFilter: init(): ruleChain: [org.apache.webapp.balancer.RuleChain: [org.apache.webapp.balancer.rules.URLStringMatchRule: Target string: News / Redirect URL: http://www.cnn.com], [org.apache.webapp.balancer.rules.RequestParameterRule: Target param name: paramName / Target param value: paramValue / Redirect URL: http://www.yahoo.com], [org.apache.webapp.balancer.rules.AcceptEverythingRule: Redirect URL: http://jakarta.apache.org]]
2009/5/19 上午 07:58:00 org.apache.catalina.core.ApplicationContext log
資訊: ContextListener: contextInitialized()
2009/5/19 上午 07:58:00 org.apache.catalina.core.ApplicationContext log
資訊: SessionListener: contextInitialized()
2009/5/19 上午 07:58:01 org.apache.catalina.core.ApplicationContext log
資訊: ContextListener: contextInitialized()
2009/5/19 上午 07:58:01 org.apache.catalina.core.ApplicationContext log
資訊: SessionListener: contextInitialized()
2009/5/19 上午 10:50:57 org.apache.catalina.core.ApplicationContext log
資訊: SessionListener: contextDestroyed()
2009/5/19 上午 10:50:57 org.apache.catalina.core.ApplicationContext log
資訊: ContextListener: contextDestroyed()
2009/5/19 上午 10:50:57 org.apache.catalina.core.ApplicationContext log
資訊: SessionListener: contextDestroyed()
2009/5/19 上午 10:50:57 org.apache.catalina.core.ApplicationContext log
資訊: ContextListener: contextDestroyed()
2009/5/19 上午 10:54:24 org.apache.catalina.core.ApplicationContext log
資訊: org.apache.webapp.balancer.BalancerFilter: init(): ruleChain: [org.apache.webapp.balancer.RuleChain: [org.apache.webapp.balancer.rules.URLStringMatchRule: Target string: News / Redirect URL: http://www.cnn.com], [org.apache.webapp.balancer.rules.RequestParameterRule: Target param name: paramName / Target param value: paramValue / Redirect URL: http://www.yahoo.com], [org.apache.webapp.balancer.rules.AcceptEverythingRule: Redirect URL: http://jakarta.apache.org]]
2009/5/19 上午 10:54:24 org.apache.catalina.core.ApplicationContext log
資訊: ContextListener: contextInitialized()
2009/5/19 上午 10:54:24 org.apache.catalina.core.ApplicationContext log
資訊: SessionListener: contextInitialized()
2009/5/19 上午 10:54:25 org.apache.catalina.core.ApplicationContext log
資訊: ContextListener: contextInitialized()
2009/5/19 上午 10:54:25 org.apache.catalina.core.ApplicationContext log
資訊: SessionListener: contextInitialized()
2009/5/19 上午 11:03:37 org.apache.catalina.core.ApplicationContext log
資訊: SessionListener: contextDestroyed()
2009/5/19 上午 11:03:37 org.apache.catalina.core.ApplicationContext log
資訊: ContextListener: contextDestroyed()
2009/5/19 上午 11:03:37 org.apache.catalina.core.ApplicationContext log
資訊: SessionListener: contextDestroyed()
2009/5/19 上午 11:03:37 org.apache.catalina.core.ApplicationContext log
資訊: ContextListener: contextDestroyed()
2009/5/19 上午 11:05:55 org.apache.catalina.core.ApplicationContext log
資訊: org.apache.webapp.balancer.BalancerFilter: init(): ruleChain: [org.apache.webapp.balancer.RuleChain: [org.apache.webapp.balancer.rules.URLStringMatchRule: Target string: News / Redirect URL: http://www.cnn.com], [org.apache.webapp.balancer.rules.RequestParameterRule: Target param name: paramName / Target param value: paramValue / Redirect URL: http://www.yahoo.com], [org.apache.webapp.balancer.rules.AcceptEverythingRule: Redirect URL: http://jakarta.apache.org]]
2009/5/19 上午 11:05:55 org.apache.catalina.core.ApplicationContext log
資訊: ContextListener: contextInitialized()
2009/5/19 上午 11:05:55 org.apache.catalina.core.ApplicationContext log
資訊: SessionListener: contextInitialized()
2009/5/19 上午 11:05:55 org.apache.catalina.core.ApplicationContext log
資訊: ContextListener: contextInitialized()
2009/5/19 上午 11:05:55 org.apache.catalina.core.ApplicationContext log
資訊: SessionListener: contextInitialized()
2009/5/19 下午 12:46:40 org.apache.catalina.core.ApplicationContext log
資訊: SessionListener: contextDestroyed()
2009/5/19 下午 12:46:40 org.apache.catalina.core.ApplicationContext log
資訊: ContextListener: contextDestroyed()
2009/5/19 下午 12:46:41 org.apache.catalina.core.ApplicationContext log
資訊: SessionListener: contextDestroyed()
2009/5/19 下午 12:46:41 org.apache.catalina.core.ApplicationContext log
資訊: ContextListener: contextDestroyed()
2009/5/19 下午 01:39:29 org.apache.catalina.core.ApplicationContext log
資訊: org.apache.webapp.balancer.BalancerFilter: init(): ruleChain: [org.apache.webapp.balancer.RuleChain: [org.apache.webapp.balancer.rules.URLStringMatchRule: Target string: News / Redirect URL: http://www.cnn.com], [org.apache.webapp.balancer.rules.RequestParameterRule: Target param name: paramName / Target param value: paramValue / Redirect URL: http://www.yahoo.com], [org.apache.webapp.balancer.rules.AcceptEverythingRule: Redirect URL: http://jakarta.apache.org]]
2009/5/19 下午 01:41:02 org.apache.catalina.core.ApplicationContext log
資訊: ContextListener: contextInitialized()
2009/5/19 下午 01:41:02 org.apache.catalina.core.ApplicationContext log
資訊: SessionListener: contextInitialized()
2009/5/19 下午 01:41:03 org.apache.catalina.core.ApplicationContext log
資訊: ContextListener: contextInitialized()
2009/5/19 下午 01:41:03 org.apache.catalina.core.ApplicationContext log
資訊: SessionListener: contextInitialized()
2009/5/19 下午 03:51:32 org.apache.catalina.core.StandardHostValve status
警告: Exception Processing ErrorPage[errorCode=403, location=/index.do?error=true&showLogin=true]
ClientAbortException:  java.net.SocketException: Connection reset by peer: socket write error
	at org.apache.catalina.connector.OutputBuffer.doFlush(OutputBuffer.java:327)
	at org.apache.catalina.connector.OutputBuffer.flush(OutputBuffer.java:293)
	at org.apache.catalina.connector.Response.flushBuffer(Response.java:545)
	at org.apache.catalina.core.StandardHostValve.status(StandardHostValve.java:287)
	at org.apache.catalina.core.StandardHostValve.invoke(StandardHostValve.java:137)
	at org.apache.catalina.valves.ErrorReportValve.invoke(ErrorReportValve.java:117)
	at org.apache.catalina.core.StandardEngineValve.invoke(StandardEngineValve.java:108)
	at org.apache.catalina.connector.CoyoteAdapter.service(CoyoteAdapter.java:174)
	at org.apache.coyote.http11.Http11Processor.process(Http11Processor.java:875)
	at org.apache.coyote.http11.Http11BaseProtocol$Http11ConnectionHandler.processConnection(Http11BaseProtocol.java:665)
	at org.apache.tomcat.util.net.PoolTcpEndpoint.processSocket(PoolTcpEndpoint.java:528)
	at org.apache.tomcat.util.net.LeaderFollowerWorkerThread.runIt(LeaderFollowerWorkerThread.java:81)
	at org.apache.tomcat.util.threads.ThreadPool$ControlRunnable.run(ThreadPool.java:689)
	at java.lang.Thread.run(Thread.java:595)
Caused by: java.net.SocketException: Connection reset by peer: socket write error
	at java.net.SocketOutputStream.socketWrite0(Native Method)
	at java.net.SocketOutputStream.socketWrite(SocketOutputStream.java:92)
	at java.net.SocketOutputStream.write(SocketOutputStream.java:136)
	at org.apache.coyote.http11.InternalOutputBuffer.realWriteBytes(InternalOutputBuffer.java:750)
	at org.apache.tomcat.util.buf.ByteChunk.flushBuffer(ByteChunk.java:432)
	at org.apache.coyote.http11.InternalOutputBuffer.flush(InternalOutputBuffer.java:305)
	at org.apache.coyote.http11.Http11Processor.action(Http11Processor.java:997)
	at org.apache.coyote.Response.action(Response.java:183)
	at org.apache.catalina.connector.OutputBuffer.doFlush(OutputBuffer.java:322)
	... 13 more
