2009/5/31 上午 08:04:42 org.apache.catalina.core.ApplicationContext log
資訊: org.apache.webapp.balancer.BalancerFilter: init(): ruleChain: [org.apache.webapp.balancer.RuleChain: [org.apache.webapp.balancer.rules.URLStringMatchRule: Target string: News / Redirect URL: http://www.cnn.com], [org.apache.webapp.balancer.rules.RequestParameterRule: Target param name: paramName / Target param value: paramValue / Redirect URL: http://www.yahoo.com], [org.apache.webapp.balancer.rules.AcceptEverythingRule: Redirect URL: http://jakarta.apache.org]]
2009/5/31 上午 08:06:33 org.apache.catalina.core.ApplicationContext log
資訊: ContextListener: contextInitialized()
2009/5/31 上午 08:06:33 org.apache.catalina.core.ApplicationContext log
資訊: SessionListener: contextInitialized()
2009/5/31 上午 08:06:34 org.apache.catalina.core.ApplicationContext log
資訊: ContextListener: contextInitialized()
2009/5/31 上午 08:06:34 org.apache.catalina.core.ApplicationContext log
資訊: SessionListener: contextInitialized()
2009/5/31 上午 08:16:40 org.apache.catalina.core.ApplicationContext log
資訊: SessionListener: contextDestroyed()
2009/5/31 上午 08:16:40 org.apache.catalina.core.ApplicationContext log
資訊: ContextListener: contextDestroyed()
2009/5/31 上午 08:16:40 org.apache.catalina.core.ApplicationContext log
資訊: SessionListener: contextDestroyed()
2009/5/31 上午 08:16:40 org.apache.catalina.core.ApplicationContext log
資訊: ContextListener: contextDestroyed()
2009/5/31 上午 08:20:07 org.apache.catalina.core.ApplicationContext log
資訊: org.apache.webapp.balancer.BalancerFilter: init(): ruleChain: [org.apache.webapp.balancer.RuleChain: [org.apache.webapp.balancer.rules.URLStringMatchRule: Target string: News / Redirect URL: http://www.cnn.com], [org.apache.webapp.balancer.rules.RequestParameterRule: Target param name: paramName / Target param value: paramValue / Redirect URL: http://www.yahoo.com], [org.apache.webapp.balancer.rules.AcceptEverythingRule: Redirect URL: http://jakarta.apache.org]]
2009/5/31 上午 08:20:08 org.apache.catalina.core.ApplicationContext log
資訊: ContextListener: contextInitialized()
2009/5/31 上午 08:20:08 org.apache.catalina.core.ApplicationContext log
資訊: SessionListener: contextInitialized()
2009/5/31 上午 08:20:08 org.apache.catalina.core.ApplicationContext log
資訊: ContextListener: contextInitialized()
2009/5/31 上午 08:20:08 org.apache.catalina.core.ApplicationContext log
資訊: SessionListener: contextInitialized()
2009/5/31 上午 08:25:25 org.apache.catalina.core.ApplicationContext log
資訊: SessionListener: contextDestroyed()
2009/5/31 上午 08:25:25 org.apache.catalina.core.ApplicationContext log
資訊: ContextListener: contextDestroyed()
2009/5/31 上午 08:25:25 org.apache.catalina.core.ApplicationContext log
資訊: SessionListener: contextDestroyed()
2009/5/31 上午 08:25:25 org.apache.catalina.core.ApplicationContext log
資訊: ContextListener: contextDestroyed()
2009/5/31 上午 08:26:44 org.apache.catalina.core.ApplicationContext log
資訊: org.apache.webapp.balancer.BalancerFilter: init(): ruleChain: [org.apache.webapp.balancer.RuleChain: [org.apache.webapp.balancer.rules.URLStringMatchRule: Target string: News / Redirect URL: http://www.cnn.com], [org.apache.webapp.balancer.rules.RequestParameterRule: Target param name: paramName / Target param value: paramValue / Redirect URL: http://www.yahoo.com], [org.apache.webapp.balancer.rules.AcceptEverythingRule: Redirect URL: http://jakarta.apache.org]]
2009/5/31 上午 08:27:26 org.apache.catalina.core.ApplicationContext log
資訊: ContextListener: contextInitialized()
2009/5/31 上午 08:27:26 org.apache.catalina.core.ApplicationContext log
資訊: SessionListener: contextInitialized()
2009/5/31 上午 08:27:27 org.apache.catalina.core.ApplicationContext log
資訊: ContextListener: contextInitialized()
2009/5/31 上午 08:27:27 org.apache.catalina.core.ApplicationContext log
資訊: SessionListener: contextInitialized()
2009/5/31 上午 08:35:51 org.apache.catalina.core.ApplicationContext log
資訊: SessionListener: contextDestroyed()
2009/5/31 上午 08:35:51 org.apache.catalina.core.ApplicationContext log
資訊: ContextListener: contextDestroyed()
2009/5/31 上午 08:35:51 org.apache.catalina.core.ApplicationContext log
資訊: SessionListener: contextDestroyed()
2009/5/31 上午 08:35:51 org.apache.catalina.core.ApplicationContext log
資訊: ContextListener: contextDestroyed()
2009/5/31 上午 08:36:15 org.apache.catalina.core.ApplicationContext log
資訊: org.apache.webapp.balancer.BalancerFilter: init(): ruleChain: [org.apache.webapp.balancer.RuleChain: [org.apache.webapp.balancer.rules.URLStringMatchRule: Target string: News / Redirect URL: http://www.cnn.com], [org.apache.webapp.balancer.rules.RequestParameterRule: Target param name: paramName / Target param value: paramValue / Redirect URL: http://www.yahoo.com], [org.apache.webapp.balancer.rules.AcceptEverythingRule: Redirect URL: http://jakarta.apache.org]]
2009/5/31 上午 08:36:59 org.apache.catalina.core.ApplicationContext log
資訊: ContextListener: contextInitialized()
2009/5/31 上午 08:36:59 org.apache.catalina.core.ApplicationContext log
資訊: SessionListener: contextInitialized()
2009/5/31 上午 08:36:59 org.apache.catalina.core.ApplicationContext log
資訊: ContextListener: contextInitialized()
2009/5/31 上午 08:36:59 org.apache.catalina.core.ApplicationContext log
資訊: SessionListener: contextInitialized()
2009/5/31 上午 09:33:48 org.apache.catalina.core.ApplicationContext log
資訊: SessionListener: contextDestroyed()
2009/5/31 上午 09:33:48 org.apache.catalina.core.ApplicationContext log
資訊: ContextListener: contextDestroyed()
2009/5/31 上午 09:33:48 org.apache.catalina.core.ApplicationContext log
資訊: SessionListener: contextDestroyed()
2009/5/31 上午 09:33:48 org.apache.catalina.core.ApplicationContext log
資訊: ContextListener: contextDestroyed()
2009/5/31 上午 09:39:31 org.apache.catalina.core.ApplicationContext log
資訊: org.apache.webapp.balancer.BalancerFilter: init(): ruleChain: [org.apache.webapp.balancer.RuleChain: [org.apache.webapp.balancer.rules.URLStringMatchRule: Target string: News / Redirect URL: http://www.cnn.com], [org.apache.webapp.balancer.rules.RequestParameterRule: Target param name: paramName / Target param value: paramValue / Redirect URL: http://www.yahoo.com], [org.apache.webapp.balancer.rules.AcceptEverythingRule: Redirect URL: http://jakarta.apache.org]]
2009/5/31 上午 09:39:32 org.apache.catalina.core.ApplicationContext log
資訊: ContextListener: contextInitialized()
2009/5/31 上午 09:39:32 org.apache.catalina.core.ApplicationContext log
資訊: SessionListener: contextInitialized()
2009/5/31 上午 09:39:33 org.apache.catalina.core.ApplicationContext log
資訊: ContextListener: contextInitialized()
2009/5/31 上午 09:39:33 org.apache.catalina.core.ApplicationContext log
資訊: SessionListener: contextInitialized()
2009/5/31 上午 09:39:41 org.apache.catalina.core.ApplicationContext log
資訊: SessionListener: contextDestroyed()
2009/5/31 上午 09:39:41 org.apache.catalina.core.ApplicationContext log
資訊: ContextListener: contextDestroyed()
2009/5/31 上午 09:39:41 org.apache.catalina.core.ApplicationContext log
資訊: SessionListener: contextDestroyed()
2009/5/31 上午 09:39:41 org.apache.catalina.core.ApplicationContext log
資訊: ContextListener: contextDestroyed()
2009/5/31 上午 09:39:54 org.apache.catalina.core.ApplicationContext log
資訊: org.apache.webapp.balancer.BalancerFilter: init(): ruleChain: [org.apache.webapp.balancer.RuleChain: [org.apache.webapp.balancer.rules.URLStringMatchRule: Target string: News / Redirect URL: http://www.cnn.com], [org.apache.webapp.balancer.rules.RequestParameterRule: Target param name: paramName / Target param value: paramValue / Redirect URL: http://www.yahoo.com], [org.apache.webapp.balancer.rules.AcceptEverythingRule: Redirect URL: http://jakarta.apache.org]]
2009/5/31 上午 09:40:29 org.apache.catalina.core.ApplicationContext log
資訊: ContextListener: contextInitialized()
2009/5/31 上午 09:40:29 org.apache.catalina.core.ApplicationContext log
資訊: SessionListener: contextInitialized()
2009/5/31 上午 09:40:29 org.apache.catalina.core.ApplicationContext log
資訊: ContextListener: contextInitialized()
2009/5/31 上午 09:40:29 org.apache.catalina.core.ApplicationContext log
資訊: SessionListener: contextInitialized()
2009/5/31 上午 10:33:31 org.apache.catalina.core.ApplicationContext log
資訊: SessionListener: contextDestroyed()
2009/5/31 上午 10:33:31 org.apache.catalina.core.ApplicationContext log
資訊: ContextListener: contextDestroyed()
2009/5/31 上午 10:33:31 org.apache.catalina.core.ApplicationContext log
資訊: SessionListener: contextDestroyed()
2009/5/31 上午 10:33:31 org.apache.catalina.core.ApplicationContext log
資訊: ContextListener: contextDestroyed()
2009/5/31 上午 10:34:03 org.apache.catalina.core.ApplicationContext log
資訊: org.apache.webapp.balancer.BalancerFilter: init(): ruleChain: [org.apache.webapp.balancer.RuleChain: [org.apache.webapp.balancer.rules.URLStringMatchRule: Target string: News / Redirect URL: http://www.cnn.com], [org.apache.webapp.balancer.rules.RequestParameterRule: Target param name: paramName / Target param value: paramValue / Redirect URL: http://www.yahoo.com], [org.apache.webapp.balancer.rules.AcceptEverythingRule: Redirect URL: http://jakarta.apache.org]]
2009/5/31 上午 10:34:55 org.apache.catalina.core.ApplicationContext log
資訊: ContextListener: contextInitialized()
2009/5/31 上午 10:34:55 org.apache.catalina.core.ApplicationContext log
資訊: SessionListener: contextInitialized()
2009/5/31 上午 10:34:56 org.apache.catalina.core.ApplicationContext log
資訊: ContextListener: contextInitialized()
2009/5/31 上午 10:34:56 org.apache.catalina.core.ApplicationContext log
資訊: SessionListener: contextInitialized()
2009/5/31 下午 05:36:55 org.apache.catalina.core.ApplicationContext log
資訊: SessionListener: contextDestroyed()
2009/5/31 下午 05:36:55 org.apache.catalina.core.ApplicationContext log
資訊: ContextListener: contextDestroyed()
2009/5/31 下午 05:36:55 org.apache.catalina.core.ApplicationContext log
資訊: SessionListener: contextDestroyed()
2009/5/31 下午 05:36:55 org.apache.catalina.core.ApplicationContext log
資訊: ContextListener: contextDestroyed()
