2009/4/21 上午 09:49:28 org.apache.catalina.core.ApplicationContext log
資訊: org.apache.webapp.balancer.BalancerFilter: init(): ruleChain: [org.apache.webapp.balancer.RuleChain: [org.apache.webapp.balancer.rules.URLStringMatchRule: Target string: News / Redirect URL: http://www.cnn.com], [org.apache.webapp.balancer.rules.RequestParameterRule: Target param name: paramName / Target param value: paramValue / Redirect URL: http://www.yahoo.com], [org.apache.webapp.balancer.rules.AcceptEverythingRule: Redirect URL: http://jakarta.apache.org]]
2009/4/21 上午 09:50:25 org.apache.catalina.core.ApplicationContext log
資訊: ContextListener: contextInitialized()
2009/4/21 上午 09:50:25 org.apache.catalina.core.ApplicationContext log
資訊: SessionListener: contextInitialized()
2009/4/21 上午 09:50:25 org.apache.catalina.core.ApplicationContext log
資訊: ContextListener: contextInitialized()
2009/4/21 上午 09:50:25 org.apache.catalina.core.ApplicationContext log
資訊: SessionListener: contextInitialized()
2009/4/21 上午 10:21:08 org.apache.catalina.core.ApplicationContext log
資訊: SessionListener: contextDestroyed()
2009/4/21 上午 10:21:08 org.apache.catalina.core.ApplicationContext log
資訊: ContextListener: contextDestroyed()
2009/4/21 上午 10:21:08 org.apache.catalina.core.ApplicationContext log
資訊: SessionListener: contextDestroyed()
2009/4/21 上午 10:21:08 org.apache.catalina.core.ApplicationContext log
資訊: ContextListener: contextDestroyed()
2009/4/21 上午 10:21:29 org.apache.catalina.core.ApplicationContext log
資訊: org.apache.webapp.balancer.BalancerFilter: init(): ruleChain: [org.apache.webapp.balancer.RuleChain: [org.apache.webapp.balancer.rules.URLStringMatchRule: Target string: News / Redirect URL: http://www.cnn.com], [org.apache.webapp.balancer.rules.RequestParameterRule: Target param name: paramName / Target param value: paramValue / Redirect URL: http://www.yahoo.com], [org.apache.webapp.balancer.rules.AcceptEverythingRule: Redirect URL: http://jakarta.apache.org]]
2009/4/21 上午 10:22:20 org.apache.catalina.core.ApplicationContext log
資訊: ContextListener: contextInitialized()
2009/4/21 上午 10:22:20 org.apache.catalina.core.ApplicationContext log
資訊: SessionListener: contextInitialized()
2009/4/21 上午 10:22:20 org.apache.catalina.core.ApplicationContext log
資訊: ContextListener: contextInitialized()
2009/4/21 上午 10:22:20 org.apache.catalina.core.ApplicationContext log
資訊: SessionListener: contextInitialized()
