2009/4/10 上午 09:40:50 org.apache.catalina.core.ApplicationContext log
資訊: org.apache.webapp.balancer.BalancerFilter: init(): ruleChain: [org.apache.webapp.balancer.RuleChain: [org.apache.webapp.balancer.rules.URLStringMatchRule: Target string: News / Redirect URL: http://www.cnn.com], [org.apache.webapp.balancer.rules.RequestParameterRule: Target param name: paramName / Target param value: paramValue / Redirect URL: http://www.yahoo.com], [org.apache.webapp.balancer.rules.AcceptEverythingRule: Redirect URL: http://jakarta.apache.org]]
2009/4/10 上午 09:41:48 org.apache.catalina.core.ApplicationContext log
資訊: ContextListener: contextInitialized()
2009/4/10 上午 09:41:48 org.apache.catalina.core.ApplicationContext log
資訊: SessionListener: contextInitialized()
2009/4/10 上午 09:41:50 org.apache.catalina.core.ApplicationContext log
資訊: ContextListener: contextInitialized()
2009/4/10 上午 09:41:50 org.apache.catalina.core.ApplicationContext log
資訊: SessionListener: contextInitialized()
2009/4/10 下午 12:31:46 org.apache.catalina.core.ApplicationContext log
資訊: SessionListener: contextDestroyed()
2009/4/10 下午 12:31:46 org.apache.catalina.core.ApplicationContext log
資訊: ContextListener: contextDestroyed()
2009/4/10 下午 12:31:46 org.apache.catalina.core.ApplicationContext log
資訊: SessionListener: contextDestroyed()
2009/4/10 下午 12:31:46 org.apache.catalina.core.ApplicationContext log
資訊: ContextListener: contextDestroyed()
2009/4/10 下午 05:28:30 org.apache.catalina.core.ApplicationContext log
資訊: org.apache.webapp.balancer.BalancerFilter: init(): ruleChain: [org.apache.webapp.balancer.RuleChain: [org.apache.webapp.balancer.rules.URLStringMatchRule: Target string: News / Redirect URL: http://www.cnn.com], [org.apache.webapp.balancer.rules.RequestParameterRule: Target param name: paramName / Target param value: paramValue / Redirect URL: http://www.yahoo.com], [org.apache.webapp.balancer.rules.AcceptEverythingRule: Redirect URL: http://jakarta.apache.org]]
2009/4/10 下午 05:29:26 org.apache.catalina.core.ApplicationContext log
資訊: ContextListener: contextInitialized()
2009/4/10 下午 05:29:26 org.apache.catalina.core.ApplicationContext log
資訊: SessionListener: contextInitialized()
2009/4/10 下午 05:29:26 org.apache.catalina.core.ApplicationContext log
資訊: ContextListener: contextInitialized()
2009/4/10 下午 05:29:26 org.apache.catalina.core.ApplicationContext log
資訊: SessionListener: contextInitialized()
2009/4/10 下午 05:36:05 org.apache.catalina.core.ApplicationContext log
資訊: org.apache.webapp.balancer.BalancerFilter: init(): ruleChain: [org.apache.webapp.balancer.RuleChain: [org.apache.webapp.balancer.rules.URLStringMatchRule: Target string: News / Redirect URL: http://www.cnn.com], [org.apache.webapp.balancer.rules.RequestParameterRule: Target param name: paramName / Target param value: paramValue / Redirect URL: http://www.yahoo.com], [org.apache.webapp.balancer.rules.AcceptEverythingRule: Redirect URL: http://jakarta.apache.org]]
2009/4/10 下午 05:37:02 org.apache.catalina.core.ApplicationContext log
資訊: ContextListener: contextInitialized()
2009/4/10 下午 05:37:02 org.apache.catalina.core.ApplicationContext log
資訊: SessionListener: contextInitialized()
2009/4/10 下午 05:37:02 org.apache.catalina.core.ApplicationContext log
資訊: ContextListener: contextInitialized()
2009/4/10 下午 05:37:02 org.apache.catalina.core.ApplicationContext log
資訊: SessionListener: contextInitialized()
2009/4/10 下午 05:40:17 org.apache.catalina.core.ApplicationContext log
資訊: org.apache.webapp.balancer.BalancerFilter: init(): ruleChain: [org.apache.webapp.balancer.RuleChain: [org.apache.webapp.balancer.rules.URLStringMatchRule: Target string: News / Redirect URL: http://www.cnn.com], [org.apache.webapp.balancer.rules.RequestParameterRule: Target param name: paramName / Target param value: paramValue / Redirect URL: http://www.yahoo.com], [org.apache.webapp.balancer.rules.AcceptEverythingRule: Redirect URL: http://jakarta.apache.org]]
2009/4/10 下午 05:41:09 org.apache.catalina.core.ApplicationContext log
資訊: ContextListener: contextInitialized()
2009/4/10 下午 05:41:09 org.apache.catalina.core.ApplicationContext log
資訊: SessionListener: contextInitialized()
2009/4/10 下午 05:41:09 org.apache.catalina.core.ApplicationContext log
資訊: ContextListener: contextInitialized()
2009/4/10 下午 05:41:09 org.apache.catalina.core.ApplicationContext log
資訊: SessionListener: contextInitialized()
