2009-06-12 09:44:51,395 - SimpleLog4JLogSystem initialized using logfile 'velocity.log'
2009-06-12 09:44:51,395 - ************************************************************** 
2009-06-12 09:44:51,395 - Starting Jakarta Velocity v1.4
2009-06-12 09:44:51,395 - RuntimeInstance initializing.
2009-06-12 09:44:51,395 - Default Properties File: org\apache\velocity\runtime\defaults\velocity.properties
2009-06-12 09:44:51,395 - Trying to use logger class org.apache.velocity.runtime.log.AvalonLogSystem
2009-06-12 09:44:51,395 - Couldn't find class org.apache.velocity.runtime.log.AvalonLogSystem or necessary supporting classes in classpath. Exception : java.lang.NoClassDefFoundError: org/apache/log/format/Formatter
2009-06-12 09:44:51,395 - Trying to use logger class org.apache.velocity.runtime.log.SimpleLog4JLogSystem
2009-06-12 09:44:51,395 - Using logger class org.apache.velocity.runtime.log.SimpleLog4JLogSystem
2009-06-12 09:44:51,410 - Default ResourceManager initializing. (class org.apache.velocity.runtime.resource.ResourceManagerImpl)
2009-06-12 09:44:51,410 - Resource Loader Instantiated: org.apache.velocity.runtime.resource.loader.ClasspathResourceLoader
2009-06-12 09:44:51,410 - ClasspathResourceLoader : initialization starting.
2009-06-12 09:44:51,410 - ClasspathResourceLoader : initialization complete.
2009-06-12 09:44:51,410 - Resource Loader Instantiated: org.apache.velocity.tools.view.servlet.WebappLoader
2009-06-12 09:44:51,410 - WebappLoader : initialization starting.
2009-06-12 09:44:51,410 - WebappLoader : initialization complete.
2009-06-12 09:44:51,410 - ResourceCache : initialized. (class org.apache.velocity.runtime.resource.ResourceCacheImpl)
2009-06-12 09:44:51,410 - Default ResourceManager initialization complete.
2009-06-12 09:44:51,410 - Loaded System Directive: org.apache.velocity.runtime.directive.Literal
2009-06-12 09:44:51,410 - Loaded System Directive: org.apache.velocity.runtime.directive.Macro
2009-06-12 09:44:51,535 - Loaded System Directive: org.apache.velocity.runtime.directive.Parse
2009-06-12 09:44:51,535 - Loaded System Directive: org.apache.velocity.runtime.directive.Include
2009-06-12 09:44:51,535 - Loaded System Directive: org.apache.velocity.runtime.directive.Foreach
2009-06-12 09:44:51,551 - Loaded User Directive: net.sf.navigator.displayer.LocalDirective
2009-06-12 09:44:51,645 - Created: 20 parsers.
2009-06-12 09:44:51,661 - Velocimacro : initialization starting.
2009-06-12 09:44:51,661 - Velocimacro : adding VMs from VM library template : net/sf/navigator/displayer/globalMacros.vm
2009-06-12 09:44:51,676 - Velocimacro : added new VM : #eval( _macro ) : source = net/sf/navigator/displayer/globalMacros.vm
2009-06-12 09:44:51,692 - Velocimacro : added new VM : #displayMenu( menu level ) : source = net/sf/navigator/displayer/globalMacros.vm
2009-06-12 09:44:52,614 - ResourceManager : found net/sf/navigator/displayer/globalMacros.vm with loader org.apache.velocity.runtime.resource.loader.ClasspathResourceLoader
2009-06-12 09:44:52,614 - Velocimacro :  VM library template macro registration complete.
2009-06-12 09:44:52,614 - Velocimacro : adding VMs from VM library template : menuMacros.vm
2009-06-12 09:44:52,614 - ResourceManager : unable to find resource 'menuMacros.vm' in any resource loader.
2009-06-12 09:44:52,630 - Velocimacro : error using  VM library template menuMacros.vm : org.apache.velocity.exception.ResourceNotFoundException: Unable to find resource 'menuMacros.vm'
2009-06-12 09:44:52,630 - Velocimacro :  VM library template macro registration complete.
2009-06-12 09:44:52,630 - Velocimacro : allowInline = true : VMs can be defined inline in templates
2009-06-12 09:44:52,630 - Velocimacro : allowInlineToOverride = true : VMs defined inline may replace previous VM definitions
2009-06-12 09:44:52,630 - Velocimacro : allowInlineLocal = false : VMs defined inline will be  global in scope if allowed.
2009-06-12 09:44:52,630 - Velocimacro : messages on  : VM system will output logging messages
2009-06-12 09:44:52,630 - Velocimacro : autoload on  : VM system will automatically reload global library macros
2009-06-12 09:44:52,630 - Velocimacro : initialization complete.
2009-06-12 09:44:52,630 - Velocity successfully started.
