[Wed May 13 11:03:19.747 2009] [1708:648] [error] jk_ajp_common.c (2097): (efidsz) Connecting to tomcat failed. Tomcat is probably not started or is listening on the wrong port
[Wed May 13 11:03:50.700 2009] [1708:648] [error] jk_ajp_common.c (2097): (efidsz) Connecting to tomcat failed. Tomcat is probably not started or is listening on the wrong port
[Wed May 13 11:07:37.012 2009] [1708:648] [error] jk_ajp_common.c (1658): (efidsz) Tomcat is down or refused connection. No response has been sent to the client (yet)
[Wed May 13 11:07:57.559 2009] [1708:648] [error] jk_ajp_common.c (1658): (efidsz) Tomcat is down or refused connection. No response has been sent to the client (yet)
[Wed May 13 11:07:57.559 2009] [1708:648] [error] jk_ajp_common.c (2097): (efidsz) Connecting to tomcat failed. Tomcat is probably not started or is listening on the wrong port
[Wed May 13 11:09:46.122 2009] [1708:648] [error] jk_ajp_common.c (1658): (efidsz) Tomcat is down or refused connection. No response has been sent to the client (yet)
[Wed May 13 11:10:06.653 2009] [1708:648] [error] jk_ajp_common.c (1658): (efidsz) Tomcat is down or refused connection. No response has been sent to the client (yet)
[Wed May 13 11:10:06.653 2009] [1708:648] [error] jk_ajp_common.c (2097): (efidsz) Connecting to tomcat failed. Tomcat is probably not started or is listening on the wrong port
[Thu May 14 16:23:15.687 2009] [1708:648] [error] jk_ajp_common.c (1658): (efidsz) Tomcat is down or refused connection. No response has been sent to the client (yet)
[Thu May 14 16:23:37.000 2009] [1708:648] [error] jk_ajp_common.c (1658): (efidsz) Tomcat is down or refused connection. No response has been sent to the client (yet)
[Thu May 14 16:23:37.000 2009] [1708:648] [error] jk_ajp_common.c (2097): (efidsz) Connecting to tomcat failed. Tomcat is probably not started or is listening on the wrong port
[Thu May 14 16:25:08.781 2009] [1708:648] [error] jk_ajp_common.c (1658): (efidsz) Tomcat is down or refused connection. No response has been sent to the client (yet)
[Thu May 14 16:25:29.828 2009] [1708:648] [error] jk_ajp_common.c (1658): (efidsz) Tomcat is down or refused connection. No response has been sent to the client (yet)
[Thu May 14 16:25:29.828 2009] [1708:648] [error] jk_ajp_common.c (2097): (efidsz) Connecting to tomcat failed. Tomcat is probably not started or is listening on the wrong port
[Thu May 14 17:28:20 2009] [1328:6128] [warn] jk_map.c (412): The attribute 'worker.worker1.cachesize' is deprecated - please check the documentation for the correct replacement.
[Thu May 14 17:28:20 2009] [1328:6128] [warn] jk_map.c (412): The attribute 'worker.worker1.cache_timeout' is deprecated - please check the documentation for the correct replacement.
[Thu May 14 17:28:20 2009] [1328:6128] [warn] jk_map.c (412): The attribute 'worker.loadbalancer.balanced_workers' is deprecated - please check the documentation for the correct replacement.
[Thu May 14 17:28:20 2009] [1328:6128] [info] mod_jk.c (2775): mod_jk/1.2.25 initialized
[Thu May 14 17:28:21 2009] [1328:6128] [warn] jk_map.c (412): The attribute 'worker.worker1.cachesize' is deprecated - please check the documentation for the correct replacement.
[Thu May 14 17:28:21 2009] [1328:6128] [warn] jk_map.c (412): The attribute 'worker.worker1.cache_timeout' is deprecated - please check the documentation for the correct replacement.
[Thu May 14 17:28:21 2009] [1328:6128] [warn] jk_map.c (412): The attribute 'worker.loadbalancer.balanced_workers' is deprecated - please check the documentation for the correct replacement.
[Thu May 14 17:28:21 2009] [1328:6128] [info] mod_jk.c (2775): mod_jk/1.2.25 initialized
[Thu May 14 17:28:21 2009] [2392:972] [warn] jk_map.c (412): The attribute 'worker.worker1.cachesize' is deprecated - please check the documentation for the correct replacement.
[Thu May 14 17:28:21 2009] [2392:972] [warn] jk_map.c (412): The attribute 'worker.worker1.cache_timeout' is deprecated - please check the documentation for the correct replacement.
[Thu May 14 17:28:21 2009] [2392:972] [warn] jk_map.c (412): The attribute 'worker.loadbalancer.balanced_workers' is deprecated - please check the documentation for the correct replacement.
[Thu May 14 17:28:21 2009] [2392:972] [info] mod_jk.c (2775): mod_jk/1.2.25 initialized
[Thu May 14 17:28:21 2009] [2392:972] [warn] jk_map.c (412): The attribute 'worker.worker1.cachesize' is deprecated - please check the documentation for the correct replacement.
[Thu May 14 17:28:21 2009] [2392:972] [warn] jk_map.c (412): The attribute 'worker.worker1.cache_timeout' is deprecated - please check the documentation for the correct replacement.
[Thu May 14 17:28:21 2009] [2392:972] [warn] jk_map.c (412): The attribute 'worker.loadbalancer.balanced_workers' is deprecated - please check the documentation for the correct replacement.
[Thu May 14 17:28:21 2009] [2392:972] [info] mod_jk.c (2775): mod_jk/1.2.25 initialized
[Thu May 14 17:28:31 2009] [4680:2644] [warn] jk_map.c (412): The attribute 'worker.worker1.cachesize' is deprecated - please check the documentation for the correct replacement.
[Thu May 14 17:28:31 2009] [4680:2644] [warn] jk_map.c (412): The attribute 'worker.worker1.cache_timeout' is deprecated - please check the documentation for the correct replacement.
[Thu May 14 17:28:31 2009] [4680:2644] [warn] jk_map.c (412): The attribute 'worker.loadbalancer.balanced_workers' is deprecated - please check the documentation for the correct replacement.
[Thu May 14 17:28:31 2009] [4680:2644] [info] mod_jk.c (2775): mod_jk/1.2.25 initialized
[Thu May 14 17:28:31 2009] [4680:2644] [warn] jk_map.c (412): The attribute 'worker.worker1.cachesize' is deprecated - please check the documentation for the correct replacement.
[Thu May 14 17:28:31 2009] [4680:2644] [warn] jk_map.c (412): The attribute 'worker.worker1.cache_timeout' is deprecated - please check the documentation for the correct replacement.
[Thu May 14 17:28:31 2009] [4680:2644] [warn] jk_map.c (412): The attribute 'worker.loadbalancer.balanced_workers' is deprecated - please check the documentation for the correct replacement.
[Thu May 14 17:28:31 2009] [4680:2644] [info] mod_jk.c (2775): mod_jk/1.2.25 initialized
[Thu May 14 17:28:31 2009] [2968:5764] [warn] jk_map.c (412): The attribute 'worker.worker1.cachesize' is deprecated - please check the documentation for the correct replacement.
[Thu May 14 17:28:31 2009] [2968:5764] [warn] jk_map.c (412): The attribute 'worker.worker1.cache_timeout' is deprecated - please check the documentation for the correct replacement.
[Thu May 14 17:28:31 2009] [2968:5764] [warn] jk_map.c (412): The attribute 'worker.loadbalancer.balanced_workers' is deprecated - please check the documentation for the correct replacement.
[Thu May 14 17:28:31 2009] [2968:5764] [info] mod_jk.c (2775): mod_jk/1.2.25 initialized
[Thu May 14 17:28:31 2009] [2968:5764] [warn] jk_map.c (412): The attribute 'worker.worker1.cachesize' is deprecated - please check the documentation for the correct replacement.
[Thu May 14 17:28:31 2009] [2968:5764] [warn] jk_map.c (412): The attribute 'worker.worker1.cache_timeout' is deprecated - please check the documentation for the correct replacement.
[Thu May 14 17:28:31 2009] [2968:5764] [warn] jk_map.c (412): The attribute 'worker.loadbalancer.balanced_workers' is deprecated - please check the documentation for the correct replacement.
[Thu May 14 17:28:31 2009] [2968:5764] [info] mod_jk.c (2775): mod_jk/1.2.25 initialized
[Fri May 15 07:52:48 2009] [2296:2280] [warn] jk_map.c (412): The attribute 'worker.worker1.cachesize' is deprecated - please check the documentation for the correct replacement.
[Fri May 15 07:52:48 2009] [2296:2280] [warn] jk_map.c (412): The attribute 'worker.worker1.cache_timeout' is deprecated - please check the documentation for the correct replacement.
[Fri May 15 07:52:48 2009] [2296:2280] [warn] jk_map.c (412): The attribute 'worker.loadbalancer.balanced_workers' is deprecated - please check the documentation for the correct replacement.
[Fri May 15 07:52:48 2009] [2296:2280] [info] mod_jk.c (2775): mod_jk/1.2.25 initialized
[Fri May 15 07:52:48 2009] [2296:2280] [warn] jk_map.c (412): The attribute 'worker.worker1.cachesize' is deprecated - please check the documentation for the correct replacement.
[Fri May 15 07:52:48 2009] [2296:2280] [warn] jk_map.c (412): The attribute 'worker.worker1.cache_timeout' is deprecated - please check the documentation for the correct replacement.
[Fri May 15 07:52:48 2009] [2296:2280] [warn] jk_map.c (412): The attribute 'worker.loadbalancer.balanced_workers' is deprecated - please check the documentation for the correct replacement.
[Fri May 15 07:52:48 2009] [2296:2280] [info] mod_jk.c (2775): mod_jk/1.2.25 initialized
[Fri May 15 07:52:48 2009] [1920:1704] [warn] jk_map.c (412): The attribute 'worker.worker1.cachesize' is deprecated - please check the documentation for the correct replacement.
[Fri May 15 07:52:48 2009] [1920:1704] [warn] jk_map.c (412): The attribute 'worker.worker1.cache_timeout' is deprecated - please check the documentation for the correct replacement.
[Fri May 15 07:52:48 2009] [1920:1704] [warn] jk_map.c (412): The attribute 'worker.loadbalancer.balanced_workers' is deprecated - please check the documentation for the correct replacement.
[Fri May 15 07:52:48 2009] [1920:1704] [info] mod_jk.c (2775): mod_jk/1.2.25 initialized
[Fri May 15 07:52:48 2009] [1920:1704] [warn] jk_map.c (412): The attribute 'worker.worker1.cachesize' is deprecated - please check the documentation for the correct replacement.
[Fri May 15 07:52:48 2009] [1920:1704] [warn] jk_map.c (412): The attribute 'worker.worker1.cache_timeout' is deprecated - please check the documentation for the correct replacement.
[Fri May 15 07:52:48 2009] [1920:1704] [warn] jk_map.c (412): The attribute 'worker.loadbalancer.balanced_workers' is deprecated - please check the documentation for the correct replacement.
[Fri May 15 07:52:48 2009] [1920:1704] [info] mod_jk.c (2775): mod_jk/1.2.25 initialized
[Mon May 18 14:19:40.345 2009] [1324:2344] [error] jk_ajp_common.c (1658): (efidsz) Tomcat is down or refused connection. No response has been sent to the client (yet)
[Mon May 18 14:20:01.580 2009] [1324:2344] [error] jk_ajp_common.c (1658): (efidsz) Tomcat is down or refused connection. No response has been sent to the client (yet)
[Mon May 18 14:20:01.580 2009] [1324:2344] [error] jk_ajp_common.c (2097): (efidsz) Connecting to tomcat failed. Tomcat is probably not started or is listening on the wrong port
[Mon May 18 14:21:45.566 2009] [3416:2016] [error] jk_ajp_common.c (1658): (efidsz) Tomcat is down or refused connection. No response has been sent to the client (yet)
[Mon May 18 14:22:06.082 2009] [3416:2016] [error] jk_ajp_common.c (1658): (efidsz) Tomcat is down or refused connection. No response has been sent to the client (yet)
[Mon May 18 14:22:06.082 2009] [3416:2016] [error] jk_ajp_common.c (2097): (efidsz) Connecting to tomcat failed. Tomcat is probably not started or is listening on the wrong port
[Mon May 18 15:47:58.759 2009] [3416:2016] [error] jk_ajp_common.c (1658): (efidsz) Tomcat is down or refused connection. No response has been sent to the client (yet)
[Mon May 18 15:48:19.947 2009] [3416:2016] [error] jk_ajp_common.c (1658): (efidsz) Tomcat is down or refused connection. No response has been sent to the client (yet)
[Mon May 18 15:48:19.947 2009] [3416:2016] [error] jk_ajp_common.c (2097): (efidsz) Connecting to tomcat failed. Tomcat is probably not started or is listening on the wrong port
[Sun May 31 17:44:49.562 2009] [1212:2248] [error] jk_ajp_common.c (2097): (efidsz) Connecting to tomcat failed. Tomcat is probably not started or is listening on the wrong port
[Mon Jun 01 11:06:57.578 2009] [4852:2852] [error] jk_ajp_common.c (2097): (efidsz) Connecting to tomcat failed. Tomcat is probably not started or is listening on the wrong port
[Mon Jun 01 14:27:18.080 2009] [1668:2792] [error] jk_ajp_common.c (2097): (efidsz) Connecting to tomcat failed. Tomcat is probably not started or is listening on the wrong port
[Mon Jun 01 14:27:18.299 2009] [1668:3248] [error] jk_ajp_common.c (2097): (efidsz) Connecting to tomcat failed. Tomcat is probably not started or is listening on the wrong port
